
           ####    G N O M   ---   Version 4.5a revised 09/02/02     ####

                                                    14-Jul-2011   16:14:21
           ===    Run No   1   ===
 Run title:  5.91E-02	5.59E+02	1.27E+02


  Number of points omitted at the beginning:          10

          To optimize the performance, some input data points 
           have been joined. New number of points equals to 445

   *******    Input file(s) : 088_2.DAT
           Condition P(rmin) = 0 is used. 
           Condition P(rmax) = 0 is used. 

          Highest ALPHA is found to be   0.2654E+02

  The measure of inconsistency AN1 equals to    0.7890E+00
     Alpha    Discrp  Oscill  Stabil  Sysdev  Positv  Valcen    Total   
  0.2654E+05 29.6504  1.8064  0.7800  0.0000  1.0000  0.7021  0.14701
  0.5308E+04 17.7953  1.6952  0.4828  0.4685  1.0000  0.7213  0.17898
  0.1062E+04  8.0534  1.5409  0.2735  0.4144  1.0000  0.7617  0.23750
  0.2123E+03  2.7471  1.4647  0.1237  0.5676  1.0000  0.8008  0.36018
  0.4246E+02  0.8454  1.4491  0.0344  0.8739  1.0000  0.8184  0.66556
  0.8492E+01  0.4617  1.4596  0.0082  1.0045  1.0000  0.8226  0.82806
  0.1698E+01  0.4051  1.4766  0.0045  1.0405  1.0000  0.8235  0.81071
  0.3397E+00  0.3944  1.4960  0.0041  1.0405  1.0000  0.8239  0.80189
  0.6794E-01  0.3916  1.5243  0.0060  1.0315  1.0000  0.8240  0.79096
  0.1359E-01  0.3891  1.6666  0.0143  1.0225  1.0000  0.8239  0.73838
  0.2717E-02  0.3858  2.3837  0.0423  1.0045  0.9998  0.8233  0.61183
  0.5435E-03  0.3814  4.9235  0.0776  1.0135  0.9980  0.8194  0.55039
  0.1087E-03  0.3791  7.6933  0.0416  1.0135  0.9940  0.8113  0.60327
  0.2174E-04  0.3788  8.9431  0.0441  1.0225  0.9925  0.8066  0.59785
  0.4348E-05  0.3787 12.0984  0.2065  1.0225  0.9913  0.7929  0.38734
  0.8696E-06  0.3782 27.8947  0.6235  1.0225  0.9317  0.5696  0.00000

          ***  Golden section search to maximize estimate ***
     Alpha    Discrp  Oscill  Stabil  Sysdev  Positv  Valcen    Total   
  0.1570E+02  0.5320  1.4543  0.0137  0.9595  1.0000  0.8217  0.84395
  0.2296E+02  0.6115  1.4517  0.0195  0.9369  1.0000  0.8208  0.79636
  0.1242E+02  0.4987  1.4562  0.0112  0.9595  1.0000  0.8221  0.83680
  0.1816E+02  0.5581  1.4532  0.0157  0.9550  1.0000  0.8214  0.84893
  0.1986E+02  0.5767  1.4526  0.0170  0.9459  1.0000  0.8212  0.80614
  0.1718E+02  0.5476  1.4536  0.0149  0.9550  1.0000  0.8215  0.84700
  0.1879E+02  0.5649  1.4530  0.0162  0.9550  1.0000  0.8213  0.85013
  0.1919E+02  0.5693  1.4528  0.0165  0.9550  1.0000  0.8213  0.85087
  0.1944E+02  0.5721  1.4528  0.0167  0.9550  1.0000  0.8212  0.85132
  0.1960E+02  0.5738  1.4527  0.0168  0.9550  1.0000  0.8212  0.85160
  0.1970E+02  0.5749  1.4527  0.0169  0.9459  1.0000  0.8212  0.80586
  0.1954E+02  0.5732  1.4527  0.0168  0.9550  1.0000  0.8212  0.85150
  0.1964E+02  0.5743  1.4527  0.0168  0.9459  1.0000  0.8212  0.80576
  0.1960E+02  0.5738  1.4527  0.0168  0.9550  1.0000  0.8212  0.85160



             ####            Final results            ####

 Parameter    DISCRP    OSCILL    STABIL    SYSDEV    POSITV    VALCEN
 Weight        1.000     3.000     3.000     3.000     1.000     1.000
 Sigma         0.300     0.600     0.120     0.120     0.120     0.120
 Ideal         0.700     1.100     0.000     1.000     1.000     0.950
 Current       0.574     1.453     0.017     0.955     1.000     0.821
                - - - - - - - - - - - - - - - - - - - - - - - - - 
 Estimate      0.838     0.708     0.981     1.000     1.000     0.316

  Angular   range    :     from    0.0905   to    2.5200
  Real space range   :     from      0.00   to     31.00

  Highest ALPHA (theor) :   0.265E+05                 JOB = 0
  Current ALPHA         :   0.196E+02   Rg :  0.866E+01   I(0) :   0.331E+03

           Total  estimate : 0.852  which is    A GOOD      solution

      S          J EXP       ERROR       J REG       I REG

  0.0000E+00                                      0.3311E+03
  0.5659E-02                                      0.3309E+03
  0.1132E-01                                      0.3301E+03
  0.1698E-01                                      0.3287E+03
  0.2264E-01                                      0.3269E+03
  0.2830E-01                                      0.3245E+03
  0.3396E-01                                      0.3217E+03
  0.3962E-01                                      0.3183E+03
  0.4527E-01                                      0.3145E+03
  0.5093E-01                                      0.3103E+03
  0.5659E-01                                      0.3056E+03
  0.6225E-01                                      0.3006E+03
  0.6791E-01                                      0.2952E+03
  0.7357E-01                                      0.2894E+03
  0.7923E-01                                      0.2834E+03
  0.8489E-01                                      0.2771E+03
  0.9055E-01  0.3035E+03  0.1771E+02  0.2705E+03  0.2705E+03
  0.9600E-01  0.2915E+03  0.1417E+02  0.2640E+03  0.2640E+03
  0.1015E+00  0.2780E+03  0.1115E+02  0.2573E+03  0.2573E+03
  0.1070E+00  0.2685E+03  0.9239E+01  0.2505E+03  0.2505E+03
  0.1125E+00  0.2535E+03  0.7786E+01  0.2435E+03  0.2435E+03
  0.1175E+00  0.2500E+03  0.6627E+01  0.2371E+03  0.2371E+03
  0.1235E+00  0.2365E+03  0.5745E+01  0.2294E+03  0.2294E+03
  0.1285E+00  0.2270E+03  0.4990E+01  0.2229E+03  0.2229E+03
  0.1345E+00  0.2190E+03  0.4383E+01  0.2151E+03  0.2151E+03
  0.1395E+00  0.2105E+03  0.3903E+01  0.2087E+03  0.2087E+03
  0.1455E+00  0.2010E+03  0.3467E+01  0.2010E+03  0.2010E+03
  0.1505E+00  0.1950E+03  0.3095E+01  0.1947E+03  0.1947E+03
  0.1560E+00  0.1880E+03  0.2790E+01  0.1878E+03  0.1878E+03
  0.1615E+00  0.1850E+03  0.2511E+01  0.1810E+03  0.1810E+03
  0.1670E+00  0.1770E+03  0.2299E+01  0.1743E+03  0.1743E+03
  0.1725E+00  0.1675E+03  0.2090E+01  0.1678E+03  0.1678E+03
  0.1780E+00  0.1595E+03  0.1917E+01  0.1614E+03  0.1614E+03
  0.1835E+00  0.1565E+03  0.1765E+01  0.1552E+03  0.1552E+03
  0.1890E+00  0.1510E+03  0.1626E+01  0.1491E+03  0.1491E+03
  0.1945E+00  0.1440E+03  0.1510E+01  0.1432E+03  0.1432E+03
  0.1995E+00  0.1400E+03  0.1404E+01  0.1380E+03  0.1380E+03
  0.2055E+00  0.1340E+03  0.1308E+01  0.1320E+03  0.1320E+03
  0.2105E+00  0.1280E+03  0.1220E+01  0.1271E+03  0.1271E+03
  0.2165E+00  0.1245E+03  0.1163E+01  0.1215E+03  0.1215E+03
  0.2215E+00  0.1190E+03  0.1082E+01  0.1170E+03  0.1170E+03
  0.2275E+00  0.1125E+03  0.1025E+01  0.1118E+03  0.1118E+03
  0.2325E+00  0.1105E+03  0.9759E+00  0.1076E+03  0.1076E+03
  0.2380E+00  0.1050E+03  0.9335E+00  0.1032E+03  0.1032E+03
  0.2435E+00  0.1001E+03  0.8840E+00  0.9893E+02  0.9893E+02
  0.2490E+00  0.9540E+02  0.8521E+00  0.9486E+02  0.9486E+02
  0.2545E+00  0.9335E+02  0.8132E+00  0.9096E+02  0.9096E+02
  0.2600E+00  0.8850E+02  0.7814E+00  0.8722E+02  0.8722E+02
  0.2655E+00  0.8390E+02  0.7496E+00  0.8363E+02  0.8363E+02
  0.2705E+00  0.8210E+02  0.7178E+00  0.8051E+02  0.8051E+02
  0.2765E+00  0.7800E+02  0.6859E+00  0.7692E+02  0.7692E+02
  0.2815E+00  0.7480E+02  0.6605E+00  0.7406E+02  0.7406E+02
  0.2875E+00  0.7130E+02  0.6339E+00  0.7077E+02  0.7077E+02
  0.2925E+00  0.6820E+02  0.6127E+00  0.6815E+02  0.6815E+02
  0.2985E+00  0.6505E+02  0.5930E+00  0.6514E+02  0.6514E+02
  0.3035E+00  0.6215E+02  0.5724E+00  0.6274E+02  0.6274E+02
  0.3090E+00  0.6005E+02  0.5548E+00  0.6021E+02  0.6021E+02
  0.3145E+00  0.5850E+02  0.5385E+00  0.5778E+02  0.5778E+02
  0.3200E+00  0.5530E+02  0.5212E+00  0.5546E+02  0.5546E+02
  0.3255E+00  0.5285E+02  0.5144E+00  0.5324E+02  0.5324E+02
  0.3310E+00  0.5100E+02  0.5013E+00  0.5111E+02  0.5111E+02
  0.3365E+00  0.4900E+02  0.4914E+00  0.4908E+02  0.4908E+02
  0.3420E+00  0.4680E+02  0.4798E+00  0.4713E+02  0.4713E+02
  0.3475E+00  0.4520E+02  0.4717E+00  0.4527E+02  0.4527E+02
  0.3525E+00  0.4265E+02  0.4668E+00  0.4365E+02  0.4365E+02
  0.3585E+00  0.4180E+02  0.4568E+00  0.4178E+02  0.4178E+02
  0.3635E+00  0.4025E+02  0.4476E+00  0.4030E+02  0.4030E+02
  0.3695E+00  0.3885E+02  0.4395E+00  0.3860E+02  0.3860E+02
  0.3745E+00  0.3705E+02  0.4377E+00  0.3725E+02  0.3725E+02
  0.3805E+00  0.3620E+02  0.4282E+00  0.3571E+02  0.3571E+02
  0.3855E+00  0.3440E+02  0.4232E+00  0.3448E+02  0.3448E+02
  0.3910E+00  0.3320E+02  0.4168E+00  0.3319E+02  0.3319E+02
  0.3965E+00  0.3170E+02  0.4101E+00  0.3196E+02  0.3196E+02
  0.4020E+00  0.3095E+02  0.4094E+00  0.3080E+02  0.3080E+02
  0.4075E+00  0.2995E+02  0.4048E+00  0.2968E+02  0.2968E+02
  0.4130E+00  0.2925E+02  0.3974E+00  0.2863E+02  0.2863E+02
  0.4185E+00  0.2800E+02  0.3924E+00  0.2763E+02  0.2763E+02
  0.4240E+00  0.2685E+02  0.3900E+00  0.2669E+02  0.2669E+02
  0.4295E+00  0.2570E+02  0.3840E+00  0.2579E+02  0.2579E+02
  0.4345E+00  0.2510E+02  0.3808E+00  0.2501E+02  0.2501E+02
  0.4405E+00  0.2400E+02  0.3769E+00  0.2413E+02  0.2413E+02
  0.4455E+00  0.2265E+02  0.3734E+00  0.2344E+02  0.2344E+02
  0.4515E+00  0.2240E+02  0.3695E+00  0.2265E+02  0.2265E+02
  0.4565E+00  0.2175E+02  0.3674E+00  0.2202E+02  0.2202E+02
  0.4620E+00  0.2060E+02  0.3638E+00  0.2137E+02  0.2137E+02
  0.4675E+00  0.2080E+02  0.3610E+00  0.2076E+02  0.2076E+02
  0.4730E+00  0.2020E+02  0.3624E+00  0.2017E+02  0.2017E+02
  0.4785E+00  0.1920E+02  0.3553E+00  0.1962E+02  0.1962E+02
  0.4840E+00  0.1920E+02  0.3553E+00  0.1909E+02  0.1909E+02
  0.4895E+00  0.1905E+02  0.3553E+00  0.1859E+02  0.1859E+02
  0.4950E+00  0.1765E+02  0.3476E+00  0.1811E+02  0.1811E+02
  0.5005E+00  0.1805E+02  0.3497E+00  0.1765E+02  0.1765E+02
  0.5055E+00  0.1655E+02  0.3458E+00  0.1726E+02  0.1726E+02
  0.5115E+00  0.1660E+02  0.3444E+00  0.1680E+02  0.1680E+02
  0.5165E+00  0.1635E+02  0.3394E+00  0.1643E+02  0.1643E+02
  0.5225E+00  0.1575E+02  0.3444E+00  0.1601E+02  0.1601E+02
  0.5275E+00  0.1585E+02  0.3387E+00  0.1567E+02  0.1567E+02
  0.5335E+00  0.1525E+02  0.3408E+00  0.1528E+02  0.1528E+02
  0.5385E+00  0.1490E+02  0.3359E+00  0.1497E+02  0.1497E+02
  0.5440E+00  0.1420E+02  0.3306E+00  0.1463E+02  0.1463E+02
  0.5495E+00  0.1470E+02  0.3316E+00  0.1431E+02  0.1431E+02
  0.5550E+00  0.1390E+02  0.3288E+00  0.1399E+02  0.1399E+02
  0.5605E+00  0.1340E+02  0.3302E+00  0.1368E+02  0.1368E+02
  0.5660E+00  0.1360E+02  0.3249E+00  0.1339E+02  0.1339E+02
  0.5715E+00  0.1330E+02  0.3277E+00  0.1310E+02  0.1310E+02
  0.5770E+00  0.1315E+02  0.3210E+00  0.1281E+02  0.1281E+02
  0.5825E+00  0.1210E+02  0.3196E+00  0.1254E+02  0.1254E+02
  0.5875E+00  0.1230E+02  0.3214E+00  0.1230E+02  0.1230E+02
  0.5935E+00  0.1200E+02  0.3186E+00  0.1202E+02  0.1202E+02
  0.5985E+00  0.1175E+02  0.3171E+00  0.1179E+02  0.1179E+02
  0.6045E+00  0.1155E+02  0.3150E+00  0.1152E+02  0.1152E+02
  0.6095E+00  0.1070E+02  0.3154E+00  0.1130E+02  0.1130E+02
  0.6155E+00  0.1120E+02  0.3111E+00  0.1105E+02  0.1105E+02
  0.6205E+00  0.1105E+02  0.3087E+00  0.1085E+02  0.1085E+02
  0.6260E+00  0.1075E+02  0.3115E+00  0.1063E+02  0.1063E+02
  0.6315E+00  0.1044E+02  0.3083E+00  0.1042E+02  0.1042E+02
  0.6370E+00  0.1030E+02  0.3083E+00  0.1021E+02  0.1021E+02
  0.6425E+00  0.9960E+01  0.3072E+00  0.1001E+02  0.1001E+02
  0.6480E+00  0.9785E+01  0.3044E+00  0.9821E+01  0.9821E+01
  0.6535E+00  0.9660E+01  0.3048E+00  0.9633E+01  0.9633E+01
  0.6585E+00  0.9505E+01  0.3023E+00  0.9467E+01  0.9467E+01
  0.6645E+00  0.9250E+01  0.3016E+00  0.9274E+01  0.9274E+01
  0.6695E+00  0.9075E+01  0.2995E+00  0.9117E+01  0.9117E+01
  0.6755E+00  0.9470E+01  0.3005E+00  0.8934E+01  0.8934E+01
  0.6805E+00  0.9000E+01  0.2973E+00  0.8786E+01  0.8786E+01
  0.6865E+00  0.8515E+01  0.2959E+00  0.8612E+01  0.8612E+01
  0.6915E+00  0.8145E+01  0.2938E+00  0.8471E+01  0.8471E+01
  0.6970E+00  0.8550E+01  0.2970E+00  0.8319E+01  0.8319E+01
  0.7025E+00  0.8375E+01  0.2927E+00  0.8171E+01  0.8171E+01
  0.7080E+00  0.8330E+01  0.2906E+00  0.8025E+01  0.8025E+01
  0.7135E+00  0.7735E+01  0.2896E+00  0.7882E+01  0.7882E+01
  0.7190E+00  0.7655E+01  0.2899E+00  0.7742E+01  0.7742E+01
  0.7245E+00  0.7730E+01  0.2896E+00  0.7604E+01  0.7604E+01
  0.7300E+00  0.7465E+01  0.2885E+00  0.7468E+01  0.7468E+01
  0.7355E+00  0.7180E+01  0.2850E+00  0.7335E+01  0.7335E+01
  0.7405E+00  0.7225E+01  0.2843E+00  0.7216E+01  0.7216E+01
  0.7465E+00  0.6690E+01  0.2846E+00  0.7075E+01  0.7075E+01
  0.7515E+00  0.7040E+01  0.2828E+00  0.6960E+01  0.6960E+01
  0.7575E+00  0.6725E+01  0.2825E+00  0.6823E+01  0.6823E+01
  0.7625E+00  0.6420E+01  0.2821E+00  0.6711E+01  0.6711E+01
  0.7685E+00  0.6705E+01  0.2758E+00  0.6579E+01  0.6579E+01
  0.7735E+00  0.6440E+01  0.2782E+00  0.6471E+01  0.6471E+01
  0.7790E+00  0.6470E+01  0.2779E+00  0.6354E+01  0.6354E+01
  0.7845E+00  0.6305E+01  0.2751E+00  0.6240E+01  0.6240E+01
  0.7900E+00  0.6175E+01  0.2793E+00  0.6127E+01  0.6127E+01
  0.7955E+00  0.6180E+01  0.2733E+00  0.6018E+01  0.6018E+01
  0.8010E+00  0.6215E+01  0.2761E+00  0.5910E+01  0.5910E+01
  0.8065E+00  0.5395E+01  0.2779E+00  0.5806E+01  0.5806E+01
  0.8115E+00  0.5765E+01  0.2818E+00  0.5713E+01  0.5713E+01
  0.8175E+00  0.5540E+01  0.2818E+00  0.5605E+01  0.5605E+01
  0.8225E+00  0.5395E+01  0.2836E+00  0.5518E+01  0.5518E+01
  0.8285E+00  0.5050E+01  0.2843E+00  0.5416E+01  0.5416E+01
  0.8335E+00  0.5060E+01  0.2825E+00  0.5334E+01  0.5334E+01
  0.8395E+00  0.5390E+01  0.2821E+00  0.5238E+01  0.5238E+01
  0.8445E+00  0.5390E+01  0.2825E+00  0.5161E+01  0.5161E+01
  0.8500E+00  0.4915E+01  0.2864E+00  0.5080E+01  0.5080E+01
  0.8555E+00  0.4610E+01  0.2864E+00  0.5001E+01  0.5001E+01
  0.8610E+00  0.4965E+01  0.2839E+00  0.4924E+01  0.4924E+01
  0.8665E+00  0.4950E+01  0.2828E+00  0.4851E+01  0.4851E+01
  0.8720E+00  0.4865E+01  0.2864E+00  0.4779E+01  0.4779E+01
  0.8775E+00  0.4840E+01  0.2846E+00  0.4711E+01  0.4711E+01
  0.8830E+00  0.4570E+01  0.2846E+00  0.4644E+01  0.4644E+01
  0.8885E+00  0.4520E+01  0.2860E+00  0.4580E+01  0.4580E+01
  0.8935E+00  0.4590E+01  0.2832E+00  0.4523E+01  0.4523E+01
  0.8995E+00  0.4250E+01  0.2853E+00  0.4456E+01  0.4456E+01
  0.9045E+00  0.4435E+01  0.2832E+00  0.4403E+01  0.4403E+01
  0.9105E+00  0.4520E+01  0.2871E+00  0.4340E+01  0.4340E+01
  0.9155E+00  0.4155E+01  0.2910E+00  0.4289E+01  0.4289E+01
  0.9215E+00  0.4230E+01  0.2885E+00  0.4229E+01  0.4229E+01
  0.9265E+00  0.3875E+01  0.2850E+00  0.4180E+01  0.4180E+01
  0.9320E+00  0.3700E+01  0.2899E+00  0.4127E+01  0.4127E+01
  0.9375E+00  0.4235E+01  0.2853E+00  0.4074E+01  0.4074E+01
  0.9430E+00  0.3915E+01  0.2860E+00  0.4023E+01  0.4023E+01
  0.9485E+00  0.4080E+01  0.2874E+00  0.3973E+01  0.3973E+01
  0.9540E+00  0.3565E+01  0.2864E+00  0.3923E+01  0.3923E+01
  0.9595E+00  0.3885E+01  0.2867E+00  0.3873E+01  0.3873E+01
  0.9650E+00  0.3595E+01  0.2853E+00  0.3825E+01  0.3825E+01
  0.9705E+00  0.3745E+01  0.2867E+00  0.3777E+01  0.3777E+01
  0.9755E+00  0.3340E+01  0.2881E+00  0.3734E+01  0.3734E+01
  0.9815E+00  0.4075E+01  0.2874E+00  0.3682E+01  0.3682E+01
  0.9865E+00  0.3790E+01  0.2854E+00  0.3641E+01  0.3641E+01
  0.9925E+00  0.3580E+01  0.2892E+00  0.3591E+01  0.3591E+01
  0.9975E+00  0.3235E+01  0.2878E+00  0.3550E+01  0.3550E+01
  0.1000E+01  0.3245E+01  0.2871E+00  0.3530E+01  0.3530E+01
  0.1010E+01  0.3650E+01  0.2828E+00  0.3452E+01  0.3452E+01
  0.1015E+01  0.3435E+01  0.2850E+00  0.3414E+01  0.3414E+01
  0.1020E+01  0.3255E+01  0.2850E+00  0.3377E+01  0.3377E+01
  0.1025E+01  0.3015E+01  0.2874E+00  0.3340E+01  0.3340E+01
  0.1030E+01  0.3450E+01  0.2860E+00  0.3304E+01  0.3304E+01
  0.1035E+01  0.3665E+01  0.2850E+00  0.3270E+01  0.3270E+01
  0.1040E+01  0.3140E+01  0.2843E+00  0.3236E+01  0.3236E+01
  0.1050E+01  0.3540E+01  0.2896E+00  0.3171E+01  0.3171E+01
  0.1050E+01  0.2825E+01  0.2881E+00  0.3171E+01  0.3171E+01
  0.1060E+01  0.3155E+01  0.2853E+00  0.3109E+01  0.3109E+01
  0.1060E+01  0.2945E+01  0.2867E+00  0.3109E+01  0.3109E+01
  0.1070E+01  0.2840E+01  0.2860E+00  0.3051E+01  0.3051E+01
  0.1075E+01  0.3050E+01  0.2857E+00  0.3023E+01  0.3023E+01
  0.1080E+01  0.2975E+01  0.2885E+00  0.2996E+01  0.2996E+01
  0.1085E+01  0.3070E+01  0.2843E+00  0.2970E+01  0.2970E+01
  0.1090E+01  0.2660E+01  0.2846E+00  0.2944E+01  0.2944E+01
  0.1095E+01  0.3110E+01  0.2874E+00  0.2919E+01  0.2919E+01
  0.1100E+01  0.2615E+01  0.2832E+00  0.2895E+01  0.2895E+01
  0.1110E+01  0.2890E+01  0.2850E+00  0.2847E+01  0.2847E+01
  0.1110E+01  0.2850E+01  0.2882E+00  0.2847E+01  0.2847E+01
  0.1120E+01  0.2955E+01  0.2853E+00  0.2801E+01  0.2801E+01
  0.1120E+01  0.2835E+01  0.2867E+00  0.2801E+01  0.2801E+01
  0.1130E+01  0.2745E+01  0.2867E+00  0.2757E+01  0.2757E+01
  0.1135E+01  0.2795E+01  0.2853E+00  0.2735E+01  0.2735E+01
  0.1140E+01  0.2655E+01  0.2839E+00  0.2713E+01  0.2713E+01
  0.1145E+01  0.2270E+01  0.2843E+00  0.2691E+01  0.2691E+01
  0.1150E+01  0.2400E+01  0.2832E+00  0.2670E+01  0.2670E+01
  0.1155E+01  0.2800E+01  0.2821E+00  0.2648E+01  0.2648E+01
  0.1160E+01  0.2550E+01  0.2843E+00  0.2627E+01  0.2627E+01
  0.1170E+01  0.2385E+01  0.2864E+00  0.2585E+01  0.2585E+01
  0.1170E+01  0.2465E+01  0.2828E+00  0.2585E+01  0.2585E+01
  0.1180E+01  0.2395E+01  0.2839E+00  0.2543E+01  0.2543E+01
  0.1180E+01  0.2800E+01  0.2843E+00  0.2543E+01  0.2543E+01
  0.1190E+01  0.2790E+01  0.2846E+00  0.2501E+01  0.2501E+01
  0.1195E+01  0.2485E+01  0.2850E+00  0.2480E+01  0.2480E+01
  0.1200E+01  0.2835E+01  0.2857E+00  0.2460E+01  0.2460E+01
  0.1205E+01  0.2240E+01  0.2843E+00  0.2440E+01  0.2440E+01
  0.1210E+01  0.2140E+01  0.2878E+00  0.2419E+01  0.2419E+01
  0.1215E+01  0.2125E+01  0.2832E+00  0.2400E+01  0.2400E+01
  0.1220E+01  0.2355E+01  0.2846E+00  0.2379E+01  0.2379E+01
  0.1230E+01  0.2605E+01  0.3077E+00  0.2341E+01  0.2341E+01
  0.1235E+01  0.1910E+01  0.3154E+00  0.2322E+01  0.2322E+01
  0.1240E+01  0.2660E+01  0.3313E+00  0.2304E+01  0.2304E+01
  0.1245E+01  0.2345E+01  0.3354E+00  0.2286E+01  0.2286E+01
  0.1250E+01  0.2050E+01  0.3475E+00  0.2268E+01  0.2268E+01
  0.1260E+01  0.2395E+01  0.3579E+00  0.2234E+01  0.2234E+01
  0.1260E+01  0.2400E+01  0.3621E+00  0.2234E+01  0.2234E+01
  0.1270E+01  0.2210E+01  0.3154E+00  0.2201E+01  0.2201E+01
  0.1270E+01  0.2565E+01  0.3239E+00  0.2201E+01  0.2201E+01
  0.1280E+01  0.2000E+01  0.3026E+00  0.2170E+01  0.2170E+01
  0.1285E+01  0.2300E+01  0.2992E+00  0.2155E+01  0.2155E+01
  0.1290E+01  0.2530E+01  0.3002E+00  0.2140E+01  0.2140E+01
  0.1295E+01  0.2105E+01  0.2971E+00  0.2126E+01  0.2126E+01
  0.1300E+01  0.2170E+01  0.2942E+00  0.2112E+01  0.2112E+01
  0.1310E+01  0.1575E+01  0.2910E+00  0.2084E+01  0.2084E+01
  0.1310E+01  0.1710E+01  0.2889E+00  0.2084E+01  0.2084E+01
  0.1320E+01  0.1870E+01  0.2899E+00  0.2058E+01  0.2058E+01
  0.1320E+01  0.2090E+01  0.2892E+00  0.2058E+01  0.2058E+01
  0.1330E+01  0.1905E+01  0.2881E+00  0.2032E+01  0.2032E+01
  0.1335E+01  0.1955E+01  0.2857E+00  0.2019E+01  0.2019E+01
  0.1340E+01  0.2100E+01  0.2896E+00  0.2007E+01  0.2007E+01
  0.1345E+01  0.1830E+01  0.2860E+00  0.1994E+01  0.1994E+01
  0.1350E+01  0.1875E+01  0.2878E+00  0.1982E+01  0.1982E+01
  0.1355E+01  0.2025E+01  0.2878E+00  0.1970E+01  0.1970E+01
  0.1360E+01  0.1535E+01  0.2874E+00  0.1957E+01  0.1957E+01
  0.1370E+01  0.2045E+01  0.2843E+00  0.1933E+01  0.1933E+01
  0.1370E+01  0.2295E+01  0.2881E+00  0.1933E+01  0.1933E+01
  0.1380E+01  0.1530E+01  0.2836E+00  0.1909E+01  0.1909E+01
  0.1380E+01  0.1890E+01  0.2860E+00  0.1909E+01  0.1909E+01
  0.1390E+01  0.2045E+01  0.2881E+00  0.1884E+01  0.1884E+01
  0.1395E+01  0.1620E+01  0.2864E+00  0.1873E+01  0.1873E+01
  0.1400E+01  0.1406E+01  0.2850E+00  0.1861E+01  0.1861E+01
  0.1405E+01  0.1845E+01  0.2850E+00  0.1849E+01  0.1849E+01
  0.1410E+01  0.1945E+01  0.2860E+00  0.1837E+01  0.1837E+01
  0.1415E+01  0.2180E+01  0.2811E+00  0.1826E+01  0.1826E+01
  0.1420E+01  0.1785E+01  0.2829E+00  0.1814E+01  0.1814E+01
  0.1430E+01  0.2045E+01  0.2821E+00  0.1792E+01  0.1792E+01
  0.1430E+01  0.1595E+01  0.2807E+00  0.1792E+01  0.1792E+01
  0.1440E+01  0.1455E+01  0.2825E+00  0.1770E+01  0.1770E+01
  0.1440E+01  0.1960E+01  0.2850E+00  0.1770E+01  0.1770E+01
  0.1450E+01  0.2125E+01  0.2818E+00  0.1749E+01  0.1749E+01
  0.1455E+01  0.1595E+01  0.2839E+00  0.1739E+01  0.1739E+01
  0.1460E+01  0.1940E+01  0.2811E+00  0.1729E+01  0.1729E+01
  0.1465E+01  0.1360E+01  0.2804E+00  0.1719E+01  0.1719E+01
  0.1470E+01  0.1975E+01  0.2857E+00  0.1709E+01  0.1709E+01
  0.1475E+01  0.1755E+01  0.2768E+00  0.1700E+01  0.1700E+01
  0.1480E+01  0.1555E+01  0.2772E+00  0.1691E+01  0.1691E+01
  0.1490E+01  0.1530E+01  0.2758E+00  0.1673E+01  0.1673E+01
  0.1490E+01  0.1535E+01  0.2751E+00  0.1673E+01  0.1673E+01
  0.1500E+01  0.1740E+01  0.2740E+00  0.1656E+01  0.1656E+01
  0.1500E+01  0.2165E+01  0.2790E+00  0.1656E+01  0.1656E+01
  0.1510E+01  0.1545E+01  0.2733E+00  0.1639E+01  0.1639E+01
  0.1515E+01  0.1570E+01  0.2772E+00  0.1631E+01  0.1631E+01
  0.1520E+01  0.1700E+01  0.2726E+00  0.1623E+01  0.1623E+01
  0.1525E+01  0.1665E+01  0.2744E+00  0.1615E+01  0.1615E+01
  0.1530E+01  0.1071E+01  0.2765E+00  0.1607E+01  0.1607E+01
  0.1535E+01  0.1405E+01  0.2744E+00  0.1600E+01  0.1600E+01
  0.1540E+01  0.1240E+01  0.2790E+00  0.1592E+01  0.1592E+01
  0.1550E+01  0.1485E+01  0.2747E+00  0.1577E+01  0.1577E+01
  0.1550E+01  0.1178E+01  0.2744E+00  0.1577E+01  0.1577E+01
  0.1560E+01  0.1485E+01  0.2744E+00  0.1562E+01  0.1562E+01
  0.1560E+01  0.1545E+01  0.2733E+00  0.1562E+01  0.1562E+01
  0.1570E+01  0.1480E+01  0.2768E+00  0.1547E+01  0.1547E+01
  0.1575E+01  0.1430E+01  0.2719E+00  0.1540E+01  0.1540E+01
  0.1580E+01  0.1140E+01  0.2715E+00  0.1533E+01  0.1533E+01
  0.1585E+01  0.1890E+01  0.2751E+00  0.1525E+01  0.1525E+01
  0.1590E+01  0.1100E+01  0.2747E+00  0.1518E+01  0.1518E+01
  0.1595E+01  0.1670E+01  0.2722E+00  0.1511E+01  0.1511E+01
  0.1600E+01  0.1515E+01  0.2730E+00  0.1504E+01  0.1504E+01
  0.1610E+01  0.1480E+01  0.2722E+00  0.1490E+01  0.1490E+01
  0.1610E+01  0.1395E+01  0.2761E+00  0.1490E+01  0.1490E+01
  0.1620E+01  0.1465E+01  0.2726E+00  0.1476E+01  0.1476E+01
  0.1620E+01  0.1720E+01  0.2744E+00  0.1476E+01  0.1476E+01
  0.1630E+01  0.1310E+01  0.2740E+00  0.1462E+01  0.1462E+01
  0.1635E+01  0.2055E+01  0.2705E+00  0.1456E+01  0.1456E+01
  0.1640E+01  0.1860E+01  0.2729E+00  0.1449E+01  0.1449E+01
  0.1645E+01  0.1315E+01  0.2708E+00  0.1443E+01  0.1443E+01
  0.1650E+01  0.1450E+01  0.2719E+00  0.1437E+01  0.1437E+01
  0.1655E+01  0.1065E+01  0.2744E+00  0.1431E+01  0.1431E+01
  0.1660E+01  0.1245E+01  0.2744E+00  0.1425E+01  0.1425E+01
  0.1670E+01  0.1445E+01  0.2719E+00  0.1413E+01  0.1413E+01
  0.1670E+01  0.1320E+01  0.2715E+00  0.1413E+01  0.1413E+01
  0.1680E+01  0.1840E+01  0.2708E+00  0.1402E+01  0.1402E+01
  0.1680E+01  0.1106E+01  0.2758E+00  0.1402E+01  0.1402E+01
  0.1690E+01  0.1325E+01  0.2715E+00  0.1391E+01  0.1391E+01
  0.1695E+01  0.1675E+01  0.2694E+00  0.1385E+01  0.1385E+01
  0.1700E+01  0.1435E+01  0.2744E+00  0.1380E+01  0.1380E+01
  0.1705E+01  0.1345E+01  0.2737E+00  0.1375E+01  0.1375E+01
  0.1710E+01  0.1417E+01  0.2708E+00  0.1370E+01  0.1370E+01
  0.1715E+01  0.1049E+01  0.2722E+00  0.1364E+01  0.1364E+01
  0.1720E+01  0.1320E+01  0.2701E+00  0.1359E+01  0.1359E+01
  0.1730E+01  0.1685E+01  0.2737E+00  0.1349E+01  0.1349E+01
  0.1730E+01  0.1700E+01  0.2708E+00  0.1349E+01  0.1349E+01
  0.1740E+01  0.1565E+01  0.2715E+00  0.1338E+01  0.1338E+01
  0.1740E+01  0.1605E+01  0.2712E+00  0.1338E+01  0.1338E+01
  0.1750E+01  0.1300E+01  0.2698E+00  0.1328E+01  0.1328E+01
  0.1755E+01  0.1410E+01  0.2701E+00  0.1322E+01  0.1322E+01
  0.1760E+01  0.1251E+01  0.2733E+00  0.1317E+01  0.1317E+01
  0.1765E+01  0.1590E+01  0.2694E+00  0.1312E+01  0.1312E+01
  0.1770E+01  0.8180E+00  0.2729E+00  0.1306E+01  0.1306E+01
  0.1780E+01  0.8900E+00  0.2705E+00  0.1295E+01  0.1295E+01
  0.1780E+01  0.1140E+01  0.2737E+00  0.1295E+01  0.1295E+01
  0.1790E+01  0.1360E+01  0.2687E+00  0.1284E+01  0.1284E+01
  0.1790E+01  0.1630E+01  0.2705E+00  0.1284E+01  0.1284E+01
  0.1800E+01  0.1240E+01  0.2715E+00  0.1273E+01  0.1273E+01
  0.1805E+01  0.1350E+01  0.2712E+00  0.1267E+01  0.1267E+01
  0.1810E+01  0.1760E+01  0.2715E+00  0.1262E+01  0.1262E+01
  0.1815E+01  0.1185E+01  0.2733E+00  0.1256E+01  0.1256E+01
  0.1820E+01  0.1190E+01  0.2694E+00  0.1251E+01  0.1251E+01
  0.1825E+01  0.1151E+01  0.2694E+00  0.1245E+01  0.1245E+01
  0.1830E+01  0.1375E+01  0.2722E+00  0.1240E+01  0.1240E+01
  0.1840E+01  0.1046E+01  0.2737E+00  0.1230E+01  0.1230E+01
  0.1840E+01  0.1215E+01  0.2719E+00  0.1230E+01  0.1230E+01
  0.1850E+01  0.1520E+01  0.2691E+00  0.1220E+01  0.1220E+01
  0.1850E+01  0.8890E+00  0.2726E+00  0.1220E+01  0.1220E+01
  0.1860E+01  0.1450E+01  0.2698E+00  0.1210E+01  0.1210E+01
  0.1865E+01  0.7710E+00  0.2698E+00  0.1205E+01  0.1205E+01
  0.1870E+01  0.9405E+00  0.2726E+00  0.1201E+01  0.1201E+01
  0.1875E+01  0.9865E+00  0.2708E+00  0.1196E+01  0.1196E+01
  0.1880E+01  0.5905E+00  0.2705E+00  0.1192E+01  0.1192E+01
  0.1885E+01  0.1350E+01  0.2680E+00  0.1188E+01  0.1188E+01
  0.1890E+01  0.9770E+00  0.2677E+00  0.1184E+01  0.1184E+01
  0.1900E+01  0.9945E+00  0.2691E+00  0.1176E+01  0.1176E+01
  0.1900E+01  0.9310E+00  0.2683E+00  0.1176E+01  0.1176E+01
  0.1910E+01  0.1204E+01  0.2701E+00  0.1168E+01  0.1168E+01
  0.1910E+01  0.1331E+01  0.2687E+00  0.1168E+01  0.1168E+01
  0.1920E+01  0.1510E+01  0.2691E+00  0.1161E+01  0.1161E+01
  0.1925E+01  0.8345E+00  0.2773E+00  0.1158E+01  0.1158E+01
  0.1930E+01  0.6245E+00  0.2662E+00  0.1154E+01  0.1154E+01
  0.1935E+01  0.6610E+00  0.2691E+00  0.1150E+01  0.1150E+01
  0.1940E+01  0.1515E+01  0.2673E+00  0.1147E+01  0.1147E+01
  0.1945E+01  0.1254E+01  0.2698E+00  0.1143E+01  0.1143E+01
  0.1950E+01  0.1086E+01  0.2708E+00  0.1140E+01  0.1140E+01
  0.1960E+01  0.7730E+00  0.2669E+00  0.1133E+01  0.1133E+01
  0.1960E+01  0.1232E+01  0.2687E+00  0.1133E+01  0.1133E+01
  0.1970E+01  0.1765E+01  0.2680E+00  0.1126E+01  0.1126E+01
  0.1970E+01  0.1058E+01  0.2669E+00  0.1126E+01  0.1126E+01
  0.1980E+01  0.1124E+01  0.2687E+00  0.1119E+01  0.1119E+01
  0.1985E+01  0.9085E+00  0.2701E+00  0.1116E+01  0.1116E+01
  0.1990E+01  0.9270E+00  0.2701E+00  0.1112E+01  0.1112E+01
  0.1995E+01  0.1110E+01  0.2687E+00  0.1109E+01  0.1109E+01
  0.2000E+01  0.1115E+01  0.2662E+00  0.1105E+01  0.1105E+01
  0.2005E+01  0.6315E+00  0.2687E+00  0.1101E+01  0.1101E+01
  0.2010E+01  0.8285E+00  0.2683E+00  0.1098E+01  0.1098E+01
  0.2020E+01  0.1119E+01  0.2680E+00  0.1091E+01  0.1091E+01
  0.2020E+01  0.9805E+00  0.2683E+00  0.1091E+01  0.1091E+01
  0.2030E+01  0.1120E+01  0.2691E+00  0.1084E+01  0.1084E+01
  0.2030E+01  0.9915E+00  0.2740E+00  0.1084E+01  0.1084E+01
  0.2040E+01  0.1255E+01  0.2666E+00  0.1077E+01  0.1077E+01
  0.2045E+01  0.1290E+01  0.2687E+00  0.1074E+01  0.1074E+01
  0.2050E+01  0.9340E+00  0.2712E+00  0.1071E+01  0.1071E+01
  0.2055E+01  0.8795E+00  0.2687E+00  0.1067E+01  0.1067E+01
  0.2060E+01  0.9580E+00  0.2673E+00  0.1064E+01  0.1064E+01
  0.2065E+01  0.1640E+01  0.2641E+00  0.1061E+01  0.1061E+01
  0.2070E+01  0.1185E+01  0.2676E+00  0.1058E+01  0.1058E+01
  0.2080E+01  0.8760E+00  0.2708E+00  0.1052E+01  0.1052E+01
  0.2080E+01  0.1585E+01  0.2694E+00  0.1052E+01  0.1052E+01
  0.2090E+01  0.1042E+01  0.2666E+00  0.1046E+01  0.1046E+01
  0.2090E+01  0.8020E+00  0.2694E+00  0.1046E+01  0.1046E+01
  0.2100E+01  0.1135E+01  0.2680E+00  0.1040E+01  0.1040E+01
  0.2105E+01  0.1066E+01  0.2687E+00  0.1037E+01  0.1037E+01
  0.2110E+01  0.1245E+01  0.2655E+00  0.1035E+01  0.1035E+01
  0.2115E+01  0.7500E+00  0.2683E+00  0.1032E+01  0.1032E+01
  0.2120E+01  0.8720E+00  0.2684E+00  0.1029E+01  0.1029E+01
  0.2125E+01  0.1215E+01  0.2673E+00  0.1027E+01  0.1027E+01
  0.2130E+01  0.1450E+01  0.2705E+00  0.1024E+01  0.1024E+01
  0.2140E+01  0.1056E+01  0.2669E+00  0.1018E+01  0.1018E+01
  0.2140E+01  0.1575E+01  0.2645E+00  0.1018E+01  0.1018E+01
  0.2150E+01  0.3930E+00  0.2694E+00  0.1013E+01  0.1013E+01
  0.2150E+01  0.8772E+00  0.2680E+00  0.1013E+01  0.1013E+01
  0.2160E+01  0.6970E+00  0.2691E+00  0.1007E+01  0.1007E+01
  0.2165E+01  0.1290E+01  0.2662E+00  0.1004E+01  0.1004E+01
  0.2170E+01  0.1145E+01  0.2687E+00  0.1001E+01  0.1001E+01
  0.2175E+01  0.5150E+00  0.2662E+00  0.9985E+00  0.9985E+00
  0.2180E+01  0.1565E+01  0.2662E+00  0.9955E+00  0.9955E+00
  0.2185E+01  0.9150E+00  0.2638E+00  0.9925E+00  0.9925E+00
  0.2190E+01  0.1037E+01  0.2652E+00  0.9895E+00  0.9895E+00
  0.2200E+01  0.7280E+00  0.2683E+00  0.9834E+00  0.9834E+00
  0.2200E+01  0.1130E+01  0.2659E+00  0.9834E+00  0.9834E+00
  0.2210E+01  0.1070E+01  0.2659E+00  0.9773E+00  0.9773E+00
  0.2210E+01  0.1186E+01  0.2655E+00  0.9773E+00  0.9773E+00
  0.2220E+01  0.1450E+01  0.2666E+00  0.9709E+00  0.9709E+00
  0.2225E+01  0.1430E+01  0.2659E+00  0.9678E+00  0.9678E+00
  0.2230E+01  0.8130E+00  0.2698E+00  0.9645E+00  0.9645E+00
  0.2235E+01  0.6250E+00  0.2669E+00  0.9615E+00  0.9615E+00
  0.2240E+01  0.9100E+00  0.2609E+00  0.9584E+00  0.9584E+00
  0.2245E+01  0.1575E+01  0.2680E+00  0.9553E+00  0.9553E+00
  0.2250E+01  0.8845E+00  0.2684E+00  0.9523E+00  0.9523E+00
  0.2260E+01  0.9190E+00  0.2666E+00  0.9462E+00  0.9462E+00
  0.2260E+01  0.1470E+01  0.2683E+00  0.9462E+00  0.9462E+00
  0.2270E+01  0.1385E+01  0.2620E+00  0.9402E+00  0.9402E+00
  0.2275E+01  0.1105E+01  0.2652E+00  0.9373E+00  0.9373E+00
  0.2280E+01  0.5040E+00  0.2680E+00  0.9344E+00  0.9344E+00
  0.2285E+01  0.8245E+00  0.2666E+00  0.9315E+00  0.9315E+00
  0.2290E+01  0.6420E+00  0.2676E+00  0.9287E+00  0.9287E+00
  0.2295E+01  0.1210E+01  0.2673E+00  0.9259E+00  0.9259E+00
  0.2300E+01  0.1305E+01  0.2662E+00  0.9231E+00  0.9231E+00
  0.2310E+01  0.1088E+01  0.2631E+00  0.9176E+00  0.9176E+00
  0.2310E+01  0.1030E+01  0.2659E+00  0.9176E+00  0.9176E+00
  0.2320E+01  0.1070E+01  0.2627E+00  0.9120E+00  0.9120E+00
  0.2320E+01  0.1225E+01  0.2652E+00  0.9120E+00  0.9120E+00
  0.2330E+01  0.5530E+00  0.2669E+00  0.9068E+00  0.9068E+00
  0.2335E+01  0.1165E+01  0.2641E+00  0.9037E+00  0.9037E+00
  0.2340E+01  0.1270E+01  0.2655E+00  0.9009E+00  0.9009E+00
  0.2345E+01  0.1015E+01  0.2627E+00  0.8980E+00  0.8980E+00
  0.2350E+01  0.9425E+00  0.2676E+00  0.8952E+00  0.8952E+00
  0.2355E+01  0.1227E+01  0.2613E+00  0.8923E+00  0.8923E+00
  0.2360E+01  0.1330E+01  0.2627E+00  0.8894E+00  0.8894E+00
  0.2370E+01  0.9515E+00  0.2648E+00  0.8834E+00  0.8834E+00
  0.2370E+01  0.1120E+01  0.2641E+00  0.8834E+00  0.8834E+00
  0.2380E+01  0.1155E+01  0.2634E+00  0.8773E+00  0.8773E+00
  0.2380E+01  0.9540E+00  0.2623E+00  0.8773E+00  0.8773E+00
  0.2390E+01  0.8995E+00  0.2655E+00  0.8710E+00  0.8710E+00
  0.2395E+01  0.1031E+01  0.2648E+00  0.8677E+00  0.8677E+00
  0.2400E+01  0.1250E+01  0.2620E+00  0.8645E+00  0.8645E+00
  0.2405E+01  0.1235E+01  0.2659E+00  0.8612E+00  0.8612E+00
  0.2410E+01  0.1375E+01  0.2609E+00  0.8581E+00  0.8581E+00
  0.2415E+01  0.1036E+01  0.2641E+00  0.8546E+00  0.8546E+00
  0.2420E+01  0.1290E+01  0.2627E+00  0.8512E+00  0.8512E+00
  0.2430E+01  0.1005E+01  0.2641E+00  0.8445E+00  0.8445E+00
  0.2430E+01  0.1312E+01  0.2634E+00  0.8445E+00  0.8445E+00
  0.2440E+01  0.1220E+01  0.2630E+00  0.8376E+00  0.8376E+00
  0.2440E+01  0.1071E+01  0.2620E+00  0.8376E+00  0.8376E+00
  0.2450E+01  0.6930E+00  0.2683E+00  0.8308E+00  0.8308E+00
  0.2455E+01  0.9130E+00  0.2620E+00  0.8274E+00  0.8274E+00
  0.2460E+01  0.1214E+01  0.2655E+00  0.8240E+00  0.8240E+00
  0.2465E+01  0.8595E+00  0.2680E+00  0.8208E+00  0.8208E+00
  0.2470E+01  0.8140E+00  0.2662E+00  0.8173E+00  0.8173E+00
  0.2475E+01  0.7705E+00  0.2620E+00  0.8140E+00  0.8140E+00
  0.2480E+01  0.1190E+01  0.2606E+00  0.8107E+00  0.8107E+00
  0.2490E+01  0.7235E+00  0.2638E+00  0.8042E+00  0.8042E+00
  0.2490E+01  0.1098E+01  0.2630E+00  0.8042E+00  0.8042E+00
  0.2500E+01  0.7295E+00  0.2638E+00  0.7978E+00  0.7978E+00
  0.2500E+01  0.1230E+01  0.2659E+00  0.7978E+00  0.7978E+00
  0.2510E+01  0.1185E+01  0.2627E+00  0.7916E+00  0.7916E+00
  0.2515E+01  0.8610E+00  0.2631E+00  0.7884E+00  0.7884E+00
  0.2520E+01  0.7990E+00  0.3690E+00  0.7851E+00  0.7851E+00

           Distance distribution  function of particle  


       R          P(R)      ERROR

  0.0000E+00  0.0000E+00  0.0000E+00
  0.3100E+00  0.1171E+00  0.1674E-02
  0.6200E+00  0.2125E+00  0.1688E-02
  0.9300E+00  0.2952E+00  0.1260E-02
  0.1240E+01  0.3765E+00  0.1880E-02
  0.1550E+01  0.4665E+00  0.2543E-02
  0.1860E+01  0.5705E+00  0.2580E-02
  0.2170E+01  0.6879E+00  0.2344E-02
  0.2480E+01  0.8131E+00  0.2605E-02
  0.2790E+01  0.9382E+00  0.3275E-02
  0.3100E+01  0.1056E+01  0.3762E-02
  0.3410E+01  0.1161E+01  0.3937E-02
  0.3720E+01  0.1253E+01  0.4033E-02
  0.4030E+01  0.1336E+01  0.4219E-02
  0.4340E+01  0.1412E+01  0.4397E-02
  0.4650E+01  0.1484E+01  0.4445E-02
  0.4960E+01  0.1553E+01  0.4425E-02
  0.5270E+01  0.1619E+01  0.4476E-02
  0.5580E+01  0.1677E+01  0.4623E-02
  0.5890E+01  0.1727E+01  0.4802E-02
  0.6200E+01  0.1768E+01  0.5003E-02
  0.6510E+01  0.1800E+01  0.5274E-02
  0.6820E+01  0.1825E+01  0.5619E-02
  0.7130E+01  0.1846E+01  0.5986E-02
  0.7440E+01  0.1863E+01  0.6328E-02
  0.7750E+01  0.1877E+01  0.6644E-02
  0.8060E+01  0.1887E+01  0.6965E-02
  0.8370E+01  0.1892E+01  0.7332E-02
  0.8680E+01  0.1890E+01  0.7758E-02
  0.8990E+01  0.1882E+01  0.8211E-02
  0.9300E+01  0.1867E+01  0.8623E-02
  0.9610E+01  0.1848E+01  0.8939E-02
  0.9920E+01  0.1826E+01  0.9162E-02
  0.1023E+02  0.1801E+01  0.9346E-02
  0.1054E+02  0.1773E+01  0.9569E-02
  0.1085E+02  0.1741E+01  0.9894E-02
  0.1116E+02  0.1705E+01  0.1035E-01
  0.1147E+02  0.1665E+01  0.1091E-01
  0.1178E+02  0.1620E+01  0.1152E-01
  0.1209E+02  0.1571E+01  0.1211E-01
  0.1240E+02  0.1520E+01  0.1267E-01
  0.1271E+02  0.1467E+01  0.1318E-01
  0.1302E+02  0.1413E+01  0.1363E-01
  0.1333E+02  0.1358E+01  0.1400E-01
  0.1364E+02  0.1302E+01  0.1424E-01
  0.1395E+02  0.1247E+01  0.1436E-01
  0.1426E+02  0.1192E+01  0.1437E-01
  0.1457E+02  0.1138E+01  0.1431E-01
  0.1488E+02  0.1086E+01  0.1422E-01
  0.1519E+02  0.1035E+01  0.1416E-01
  0.1550E+02  0.9851E+00  0.1415E-01
  0.1581E+02  0.9370E+00  0.1421E-01
  0.1612E+02  0.8904E+00  0.1432E-01
  0.1643E+02  0.8452E+00  0.1445E-01
  0.1674E+02  0.8017E+00  0.1458E-01
  0.1705E+02  0.7605E+00  0.1468E-01
  0.1736E+02  0.7219E+00  0.1475E-01
  0.1767E+02  0.6860E+00  0.1482E-01
  0.1798E+02  0.6526E+00  0.1491E-01
  0.1829E+02  0.6213E+00  0.1503E-01
  0.1860E+02  0.5915E+00  0.1516E-01
  0.1891E+02  0.5628E+00  0.1525E-01
  0.1922E+02  0.5349E+00  0.1530E-01
  0.1953E+02  0.5079E+00  0.1529E-01
  0.1984E+02  0.4821E+00  0.1527E-01
  0.2015E+02  0.4576E+00  0.1529E-01
  0.2046E+02  0.4347E+00  0.1537E-01
  0.2077E+02  0.4133E+00  0.1552E-01
  0.2108E+02  0.3932E+00  0.1572E-01
  0.2139E+02  0.3741E+00  0.1594E-01
  0.2170E+02  0.3557E+00  0.1614E-01
  0.2201E+02  0.3379E+00  0.1628E-01
  0.2232E+02  0.3205E+00  0.1634E-01
  0.2263E+02  0.3035E+00  0.1630E-01
  0.2294E+02  0.2869E+00  0.1621E-01
  0.2325E+02  0.2709E+00  0.1609E-01
  0.2356E+02  0.2553E+00  0.1599E-01
  0.2387E+02  0.2403E+00  0.1595E-01
  0.2418E+02  0.2259E+00  0.1596E-01
  0.2449E+02  0.2122E+00  0.1598E-01
  0.2480E+02  0.1994E+00  0.1597E-01
  0.2511E+02  0.1875E+00  0.1588E-01
  0.2542E+02  0.1765E+00  0.1569E-01
  0.2573E+02  0.1662E+00  0.1541E-01
  0.2604E+02  0.1564E+00  0.1506E-01
  0.2635E+02  0.1468E+00  0.1465E-01
  0.2666E+02  0.1374E+00  0.1422E-01
  0.2697E+02  0.1279E+00  0.1376E-01
  0.2728E+02  0.1183E+00  0.1325E-01
  0.2759E+02  0.1087E+00  0.1267E-01
  0.2790E+02  0.9911E-01  0.1203E-01
  0.2821E+02  0.8957E-01  0.1131E-01
  0.2852E+02  0.8007E-01  0.1051E-01
  0.2883E+02  0.7058E-01  0.9636E-02
  0.2914E+02  0.6109E-01  0.8664E-02
  0.2945E+02  0.5157E-01  0.7578E-02
  0.2976E+02  0.4198E-01  0.6367E-02
  0.3007E+02  0.3222E-01  0.5023E-02
  0.3038E+02  0.2215E-01  0.3529E-02
  0.3069E+02  0.1150E-01  0.1864E-02
  0.3100E+02  0.0000E+00  0.0000E+00
          Reciprocal space: Rg =    8.66     , I(0) =   0.3311E+03
     Real space: Rg =    8.71 +- 0.071  I(0) =   0.3311E+03 +-  0.3206E+01
