
           ####    G N O M   ---   Version 4.5a revised 09/02/02     ####

                                                  Tue Dec 18 19:38:46 2007
           ===    Run No   1   ===
 Run title:    0.005271    0.001983


 Standard deviations are estimated by polynomial smoothing

   *******    Input file(s) : 153.dat
           Condition P(rmin) = 0 is used. 
           Condition P(rmax) = 0 is used. 

 Warning: Dmax*Smin =  4.706   is greater than Pi !


          Highest ALPHA is found to be   0.7444E+06

  The measure of inconsistency AN1 equals to    0.2614E+00
     Alpha    Discrp  Oscill  Stabil  Sysdev  Positv  Valcen    Total   
  0.7444E+09209.4971  1.7740  0.9900  0.0000  1.0000  0.7350  0.15748
  0.1489E+09209.4388  1.7739  0.9896  0.0000  1.0000  0.7350  0.15750
  0.2978E+08209.1479  1.7736  0.9879  0.0000  1.0000  0.7351  0.15760
  0.5955E+07207.7134  1.7719  0.9790  0.0000  1.0000  0.7355  0.15808
  0.1191E+07201.0091  1.7641  0.9379  0.0000  1.0000  0.7375  0.16039
  0.2382E+06175.9909  1.7326  0.7888  0.0000  1.0000  0.7463  0.17025
  0.4764E+05124.3420  1.6757  0.5263  0.0635  1.0000  0.7742  0.19265
  0.9528E+04 66.7237  1.6996  0.3033  0.0635  1.0000  0.8182  0.20078
  0.1906E+04 31.8977  1.6848  0.2011  0.2540  0.9997  0.8646  0.24531
  0.3811E+03 18.5823  1.4967  0.2964  0.3810  0.9999  0.9146  0.32176
  0.7622E+02  9.0423  1.2727  0.2743  0.5714  1.0000  0.9469  0.39809
  0.1524E+02  3.4446  1.1693  0.1148  0.8889  1.0000  0.9526  0.76339
  0.3049E+01  1.9994  1.1466  0.0361  0.8889  1.0000  0.9520  0.89354
  0.6098E+00  1.7029  1.1747  0.0185  0.8889  1.0000  0.9512  0.90697
  0.1220E+00  1.5934  1.2556  0.0166  1.0159  1.0000  0.9503  0.89570
  0.2439E-01  1.5271  1.5245  0.0353  1.0159  1.0000  0.9488  0.79750
  0.4878E-02  1.4788  2.1492  0.0367  0.9524  0.9999  0.9460  0.65608
  0.9757E-03  1.4525  3.4045  0.1267  0.8889  0.9988  0.9409  0.49838
  0.1951E-03  1.4130  7.3425  0.2192  0.8254  0.9881  0.8984  0.19109
  0.3903E-04  1.3800 12.5306  0.4810  0.9524  0.9467  0.7602  0.32573
  0.7805E-05  1.3181 16.4300  0.8354  0.9524  0.8490  0.3537  0.00000

          ***  Golden section search to maximize estimate ***
     Alpha    Discrp  Oscill  Stabil  Sysdev  Positv  Valcen    Total   
  0.1128E+01  1.7850  1.1567  0.0222  0.8254  1.0000  0.9515  0.68608
  0.4822E+00  1.6783  1.1838  0.0172  0.9524  1.0000  0.9510  0.90677
  0.7712E+00  1.7311  1.1668  0.0198  0.8254  1.0000  0.9513  0.68697
  0.5575E+00  1.6931  1.1780  0.0180  0.8889  1.0000  0.9511  0.90693
  0.6670E+00  1.7132  1.1715  0.0190  0.8889  1.0000  0.9512  0.90697
  0.5893E+00  1.6991  1.1760  0.0183  0.8889  1.0000  0.9511  0.90696
  0.6310E+00  1.7068  1.1735  0.0186  0.8889  1.0000  0.9512  0.90697
  0.6446E+00  1.7092  1.1727  0.0188  0.8889  1.0000  0.9512  0.90697
  0.6228E+00  1.7053  1.1739  0.0186  0.8889  1.0000  0.9512  0.90697
  0.6362E+00  1.7077  1.1732  0.0187  0.8889  1.0000  0.9512  0.90697
  0.6394E+00  1.7083  1.1730  0.0187  0.8889  1.0000  0.9512  0.90697
  0.6342E+00  1.7073  1.1733  0.0187  0.8889  1.0000  0.9512  0.90697
  0.6330E+00  1.7071  1.1734  0.0187  0.8889  1.0000  0.9512  0.90697
  0.6350E+00  1.7075  1.1733  0.0187  0.8889  1.0000  0.9512  0.90697
  0.6354E+00  1.7076  1.1732  0.0187  0.8889  1.0000  0.9512  0.90697
  0.6347E+00  1.7074  1.1733  0.0187  0.8889  1.0000  0.9512  0.90697
  0.6351E+00  1.7075  1.1732  0.0187  0.8889  1.0000  0.9512  0.90697
  0.6351E+00  1.7075  1.1732  0.0187  0.8889  1.0000  0.9512  0.90697



             ####            Final results            ####

 Parameter    DISCRP    OSCILL    STABIL    SYSDEV    POSITV    VALCEN
 Weight        1.000     3.000     3.000     3.000     1.000     1.000
 Sigma         0.300     0.600     0.120     0.120     0.120     0.120
 Ideal         0.700     1.100     0.000     1.000     1.000     0.950
 Current       1.708     1.173     0.019     0.889     1.000     0.951
                - - - - - - - - - - - - - - - - - - - - - - - - - 
 Estimate      0.000     0.985     0.976     1.000     1.000     1.000

  Angular   range    :     from    0.0059   to    0.0424
  Real space range   :     from      0.00   to    800.00

  Highest ALPHA (theor) :   0.744E+09                 JOB = 0
  Current ALPHA         :   0.635E+00   Rg :  0.285E+03   I(0) :   0.383E-02

           Total  estimate : 0.907  which is  AN EXCELLENT  solution

      S          J EXP       ERROR       J REG       I REG

  0.0000E+00                                      0.3834E-02
  0.5883E-03                                      0.3798E-02
  0.1177E-02                                      0.3694E-02
  0.1765E-02                                      0.3525E-02
  0.2353E-02                                      0.3302E-02
  0.2942E-02                                      0.3035E-02
  0.3530E-02                                      0.2737E-02
  0.4118E-02                                      0.2422E-02
  0.4706E-02                                      0.2102E-02
  0.5295E-02                                      0.1791E-02
  0.5883E-02  0.1550E-02  0.5407E-05  0.1497E-02  0.1497E-02
  0.6437E-02  0.1253E-02  0.7564E-05  0.1245E-02  0.1245E-02
  0.7000E-02  0.1001E-02  0.7587E-05  0.1015E-02  0.1015E-02
  0.7578E-02  0.8102E-03  0.6069E-05  0.8121E-03  0.8121E-03
  0.8173E-02  0.6293E-03  0.3672E-05  0.6367E-03  0.6367E-03
  0.8727E-02  0.4991E-03  0.2054E-05  0.5032E-03  0.5032E-03
  0.9311E-02  0.3903E-03  0.2804E-06  0.3908E-03  0.3908E-03
  0.9935E-02  0.3001E-03  0.5429E-06  0.2984E-03  0.2984E-03
  0.1053E-01  0.2377E-03  0.1317E-05  0.2323E-03  0.2323E-03
  0.1109E-01  0.1871E-03  0.1578E-05  0.1856E-03  0.1856E-03
  0.1164E-01  0.1514E-03  0.1945E-05  0.1510E-03  0.1510E-03
  0.1221E-01  0.1252E-03  0.1635E-05  0.1239E-03  0.1239E-03
  0.1282E-01  0.9871E-04  0.1597E-05  0.1018E-03  0.1018E-03
  0.1341E-01  0.8100E-04  0.1346E-05  0.8526E-04  0.8526E-04
  0.1397E-01  0.6969E-04  0.1424E-05  0.7257E-04  0.7257E-04
  0.1457E-01  0.6117E-04  0.1538E-05  0.6136E-04  0.6136E-04
  0.1516E-01  0.5149E-04  0.1165E-05  0.5224E-04  0.5224E-04
  0.1573E-01  0.4260E-04  0.9185E-06  0.4494E-04  0.4494E-04
  0.1630E-01  0.3826E-04  0.8054E-06  0.3899E-04  0.3899E-04
  0.1688E-01  0.3458E-04  0.4472E-06  0.3419E-04  0.3419E-04
  0.1747E-01  0.3134E-04  0.4190E-06  0.3044E-04  0.3044E-04
  0.1806E-01  0.2765E-04  0.2934E-06  0.2763E-04  0.2763E-04
  0.1862E-01  0.2694E-04  0.3943E-06  0.2565E-04  0.2565E-04
  0.1918E-01  0.2446E-04  0.4596E-06  0.2412E-04  0.2412E-04
  0.1978E-01  0.2287E-04  0.3796E-06  0.2281E-04  0.2281E-04
  0.2038E-01  0.2148E-04  0.9376E-07  0.2166E-04  0.2166E-04
  0.2096E-01  0.2060E-04  0.3357E-06  0.2062E-04  0.2062E-04
  0.2154E-01  0.2012E-04  0.6110E-06  0.1961E-04  0.1961E-04
  0.2212E-01  0.1927E-04  0.6319E-06  0.1865E-04  0.1865E-04
  0.2270E-01  0.2037E-04  0.6899E-06  0.1776E-04  0.1776E-04
  0.2329E-01  0.1724E-04  0.7075E-06  0.1698E-04  0.1698E-04
  0.2387E-01  0.1698E-04  0.6617E-06  0.1636E-04  0.1636E-04
  0.2444E-01  0.1579E-04  0.4861E-06  0.1591E-04  0.1591E-04
  0.2502E-01  0.1570E-04  0.1299E-06  0.1559E-04  0.1559E-04
  0.2560E-01  0.1518E-04  0.2983E-06  0.1536E-04  0.1536E-04
  0.2618E-01  0.1522E-04  0.2601E-06  0.1519E-04  0.1519E-04
  0.2676E-01  0.1473E-04  0.1717E-06  0.1502E-04  0.1502E-04
  0.2736E-01  0.1502E-04  0.2715E-06  0.1481E-04  0.1481E-04
  0.2795E-01  0.1438E-04  0.2812E-06  0.1455E-04  0.1455E-04
  0.2853E-01  0.1458E-04  0.3075E-06  0.1426E-04  0.1426E-04
  0.2910E-01  0.1357E-04  0.3098E-06  0.1395E-04  0.1395E-04
  0.2967E-01  0.1380E-04  0.2484E-06  0.1366E-04  0.1366E-04
  0.3027E-01  0.1340E-04  0.3656E-06  0.1341E-04  0.1341E-04
  0.3085E-01  0.1314E-04  0.4479E-06  0.1325E-04  0.1325E-04
  0.3141E-01  0.1395E-04  0.5298E-06  0.1319E-04  0.1319E-04
  0.3199E-01  0.1427E-04  0.5492E-06  0.1319E-04  0.1319E-04
  0.3258E-01  0.1277E-04  0.5278E-06  0.1325E-04  0.1325E-04
  0.3316E-01  0.1308E-04  0.4690E-06  0.1331E-04  0.1331E-04
  0.3375E-01  0.1304E-04  0.3367E-06  0.1335E-04  0.1335E-04
  0.3434E-01  0.1365E-04  0.2700E-06  0.1333E-04  0.1333E-04
  0.3494E-01  0.1315E-04  0.2794E-06  0.1322E-04  0.1322E-04
  0.3550E-01  0.1268E-04  0.2967E-06  0.1305E-04  0.1305E-04
  0.3606E-01  0.1324E-04  0.3561E-06  0.1284E-04  0.1284E-04
  0.3664E-01  0.1242E-04  0.3333E-06  0.1260E-04  0.1260E-04
  0.3723E-01  0.1226E-04  0.3930E-06  0.1240E-04  0.1240E-04
  0.3783E-01  0.1200E-04  0.2846E-06  0.1227E-04  0.1227E-04
  0.3840E-01  0.1247E-04  0.3533E-06  0.1224E-04  0.1224E-04
  0.3897E-01  0.1228E-04  0.4242E-06  0.1230E-04  0.1230E-04
  0.3955E-01  0.1267E-04  0.3469E-06  0.1242E-04  0.1242E-04
  0.4013E-01  0.1361E-04  0.3891E-06  0.1257E-04  0.1257E-04
  0.4071E-01  0.1256E-04  0.4543E-06  0.1268E-04  0.1268E-04
  0.4127E-01  0.1252E-04  0.4782E-06  0.1268E-04  0.1268E-04
  0.4187E-01  0.1155E-04  0.4203E-06  0.1251E-04  0.1251E-04
  0.4240E-01  0.1237E-04  0.2632E-06  0.1219E-04  0.1219E-04

           Distance distribution  function of particle  


       R          P(R)      ERROR

  0.0000E+00  0.0000E+00  0.0000E+00
  0.1333E+02  0.1912E-07  0.6187E-09
  0.2667E+02  0.3922E-07  0.6317E-09
  0.4000E+02  0.6065E-07  0.2545E-09
  0.5333E+02  0.8401E-07  0.3783E-09
  0.6667E+02  0.1101E-06  0.8234E-09
  0.8000E+02  0.1396E-06  0.1008E-08
  0.9333E+02  0.1734E-06  0.8837E-09
  0.1067E+03  0.2119E-06  0.6230E-09
  0.1200E+03  0.2551E-06  0.7124E-09
  0.1333E+03  0.3023E-06  0.1105E-08
  0.1467E+03  0.3523E-06  0.1395E-08
  0.1600E+03  0.4033E-06  0.1474E-08
  0.1733E+03  0.4533E-06  0.1451E-08
  0.1867E+03  0.5003E-06  0.1547E-08
  0.2000E+03  0.5425E-06  0.1821E-08
  0.2133E+03  0.5791E-06  0.2097E-08
  0.2267E+03  0.6098E-06  0.2231E-08
  0.2400E+03  0.6352E-06  0.2231E-08
  0.2533E+03  0.6563E-06  0.2245E-08
  0.2667E+03  0.6743E-06  0.2405E-08
  0.2800E+03  0.6901E-06  0.2673E-08
  0.2933E+03  0.7042E-06  0.2915E-08
  0.3067E+03  0.7162E-06  0.3070E-08
  0.3200E+03  0.7253E-06  0.3190E-08
  0.3333E+03  0.7303E-06  0.3352E-08
  0.3467E+03  0.7298E-06  0.3542E-08
  0.3600E+03  0.7234E-06  0.3668E-08
  0.3733E+03  0.7109E-06  0.3661E-08
  0.3867E+03  0.6934E-06  0.3562E-08
  0.4000E+03  0.6724E-06  0.3498E-08
  0.4133E+03  0.6496E-06  0.3563E-08
  0.4267E+03  0.6267E-06  0.3722E-08
  0.4400E+03  0.6047E-06  0.3874E-08
  0.4533E+03  0.5838E-06  0.3985E-08
  0.4667E+03  0.5631E-06  0.4107E-08
  0.4800E+03  0.5414E-06  0.4281E-08
  0.4933E+03  0.5172E-06  0.4445E-08
  0.5067E+03  0.4896E-06  0.4486E-08
  0.5200E+03  0.4584E-06  0.4349E-08
  0.5333E+03  0.4246E-06  0.4115E-08
  0.5467E+03  0.3899E-06  0.3946E-08
  0.5600E+03  0.3566E-06  0.3937E-08
  0.5733E+03  0.3266E-06  0.4008E-08
  0.5867E+03  0.3012E-06  0.4035E-08
  0.6000E+03  0.2801E-06  0.4014E-08
  0.6133E+03  0.2620E-06  0.4050E-08
  0.6267E+03  0.2444E-06  0.4180E-08
  0.6400E+03  0.2248E-06  0.4253E-08
  0.6533E+03  0.2014E-06  0.4056E-08
  0.6667E+03  0.1738E-06  0.3528E-08
  0.6800E+03  0.1435E-06  0.2893E-08
  0.6933E+03  0.1139E-06  0.2633E-08
  0.7067E+03  0.8905E-07  0.2904E-08
  0.7200E+03  0.7282E-07  0.3252E-08
  0.7333E+03  0.6705E-07  0.3432E-08
  0.7467E+03  0.7026E-07  0.3738E-08
  0.7600E+03  0.7670E-07  0.4434E-08
  0.7733E+03  0.7636E-07  0.4923E-08
  0.7867E+03  0.5581E-07  0.3940E-08
  0.8000E+03  0.0000E+00  0.0000E+00
          Reciprocal space: Rg =  284.58     , I(0) =   0.3834E-02
     Real space: Rg =  284.25 +- 0.629  I(0) =   0.3834E-02 +-  0.2462E-04
