   === DAMMIN53  started at           19-Dec-2007   18:41:28
 Computation mode ....................................... : Slow
 Project identificator .................................. : 153
  Project decsription: f=1.8                                             
 Random sequence initialized from ....................... : 184144
 GNOM file name ......................................... : 153.out
  ** Information read from the GNOM file **
 Data set title:     0.005271    0.001983                                       
         
 Raw data file name:  153.dat                                           
 Maximum diameter of the particle ....................... : 800.0
  Solution at Alpha =  0.635E+00   Rg :  0.285E+03   I(0) :   0.383E-02 
 Radius of gyration read ................................ : 285.0
 Number of GNOM data points ............................. : 74
 Maximum s value [1/angstrom] ........................... : 4.240e-2
 Number of Shannon channels ............................. : 10.80
 Number of knots in the curve to fit .................... : 22
  *** Warning: constant reduced to avoid oversubtraction
 A constant was subtracted .............................. : 9.752e-6
 Maximum order of harmonics ............................. : 15
 Point symmetry of the particle ......................... : P1
 Sphere  diameter [Angstrom] ............................ : 800.0
 Packing radius of dummy atoms .......................... : 20.50
 Radius of the sphere generated ......................... : 400.0
 Number of dummy atoms .................................. : 5594
 Number of equivalent positions ......................... : 1
 Expected particle anisometry ........................... : Unknown
 Excluded volume per atom ............................... : 4.877e+4
 Radius of 1st coordination sphere ...................... : 57.81
 Minimum number of contacts ............................. : 6
 Maximum number of contacts ............................. : 12
 Looseness penalty weight ............................... : 3.000e-3
 No of non-solvent atoms ................................ : 5594
 Initial DAM looseness .................................. : 4.733e-3
 Disconnectivity penalty weight ......................... : 3.000e-3
 Initial DAM # of graphs ................................ : 1
 Discontiguity   value .................................. : 0.0
 Center of the initial DAM:    0.0000   0.0000   0.0000
 Peripheral penalty weight .............................. : 0.3000
 Peripheral penalty value ............................... : 0.6110
 Looseness fixing threshold ............................. : 0.0
 R-factor  fixing threshold ............................. : 0.0
  ***    The structure was randomized    ***
 No of non-solvent atoms ................................ : 2796
 Randomized DAM looseness ............................... : 9.538e-2
 Randomized DAM # of graphs ............................. : 7
 Discontiguity   value .................................. : 3.224e-3
 Randomized peripheral penalty value .................... : 0.6090
 Weight: 0=s^2, 1=Emphas.s->0, 2=Log .................... : 1
 *** Porod weight with emphasis at low s ***
 Initial scale factor ................................... : 2.579e-19
 Scale factor fixed (Y=Yes, N=No) ....................... : N
 Initial R^2 factor ..................................... : 0.1489
 Initial R   factor ..................................... : 0.3859
 Initial penalty ........................................ : 0.1830
 Initial fVal ........................................... : 0.3319
 Variation of the target function ....................... : 1.004e-4
 CPU per function call, seconds ......................... : 1.313e-3
 Initial annealing temperature .......................... : 1.000e-3
 Annealing schedule factor .............................. : 0.9500
 # of independent atoms to modify ....................... : 1
 Max # of iterations at each T .......................... : 391580
 Max # of successes at each T ........................... : 39158
 Min # of successes to continue ......................... : 130
 Max # of annealing steps ............................... : 200
  ====  Simulated annealing procedure started  ====
 j:   1 T: 0.100E-02 Suc: 39158 Eva:    40871 CPU:  0.578E+02 SqF: 0.5589
  Rf: 0.36801 Los:0.1000 Dis:0.0052 Per:  0.5889 Sca: 0.272E-18
 j:   2 T: 0.950E-03 Suc: 39158 Eva:    81830 CPU:  0.119E+03 SqF: 0.5499
  Rf: 0.36714 Los:0.0966 Dis:0.0029 Per:  0.5871 Sca: 0.262E-18
 j:   3 T: 0.903E-03 Suc: 39158 Eva:   122891 CPU:  0.180E+03 SqF: 0.5442
  Rf: 0.36908 Los:0.0992 Dis:0.0029 Per:  0.5894 Sca: 0.265E-18
 j:   4 T: 0.857E-03 Suc: 39158 Eva:   163988 CPU:  0.239E+03 SqF: 0.5343
  Rf: 0.36633 Los:0.0959 Dis:0.0029 Per:  0.5871 Sca: 0.255E-18
 j:   5 T: 0.815E-03 Suc: 39158 Eva:   205126 CPU:  0.299E+03 SqF: 0.5291
  Rf: 0.36842 Los:0.0944 Dis:0.0029 Per:  0.5890 Sca: 0.255E-18
 j:   6 T: 0.774E-03 Suc: 39158 Eva:   246385 CPU:  0.359E+03 SqF: 0.5203
  Rf: 0.36611 Los:0.0926 Dis:0.0039 Per:  0.5875 Sca: 0.245E-18
 j:   7 T: 0.735E-03 Suc: 39158 Eva:   287607 CPU:  0.419E+03 SqF: 0.5159
  Rf: 0.36887 Los:0.0914 Dis:0.0021 Per:  0.5888 Sca: 0.245E-18
 j:   8 T: 0.698E-03 Suc: 39158 Eva:   329058 CPU:  0.479E+03 SqF: 0.5067
  Rf: 0.36541 Los:0.0969 Dis:0.0029 Per:  0.5866 Sca: 0.258E-18
 j:   9 T: 0.663E-03 Suc: 39158 Eva:   370580 CPU:  0.539E+03 SqF: 0.5015
  Rf: 0.36621 Los:0.0994 Dis:0.0044 Per:  0.5884 Sca: 0.259E-18
 j:  10 T: 0.630E-03 Suc: 39158 Eva:   412108 CPU:  0.599E+03 SqF: 0.4964
  Rf: 0.36693 Los:0.0953 Dis:0.0032 Per:  0.5894 Sca: 0.253E-18
 j:  11 T: 0.599E-03 Suc: 39158 Eva:   454031 CPU:  0.659E+03 SqF: 0.4804
  Rf: 0.35621 Los:0.1012 Dis:0.0088 Per:  0.5766 Sca: 0.261E-18
 j:  12 T: 0.569E-03 Suc: 39158 Eva:   496041 CPU:  0.719E+03 SqF: 0.4804
  Rf: 0.36190 Los:0.0981 Dis:0.0036 Per:  0.5832 Sca: 0.258E-18
 j:  13 T: 0.540E-03 Suc: 39158 Eva:   538054 CPU:  0.778E+03 SqF: 0.4746
  Rf: 0.36135 Los:0.0910 Dis:0.0046 Per:  0.5824 Sca: 0.249E-18
 j:  14 T: 0.513E-03 Suc: 39158 Eva:   580202 CPU:  0.838E+03 SqF: 0.4707
  Rf: 0.36252 Los:0.0948 Dis:0.0014 Per:  0.5832 Sca: 0.255E-18
 j:  15 T: 0.488E-03 Suc: 39158 Eva:   622388 CPU:  0.900E+03 SqF: 0.4619
  Rf: 0.35823 Los:0.0925 Dis:0.0061 Per:  0.5789 Sca: 0.252E-18
 j:  16 T: 0.463E-03 Suc: 39158 Eva:   664705 CPU:  0.961E+03 SqF: 0.4598
  Rf: 0.36053 Los:0.0935 Dis:0.0025 Per:  0.5838 Sca: 0.256E-18
 j:  17 T: 0.440E-03 Suc: 39158 Eva:   707433 CPU:  0.102E+04 SqF: 0.4496
  Rf: 0.35420 Los:0.1055 Dis:0.0023 Per:  0.5784 Sca: 0.280E-18
 j:  18 T: 0.418E-03 Suc: 39158 Eva:   750267 CPU:  0.108E+04 SqF: 0.4467
  Rf: 0.35622 Los:0.1018 Dis:0.0047 Per:  0.5768 Sca: 0.257E-18
 j:  19 T: 0.397E-03 Suc: 39158 Eva:   793177 CPU:  0.114E+04 SqF: 0.4424
  Rf: 0.35580 Los:0.0990 Dis:0.0044 Per:  0.5773 Sca: 0.258E-18
 j:  20 T: 0.377E-03 Suc: 39158 Eva:   836404 CPU:  0.121E+04 SqF: 0.4378
  Rf: 0.35499 Los:0.0982 Dis:0.0051 Per:  0.5775 Sca: 0.260E-18
 j:  21 T: 0.358E-03 Suc: 39158 Eva:   879627 CPU:  0.127E+04 SqF: 0.4308
  Rf: 0.35161 Los:0.1038 Dis:0.0082 Per:  0.5734 Sca: 0.268E-18
 j:  22 T: 0.341E-03 Suc: 39158 Eva:   923159 CPU:  0.133E+04 SqF: 0.4283
  Rf: 0.35299 Los:0.1053 Dis:0.0048 Per:  0.5727 Sca: 0.267E-18
 j:  23 T: 0.324E-03 Suc: 39158 Eva:   967015 CPU:  0.139E+04 SqF: 0.4228
  Rf: 0.35062 Los:0.0997 Dis:0.0089 Per:  0.5715 Sca: 0.264E-18
 j:  24 T: 0.307E-03 Suc: 39158 Eva:  1011189 CPU:  0.146E+04 SqF: 0.4162
  Rf: 0.34671 Los:0.1086 Dis:0.0077 Per:  0.5711 Sca: 0.284E-18
 j:  25 T: 0.292E-03 Suc: 39158 Eva:  1055627 CPU:  0.152E+04 SqF: 0.4120
  Rf: 0.34561 Los:0.1020 Dis:0.0064 Per:  0.5703 Sca: 0.270E-18
 j:  26 T: 0.277E-03 Suc: 39158 Eva:  1100124 CPU:  0.159E+04 SqF: 0.4083
  Rf: 0.34521 Los:0.1030 Dis:0.0041 Per:  0.5678 Sca: 0.270E-18
 j:  27 T: 0.264E-03 Suc: 39158 Eva:  1145144 CPU:  0.165E+04 SqF: 0.4006
  Rf: 0.33971 Los:0.1017 Dis:0.0100 Per:  0.5662 Sca: 0.262E-18
 j:  28 T: 0.250E-03 Suc: 39158 Eva:  1190464 CPU:  0.171E+04 SqF: 0.3965
  Rf: 0.33855 Los:0.0991 Dis:0.0041 Per:  0.5625 Sca: 0.263E-18
 j:  29 T: 0.238E-03 Suc: 39158 Eva:  1235905 CPU:  0.178E+04 SqF: 0.3909
  Rf: 0.33532 Los:0.1072 Dis:0.0069 Per:  0.5610 Sca: 0.275E-18
 j:  30 T: 0.226E-03 Suc: 39158 Eva:  1282000 CPU:  0.184E+04 SqF: 0.3803
  Rf: 0.32699 Los:0.1062 Dis:0.0132 Per:  0.5513 Sca: 0.280E-18
 j:  31 T: 0.215E-03 Suc: 39158 Eva:  1328593 CPU:  0.191E+04 SqF: 0.3787
  Rf: 0.32759 Los:0.0991 Dis:0.0053 Per:  0.5558 Sca: 0.268E-18
 j:  32 T: 0.204E-03 Suc: 39158 Eva:  1375921 CPU:  0.197E+04 SqF: 0.3742
  Rf: 0.32519 Los:0.1092 Dis:0.0134 Per:  0.5540 Sca: 0.275E-18
 j:  33 T: 0.194E-03 Suc: 39158 Eva:  1423737 CPU:  0.203E+04 SqF: 0.3699
  Rf: 0.32287 Los:0.1115 Dis:0.0152 Per:  0.5543 Sca: 0.282E-18
 j:  34 T: 0.184E-03 Suc: 39158 Eva:  1472599 CPU:  0.210E+04 SqF: 0.3545
  Rf: 0.30855 Los:0.1100 Dis:0.0114 Per:  0.5455 Sca: 0.286E-18
 j:  35 T: 0.175E-03 Suc: 39158 Eva:  1520914 CPU:  0.216E+04 SqF: 0.3545
  Rf: 0.30855 Los:0.1100 Dis:0.0114 Per:  0.5455 Sca: 0.286E-18
 j:  36 T: 0.166E-03 Suc: 39158 Eva:  1570952 CPU:  0.223E+04 SqF: 0.3473
  Rf: 0.30518 Los:0.1106 Dis:0.0124 Per:  0.5439 Sca: 0.293E-18
 j:  37 T: 0.158E-03 Suc: 39158 Eva:  1621968 CPU:  0.230E+04 SqF: 0.3397
  Rf: 0.29859 Los:0.1276 Dis:0.0270 Per:  0.5441 Sca: 0.313E-18
 j:  38 T: 0.150E-03 Suc: 39158 Eva:  1674588 CPU:  0.237E+04 SqF: 0.3267
  Rf: 0.28629 Los:0.1177 Dis:0.0298 Per:  0.5404 Sca: 0.308E-18
 j:  39 T: 0.142E-03 Suc: 39158 Eva:  1728097 CPU:  0.243E+04 SqF: 0.3267
  Rf: 0.28629 Los:0.1177 Dis:0.0298 Per:  0.5404 Sca: 0.308E-18
 j:  40 T: 0.135E-03 Suc: 39158 Eva:  1783970 CPU:  0.250E+04 SqF: 0.3078
  Rf: 0.26910 Los:0.1208 Dis:0.0371 Per:  0.5383 Sca: 0.309E-18
 j:  41 T: 0.129E-03 Suc: 39158 Eva:  1843156 CPU:  0.258E+04 SqF: 0.2760
  Rf: 0.23432 Los:0.1436 Dis:0.0631 Per:  0.5353 Sca: 0.360E-18
 j:  42 T: 0.122E-03 Suc: 39158 Eva:  1904895 CPU:  0.265E+04 SqF: 0.2626
  Rf: 0.22040 Los:0.1347 Dis:0.0626 Per:  0.5408 Sca: 0.366E-18
 j:  43 T: 0.116E-03 Suc: 39158 Eva:  1969164 CPU:  0.272E+04 SqF: 0.2437
  Rf: 0.20015 Los:0.1498 Dis:0.0573 Per:  0.5381 Sca: 0.385E-18
 j:  44 T: 0.110E-03 Suc: 39158 Eva:  2035174 CPU:  0.280E+04 SqF: 0.2344
  Rf: 0.19175 Los:0.1501 Dis:0.0771 Per:  0.5287 Sca: 0.401E-18
 j:  45 T: 0.105E-03 Suc: 39158 Eva:  2103462 CPU:  0.287E+04 SqF: 0.2197
  Rf: 0.17526 Los:0.1529 Dis:0.0652 Per:  0.5381 Sca: 0.429E-18
 j:  46 T: 0.994E-04 Suc: 39158 Eva:  2172416 CPU:  0.295E+04 SqF: 0.2102
  Rf: 0.16565 Los:0.1654 Dis:0.1265 Per:  0.5315 Sca: 0.450E-18
 j:  47 T: 0.945E-04 Suc: 39158 Eva:  2243190 CPU:  0.303E+04 SqF: 0.2001
  Rf: 0.15597 Los:0.1618 Dis:0.1021 Per:  0.5270 Sca: 0.450E-18
 j:  48 T: 0.897E-04 Suc: 39158 Eva:  2315171 CPU:  0.310E+04 SqF: 0.1960
  Rf: 0.15321 Los:0.1592 Dis:0.0931 Per:  0.5273 Sca: 0.448E-18
 j:  49 T: 0.853E-04 Suc: 39158 Eva:  2388237 CPU:  0.318E+04 SqF: 0.1917
  Rf: 0.14927 Los:0.1631 Dis:0.1100 Per:  0.5330 Sca: 0.468E-18
 j:  50 T: 0.810E-04 Suc: 39158 Eva:  2462652 CPU:  0.326E+04 SqF: 0.1741
  Rf: 0.12991 Los:0.1524 Dis:0.0978 Per:  0.5213 Sca: 0.469E-18
 j:  51 T: 0.769E-04 Suc: 39158 Eva:  2538016 CPU:  0.334E+04 SqF: 0.1705
  Rf: 0.12753 Los:0.1559 Dis:0.1201 Per:  0.5187 Sca: 0.466E-18
 j:  52 T: 0.731E-04 Suc: 39158 Eva:  2615802 CPU:  0.342E+04 SqF: 0.1637
  Rf: 0.12034 Los:0.1707 Dis:0.1002 Per:  0.5245 Sca: 0.496E-18
 j:  53 T: 0.694E-04 Suc: 39158 Eva:  2693540 CPU:  0.350E+04 SqF: 0.1598
  Rf: 0.11762 Los:0.1575 Dis:0.1215 Per:  0.5207 Sca: 0.497E-18
 j:  54 T: 0.660E-04 Suc: 39158 Eva:  2771934 CPU:  0.358E+04 SqF: 0.1547
  Rf: 0.11341 Los:0.1563 Dis:0.0955 Per:  0.5207 Sca: 0.497E-18
 j:  55 T: 0.627E-04 Suc: 39158 Eva:  2852111 CPU:  0.366E+04 SqF: 0.1502
  Rf: 0.10902 Los:0.1770 Dis:0.1323 Per:  0.5176 Sca: 0.515E-18
 j:  56 T: 0.595E-04 Suc: 39158 Eva:  2933015 CPU:  0.374E+04 SqF: 0.1425
  Rf: 0.10095 Los:0.1604 Dis:0.1140 Per:  0.5210 Sca: 0.491E-18
 j:  57 T: 0.566E-04 Suc: 39158 Eva:  3015559 CPU:  0.382E+04 SqF: 0.1352
  Rf: 0.09239 Los:0.1835 Dis:0.1669 Per:  0.5128 Sca: 0.540E-18
 j:  58 T: 0.537E-04 Suc: 39158 Eva:  3099610 CPU:  0.390E+04 SqF: 0.1299
  Rf: 0.08804 Los:0.1693 Dis:0.1147 Per:  0.5137 Sca: 0.546E-18
 j:  59 T: 0.510E-04 Suc: 39158 Eva:  3183857 CPU:  0.398E+04 SqF: 0.1253
  Rf: 0.08294 Los:0.1728 Dis:0.1368 Per:  0.5152 Sca: 0.552E-18
 j:  60 T: 0.485E-04 Suc: 39158 Eva:  3269206 CPU:  0.406E+04 SqF: 0.1233
  Rf: 0.08309 Los:0.1701 Dis:0.1234 Per:  0.5101 Sca: 0.557E-18
 j:  61 T: 0.461E-04 Suc: 39158 Eva:  3355359 CPU:  0.414E+04 SqF: 0.1174
  Rf: 0.07536 Los:0.1815 Dis:0.1704 Per:  0.5108 Sca: 0.579E-18
 j:  62 T: 0.438E-04 Suc: 39158 Eva:  3443366 CPU:  0.423E+04 SqF: 0.1150
  Rf: 0.07478 Los:0.1739 Dis:0.1255 Per:  0.5131 Sca: 0.551E-18
 j:  63 T: 0.416E-04 Suc: 39158 Eva:  3531841 CPU:  0.431E+04 SqF: 0.1101
  Rf: 0.06919 Los:0.1876 Dis:0.1616 Per:  0.5041 Sca: 0.611E-18
 j:  64 T: 0.395E-04 Suc: 39158 Eva:  3620451 CPU:  0.439E+04 SqF: 0.1064
  Rf: 0.06620 Los:0.1746 Dis:0.1334 Per:  0.5078 Sca: 0.558E-18
 j:  65 T: 0.375E-04 Suc: 39158 Eva:  3709855 CPU:  0.448E+04 SqF: 0.1015
  Rf: 0.06019 Los:0.1705 Dis:0.1484 Per:  0.5079 Sca: 0.611E-18
 j:  66 T: 0.356E-04 Suc: 39158 Eva:  3799887 CPU:  0.456E+04 SqF: 0.1009
  Rf: 0.06165 Los:0.1740 Dis:0.1523 Per:  0.5059 Sca: 0.602E-18
 j:  67 T: 0.339E-04 Suc: 39158 Eva:  3890999 CPU:  0.464E+04 SqF: 0.0979
  Rf: 0.05811 Los:0.1863 Dis:0.1371 Per:  0.5163 Sca: 0.641E-18
 j:  68 T: 0.322E-04 Suc: 39158 Eva:  3982766 CPU:  0.473E+04 SqF: 0.0938
  Rf: 0.05454 Los:0.1787 Dis:0.1319 Per:  0.5077 Sca: 0.605E-18
 j:  69 T: 0.306E-04 Suc: 39158 Eva:  4075578 CPU:  0.481E+04 SqF: 0.0922
  Rf: 0.05492 Los:0.1723 Dis:0.1105 Per:  0.5051 Sca: 0.588E-18
 j:  70 T: 0.290E-04 Suc: 39158 Eva:  4168460 CPU:  0.490E+04 SqF: 0.0887
  Rf: 0.05155 Los:0.1699 Dis:0.1044 Per:  0.5032 Sca: 0.598E-18
 j:  71 T: 0.276E-04 Suc: 39158 Eva:  4261788 CPU:  0.498E+04 SqF: 0.0867
  Rf: 0.04897 Los:0.1799 Dis:0.1489 Per:  0.5000 Sca: 0.603E-18
 j:  72 T: 0.262E-04 Suc: 39158 Eva:  4355989 CPU:  0.507E+04 SqF: 0.0835
  Rf: 0.04688 Los:0.1756 Dis:0.0947 Per:  0.5037 Sca: 0.648E-18
 j:  73 T: 0.249E-04 Suc: 39158 Eva:  4450783 CPU:  0.515E+04 SqF: 0.0813
  Rf: 0.04373 Los:0.1748 Dis:0.1341 Per:  0.5060 Sca: 0.592E-18
 j:  74 T: 0.236E-04 Suc: 39158 Eva:  4546423 CPU:  0.524E+04 SqF: 0.0789
  Rf: 0.04240 Los:0.1811 Dis:0.1122 Per:  0.4994 Sca: 0.633E-18
 j:  75 T: 0.225E-04 Suc: 39158 Eva:  4642851 CPU:  0.532E+04 SqF: 0.0773
  Rf: 0.04102 Los:0.1777 Dis:0.1217 Per:  0.5039 Sca: 0.633E-18
 j:  76 T: 0.213E-04 Suc: 39158 Eva:  4739275 CPU:  0.541E+04 SqF: 0.0759
  Rf: 0.04088 Los:0.1730 Dis:0.1083 Per:  0.5058 Sca: 0.633E-18
 j:  77 T: 0.203E-04 Suc: 39158 Eva:  4836535 CPU:  0.550E+04 SqF: 0.0732
  Rf: 0.03756 Los:0.1746 Dis:0.1212 Per:  0.5036 Sca: 0.636E-18
 j:  78 T: 0.193E-04 Suc: 39158 Eva:  4934477 CPU:  0.558E+04 SqF: 0.0721
  Rf: 0.03708 Los:0.1822 Dis:0.1187 Per:  0.5061 Sca: 0.614E-18
 j:  79 T: 0.183E-04 Suc: 39158 Eva:  5032644 CPU:  0.567E+04 SqF: 0.0693
  Rf: 0.03438 Los:0.1762 Dis:0.1171 Per:  0.5002 Sca: 0.669E-18
 j:  80 T: 0.174E-04 Suc: 39158 Eva:  5130639 CPU:  0.576E+04 SqF: 0.0682
  Rf: 0.03289 Los:0.1807 Dis:0.1328 Per:  0.5041 Sca: 0.670E-18
 j:  81 T: 0.165E-04 Suc: 39158 Eva:  5229565 CPU:  0.585E+04 SqF: 0.0661
  Rf: 0.03143 Los:0.1647 Dis:0.1353 Per:  0.5008 Sca: 0.621E-18
 j:  82 T: 0.157E-04 Suc: 39158 Eva:  5328481 CPU:  0.593E+04 SqF: 0.0654
  Rf: 0.03292 Los:0.1763 Dis:0.1048 Per:  0.5001 Sca: 0.672E-18
 j:  83 T: 0.149E-04 Suc: 39158 Eva:  5428031 CPU:  0.602E+04 SqF: 0.0636
  Rf: 0.03234 Los:0.1700 Dis:0.0944 Per:  0.4934 Sca: 0.655E-18
 j:  84 T: 0.142E-04 Suc: 39158 Eva:  5527799 CPU:  0.611E+04 SqF: 0.0629
  Rf: 0.03094 Los:0.1795 Dis:0.1139 Per:  0.4986 Sca: 0.683E-18
 j:  85 T: 0.135E-04 Suc: 39158 Eva:  5627532 CPU:  0.620E+04 SqF: 0.0603
  Rf: 0.02868 Los:0.1704 Dis:0.0997 Per:  0.4977 Sca: 0.661E-18
 j:  86 T: 0.128E-04 Suc: 39158 Eva:  5728194 CPU:  0.629E+04 SqF: 0.0589
  Rf: 0.02745 Los:0.1698 Dis:0.0976 Per:  0.4989 Sca: 0.670E-18
 j:  87 T: 0.121E-04 Suc: 39158 Eva:  5829238 CPU:  0.637E+04 SqF: 0.0579
  Rf: 0.02823 Los:0.1727 Dis:0.0737 Per:  0.4974 Sca: 0.670E-18
 j:  88 T: 0.115E-04 Suc: 39158 Eva:  5931591 CPU:  0.646E+04 SqF: 0.0576
  Rf: 0.02833 Los:0.1691 Dis:0.0955 Per:  0.4962 Sca: 0.647E-18
 j:  89 T: 0.110E-04 Suc: 39158 Eva:  6033214 CPU:  0.655E+04 SqF: 0.0558
  Rf: 0.02750 Los:0.1607 Dis:0.0821 Per:  0.4944 Sca: 0.666E-18
 j:  90 T: 0.104E-04 Suc: 39158 Eva:  6136072 CPU:  0.664E+04 SqF: 0.0545
  Rf: 0.02545 Los:0.1659 Dis:0.0931 Per:  0.4949 Sca: 0.672E-18
 j:  91 T: 0.989E-05 Suc: 39158 Eva:  6238762 CPU:  0.673E+04 SqF: 0.0539
  Rf: 0.02718 Los:0.1603 Dis:0.0699 Per:  0.4986 Sca: 0.649E-18
 j:  92 T: 0.939E-05 Suc: 39158 Eva:  6341015 CPU:  0.682E+04 SqF: 0.0524
  Rf: 0.02495 Los:0.1613 Dis:0.0804 Per:  0.4944 Sca: 0.692E-18
 j:  93 T: 0.892E-05 Suc: 39158 Eva:  6444970 CPU:  0.691E+04 SqF: 0.0512
  Rf: 0.02395 Los:0.1601 Dis:0.0759 Per:  0.4987 Sca: 0.669E-18
 j:  94 T: 0.848E-05 Suc: 39158 Eva:  6548267 CPU:  0.700E+04 SqF: 0.0506
  Rf: 0.02444 Los:0.1572 Dis:0.0775 Per:  0.4967 Sca: 0.637E-18
 j:  95 T: 0.805E-05 Suc: 39158 Eva:  6652146 CPU:  0.710E+04 SqF: 0.0495
  Rf: 0.02403 Los:0.1496 Dis:0.0712 Per:  0.4991 Sca: 0.648E-18
 j:  96 T: 0.765E-05 Suc: 39158 Eva:  6757146 CPU:  0.719E+04 SqF: 0.0491
  Rf: 0.02461 Los:0.1616 Dis:0.0599 Per:  0.4950 Sca: 0.664E-18
 j:  97 T: 0.727E-05 Suc: 39158 Eva:  6861734 CPU:  0.728E+04 SqF: 0.0479
  Rf: 0.02256 Los:0.1565 Dis:0.0744 Per:  0.5021 Sca: 0.668E-18
 j:  98 T: 0.691E-05 Suc: 39158 Eva:  6967702 CPU:  0.737E+04 SqF: 0.0463
  Rf: 0.02280 Los:0.1439 Dis:0.0549 Per:  0.4963 Sca: 0.646E-18
 j:  99 T: 0.656E-05 Suc: 39158 Eva:  7072889 CPU:  0.746E+04 SqF: 0.0460
  Rf: 0.02248 Los:0.1492 Dis:0.0591 Per:  0.4988 Sca: 0.635E-18
 j: 100 T: 0.623E-05 Suc: 39158 Eva:  7179321 CPU:  0.756E+04 SqF: 0.0447
  Rf: 0.02179 Los:0.1422 Dis:0.0545 Per:  0.4970 Sca: 0.652E-18
 j: 101 T: 0.592E-05 Suc: 39158 Eva:  7287089 CPU:  0.765E+04 SqF: 0.0443
  Rf: 0.02178 Los:0.1436 Dis:0.0559 Per:  0.5022 Sca: 0.639E-18
 j: 102 T: 0.562E-05 Suc: 39158 Eva:  7394542 CPU:  0.774E+04 SqF: 0.0432
  Rf: 0.02135 Los:0.1439 Dis:0.0466 Per:  0.4961 Sca: 0.655E-18
 j: 103 T: 0.534E-05 Suc: 39158 Eva:  7503378 CPU:  0.784E+04 SqF: 0.0429
  Rf: 0.02090 Los:0.1482 Dis:0.0531 Per:  0.4982 Sca: 0.666E-18
 j: 104 T: 0.508E-05 Suc: 39158 Eva:  7612767 CPU:  0.794E+04 SqF: 0.0419
  Rf: 0.02109 Los:0.1397 Dis:0.0446 Per:  0.4990 Sca: 0.639E-18
 j: 105 T: 0.482E-05 Suc: 39158 Eva:  7720653 CPU:  0.803E+04 SqF: 0.0412
  Rf: 0.01914 Los:0.1501 Dis:0.0522 Per:  0.5000 Sca: 0.696E-18
 j: 106 T: 0.458E-05 Suc: 39158 Eva:  7829214 CPU:  0.812E+04 SqF: 0.0405
  Rf: 0.02075 Los:0.1352 Dis:0.0393 Per:  0.4971 Sca: 0.638E-18
 j: 107 T: 0.435E-05 Suc: 39158 Eva:  7940074 CPU:  0.822E+04 SqF: 0.0397
  Rf: 0.02006 Los:0.1358 Dis:0.0396 Per:  0.4983 Sca: 0.647E-18
 j: 108 T: 0.413E-05 Suc: 39158 Eva:  8050930 CPU:  0.832E+04 SqF: 0.0391
  Rf: 0.02009 Los:0.1352 Dis:0.0352 Per:  0.4973 Sca: 0.651E-18
 j: 109 T: 0.393E-05 Suc: 39158 Eva:  8162904 CPU:  0.842E+04 SqF: 0.0381
  Rf: 0.01907 Los:0.1352 Dis:0.0310 Per:  0.5013 Sca: 0.646E-18
 j: 110 T: 0.373E-05 Suc: 39158 Eva:  8274788 CPU:  0.851E+04 SqF: 0.0374
  Rf: 0.01912 Los:0.1353 Dis:0.0228 Per:  0.4979 Sca: 0.659E-18
 j: 111 T: 0.354E-05 Suc: 39158 Eva:  8386598 CPU:  0.861E+04 SqF: 0.0370
  Rf: 0.01835 Los:0.1336 Dis:0.0338 Per:  0.4986 Sca: 0.627E-18
 j: 112 T: 0.337E-05 Suc: 39158 Eva:  8498625 CPU:  0.871E+04 SqF: 0.0358
  Rf: 0.01772 Los:0.1241 Dis:0.0308 Per:  0.5005 Sca: 0.635E-18
 j: 113 T: 0.320E-05 Suc: 39158 Eva:  8610872 CPU:  0.881E+04 SqF: 0.0352
  Rf: 0.01740 Los:0.1284 Dis:0.0243 Per:  0.5005 Sca: 0.669E-18
 j: 114 T: 0.304E-05 Suc: 39158 Eva:  8722357 CPU:  0.891E+04 SqF: 0.0348
  Rf: 0.01707 Los:0.1298 Dis:0.0256 Per:  0.5000 Sca: 0.671E-18
 j: 115 T: 0.289E-05 Suc: 39158 Eva:  8837197 CPU:  0.901E+04 SqF: 0.0348
  Rf: 0.01777 Los:0.1257 Dis:0.0291 Per:  0.4962 Sca: 0.646E-18
 j: 116 T: 0.274E-05 Suc: 39158 Eva:  8951878 CPU:  0.911E+04 SqF: 0.0337
  Rf: 0.01710 Los:0.1221 Dis:0.0216 Per:  0.4976 Sca: 0.669E-18
 j: 117 T: 0.261E-05 Suc: 39158 Eva:  9067357 CPU:  0.921E+04 SqF: 0.0331
  Rf: 0.01723 Los:0.1204 Dis:0.0165 Per:  0.4970 Sca: 0.630E-18
 j: 118 T: 0.248E-05 Suc: 39158 Eva:  9185727 CPU:  0.931E+04 SqF: 0.0326
  Rf: 0.01683 Los:0.1204 Dis:0.0149 Per:  0.4997 Sca: 0.660E-18
 j: 119 T: 0.235E-05 Suc: 39158 Eva:  9302903 CPU:  0.941E+04 SqF: 0.0323
  Rf: 0.01652 Los:0.1221 Dis:0.0173 Per:  0.5020 Sca: 0.641E-18
 j: 120 T: 0.223E-05 Suc: 39158 Eva:  9422208 CPU:  0.952E+04 SqF: 0.0316
  Rf: 0.01663 Los:0.1156 Dis:0.0132 Per:  0.5048 Sca: 0.625E-18
 j: 121 T: 0.212E-05 Suc: 39158 Eva:  9542482 CPU:  0.962E+04 SqF: 0.0312
  Rf: 0.01687 Los:0.1092 Dis:0.0131 Per:  0.5022 Sca: 0.610E-18
 j: 122 T: 0.202E-05 Suc: 39158 Eva:  9664207 CPU:  0.973E+04 SqF: 0.0306
  Rf: 0.01625 Los:0.1157 Dis:0.0070 Per:  0.5065 Sca: 0.648E-18
 j: 123 T: 0.192E-05 Suc: 39158 Eva:  9787453 CPU:  0.984E+04 SqF: 0.0302
  Rf: 0.01677 Los:0.1074 Dis:0.0083 Per:  0.4973 Sca: 0.638E-18
 j: 124 T: 0.182E-05 Suc: 39158 Eva:  9910600 CPU:  0.995E+04 SqF: 0.0297
  Rf: 0.01674 Los:0.1022 Dis:0.0082 Per:  0.4971 Sca: 0.626E-18
 j: 125 T: 0.173E-05 Suc: 39158 Eva: 10034814 CPU:  0.101E+05 SqF: 0.0293
  Rf: 0.01668 Los:0.1034 Dis:0.0043 Per:  0.4982 Sca: 0.610E-18
 j: 126 T: 0.164E-05 Suc: 39158 Eva: 10160903 CPU:  0.102E+05 SqF: 0.0286
  Rf: 0.01517 Los:0.1067 Dis:0.0069 Per:  0.5021 Sca: 0.621E-18
 j: 127 T: 0.156E-05 Suc: 39158 Eva: 10288156 CPU:  0.103E+05 SqF: 0.0286
  Rf: 0.01517 Los:0.1067 Dis:0.0069 Per:  0.5021 Sca: 0.621E-18
 j: 128 T: 0.148E-05 Suc: 39158 Eva: 10416780 CPU:  0.104E+05 SqF: 0.0278
  Rf: 0.01581 Los:0.0992 Dis:0.0019 Per:  0.4981 Sca: 0.618E-18
 j: 129 T: 0.141E-05 Suc: 39158 Eva: 10545211 CPU:  0.105E+05 SqF: 0.0275
  Rf: 0.01599 Los:0.0937 Dis:0.0031 Per:  0.5001 Sca: 0.624E-18
 j: 130 T: 0.134E-05 Suc: 39158 Eva: 10676187 CPU:  0.106E+05 SqF: 0.0271
  Rf: 0.01488 Los:0.1017 Dis:0.0019 Per:  0.5041 Sca: 0.622E-18
 j: 131 T: 0.127E-05 Suc: 39158 Eva: 10807629 CPU:  0.107E+05 SqF: 0.0266
  Rf: 0.01480 Los:0.0936 Dis:0.0050 Per:  0.5027 Sca: 0.611E-18
 j: 132 T: 0.121E-05 Suc: 39158 Eva: 10940651 CPU:  0.109E+05 SqF: 0.0263
  Rf: 0.01441 Los:0.1002 Dis:0.0006 Per:  0.4997 Sca: 0.643E-18
 j: 133 T: 0.115E-05 Suc: 39158 Eva: 11074030 CPU:  0.110E+05 SqF: 0.0255
  Rf: 0.01405 Los:0.0903 Dis:0.0025 Per:  0.5017 Sca: 0.598E-18
 j: 134 T: 0.109E-05 Suc: 39158 Eva: 11209798 CPU:  0.111E+05 SqF: 0.0254
  Rf: 0.01437 Los:0.0905 Dis:0.0012 Per:  0.5026 Sca: 0.607E-18
 j: 135 T: 0.104E-05 Suc: 39158 Eva: 11345933 CPU:  0.112E+05 SqF: 0.0252
  Rf: 0.01494 Los:0.0837 Dis:0.0024 Per:  0.4998 Sca: 0.589E-18
 j: 136 T: 0.983E-06 Suc: 39158 Eva: 11484760 CPU:  0.113E+05 SqF: 0.0248
  Rf: 0.01434 Los:0.0858 Dis:0.0012 Per:  0.5031 Sca: 0.594E-18
 j: 137 T: 0.934E-06 Suc: 39158 Eva: 11626652 CPU:  0.115E+05 SqF: 0.0243
  Rf: 0.01417 Los:0.0818 Dis:0.0018 Per:  0.5020 Sca: 0.592E-18
 j: 138 T: 0.887E-06 Suc: 39158 Eva: 11770392 CPU:  0.116E+05 SqF: 0.0241
  Rf: 0.01414 Los:0.0814 Dis:0.0000 Per:  0.5063 Sca: 0.584E-18
 j: 139 T: 0.843E-06 Suc: 39158 Eva: 11917087 CPU:  0.117E+05 SqF: 0.0234
  Rf: 0.01359 Los:0.0785 Dis:0.0000 Per:  0.5035 Sca: 0.623E-18
 j: 140 T: 0.801E-06 Suc: 39158 Eva: 12060939 CPU:  0.118E+05 SqF: 0.0232
  Rf: 0.01369 Los:0.0754 Dis:0.0006 Per:  0.5031 Sca: 0.581E-18
 j: 141 T: 0.761E-06 Suc: 39158 Eva: 12211171 CPU:  0.120E+05 SqF: 0.0230
  Rf: 0.01333 Los:0.0794 Dis:0.0000 Per:  0.5013 Sca: 0.594E-18
 j: 142 T: 0.723E-06 Suc: 39158 Eva: 12365584 CPU:  0.121E+05 SqF: 0.0226
  Rf: 0.01279 Los:0.0776 Dis:0.0012 Per:  0.5034 Sca: 0.596E-18
 j: 143 T: 0.687E-06 Suc: 39158 Eva: 12523093 CPU:  0.123E+05 SqF: 0.0223
  Rf: 0.01309 Los:0.0749 Dis:0.0000 Per:  0.5011 Sca: 0.593E-18
 j: 144 T: 0.652E-06 Suc: 39158 Eva: 12685030 CPU:  0.124E+05 SqF: 0.0217
  Rf: 0.01262 Los:0.0713 Dis:0.0000 Per:  0.5016 Sca: 0.582E-18
 j: 145 T: 0.620E-06 Suc: 39158 Eva: 12848277 CPU:  0.125E+05 SqF: 0.0215
  Rf: 0.01266 Los:0.0696 Dis:0.0000 Per:  0.5030 Sca: 0.558E-18
 j: 146 T: 0.589E-06 Suc: 39158 Eva: 13014034 CPU:  0.127E+05 SqF: 0.0212
  Rf: 0.01236 Los:0.0688 Dis:0.0000 Per:  0.5033 Sca: 0.591E-18
 j: 147 T: 0.559E-06 Suc: 39158 Eva: 13183822 CPU:  0.128E+05 SqF: 0.0209
  Rf: 0.01217 Los:0.0675 Dis:0.0006 Per:  0.5026 Sca: 0.561E-18
 j: 148 T: 0.531E-06 Suc: 39158 Eva: 13358079 CPU:  0.130E+05 SqF: 0.0205
  Rf: 0.01219 Los:0.0632 Dis:0.0000 Per:  0.5047 Sca: 0.569E-18
 j: 149 T: 0.505E-06 Suc: 39158 Eva: 13539368 CPU:  0.132E+05 SqF: 0.0202
  Rf: 0.01167 Los:0.0651 Dis:0.0000 Per:  0.5048 Sca: 0.560E-18
 j: 150 T: 0.480E-06 Suc: 39158 Eva: 13723585 CPU:  0.133E+05 SqF: 0.0199
  Rf: 0.01165 Los:0.0631 Dis:0.0000 Per:  0.5060 Sca: 0.569E-18
 j: 151 T: 0.456E-06 Suc: 39158 Eva: 13910809 CPU:  0.135E+05 SqF: 0.0196
  Rf: 0.01110 Los:0.0644 Dis:0.0000 Per:  0.5061 Sca: 0.562E-18
 j: 152 T: 0.433E-06 Suc: 39158 Eva: 14103782 CPU:  0.136E+05 SqF: 0.0193
  Rf: 0.01095 Los:0.0628 Dis:0.0000 Per:  0.5076 Sca: 0.564E-18
 j: 153 T: 0.411E-06 Suc: 39158 Eva: 14302390 CPU:  0.138E+05 SqF: 0.0190
  Rf: 0.01115 Los:0.0577 Dis:0.0000 Per:  0.5073 Sca: 0.554E-18
 j: 154 T: 0.391E-06 Suc: 39158 Eva: 14510707 CPU:  0.140E+05 SqF: 0.0188
  Rf: 0.01112 Los:0.0574 Dis:0.0000 Per:  0.5043 Sca: 0.550E-18
 j: 155 T: 0.371E-06 Suc: 39158 Eva: 14725258 CPU:  0.142E+05 SqF: 0.0186
  Rf: 0.01048 Los:0.0597 Dis:0.0000 Per:  0.5091 Sca: 0.578E-18
 j: 156 T: 0.352E-06 Suc: 39158 Eva: 14948537 CPU:  0.144E+05 SqF: 0.0183
  Rf: 0.01067 Los:0.0554 Dis:0.0000 Per:  0.5081 Sca: 0.555E-18
 j: 157 T: 0.335E-06 Suc: 39158 Eva: 15178479 CPU:  0.146E+05 SqF: 0.0178
  Rf: 0.01022 Los:0.0537 Dis:0.0000 Per:  0.5079 Sca: 0.545E-18
 j: 158 T: 0.318E-06 Suc: 39158 Eva: 15417324 CPU:  0.148E+05 SqF: 0.0176
  Rf: 0.01009 Los:0.0527 Dis:0.0000 Per:  0.5086 Sca: 0.561E-18
 j: 159 T: 0.302E-06 Suc: 39158 Eva: 15668242 CPU:  0.150E+05 SqF: 0.0172
  Rf: 0.00961 Los:0.0523 Dis:0.0000 Per:  0.5072 Sca: 0.561E-18
 j: 160 T: 0.287E-06 Suc: 39158 Eva: 15928919 CPU:  0.152E+05 SqF: 0.0170
  Rf: 0.00915 Los:0.0533 Dis:0.0000 Per:  0.5049 Sca: 0.567E-18
 j: 161 T: 0.273E-06 Suc: 39158 Eva: 16193347 CPU:  0.155E+05 SqF: 0.0166
  Rf: 0.00955 Los:0.0482 Dis:0.0000 Per:  0.5033 Sca: 0.533E-18
 j: 162 T: 0.259E-06 Suc: 39158 Eva: 16473073 CPU:  0.157E+05 SqF: 0.0163
  Rf: 0.00858 Los:0.0508 Dis:0.0000 Per:  0.5075 Sca: 0.570E-18
 j: 163 T: 0.246E-06 Suc: 39158 Eva: 16760118 CPU:  0.160E+05 SqF: 0.0161
  Rf: 0.00829 Los:0.0506 Dis:0.0000 Per:  0.5067 Sca: 0.572E-18
 j: 164 T: 0.234E-06 Suc: 39158 Eva: 17065364 CPU:  0.162E+05 SqF: 0.0159
  Rf: 0.00842 Los:0.0486 Dis:0.0000 Per:  0.5063 Sca: 0.559E-18
 j: 165 T: 0.222E-06 Suc: 39158 Eva: 17380058 CPU:  0.165E+05 SqF: 0.0158
  Rf: 0.00784 Los:0.0517 Dis:0.0000 Per:  0.5084 Sca: 0.559E-18
 j: 166 T: 0.211E-06 Suc: 39158 Eva: 17713126 CPU:  0.168E+05 SqF: 0.0154
  Rf: 0.00773 Los:0.0483 Dis:0.0000 Per:  0.5068 Sca: 0.565E-18
 j: 167 T: 0.201E-06 Suc: 39158 Eva: 18060786 CPU:  0.171E+05 SqF: 0.0152
  Rf: 0.00772 Los:0.0469 Dis:0.0000 Per:  0.5106 Sca: 0.561E-18
 j: 168 T: 0.190E-06 Suc: 39158 Eva: 18427846 CPU:  0.174E+05 SqF: 0.0151
  Rf: 0.00785 Los:0.0455 Dis:0.0000 Per:  0.5061 Sca: 0.555E-18
 j: 169 T: 0.181E-06 Suc: 39158 Eva: 18815947 CPU:  0.178E+05 SqF: 0.0149
  Rf: 0.00756 Los:0.0457 Dis:0.0000 Per:  0.5054 Sca: 0.563E-18
 j: 170 T: 0.172E-06 Suc: 37107 Eva: 19207527 CPU:  0.181E+05 SqF: 0.0147
  Rf: 0.00732 Los:0.0455 Dis:0.0000 Per:  0.5055 Sca: 0.565E-18
 j: 171 T: 0.163E-06 Suc: 35043 Eva: 19599107 CPU:  0.184E+05 SqF: 0.0144
  Rf: 0.00685 Los:0.0455 Dis:0.0000 Per:  0.5061 Sca: 0.580E-18
 j: 172 T: 0.155E-06 Suc: 32991 Eva: 19990687 CPU:  0.188E+05 SqF: 0.0141
  Rf: 0.00683 Los:0.0430 Dis:0.0000 Per:  0.5062 Sca: 0.559E-18
 j: 173 T: 0.147E-06 Suc: 30851 Eva: 20382267 CPU:  0.191E+05 SqF: 0.0140
  Rf: 0.00694 Los:0.0419 Dis:0.0000 Per:  0.5070 Sca: 0.552E-18
 j: 174 T: 0.140E-06 Suc: 28850 Eva: 20773847 CPU:  0.194E+05 SqF: 0.0139
  Rf: 0.00676 Los:0.0417 Dis:0.0000 Per:  0.5071 Sca: 0.559E-18
 j: 175 T: 0.133E-06 Suc: 27013 Eva: 21165427 CPU:  0.198E+05 SqF: 0.0137
  Rf: 0.00627 Los:0.0426 Dis:0.0000 Per:  0.5088 Sca: 0.581E-18
 j: 176 T: 0.126E-06 Suc: 24226 Eva: 21557007 CPU:  0.201E+05 SqF: 0.0133
  Rf: 0.00601 Los:0.0407 Dis:0.0000 Per:  0.5110 Sca: 0.558E-18
 j: 177 T: 0.120E-06 Suc: 23607 Eva: 21948587 CPU:  0.204E+05 SqF: 0.0133
  Rf: 0.00622 Los:0.0400 Dis:0.0000 Per:  0.5106 Sca: 0.563E-18
 j: 178 T: 0.114E-06 Suc: 20981 Eva: 22340167 CPU:  0.208E+05 SqF: 0.0132
  Rf: 0.00588 Los:0.0403 Dis:0.0000 Per:  0.5092 Sca: 0.566E-18
 j: 179 T: 0.108E-06 Suc: 19753 Eva: 22731747 CPU:  0.211E+05 SqF: 0.0130
  Rf: 0.00603 Los:0.0387 Dis:0.0000 Per:  0.5066 Sca: 0.559E-18
 j: 180 T: 0.103E-06 Suc: 18316 Eva: 23123327 CPU:  0.214E+05 SqF: 0.0128
  Rf: 0.00539 Los:0.0400 Dis:0.0000 Per:  0.5095 Sca: 0.586E-18
 j: 181 T: 0.978E-07 Suc: 16936 Eva: 23514907 CPU:  0.218E+05 SqF: 0.0127
  Rf: 0.00534 Los:0.0390 Dis:0.0000 Per:  0.5091 Sca: 0.569E-18
 j: 182 T: 0.929E-07 Suc: 15037 Eva: 23906487 CPU:  0.221E+05 SqF: 0.0125
  Rf: 0.00537 Los:0.0374 Dis:0.0000 Per:  0.5092 Sca: 0.572E-18
 j: 183 T: 0.882E-07 Suc: 14403 Eva: 24298067 CPU:  0.224E+05 SqF: 0.0124
  Rf: 0.00531 Los:0.0372 Dis:0.0000 Per:  0.5095 Sca: 0.570E-18
 j: 184 T: 0.838E-07 Suc: 13973 Eva: 24689647 CPU:  0.227E+05 SqF: 0.0123
  Rf: 0.00486 Los:0.0381 Dis:0.0000 Per:  0.5107 Sca: 0.585E-18
 j: 185 T: 0.796E-07 Suc: 12411 Eva: 25081227 CPU:  0.231E+05 SqF: 0.0122
  Rf: 0.00500 Los:0.0373 Dis:0.0000 Per:  0.5088 Sca: 0.577E-18
 j: 186 T: 0.757E-07 Suc: 11212 Eva: 25472807 CPU:  0.234E+05 SqF: 0.0121
  Rf: 0.00484 Los:0.0375 Dis:0.0000 Per:  0.5096 Sca: 0.592E-18
 j: 187 T: 0.719E-07 Suc: 10337 Eva: 25864387 CPU:  0.237E+05 SqF: 0.0119
  Rf: 0.00495 Los:0.0351 Dis:0.0000 Per:  0.5108 Sca: 0.563E-18
 j: 188 T: 0.683E-07 Suc:  9028 Eva: 26255967 CPU:  0.240E+05 SqF: 0.0118
  Rf: 0.00490 Los:0.0349 Dis:0.0000 Per:  0.5126 Sca: 0.570E-18
 j: 189 T: 0.649E-07 Suc:  8153 Eva: 26647547 CPU:  0.244E+05 SqF: 0.0117
  Rf: 0.00489 Los:0.0343 Dis:0.0000 Per:  0.5118 Sca: 0.571E-18
 j: 190 T: 0.616E-07 Suc:  7235 Eva: 27039127 CPU:  0.247E+05 SqF: 0.0116
  Rf: 0.00434 Los:0.0353 Dis:0.0000 Per:  0.5122 Sca: 0.580E-18
 j: 191 T: 0.585E-07 Suc:  6445 Eva: 27430707 CPU:  0.250E+05 SqF: 0.0115
  Rf: 0.00432 Los:0.0349 Dis:0.0000 Per:  0.5113 Sca: 0.588E-18
 j: 192 T: 0.556E-07 Suc:  5687 Eva: 27822287 CPU:  0.253E+05 SqF: 0.0115
  Rf: 0.00457 Los:0.0340 Dis:0.0000 Per:  0.5111 Sca: 0.571E-18
 j: 193 T: 0.528E-07 Suc:  5503 Eva: 28213867 CPU:  0.256E+05 SqF: 0.0114
  Rf: 0.00424 Los:0.0348 Dis:0.0000 Per:  0.5094 Sca: 0.577E-18
 j: 194 T: 0.502E-07 Suc:  4573 Eva: 28605447 CPU:  0.259E+05 SqF: 0.0113
  Rf: 0.00430 Los:0.0340 Dis:0.0000 Per:  0.5109 Sca: 0.584E-18
 j: 195 T: 0.477E-07 Suc:  4273 Eva: 28997027 CPU:  0.263E+05 SqF: 0.0113
  Rf: 0.00425 Los:0.0339 Dis:0.0000 Per:  0.5117 Sca: 0.582E-18
 j: 196 T: 0.453E-07 Suc:  3728 Eva: 29388607 CPU:  0.266E+05 SqF: 0.0112
  Rf: 0.00412 Los:0.0342 Dis:0.0000 Per:  0.5103 Sca: 0.586E-18
 j: 197 T: 0.430E-07 Suc:  3068 Eva: 29780187 CPU:  0.269E+05 SqF: 0.0112
  Rf: 0.00401 Los:0.0340 Dis:0.0000 Per:  0.5111 Sca: 0.582E-18
 j: 198 T: 0.409E-07 Suc:  2968 Eva: 30171767 CPU:  0.272E+05 SqF: 0.0111
  Rf: 0.00409 Los:0.0336 Dis:0.0000 Per:  0.5109 Sca: 0.573E-18
 j: 199 T: 0.388E-07 Suc:  2418 Eva: 30563347 CPU:  0.275E+05 SqF: 0.0111
  Rf: 0.00386 Los:0.0338 Dis:0.0000 Per:  0.5111 Sca: 0.581E-18
 j: 200 T: 0.369E-07 Suc:  2161 Eva: 30954927 CPU:  0.278E+05 SqF: 0.0111
  Rf: 0.00429 Los:0.0327 Dis:0.0000 Per:  0.5117 Sca: 0.571E-18
 
 Final SQRT(Chi) against raw data ....................... : 2.039
 
     ===== DAMMIN53 finished at   20-Dec-2007   02:26:38
