
           ####    G N O M   ---   Version 4.6                       ####

                                                    16-Apr-2012   10:43:18
           ===    Run No   1   ===
 Run title:  0.010687 352.676000 1.235379


  Number of points omitted at the end:         115
   *******    Input file(s) : 21_F4_3.mccd.dat
           Condition P(rmin) = 0 is used. 
           Condition P(rmax) = 0 is used. 

          Highest ALPHA is found to be   0.4437E+04

  The measure of inconsistency AN1 equals to    0.1163E+01

          Warning: using the chosen range in the real space 
             it is not possible to fit the data set within the
             given error band. 
     Alpha    Discrp  Oscill  Stabil  Sysdev  Positv  Valcen    Total   
  0.4437E+07101.0856  1.7480  0.9871  0.0000  1.0000  0.7292  0.16402
  0.8874E+06 99.9140  1.7466  0.9755  0.0000  1.0000  0.7293  0.16444
  0.1775E+06 94.4941  1.7396  0.9218  0.0000  1.0000  0.7298  0.16645
  0.3549E+05 75.1065  1.7109  0.7307  0.1364  1.0000  0.7316  0.17504
  0.7099E+04 40.6443  1.6505  0.3920  0.0354  1.0000  0.7339  0.19434
  0.1420E+04 15.2286  1.6857  0.1277  0.0707  1.0000  0.7179  0.26232
  0.2840E+03  4.3549  1.8499  0.0712  0.2525  1.0000  0.6765  0.31210
  0.5679E+02  1.2241  1.9578  0.0327  0.5758  1.0000  0.6498  0.35192
  0.1136E+02  0.7123  1.9915  0.0088  0.7071  1.0000  0.6418  0.44343
  0.2272E+01  0.6642  2.0028  0.0034  0.6970  1.0000  0.6399  0.44180
  0.4543E+00  0.6546  2.0143  0.0061  0.7172  1.0000  0.6396  0.43971
  0.9087E-01  0.6453  2.0722  0.0133  0.7374  1.0000  0.6400  0.43117
  0.1817E-01  0.6389  2.2317  0.0190  0.7374  0.9999  0.6412  0.41638
  0.3635E-02  0.6354  2.6668  0.0449  0.7475  0.9997  0.6438  0.38364
  0.7269E-03  0.6313  4.3916  0.1134  0.7424  0.9982  0.6455  0.26743
  0.1454E-03  0.6235 10.9163  0.2805  0.7525  0.9747  0.6121  0.16243
  0.2908E-04  0.6141 19.4561  0.2891  0.7525  0.8956  0.4654  0.00000

          ***  Golden section search to maximize estimate ***
     Alpha    Discrp  Oscill  Stabil  Sysdev  Positv  Valcen    Total   
  0.2100E+02  0.7895  1.9835  0.0149  0.6667  1.0000  0.6437  0.43458
  0.8981E+01  0.6975  1.9938  0.0072  0.7172  1.0000  0.6413  0.44401
  0.7768E+01  0.6906  1.9950  0.0065  0.7172  1.0000  0.6411  0.44395
  0.9824E+01  0.7026  1.9930  0.0078  0.7172  1.0000  0.6415  0.44398
  0.8497E+01  0.6947  1.9943  0.0069  0.7172  1.0000  0.6413  0.44400
  0.9294E+01  0.6994  1.9935  0.0074  0.7172  1.0000  0.6414  0.44400
  0.8793E+01  0.6964  1.9940  0.0071  0.7172  1.0000  0.6413  0.44401
  0.9099E+01  0.6982  1.9937  0.0073  0.7172  1.0000  0.6414  0.44401
  0.8909E+01  0.6971  1.9938  0.0072  0.7172  1.0000  0.6413  0.44401
  0.9026E+01  0.6978  1.9937  0.0073  0.7172  1.0000  0.6414  0.44401
  0.8953E+01  0.6973  1.9938  0.0072  0.7172  1.0000  0.6413  0.44401
  0.8936E+01  0.6972  1.9938  0.0072  0.7172  1.0000  0.6413  0.44401
  0.8953E+01  0.6973  1.9938  0.0072  0.7172  1.0000  0.6413  0.44401



             ####            Final results            ####

 Parameter    DISCRP    OSCILL    STABIL    SYSDEV    POSITV    VALCEN
 Weight        1.000     3.000     3.000     3.000     1.000     1.000
 Sigma         0.300     0.600     0.120     0.120     0.120     0.120
 Ideal         0.700     1.100     0.000     1.000     1.000     0.950
 Current       0.697     1.994     0.007     0.717     1.000     0.641
                - - - - - - - - - - - - - - - - - - - - - - - - - 
 Estimate      1.000     0.109     0.996     0.004     1.000     0.001

  Angular   range    :     from    0.0113   to    0.2529
  Real space range   :     from      0.00   to    245.00

  Highest ALPHA (theor) :   0.444E+07                 JOB = 0
  Current ALPHA         :   0.895E+01   Rg :  0.545E+02   I(0) :   0.418E+03

           Total  estimate : 0.444  which is  A SUSPICIOUS  solution

      S          J EXP       ERROR       J REG       I REG

  0.0000E+00                                      0.4176E+03
  0.6276E-03                                      0.4174E+03
  0.1255E-02                                      0.4169E+03
  0.1883E-02                                      0.4161E+03
  0.2510E-02                                      0.4149E+03
  0.3138E-02                                      0.4135E+03
  0.3766E-02                                      0.4117E+03
  0.4393E-02                                      0.4096E+03
  0.5021E-02                                      0.4072E+03
  0.5648E-02                                      0.4045E+03
  0.6276E-02                                      0.4015E+03
  0.6904E-02                                      0.3983E+03
  0.7531E-02                                      0.3948E+03
  0.8159E-02                                      0.3910E+03
  0.8787E-02                                      0.3870E+03
  0.9414E-02                                      0.3828E+03
  0.1004E-01                                      0.3783E+03
  0.1067E-01                                      0.3737E+03
  0.1130E-01  0.3560E+03  0.4383E+01  0.3688E+03  0.3688E+03
  0.1191E-01  0.3583E+03  0.4382E+01  0.3639E+03  0.3639E+03
  0.1252E-01  0.3631E+03  0.3930E+01  0.3589E+03  0.3589E+03
  0.1313E-01  0.3528E+03  0.4291E+01  0.3538E+03  0.3538E+03
  0.1374E-01  0.3444E+03  0.1911E+01  0.3485E+03  0.3485E+03
  0.1435E-01  0.3442E+03  0.3823E+01  0.3431E+03  0.3431E+03
  0.1496E-01  0.3351E+03  0.2936E+01  0.3376E+03  0.3376E+03
  0.1557E-01  0.3295E+03  0.2149E+01  0.3320E+03  0.3320E+03
  0.1618E-01  0.3289E+03  0.2080E+01  0.3264E+03  0.3264E+03
  0.1679E-01  0.3211E+03  0.2817E+01  0.3207E+03  0.3207E+03
  0.1740E-01  0.3136E+03  0.1808E+01  0.3149E+03  0.3149E+03
  0.1801E-01  0.3094E+03  0.2372E+01  0.3091E+03  0.3091E+03
  0.1862E-01  0.3009E+03  0.1874E+01  0.3033E+03  0.3033E+03
  0.1923E-01  0.3014E+03  0.2184E+01  0.2975E+03  0.2975E+03
  0.1984E-01  0.2942E+03  0.1734E+01  0.2916E+03  0.2916E+03
  0.2045E-01  0.2869E+03  0.1362E+01  0.2858E+03  0.2858E+03
  0.2106E-01  0.2793E+03  0.1394E+01  0.2800E+03  0.2800E+03
  0.2167E-01  0.2742E+03  0.1223E+01  0.2742E+03  0.2742E+03
  0.2228E-01  0.2688E+03  0.1115E+01  0.2684E+03  0.2684E+03
  0.2289E-01  0.2632E+03  0.1187E+01  0.2626E+03  0.2626E+03
  0.2350E-01  0.2582E+03  0.9089E+00  0.2569E+03  0.2569E+03
  0.2411E-01  0.2527E+03  0.1193E+01  0.2513E+03  0.2513E+03
  0.2472E-01  0.2463E+03  0.1164E+01  0.2457E+03  0.2457E+03
  0.2533E-01  0.2400E+03  0.1626E+01  0.2401E+03  0.2401E+03
  0.2594E-01  0.2341E+03  0.1042E+01  0.2347E+03  0.2347E+03
  0.2655E-01  0.2300E+03  0.1428E+01  0.2292E+03  0.2292E+03
  0.2716E-01  0.2232E+03  0.9230E+00  0.2239E+03  0.2239E+03
  0.2777E-01  0.2207E+03  0.8031E+00  0.2186E+03  0.2186E+03
  0.2838E-01  0.2146E+03  0.7173E+00  0.2135E+03  0.2135E+03
  0.2899E-01  0.2074E+03  0.8739E+00  0.2083E+03  0.2083E+03
  0.2960E-01  0.2040E+03  0.7594E+00  0.2033E+03  0.2033E+03
  0.3021E-01  0.1978E+03  0.7382E+00  0.1984E+03  0.1984E+03
  0.3082E-01  0.1934E+03  0.7810E+00  0.1935E+03  0.1935E+03
  0.3143E-01  0.1889E+03  0.7948E+00  0.1888E+03  0.1888E+03
  0.3204E-01  0.1851E+03  0.7381E+00  0.1841E+03  0.1841E+03
  0.3265E-01  0.1803E+03  0.7437E+00  0.1795E+03  0.1795E+03
  0.3326E-01  0.1747E+03  0.6659E+00  0.1750E+03  0.1750E+03
  0.3387E-01  0.1689E+03  0.6851E+00  0.1706E+03  0.1706E+03
  0.3448E-01  0.1672E+03  0.7180E+00  0.1663E+03  0.1663E+03
  0.3509E-01  0.1625E+03  0.7468E+00  0.1620E+03  0.1620E+03
  0.3570E-01  0.1588E+03  0.7253E+00  0.1579E+03  0.1579E+03
  0.3631E-01  0.1546E+03  0.6476E+00  0.1538E+03  0.1538E+03
  0.3692E-01  0.1504E+03  0.6349E+00  0.1499E+03  0.1499E+03
  0.3753E-01  0.1473E+03  0.6307E+00  0.1460E+03  0.1460E+03
  0.3814E-01  0.1415E+03  0.5615E+00  0.1422E+03  0.1422E+03
  0.3875E-01  0.1386E+03  0.6546E+00  0.1385E+03  0.1385E+03
  0.3936E-01  0.1336E+03  0.7544E+00  0.1349E+03  0.1349E+03
  0.3997E-01  0.1313E+03  0.6010E+00  0.1313E+03  0.1313E+03
  0.4058E-01  0.1284E+03  0.7053E+00  0.1279E+03  0.1279E+03
  0.4119E-01  0.1246E+03  0.5456E+00  0.1246E+03  0.1246E+03
  0.4180E-01  0.1208E+03  0.6054E+00  0.1213E+03  0.1213E+03
  0.4241E-01  0.1193E+03  0.5169E+00  0.1181E+03  0.1181E+03
  0.4302E-01  0.1151E+03  0.5791E+00  0.1150E+03  0.1150E+03
  0.4363E-01  0.1131E+03  0.5186E+00  0.1120E+03  0.1120E+03
  0.4424E-01  0.1100E+03  0.4883E+00  0.1090E+03  0.1090E+03
  0.4485E-01  0.1067E+03  0.5470E+00  0.1062E+03  0.1062E+03
  0.4546E-01  0.1032E+03  0.4593E+00  0.1034E+03  0.1034E+03
  0.4607E-01  0.9996E+02  0.4478E+00  0.1007E+03  0.1007E+03
  0.4668E-01  0.9834E+02  0.5050E+00  0.9803E+02  0.9803E+02
  0.4729E-01  0.9568E+02  0.4481E+00  0.9547E+02  0.9547E+02
  0.4790E-01  0.9300E+02  0.4208E+00  0.9299E+02  0.9299E+02
  0.4851E-01  0.9070E+02  0.5488E+00  0.9058E+02  0.9058E+02
  0.4912E-01  0.8922E+02  0.4644E+00  0.8824E+02  0.8824E+02
  0.4973E-01  0.8665E+02  0.5149E+00  0.8597E+02  0.8597E+02
  0.5034E-01  0.8353E+02  0.4152E+00  0.8377E+02  0.8377E+02
  0.5095E-01  0.8227E+02  0.5181E+00  0.8163E+02  0.8163E+02
  0.5156E-01  0.7940E+02  0.3821E+00  0.7956E+02  0.7956E+02
  0.5217E-01  0.7734E+02  0.4340E+00  0.7756E+02  0.7756E+02
  0.5278E-01  0.7523E+02  0.4087E+00  0.7561E+02  0.7561E+02
  0.5339E-01  0.7412E+02  0.4143E+00  0.7372E+02  0.7372E+02
  0.5400E-01  0.7196E+02  0.3904E+00  0.7190E+02  0.7190E+02
  0.5461E-01  0.7058E+02  0.4206E+00  0.7012E+02  0.7012E+02
  0.5522E-01  0.6803E+02  0.3853E+00  0.6841E+02  0.6841E+02
  0.5583E-01  0.6612E+02  0.4147E+00  0.6674E+02  0.6674E+02
  0.5644E-01  0.6475E+02  0.4181E+00  0.6513E+02  0.6513E+02
  0.5705E-01  0.6369E+02  0.3882E+00  0.6356E+02  0.6356E+02
  0.5766E-01  0.6136E+02  0.3789E+00  0.6204E+02  0.6204E+02
  0.5827E-01  0.6022E+02  0.3808E+00  0.6057E+02  0.6057E+02
  0.5888E-01  0.5873E+02  0.3986E+00  0.5914E+02  0.5914E+02
  0.5949E-01  0.5779E+02  0.3839E+00  0.5776E+02  0.5776E+02
  0.6010E-01  0.5603E+02  0.3489E+00  0.5641E+02  0.5641E+02
  0.6071E-01  0.5602E+02  0.3392E+00  0.5510E+02  0.5510E+02
  0.6132E-01  0.5421E+02  0.3678E+00  0.5383E+02  0.5383E+02
  0.6193E-01  0.5312E+02  0.3641E+00  0.5260E+02  0.5260E+02
  0.6254E-01  0.5197E+02  0.3795E+00  0.5140E+02  0.5140E+02
  0.6315E-01  0.5021E+02  0.3693E+00  0.5024E+02  0.5024E+02
  0.6376E-01  0.4953E+02  0.3880E+00  0.4910E+02  0.4910E+02
  0.6437E-01  0.4853E+02  0.3467E+00  0.4800E+02  0.4800E+02
  0.6498E-01  0.4751E+02  0.3624E+00  0.4693E+02  0.4693E+02
  0.6559E-01  0.4587E+02  0.3569E+00  0.4588E+02  0.4588E+02
  0.6620E-01  0.4437E+02  0.3397E+00  0.4486E+02  0.4486E+02
  0.6681E-01  0.4280E+02  0.3805E+00  0.4387E+02  0.4387E+02
  0.6742E-01  0.4308E+02  0.3291E+00  0.4291E+02  0.4291E+02
  0.6803E-01  0.4258E+02  0.3014E+00  0.4197E+02  0.4197E+02
  0.6864E-01  0.4096E+02  0.3466E+00  0.4105E+02  0.4105E+02
  0.6925E-01  0.4012E+02  0.2939E+00  0.4016E+02  0.4016E+02
  0.6986E-01  0.3904E+02  0.3376E+00  0.3928E+02  0.3928E+02
  0.7047E-01  0.3796E+02  0.3412E+00  0.3843E+02  0.3843E+02
  0.7108E-01  0.3700E+02  0.3267E+00  0.3761E+02  0.3761E+02
  0.7169E-01  0.3715E+02  0.3320E+00  0.3680E+02  0.3680E+02
  0.7230E-01  0.3570E+02  0.3115E+00  0.3601E+02  0.3601E+02
  0.7291E-01  0.3546E+02  0.2986E+00  0.3524E+02  0.3524E+02
  0.7352E-01  0.3490E+02  0.2919E+00  0.3449E+02  0.3449E+02
  0.7413E-01  0.3409E+02  0.2878E+00  0.3376E+02  0.3376E+02
  0.7474E-01  0.3252E+02  0.3116E+00  0.3305E+02  0.3305E+02
  0.7535E-01  0.3211E+02  0.3173E+00  0.3236E+02  0.3236E+02
  0.7596E-01  0.3161E+02  0.3330E+00  0.3168E+02  0.3168E+02
  0.7657E-01  0.3048E+02  0.2775E+00  0.3102E+02  0.3102E+02
  0.7718E-01  0.3042E+02  0.2900E+00  0.3038E+02  0.3038E+02
  0.7779E-01  0.2993E+02  0.2743E+00  0.2975E+02  0.2975E+02
  0.7840E-01  0.2938E+02  0.2747E+00  0.2913E+02  0.2913E+02
  0.7901E-01  0.2925E+02  0.2811E+00  0.2854E+02  0.2854E+02
  0.7962E-01  0.2824E+02  0.2833E+00  0.2796E+02  0.2796E+02
  0.8023E-01  0.2779E+02  0.2596E+00  0.2739E+02  0.2739E+02
  0.8084E-01  0.2751E+02  0.2791E+00  0.2684E+02  0.2684E+02
  0.8145E-01  0.2636E+02  0.2916E+00  0.2630E+02  0.2630E+02
  0.8206E-01  0.2560E+02  0.2905E+00  0.2577E+02  0.2577E+02
  0.8267E-01  0.2534E+02  0.2807E+00  0.2526E+02  0.2526E+02
  0.8328E-01  0.2397E+02  0.3206E+00  0.2476E+02  0.2476E+02
  0.8389E-01  0.2357E+02  0.2611E+00  0.2427E+02  0.2427E+02
  0.8450E-01  0.2370E+02  0.2772E+00  0.2379E+02  0.2379E+02
  0.8511E-01  0.2276E+02  0.3044E+00  0.2333E+02  0.2333E+02
  0.8572E-01  0.2268E+02  0.2615E+00  0.2287E+02  0.2287E+02
  0.8633E-01  0.2239E+02  0.2846E+00  0.2243E+02  0.2243E+02
  0.8694E-01  0.2118E+02  0.2697E+00  0.2200E+02  0.2200E+02
  0.8755E-01  0.2152E+02  0.2845E+00  0.2157E+02  0.2157E+02
  0.8816E-01  0.2061E+02  0.2566E+00  0.2116E+02  0.2116E+02
  0.8877E-01  0.2067E+02  0.2518E+00  0.2076E+02  0.2076E+02
  0.8938E-01  0.2048E+02  0.2802E+00  0.2037E+02  0.2037E+02
  0.8999E-01  0.2023E+02  0.2943E+00  0.1998E+02  0.1998E+02
  0.9060E-01  0.2028E+02  0.2835E+00  0.1961E+02  0.1961E+02
  0.9121E-01  0.1952E+02  0.2736E+00  0.1924E+02  0.1924E+02
  0.9182E-01  0.1929E+02  0.2864E+00  0.1888E+02  0.1888E+02
  0.9243E-01  0.1852E+02  0.2695E+00  0.1853E+02  0.1853E+02
  0.9304E-01  0.1874E+02  0.2628E+00  0.1819E+02  0.1819E+02
  0.9365E-01  0.1824E+02  0.2686E+00  0.1785E+02  0.1785E+02
  0.9426E-01  0.1816E+02  0.2666E+00  0.1753E+02  0.1753E+02
  0.9487E-01  0.1750E+02  0.2804E+00  0.1721E+02  0.1721E+02
  0.9548E-01  0.1719E+02  0.2792E+00  0.1689E+02  0.1689E+02
  0.9609E-01  0.1667E+02  0.2827E+00  0.1659E+02  0.1659E+02
  0.9670E-01  0.1609E+02  0.2679E+00  0.1629E+02  0.1629E+02
  0.9731E-01  0.1593E+02  0.2492E+00  0.1600E+02  0.1600E+02
  0.9792E-01  0.1600E+02  0.2598E+00  0.1571E+02  0.1571E+02
  0.9853E-01  0.1528E+02  0.2447E+00  0.1543E+02  0.1543E+02
  0.9914E-01  0.1491E+02  0.2606E+00  0.1516E+02  0.1516E+02
  0.9975E-01  0.1379E+02  0.2474E+00  0.1490E+02  0.1490E+02
  0.1004E+00  0.1420E+02  0.2446E+00  0.1464E+02  0.1464E+02
  0.1010E+00  0.1429E+02  0.2505E+00  0.1438E+02  0.1438E+02
  0.1016E+00  0.1475E+02  0.2444E+00  0.1414E+02  0.1414E+02
  0.1022E+00  0.1370E+02  0.2325E+00  0.1389E+02  0.1389E+02
  0.1028E+00  0.1345E+02  0.2416E+00  0.1366E+02  0.1366E+02
  0.1034E+00  0.1299E+02  0.2297E+00  0.1343E+02  0.1343E+02
  0.1040E+00  0.1258E+02  0.2195E+00  0.1320E+02  0.1320E+02
  0.1046E+00  0.1275E+02  0.2192E+00  0.1298E+02  0.1298E+02
  0.1052E+00  0.1247E+02  0.2037E+00  0.1276E+02  0.1276E+02
  0.1058E+00  0.1221E+02  0.2449E+00  0.1255E+02  0.1255E+02
  0.1065E+00  0.1250E+02  0.2077E+00  0.1234E+02  0.1234E+02
  0.1071E+00  0.1244E+02  0.2218E+00  0.1214E+02  0.1214E+02
  0.1077E+00  0.1242E+02  0.2317E+00  0.1194E+02  0.1194E+02
  0.1083E+00  0.1178E+02  0.2553E+00  0.1175E+02  0.1175E+02
  0.1089E+00  0.1182E+02  0.2235E+00  0.1156E+02  0.1156E+02
  0.1095E+00  0.1162E+02  0.2300E+00  0.1137E+02  0.1137E+02
  0.1101E+00  0.1151E+02  0.2416E+00  0.1119E+02  0.1119E+02
  0.1107E+00  0.1109E+02  0.2321E+00  0.1101E+02  0.1101E+02
  0.1113E+00  0.1123E+02  0.2239E+00  0.1083E+02  0.1083E+02
  0.1119E+00  0.1097E+02  0.2210E+00  0.1066E+02  0.1066E+02
  0.1126E+00  0.1090E+02  0.2286E+00  0.1049E+02  0.1049E+02
  0.1132E+00  0.1010E+02  0.2251E+00  0.1032E+02  0.1032E+02
  0.1138E+00  0.1048E+02  0.2373E+00  0.1015E+02  0.1015E+02
  0.1144E+00  0.9728E+01  0.2138E+00  0.9992E+01  0.9992E+01
  0.1150E+00  0.1003E+02  0.2421E+00  0.9832E+01  0.9832E+01
  0.1156E+00  0.9725E+01  0.2132E+00  0.9675E+01  0.9675E+01
  0.1162E+00  0.8784E+01  0.2085E+00  0.9521E+01  0.9521E+01
  0.1168E+00  0.9063E+01  0.1983E+00  0.9369E+01  0.9369E+01
  0.1174E+00  0.9628E+01  0.2270E+00  0.9220E+01  0.9220E+01
  0.1180E+00  0.8695E+01  0.2065E+00  0.9073E+01  0.9073E+01
  0.1187E+00  0.9023E+01  0.2026E+00  0.8928E+01  0.8928E+01
  0.1193E+00  0.9105E+01  0.2118E+00  0.8786E+01  0.8786E+01
  0.1199E+00  0.8572E+01  0.1969E+00  0.8647E+01  0.8647E+01
  0.1205E+00  0.8513E+01  0.2037E+00  0.8509E+01  0.8509E+01
  0.1211E+00  0.8083E+01  0.2284E+00  0.8375E+01  0.8375E+01
  0.1217E+00  0.8285E+01  0.2182E+00  0.8243E+01  0.8243E+01
  0.1223E+00  0.7826E+01  0.2278E+00  0.8113E+01  0.8113E+01
  0.1229E+00  0.7474E+01  0.2235E+00  0.7986E+01  0.7986E+01
  0.1235E+00  0.7822E+01  0.2013E+00  0.7862E+01  0.7862E+01
  0.1241E+00  0.7607E+01  0.2276E+00  0.7740E+01  0.7740E+01
  0.1248E+00  0.7612E+01  0.1992E+00  0.7621E+01  0.7621E+01
  0.1254E+00  0.7531E+01  0.2117E+00  0.7505E+01  0.7505E+01
  0.1260E+00  0.7562E+01  0.2097E+00  0.7391E+01  0.7391E+01
  0.1266E+00  0.7364E+01  0.2118E+00  0.7280E+01  0.7280E+01
  0.1272E+00  0.7400E+01  0.2008E+00  0.7171E+01  0.7171E+01
  0.1278E+00  0.7076E+01  0.2208E+00  0.7065E+01  0.7065E+01
  0.1284E+00  0.6956E+01  0.2161E+00  0.6962E+01  0.6962E+01
  0.1290E+00  0.6727E+01  0.1997E+00  0.6862E+01  0.6862E+01
  0.1296E+00  0.6849E+01  0.2039E+00  0.6764E+01  0.6764E+01
  0.1302E+00  0.6391E+01  0.2090E+00  0.6668E+01  0.6668E+01
  0.1309E+00  0.6434E+01  0.1998E+00  0.6574E+01  0.6574E+01
  0.1315E+00  0.6588E+01  0.2014E+00  0.6484E+01  0.6484E+01
  0.1321E+00  0.6548E+01  0.2085E+00  0.6396E+01  0.6396E+01
  0.1327E+00  0.6140E+01  0.2099E+00  0.6309E+01  0.6309E+01
  0.1333E+00  0.6488E+01  0.2287E+00  0.6225E+01  0.6225E+01
  0.1339E+00  0.5893E+01  0.2010E+00  0.6142E+01  0.6142E+01
  0.1345E+00  0.6153E+01  0.2037E+00  0.6062E+01  0.6062E+01
  0.1351E+00  0.6520E+01  0.2123E+00  0.5983E+01  0.5983E+01
  0.1357E+00  0.6202E+01  0.2067E+00  0.5906E+01  0.5906E+01
  0.1363E+00  0.6025E+01  0.1871E+00  0.5830E+01  0.5830E+01
  0.1370E+00  0.5297E+01  0.2028E+00  0.5756E+01  0.5756E+01
  0.1376E+00  0.5438E+01  0.1965E+00  0.5683E+01  0.5683E+01
  0.1382E+00  0.5340E+01  0.1969E+00  0.5612E+01  0.5612E+01
  0.1388E+00  0.4950E+01  0.2038E+00  0.5541E+01  0.5541E+01
  0.1394E+00  0.5282E+01  0.2071E+00  0.5472E+01  0.5472E+01
  0.1400E+00  0.4852E+01  0.2093E+00  0.5403E+01  0.5403E+01
  0.1406E+00  0.5283E+01  0.2187E+00  0.5335E+01  0.5335E+01
  0.1412E+00  0.4909E+01  0.2101E+00  0.5269E+01  0.5269E+01
  0.1418E+00  0.5497E+01  0.2351E+00  0.5202E+01  0.5202E+01
  0.1424E+00  0.5360E+01  0.2178E+00  0.5136E+01  0.5136E+01
  0.1431E+00  0.5508E+01  0.2043E+00  0.5072E+01  0.5072E+01
  0.1437E+00  0.5242E+01  0.2070E+00  0.5007E+01  0.5007E+01
  0.1443E+00  0.5268E+01  0.2233E+00  0.4943E+01  0.4943E+01
  0.1449E+00  0.4909E+01  0.2143E+00  0.4880E+01  0.4880E+01
  0.1455E+00  0.4994E+01  0.2120E+00  0.4817E+01  0.4817E+01
  0.1461E+00  0.4790E+01  0.2109E+00  0.4755E+01  0.4755E+01
  0.1467E+00  0.4970E+01  0.1812E+00  0.4693E+01  0.4693E+01
  0.1473E+00  0.4428E+01  0.1978E+00  0.4632E+01  0.4632E+01
  0.1479E+00  0.4541E+01  0.1901E+00  0.4571E+01  0.4571E+01
  0.1485E+00  0.4989E+01  0.1896E+00  0.4511E+01  0.4511E+01
  0.1492E+00  0.4977E+01  0.1870E+00  0.4451E+01  0.4451E+01
  0.1498E+00  0.4933E+01  0.1947E+00  0.4393E+01  0.4393E+01
  0.1504E+00  0.4506E+01  0.1856E+00  0.4334E+01  0.4334E+01
  0.1510E+00  0.4332E+01  0.1811E+00  0.4277E+01  0.4277E+01
  0.1516E+00  0.4139E+01  0.1826E+00  0.4220E+01  0.4220E+01
  0.1522E+00  0.3467E+01  0.1856E+00  0.4165E+01  0.4165E+01
  0.1528E+00  0.3918E+01  0.1919E+00  0.4109E+01  0.4109E+01
  0.1534E+00  0.3594E+01  0.1785E+00  0.4055E+01  0.4055E+01
  0.1540E+00  0.3284E+01  0.1875E+00  0.4002E+01  0.4002E+01
  0.1546E+00  0.3340E+01  0.1797E+00  0.3950E+01  0.3950E+01
  0.1553E+00  0.3787E+01  0.1708E+00  0.3898E+01  0.3898E+01
  0.1559E+00  0.3838E+01  0.1774E+00  0.3848E+01  0.3848E+01
  0.1565E+00  0.3903E+01  0.1800E+00  0.3798E+01  0.3798E+01
  0.1571E+00  0.3675E+01  0.1797E+00  0.3749E+01  0.3749E+01
  0.1577E+00  0.3522E+01  0.1768E+00  0.3702E+01  0.3702E+01
  0.1583E+00  0.4061E+01  0.1603E+00  0.3655E+01  0.3655E+01
  0.1589E+00  0.3882E+01  0.1823E+00  0.3609E+01  0.3609E+01
  0.1595E+00  0.3751E+01  0.1651E+00  0.3564E+01  0.3564E+01
  0.1601E+00  0.3747E+01  0.1731E+00  0.3520E+01  0.3520E+01
  0.1607E+00  0.3327E+01  0.1795E+00  0.3476E+01  0.3476E+01
  0.1614E+00  0.3375E+01  0.1796E+00  0.3434E+01  0.3434E+01
  0.1620E+00  0.3424E+01  0.1753E+00  0.3392E+01  0.3392E+01
  0.1626E+00  0.3251E+01  0.1726E+00  0.3351E+01  0.3351E+01
  0.1632E+00  0.3527E+01  0.1735E+00  0.3310E+01  0.3310E+01
  0.1638E+00  0.3279E+01  0.1779E+00  0.3271E+01  0.3271E+01
  0.1644E+00  0.3342E+01  0.1783E+00  0.3232E+01  0.3232E+01
  0.1650E+00  0.3127E+01  0.1729E+00  0.3193E+01  0.3193E+01
  0.1656E+00  0.2866E+01  0.1725E+00  0.3155E+01  0.3155E+01
  0.1662E+00  0.3380E+01  0.1707E+00  0.3117E+01  0.3117E+01
  0.1668E+00  0.2935E+01  0.1707E+00  0.3080E+01  0.3080E+01
  0.1675E+00  0.2838E+01  0.1580E+00  0.3043E+01  0.3043E+01
  0.1681E+00  0.3365E+01  0.1797E+00  0.3007E+01  0.3007E+01
  0.1687E+00  0.3024E+01  0.1630E+00  0.2971E+01  0.2971E+01
  0.1693E+00  0.3031E+01  0.1705E+00  0.2936E+01  0.2936E+01
  0.1699E+00  0.3210E+01  0.1766E+00  0.2900E+01  0.2900E+01
  0.1705E+00  0.3052E+01  0.1690E+00  0.2865E+01  0.2865E+01
  0.1711E+00  0.2731E+01  0.1730E+00  0.2830E+01  0.2830E+01
  0.1717E+00  0.3134E+01  0.1669E+00  0.2796E+01  0.2796E+01
  0.1723E+00  0.2513E+01  0.1642E+00  0.2762E+01  0.2762E+01
  0.1729E+00  0.2187E+01  0.1625E+00  0.2728E+01  0.2728E+01
  0.1736E+00  0.2327E+01  0.1692E+00  0.2695E+01  0.2695E+01
  0.1742E+00  0.2969E+01  0.1760E+00  0.2662E+01  0.2662E+01
  0.1748E+00  0.2499E+01  0.1844E+00  0.2630E+01  0.2630E+01
  0.1754E+00  0.2571E+01  0.1794E+00  0.2598E+01  0.2598E+01
  0.1760E+00  0.2590E+01  0.1771E+00  0.2566E+01  0.2566E+01
  0.1766E+00  0.2831E+01  0.1698E+00  0.2534E+01  0.2534E+01
  0.1772E+00  0.2438E+01  0.1775E+00  0.2504E+01  0.2504E+01
  0.1778E+00  0.2243E+01  0.1641E+00  0.2473E+01  0.2473E+01
  0.1784E+00  0.2158E+01  0.1774E+00  0.2443E+01  0.2443E+01
  0.1790E+00  0.2039E+01  0.1861E+00  0.2414E+01  0.2414E+01
  0.1797E+00  0.2206E+01  0.1622E+00  0.2385E+01  0.2385E+01
  0.1803E+00  0.2064E+01  0.1572E+00  0.2357E+01  0.2357E+01
  0.1809E+00  0.2436E+01  0.1793E+00  0.2329E+01  0.2329E+01
  0.1815E+00  0.2301E+01  0.1831E+00  0.2303E+01  0.2303E+01
  0.1821E+00  0.2463E+01  0.1758E+00  0.2275E+01  0.2275E+01
  0.1827E+00  0.2498E+01  0.1601E+00  0.2250E+01  0.2250E+01
  0.1833E+00  0.2753E+01  0.1593E+00  0.2224E+01  0.2224E+01
  0.1839E+00  0.2212E+01  0.1676E+00  0.2200E+01  0.2200E+01
  0.1845E+00  0.2092E+01  0.2116E+00  0.2175E+01  0.2175E+01
  0.1851E+00  0.2258E+01  0.1934E+00  0.2152E+01  0.2152E+01
  0.1858E+00  0.2149E+01  0.1564E+00  0.2128E+01  0.2128E+01
  0.1864E+00  0.2018E+01  0.1726E+00  0.2106E+01  0.2106E+01
  0.1870E+00  0.2062E+01  0.1592E+00  0.2083E+01  0.2083E+01
  0.1876E+00  0.1856E+01  0.1767E+00  0.2062E+01  0.2062E+01
  0.1882E+00  0.1996E+01  0.1642E+00  0.2040E+01  0.2040E+01
  0.1888E+00  0.1864E+01  0.1604E+00  0.2019E+01  0.2019E+01
  0.1894E+00  0.1891E+01  0.1853E+00  0.1999E+01  0.1999E+01
  0.1900E+00  0.1945E+01  0.1046E+00  0.1979E+01  0.1979E+01
  0.1906E+00  0.1725E+01  0.5227E+00  0.1959E+01  0.1959E+01
  0.1912E+00  0.1679E+01  0.3028E+00  0.1939E+01  0.1939E+01
  0.1919E+00  0.1914E+01  0.1713E+00  0.1920E+01  0.1920E+01
  0.1925E+00  0.1962E+01  0.2397E+00  0.1901E+01  0.1901E+01
  0.1931E+00  0.2289E+01  0.1761E+00  0.1881E+01  0.1881E+01
  0.1937E+00  0.2055E+01  0.1558E+00  0.1863E+01  0.1863E+01
  0.1943E+00  0.1746E+01  0.1580E+00  0.1844E+01  0.1844E+01
  0.1949E+00  0.1951E+01  0.1529E+00  0.1826E+01  0.1826E+01
  0.1955E+00  0.1795E+01  0.1664E+00  0.1807E+01  0.1807E+01
  0.1961E+00  0.1654E+01  0.1581E+00  0.1789E+01  0.1789E+01
  0.1967E+00  0.1776E+01  0.1674E+00  0.1771E+01  0.1771E+01
  0.1973E+00  0.1753E+01  0.1563E+00  0.1752E+01  0.1752E+01
  0.1980E+00  0.1650E+01  0.1578E+00  0.1734E+01  0.1734E+01
  0.1986E+00  0.1710E+01  0.1656E+00  0.1716E+01  0.1716E+01
  0.1992E+00  0.1392E+01  0.1623E+00  0.1699E+01  0.1699E+01
  0.1998E+00  0.1296E+01  0.1552E+00  0.1681E+01  0.1681E+01
  0.2004E+00  0.1572E+01  0.1565E+00  0.1663E+01  0.1663E+01
  0.2010E+00  0.1664E+01  0.1556E+00  0.1646E+01  0.1646E+01
  0.2016E+00  0.1777E+01  0.1471E+00  0.1629E+01  0.1629E+01
  0.2022E+00  0.1818E+01  0.1523E+00  0.1611E+01  0.1611E+01
  0.2028E+00  0.1841E+01  0.1487E+00  0.1594E+01  0.1594E+01
  0.2034E+00  0.1529E+01  0.1515E+00  0.1577E+01  0.1577E+01
  0.2041E+00  0.1518E+01  0.1497E+00  0.1561E+01  0.1561E+01
  0.2047E+00  0.1458E+01  0.1517E+00  0.1544E+01  0.1544E+01
  0.2053E+00  0.1682E+01  0.1485E+00  0.1528E+01  0.1528E+01
  0.2059E+00  0.1388E+01  0.1515E+00  0.1512E+01  0.1512E+01
  0.2065E+00  0.1164E+01  0.1523E+00  0.1496E+01  0.1496E+01
  0.2071E+00  0.1420E+01  0.1486E+00  0.1481E+01  0.1481E+01
  0.2077E+00  0.1519E+01  0.1480E+00  0.1465E+01  0.1465E+01
  0.2083E+00  0.1777E+01  0.1555E+00  0.1450E+01  0.1450E+01
  0.2089E+00  0.1578E+01  0.1473E+00  0.1436E+01  0.1436E+01
  0.2095E+00  0.1808E+01  0.1526E+00  0.1421E+01  0.1421E+01
  0.2102E+00  0.1309E+01  0.1527E+00  0.1407E+01  0.1407E+01
  0.2108E+00  0.1327E+01  0.1485E+00  0.1393E+01  0.1393E+01
  0.2114E+00  0.1332E+01  0.1555E+00  0.1379E+01  0.1379E+01
  0.2120E+00  0.1236E+01  0.1497E+00  0.1366E+01  0.1366E+01
  0.2126E+00  0.1372E+01  0.1492E+00  0.1353E+01  0.1353E+01
  0.2132E+00  0.1146E+01  0.1519E+00  0.1341E+01  0.1341E+01
  0.2138E+00  0.1326E+01  0.1468E+00  0.1327E+01  0.1327E+01
  0.2144E+00  0.1340E+01  0.1385E+00  0.1315E+01  0.1315E+01
  0.2150E+00  0.1316E+01  0.1536E+00  0.1303E+01  0.1303E+01
  0.2156E+00  0.1385E+01  0.1488E+00  0.1291E+01  0.1291E+01
  0.2163E+00  0.1193E+01  0.1554E+00  0.1279E+01  0.1279E+01
  0.2169E+00  0.1328E+01  0.1589E+00  0.1267E+01  0.1267E+01
  0.2175E+00  0.1263E+01  0.1557E+00  0.1256E+01  0.1256E+01
  0.2181E+00  0.6752E+00  0.1449E+00  0.1245E+01  0.1245E+01
  0.2187E+00  0.1107E+01  0.1489E+00  0.1234E+01  0.1234E+01
  0.2193E+00  0.1099E+01  0.1437E+00  0.1223E+01  0.1223E+01
  0.2199E+00  0.1054E+01  0.1469E+00  0.1212E+01  0.1212E+01
  0.2205E+00  0.1340E+01  0.1567E+00  0.1201E+01  0.1201E+01
  0.2211E+00  0.1326E+01  0.1493E+00  0.1190E+01  0.1190E+01
  0.2217E+00  0.1309E+01  0.1518E+00  0.1180E+01  0.1180E+01
  0.2224E+00  0.1193E+01  0.1517E+00  0.1170E+01  0.1170E+01
  0.2230E+00  0.1173E+01  0.1504E+00  0.1160E+01  0.1160E+01
  0.2236E+00  0.1247E+01  0.1438E+00  0.1150E+01  0.1150E+01
  0.2242E+00  0.7378E+00  0.1511E+00  0.1140E+01  0.1140E+01
  0.2248E+00  0.8439E+00  0.1441E+00  0.1131E+01  0.1131E+01
  0.2254E+00  0.1065E+01  0.1434E+00  0.1121E+01  0.1121E+01
  0.2260E+00  0.9354E+00  0.1471E+00  0.1112E+01  0.1112E+01
  0.2266E+00  0.1384E+01  0.1479E+00  0.1104E+01  0.1104E+01
  0.2272E+00  0.1446E+01  0.1413E+00  0.1095E+01  0.1095E+01
  0.2278E+00  0.1285E+01  0.1451E+00  0.1087E+01  0.1087E+01
  0.2285E+00  0.1172E+01  0.1429E+00  0.1079E+01  0.1079E+01
  0.2291E+00  0.1227E+01  0.1354E+00  0.1071E+01  0.1071E+01
  0.2297E+00  0.1007E+01  0.1422E+00  0.1064E+01  0.1064E+01
  0.2303E+00  0.8685E+00  0.1363E+00  0.1057E+01  0.1057E+01
  0.2309E+00  0.8659E+00  0.1464E+00  0.1051E+01  0.1051E+01
  0.2315E+00  0.8658E+00  0.1463E+00  0.1044E+01  0.1044E+01
  0.2321E+00  0.8747E+00  0.1446E+00  0.1039E+01  0.1039E+01
  0.2327E+00  0.9484E+00  0.1454E+00  0.1033E+01  0.1033E+01
  0.2333E+00  0.1063E+01  0.1438E+00  0.1028E+01  0.1028E+01
  0.2339E+00  0.1010E+01  0.1330E+00  0.1023E+01  0.1023E+01
  0.2346E+00  0.8331E+00  0.1462E+00  0.1019E+01  0.1019E+01
  0.2352E+00  0.4967E+00  0.1460E+00  0.1015E+01  0.1015E+01
  0.2358E+00  0.1065E+01  0.1381E+00  0.1011E+01  0.1011E+01
  0.2364E+00  0.8578E+00  0.1400E+00  0.1008E+01  0.1008E+01
  0.2370E+00  0.7686E+00  0.1406E+00  0.1005E+01  0.1005E+01
  0.2376E+00  0.8908E+00  0.1390E+00  0.1002E+01  0.1002E+01
  0.2382E+00  0.6268E+00  0.1463E+00  0.9994E+00  0.9994E+00
  0.2388E+00  0.7059E+00  0.1421E+00  0.9969E+00  0.9969E+00
  0.2394E+00  0.9131E+00  0.1342E+00  0.9948E+00  0.9948E+00
  0.2400E+00  0.1108E+01  0.1390E+00  0.9928E+00  0.9928E+00
  0.2407E+00  0.1068E+01  0.1384E+00  0.9909E+00  0.9909E+00
  0.2413E+00  0.1139E+01  0.1323E+00  0.9891E+00  0.9891E+00
  0.2419E+00  0.1165E+01  0.1298E+00  0.9876E+00  0.9876E+00
  0.2425E+00  0.9385E+00  0.1425E+00  0.9857E+00  0.9857E+00
  0.2431E+00  0.7891E+00  0.1345E+00  0.9840E+00  0.9840E+00
  0.2437E+00  0.1009E+01  0.1392E+00  0.9829E+00  0.9829E+00
  0.2443E+00  0.1157E+01  0.1341E+00  0.9806E+00  0.9806E+00
  0.2449E+00  0.1201E+01  0.1376E+00  0.9787E+00  0.9787E+00
  0.2455E+00  0.1164E+01  0.1438E+00  0.9767E+00  0.9767E+00
  0.2461E+00  0.1005E+01  0.1458E+00  0.9746E+00  0.9746E+00
  0.2468E+00  0.1171E+01  0.1442E+00  0.9723E+00  0.9723E+00
  0.2474E+00  0.1146E+01  0.1415E+00  0.9698E+00  0.9698E+00
  0.2480E+00  0.1133E+01  0.1469E+00  0.9671E+00  0.9671E+00
  0.2486E+00  0.1034E+01  0.1339E+00  0.9643E+00  0.9643E+00
  0.2492E+00  0.1162E+01  0.1370E+00  0.9612E+00  0.9612E+00
  0.2498E+00  0.1329E+01  0.1412E+00  0.9579E+00  0.9579E+00
  0.2504E+00  0.8487E+00  0.1301E+00  0.9544E+00  0.9544E+00
  0.2510E+00  0.9060E+00  0.1357E+00  0.9507E+00  0.9507E+00
  0.2516E+00  0.9278E+00  0.1351E+00  0.9467E+00  0.9467E+00
  0.2522E+00  0.8025E+00  0.1321E+00  0.9428E+00  0.9428E+00
  0.2529E+00  0.8382E+00  0.1359E+00  0.9382E+00  0.9382E+00

           Distance distribution  function of particle  


       R          P(R)      ERROR

  0.0000E+00  0.0000E+00  0.0000E+00
  0.2450E+01  0.1606E-01  0.1784E-03
  0.4900E+01  0.3985E-01  0.1828E-03
  0.7350E+01  0.7023E-01  0.9455E-04
  0.9800E+01  0.1055E+00  0.1431E-03
  0.1225E+02  0.1436E+00  0.2571E-03
  0.1470E+02  0.1822E+00  0.3021E-03
  0.1715E+02  0.2195E+00  0.2702E-03
  0.1960E+02  0.2538E+00  0.2274E-03
  0.2205E+02  0.2839E+00  0.2732E-03
  0.2450E+02  0.3094E+00  0.3638E-03
  0.2695E+02  0.3303E+00  0.4128E-03
  0.2940E+02  0.3469E+00  0.3994E-03
  0.3185E+02  0.3600E+00  0.3638E-03
  0.3430E+02  0.3703E+00  0.3777E-03
  0.3675E+02  0.3783E+00  0.4463E-03
  0.3920E+02  0.3844E+00  0.5076E-03
  0.4165E+02  0.3888E+00  0.5264E-03
  0.4410E+02  0.3911E+00  0.5175E-03
  0.4655E+02  0.3914E+00  0.5212E-03
  0.4900E+02  0.3893E+00  0.5511E-03
  0.5145E+02  0.3849E+00  0.5758E-03
  0.5390E+02  0.3783E+00  0.5661E-03
  0.5635E+02  0.3699E+00  0.5347E-03
  0.5880E+02  0.3602E+00  0.5324E-03
  0.6125E+02  0.3498E+00  0.5875E-03
  0.6370E+02  0.3391E+00  0.6617E-03
  0.6615E+02  0.3284E+00  0.7071E-03
  0.6860E+02  0.3178E+00  0.7185E-03
  0.7105E+02  0.3073E+00  0.7366E-03
  0.7350E+02  0.2965E+00  0.8051E-03
  0.7595E+02  0.2854E+00  0.9140E-03
  0.7840E+02  0.2738E+00  0.1012E-02
  0.8085E+02  0.2617E+00  0.1055E-02
  0.8330E+02  0.2493E+00  0.1036E-02
  0.8575E+02  0.2368E+00  0.9767E-03
  0.8820E+02  0.2246E+00  0.9162E-03
  0.9065E+02  0.2128E+00  0.8842E-03
  0.9310E+02  0.2017E+00  0.8846E-03
  0.9555E+02  0.1912E+00  0.9029E-03
  0.9800E+02  0.1810E+00  0.9260E-03
  0.1005E+03  0.1711E+00  0.9485E-03
  0.1029E+03  0.1611E+00  0.9690E-03
  0.1054E+03  0.1511E+00  0.9881E-03
  0.1078E+03  0.1410E+00  0.1009E-02
  0.1103E+03  0.1310E+00  0.1034E-02
  0.1127E+03  0.1215E+00  0.1064E-02
  0.1152E+03  0.1127E+00  0.1094E-02
  0.1176E+03  0.1048E+00  0.1120E-02
  0.1201E+03  0.9779E-01  0.1149E-02
  0.1225E+03  0.9158E-01  0.1191E-02
  0.1250E+03  0.8594E-01  0.1249E-02
  0.1274E+03  0.8056E-01  0.1314E-02
  0.1299E+03  0.7520E-01  0.1369E-02
  0.1323E+03  0.6969E-01  0.1402E-02
  0.1348E+03  0.6404E-01  0.1408E-02
  0.1372E+03  0.5839E-01  0.1392E-02
  0.1397E+03  0.5294E-01  0.1363E-02
  0.1421E+03  0.4795E-01  0.1334E-02
  0.1446E+03  0.4358E-01  0.1321E-02
  0.1470E+03  0.3989E-01  0.1339E-02
  0.1495E+03  0.3684E-01  0.1389E-02
  0.1519E+03  0.3425E-01  0.1458E-02
  0.1544E+03  0.3194E-01  0.1523E-02
  0.1568E+03  0.2972E-01  0.1569E-02
  0.1592E+03  0.2752E-01  0.1592E-02
  0.1617E+03  0.2534E-01  0.1601E-02
  0.1642E+03  0.2330E-01  0.1604E-02
  0.1666E+03  0.2152E-01  0.1603E-02
  0.1691E+03  0.2013E-01  0.1592E-02
  0.1715E+03  0.1919E-01  0.1565E-02
  0.1740E+03  0.1865E-01  0.1524E-02
  0.1764E+03  0.1836E-01  0.1479E-02
  0.1789E+03  0.1812E-01  0.1445E-02
  0.1813E+03  0.1776E-01  0.1429E-02
  0.1838E+03  0.1714E-01  0.1430E-02
  0.1862E+03  0.1621E-01  0.1443E-02
  0.1887E+03  0.1505E-01  0.1461E-02
  0.1911E+03  0.1378E-01  0.1477E-02
  0.1936E+03  0.1255E-01  0.1493E-02
  0.1960E+03  0.1150E-01  0.1513E-02
  0.1985E+03  0.1068E-01  0.1544E-02
  0.2009E+03  0.1007E-01  0.1593E-02
  0.2034E+03  0.9581E-02  0.1654E-02
  0.2058E+03  0.9111E-02  0.1713E-02
  0.2083E+03  0.8572E-02  0.1752E-02
  0.2107E+03  0.7938E-02  0.1757E-02
  0.2132E+03  0.7252E-02  0.1727E-02
  0.2156E+03  0.6614E-02  0.1672E-02
  0.2181E+03  0.6139E-02  0.1611E-02
  0.2205E+03  0.5912E-02  0.1562E-02
  0.2230E+03  0.5940E-02  0.1533E-02
  0.2254E+03  0.6147E-02  0.1516E-02
  0.2279E+03  0.6377E-02  0.1502E-02
  0.2303E+03  0.6441E-02  0.1476E-02
  0.2328E+03  0.6171E-02  0.1426E-02
  0.2352E+03  0.5470E-02  0.1336E-02
  0.2377E+03  0.4349E-02  0.1180E-02
  0.2401E+03  0.2927E-02  0.9249E-03
  0.2426E+03  0.1401E-02  0.5394E-03
  0.2450E+03  0.0000E+00  0.0000E+00
          Reciprocal space: Rg =   54.48     , I(0) =   0.4175E+03
     Real space: Rg =   54.89 +- 0.492  I(0) =   0.4176E+03 +-  0.1922E+01
