
           ####    G N O M   ---   Version 4.6                       ####

                                                    16-Apr-2012   10:34:53
           ===    Run No   1   ===
 Run title:  0.010687 352.676000 1.235379


  Number of points omitted at the end:         115
   *******    Input file(s) : 21_F4_3.mccd.dat
           Condition P(rmin) = 0 is used. 
           Condition P(rmax) = 0 is used. 

          Highest ALPHA is found to be   0.3535E+04

  The measure of inconsistency AN1 equals to    0.1145E+01

          Warning: using the chosen range in the real space 
             it is not possible to fit the data set within the
             given error band. 
     Alpha    Discrp  Oscill  Stabil  Sysdev  Positv  Valcen    Total   
  0.3535E+07100.7801  1.5258  0.9842  0.0000  1.0000  0.7750  0.24435
  0.7070E+06 98.4465  1.5229  0.9612  0.0000  1.0000  0.7754  0.24550
  0.1414E+06 88.4260  1.5093  0.8629  0.0202  1.0000  0.7775  0.25088
  0.2828E+05 60.4901  1.4618  0.5927  0.0354  1.0000  0.7853  0.26978
  0.5656E+04 27.3771  1.4034  0.2721  0.0253  1.0000  0.7979  0.29510
  0.1131E+04  8.7071  1.4450  0.0789  0.0606  1.0000  0.7967  0.44153
  0.2262E+03  2.2856  1.5180  0.0319  0.4848  1.0000  0.7881  0.48364
  0.4525E+02  0.9001  1.5504  0.0101  0.6566  1.0000  0.7846  0.53985
  0.9049E+01  0.7489  1.5607  0.0040  0.6970  1.0000  0.7840  0.56556
  0.1810E+01  0.7275  1.5679  0.0030  0.6970  1.0000  0.7840  0.56463
  0.3620E+00  0.7236  1.5747  0.0024  0.7071  1.0000  0.7840  0.56268
  0.7239E-01  0.7219  1.5934  0.0097  0.6970  1.0000  0.7838  0.55441
  0.1448E-01  0.7174  1.8572  0.0449  0.7273  1.0000  0.7822  0.44774
  0.2896E-02  0.7034  4.0398  0.1406  0.7576  0.9982  0.7729  0.24364
  0.5791E-03  0.6853  8.4533  0.1629  0.7475  0.9840  0.7239  0.20996
  0.1158E-03  0.6797 10.8542  0.1388  0.7525  0.9695  0.6402  0.23034
  0.2317E-04  0.6783 12.3897  0.2362  0.7626  0.9577  0.4819  0.16669
  0.4633E-05  0.6775 14.4072  0.2683  0.7626  0.9340  0.4588  0.00000

          ***  Golden section search to maximize estimate ***
     Alpha    Discrp  Oscill  Stabil  Sysdev  Positv  Valcen    Total   
  0.1673E+02  0.7732  1.5577  0.0049  0.6970  1.0000  0.7841  0.56390
  0.7155E+01  0.7433  1.5618  0.0039  0.6970  1.0000  0.7840  0.56567
  0.6189E+01  0.7404  1.5624  0.0038  0.6869  1.0000  0.7840  0.56552
  0.7827E+01  0.7453  1.5614  0.0039  0.6970  1.0000  0.7840  0.56565
  0.6770E+01  0.7421  1.5620  0.0038  0.6970  1.0000  0.7840  0.56567
  0.6542E+01  0.7415  1.5622  0.0038  0.6970  1.0000  0.7840  0.56567
  0.6914E+01  0.7426  1.5619  0.0039  0.6970  1.0000  0.7840  0.56567
  0.6682E+01  0.7419  1.5621  0.0038  0.6970  1.0000  0.7840  0.56567
  0.6824E+01  0.7423  1.5620  0.0038  0.6970  1.0000  0.7840  0.56567
  0.6736E+01  0.7420  1.5621  0.0038  0.6970  1.0000  0.7840  0.56567
  0.6790E+01  0.7422  1.5620  0.0038  0.6970  1.0000  0.7840  0.56567
  0.6757E+01  0.7421  1.5621  0.0038  0.6970  1.0000  0.7840  0.56567
  0.6778E+01  0.7422  1.5620  0.0038  0.6970  1.0000  0.7840  0.56567
  0.6770E+01  0.7421  1.5620  0.0038  0.6970  1.0000  0.7840  0.56567



             ####            Final results            ####

 Parameter    DISCRP    OSCILL    STABIL    SYSDEV    POSITV    VALCEN
 Weight        1.000     3.000     3.000     3.000     1.000     1.000
 Sigma         0.300     0.600     0.120     0.120     0.120     0.120
 Ideal         0.700     1.100     0.000     1.000     1.000     0.950
 Current       0.742     1.562     0.004     0.697     1.000     0.784
                - - - - - - - - - - - - - - - - - - - - - - - - - 
 Estimate      0.980     0.553     0.999     0.002     1.000     0.148

  Angular   range    :     from    0.0113   to    0.2529
  Real space range   :     from      0.00   to    190.00

  Highest ALPHA (theor) :   0.353E+07                 JOB = 0
  Current ALPHA         :   0.677E+01   Rg :  0.512E+02   I(0) :   0.406E+03

           Total  estimate : 0.566  which is  A REASONABLE  solution

      S          J EXP       ERROR       J REG       I REG

  0.0000E+00                                      0.4062E+03
  0.6276E-03                                      0.4060E+03
  0.1255E-02                                      0.4056E+03
  0.1883E-02                                      0.4049E+03
  0.2510E-02                                      0.4039E+03
  0.3138E-02                                      0.4027E+03
  0.3766E-02                                      0.4011E+03
  0.4393E-02                                      0.3993E+03
  0.5021E-02                                      0.3972E+03
  0.5648E-02                                      0.3949E+03
  0.6276E-02                                      0.3923E+03
  0.6904E-02                                      0.3895E+03
  0.7531E-02                                      0.3864E+03
  0.8159E-02                                      0.3831E+03
  0.8787E-02                                      0.3796E+03
  0.9414E-02                                      0.3759E+03
  0.1004E-01                                      0.3719E+03
  0.1067E-01                                      0.3678E+03
  0.1130E-01  0.3560E+03  0.4383E+01  0.3635E+03  0.3635E+03
  0.1191E-01  0.3583E+03  0.4382E+01  0.3591E+03  0.3591E+03
  0.1252E-01  0.3631E+03  0.3930E+01  0.3546E+03  0.3546E+03
  0.1313E-01  0.3528E+03  0.4291E+01  0.3499E+03  0.3499E+03
  0.1374E-01  0.3444E+03  0.1911E+01  0.3451E+03  0.3451E+03
  0.1435E-01  0.3442E+03  0.3823E+01  0.3401E+03  0.3401E+03
  0.1496E-01  0.3351E+03  0.2936E+01  0.3351E+03  0.3351E+03
  0.1557E-01  0.3295E+03  0.2149E+01  0.3299E+03  0.3299E+03
  0.1618E-01  0.3289E+03  0.2080E+01  0.3247E+03  0.3247E+03
  0.1679E-01  0.3211E+03  0.2817E+01  0.3193E+03  0.3193E+03
  0.1740E-01  0.3136E+03  0.1808E+01  0.3139E+03  0.3139E+03
  0.1801E-01  0.3094E+03  0.2372E+01  0.3084E+03  0.3084E+03
  0.1862E-01  0.3009E+03  0.1874E+01  0.3029E+03  0.3029E+03
  0.1923E-01  0.3014E+03  0.2184E+01  0.2973E+03  0.2973E+03
  0.1984E-01  0.2942E+03  0.1734E+01  0.2917E+03  0.2917E+03
  0.2045E-01  0.2869E+03  0.1362E+01  0.2861E+03  0.2861E+03
  0.2106E-01  0.2793E+03  0.1394E+01  0.2804E+03  0.2804E+03
  0.2167E-01  0.2742E+03  0.1223E+01  0.2748E+03  0.2748E+03
  0.2228E-01  0.2688E+03  0.1115E+01  0.2691E+03  0.2691E+03
  0.2289E-01  0.2632E+03  0.1187E+01  0.2635E+03  0.2635E+03
  0.2350E-01  0.2582E+03  0.9089E+00  0.2578E+03  0.2578E+03
  0.2411E-01  0.2527E+03  0.1193E+01  0.2522E+03  0.2522E+03
  0.2472E-01  0.2463E+03  0.1164E+01  0.2466E+03  0.2466E+03
  0.2533E-01  0.2400E+03  0.1626E+01  0.2411E+03  0.2411E+03
  0.2594E-01  0.2341E+03  0.1042E+01  0.2356E+03  0.2356E+03
  0.2655E-01  0.2300E+03  0.1428E+01  0.2302E+03  0.2302E+03
  0.2716E-01  0.2232E+03  0.9230E+00  0.2248E+03  0.2248E+03
  0.2777E-01  0.2207E+03  0.8031E+00  0.2195E+03  0.2195E+03
  0.2838E-01  0.2146E+03  0.7173E+00  0.2142E+03  0.2142E+03
  0.2899E-01  0.2074E+03  0.8739E+00  0.2091E+03  0.2091E+03
  0.2960E-01  0.2040E+03  0.7594E+00  0.2040E+03  0.2040E+03
  0.3021E-01  0.1978E+03  0.7382E+00  0.1989E+03  0.1989E+03
  0.3082E-01  0.1934E+03  0.7810E+00  0.1940E+03  0.1940E+03
  0.3143E-01  0.1889E+03  0.7948E+00  0.1891E+03  0.1891E+03
  0.3204E-01  0.1851E+03  0.7381E+00  0.1844E+03  0.1844E+03
  0.3265E-01  0.1803E+03  0.7437E+00  0.1797E+03  0.1797E+03
  0.3326E-01  0.1747E+03  0.6659E+00  0.1751E+03  0.1751E+03
  0.3387E-01  0.1689E+03  0.6851E+00  0.1706E+03  0.1706E+03
  0.3448E-01  0.1672E+03  0.7180E+00  0.1663E+03  0.1663E+03
  0.3509E-01  0.1625E+03  0.7468E+00  0.1620E+03  0.1620E+03
  0.3570E-01  0.1588E+03  0.7253E+00  0.1578E+03  0.1578E+03
  0.3631E-01  0.1546E+03  0.6476E+00  0.1537E+03  0.1537E+03
  0.3692E-01  0.1504E+03  0.6349E+00  0.1497E+03  0.1497E+03
  0.3753E-01  0.1473E+03  0.6307E+00  0.1458E+03  0.1458E+03
  0.3814E-01  0.1415E+03  0.5615E+00  0.1419E+03  0.1419E+03
  0.3875E-01  0.1386E+03  0.6546E+00  0.1382E+03  0.1382E+03
  0.3936E-01  0.1336E+03  0.7544E+00  0.1346E+03  0.1346E+03
  0.3997E-01  0.1313E+03  0.6010E+00  0.1311E+03  0.1311E+03
  0.4058E-01  0.1284E+03  0.7053E+00  0.1277E+03  0.1277E+03
  0.4119E-01  0.1246E+03  0.5456E+00  0.1243E+03  0.1243E+03
  0.4180E-01  0.1208E+03  0.6054E+00  0.1211E+03  0.1211E+03
  0.4241E-01  0.1193E+03  0.5169E+00  0.1179E+03  0.1179E+03
  0.4302E-01  0.1151E+03  0.5791E+00  0.1148E+03  0.1148E+03
  0.4363E-01  0.1131E+03  0.5186E+00  0.1118E+03  0.1118E+03
  0.4424E-01  0.1100E+03  0.4883E+00  0.1089E+03  0.1089E+03
  0.4485E-01  0.1067E+03  0.5470E+00  0.1061E+03  0.1061E+03
  0.4546E-01  0.1032E+03  0.4593E+00  0.1033E+03  0.1033E+03
  0.4607E-01  0.9996E+02  0.4478E+00  0.1007E+03  0.1007E+03
  0.4668E-01  0.9834E+02  0.5050E+00  0.9807E+02  0.9807E+02
  0.4729E-01  0.9568E+02  0.4481E+00  0.9555E+02  0.9555E+02
  0.4790E-01  0.9300E+02  0.4208E+00  0.9310E+02  0.9310E+02
  0.4851E-01  0.9070E+02  0.5488E+00  0.9072E+02  0.9072E+02
  0.4912E-01  0.8922E+02  0.4644E+00  0.8840E+02  0.8840E+02
  0.4973E-01  0.8665E+02  0.5149E+00  0.8616E+02  0.8616E+02
  0.5034E-01  0.8353E+02  0.4152E+00  0.8398E+02  0.8398E+02
  0.5095E-01  0.8227E+02  0.5181E+00  0.8186E+02  0.8186E+02
  0.5156E-01  0.7940E+02  0.3821E+00  0.7980E+02  0.7980E+02
  0.5217E-01  0.7734E+02  0.4340E+00  0.7780E+02  0.7780E+02
  0.5278E-01  0.7523E+02  0.4087E+00  0.7586E+02  0.7586E+02
  0.5339E-01  0.7412E+02  0.4143E+00  0.7398E+02  0.7398E+02
  0.5400E-01  0.7196E+02  0.3904E+00  0.7214E+02  0.7214E+02
  0.5461E-01  0.7058E+02  0.4206E+00  0.7037E+02  0.7037E+02
  0.5522E-01  0.6803E+02  0.3853E+00  0.6864E+02  0.6864E+02
  0.5583E-01  0.6612E+02  0.4147E+00  0.6696E+02  0.6696E+02
  0.5644E-01  0.6475E+02  0.4181E+00  0.6533E+02  0.6533E+02
  0.5705E-01  0.6369E+02  0.3882E+00  0.6374E+02  0.6374E+02
  0.5766E-01  0.6136E+02  0.3789E+00  0.6221E+02  0.6221E+02
  0.5827E-01  0.6022E+02  0.3808E+00  0.6071E+02  0.6071E+02
  0.5888E-01  0.5873E+02  0.3986E+00  0.5926E+02  0.5926E+02
  0.5949E-01  0.5779E+02  0.3839E+00  0.5785E+02  0.5785E+02
  0.6010E-01  0.5603E+02  0.3489E+00  0.5648E+02  0.5648E+02
  0.6071E-01  0.5602E+02  0.3392E+00  0.5515E+02  0.5515E+02
  0.6132E-01  0.5421E+02  0.3678E+00  0.5386E+02  0.5386E+02
  0.6193E-01  0.5312E+02  0.3641E+00  0.5260E+02  0.5260E+02
  0.6254E-01  0.5197E+02  0.3795E+00  0.5138E+02  0.5138E+02
  0.6315E-01  0.5021E+02  0.3693E+00  0.5020E+02  0.5020E+02
  0.6376E-01  0.4953E+02  0.3880E+00  0.4905E+02  0.4905E+02
  0.6437E-01  0.4853E+02  0.3467E+00  0.4793E+02  0.4793E+02
  0.6498E-01  0.4751E+02  0.3624E+00  0.4684E+02  0.4684E+02
  0.6559E-01  0.4587E+02  0.3569E+00  0.4578E+02  0.4578E+02
  0.6620E-01  0.4437E+02  0.3397E+00  0.4476E+02  0.4476E+02
  0.6681E-01  0.4280E+02  0.3805E+00  0.4376E+02  0.4376E+02
  0.6742E-01  0.4308E+02  0.3291E+00  0.4279E+02  0.4279E+02
  0.6803E-01  0.4258E+02  0.3014E+00  0.4185E+02  0.4185E+02
  0.6864E-01  0.4096E+02  0.3466E+00  0.4093E+02  0.4093E+02
  0.6925E-01  0.4012E+02  0.2939E+00  0.4004E+02  0.4004E+02
  0.6986E-01  0.3904E+02  0.3376E+00  0.3917E+02  0.3917E+02
  0.7047E-01  0.3796E+02  0.3412E+00  0.3833E+02  0.3833E+02
  0.7108E-01  0.3700E+02  0.3267E+00  0.3751E+02  0.3751E+02
  0.7169E-01  0.3715E+02  0.3320E+00  0.3671E+02  0.3671E+02
  0.7230E-01  0.3570E+02  0.3115E+00  0.3593E+02  0.3593E+02
  0.7291E-01  0.3546E+02  0.2986E+00  0.3517E+02  0.3517E+02
  0.7352E-01  0.3490E+02  0.2919E+00  0.3444E+02  0.3444E+02
  0.7413E-01  0.3409E+02  0.2878E+00  0.3372E+02  0.3372E+02
  0.7474E-01  0.3252E+02  0.3116E+00  0.3302E+02  0.3302E+02
  0.7535E-01  0.3211E+02  0.3173E+00  0.3234E+02  0.3234E+02
  0.7596E-01  0.3161E+02  0.3330E+00  0.3167E+02  0.3167E+02
  0.7657E-01  0.3048E+02  0.2775E+00  0.3102E+02  0.3102E+02
  0.7718E-01  0.3042E+02  0.2900E+00  0.3039E+02  0.3039E+02
  0.7779E-01  0.2993E+02  0.2743E+00  0.2977E+02  0.2977E+02
  0.7840E-01  0.2938E+02  0.2747E+00  0.2917E+02  0.2917E+02
  0.7901E-01  0.2925E+02  0.2811E+00  0.2858E+02  0.2858E+02
  0.7962E-01  0.2824E+02  0.2833E+00  0.2801E+02  0.2801E+02
  0.8023E-01  0.2779E+02  0.2596E+00  0.2744E+02  0.2744E+02
  0.8084E-01  0.2751E+02  0.2791E+00  0.2690E+02  0.2690E+02
  0.8145E-01  0.2636E+02  0.2916E+00  0.2636E+02  0.2636E+02
  0.8206E-01  0.2560E+02  0.2905E+00  0.2584E+02  0.2584E+02
  0.8267E-01  0.2534E+02  0.2807E+00  0.2533E+02  0.2533E+02
  0.8328E-01  0.2397E+02  0.3206E+00  0.2482E+02  0.2482E+02
  0.8389E-01  0.2357E+02  0.2611E+00  0.2434E+02  0.2434E+02
  0.8450E-01  0.2370E+02  0.2772E+00  0.2386E+02  0.2386E+02
  0.8511E-01  0.2276E+02  0.3044E+00  0.2339E+02  0.2339E+02
  0.8572E-01  0.2268E+02  0.2615E+00  0.2293E+02  0.2293E+02
  0.8633E-01  0.2239E+02  0.2846E+00  0.2248E+02  0.2248E+02
  0.8694E-01  0.2118E+02  0.2697E+00  0.2205E+02  0.2205E+02
  0.8755E-01  0.2152E+02  0.2845E+00  0.2162E+02  0.2162E+02
  0.8816E-01  0.2061E+02  0.2566E+00  0.2120E+02  0.2120E+02
  0.8877E-01  0.2067E+02  0.2518E+00  0.2079E+02  0.2079E+02
  0.8938E-01  0.2048E+02  0.2802E+00  0.2039E+02  0.2039E+02
  0.8999E-01  0.2023E+02  0.2943E+00  0.2000E+02  0.2000E+02
  0.9060E-01  0.2028E+02  0.2835E+00  0.1962E+02  0.1962E+02
  0.9121E-01  0.1952E+02  0.2736E+00  0.1924E+02  0.1924E+02
  0.9182E-01  0.1929E+02  0.2864E+00  0.1888E+02  0.1888E+02
  0.9243E-01  0.1852E+02  0.2695E+00  0.1852E+02  0.1852E+02
  0.9304E-01  0.1874E+02  0.2628E+00  0.1818E+02  0.1818E+02
  0.9365E-01  0.1824E+02  0.2686E+00  0.1784E+02  0.1784E+02
  0.9426E-01  0.1816E+02  0.2666E+00  0.1750E+02  0.1750E+02
  0.9487E-01  0.1750E+02  0.2804E+00  0.1718E+02  0.1718E+02
  0.9548E-01  0.1719E+02  0.2792E+00  0.1686E+02  0.1686E+02
  0.9609E-01  0.1667E+02  0.2827E+00  0.1655E+02  0.1655E+02
  0.9670E-01  0.1609E+02  0.2679E+00  0.1625E+02  0.1625E+02
  0.9731E-01  0.1593E+02  0.2492E+00  0.1596E+02  0.1596E+02
  0.9792E-01  0.1600E+02  0.2598E+00  0.1567E+02  0.1567E+02
  0.9853E-01  0.1528E+02  0.2447E+00  0.1539E+02  0.1539E+02
  0.9914E-01  0.1491E+02  0.2606E+00  0.1512E+02  0.1512E+02
  0.9975E-01  0.1379E+02  0.2474E+00  0.1486E+02  0.1486E+02
  0.1004E+00  0.1420E+02  0.2446E+00  0.1460E+02  0.1460E+02
  0.1010E+00  0.1429E+02  0.2505E+00  0.1434E+02  0.1434E+02
  0.1016E+00  0.1475E+02  0.2444E+00  0.1410E+02  0.1410E+02
  0.1022E+00  0.1370E+02  0.2325E+00  0.1385E+02  0.1385E+02
  0.1028E+00  0.1345E+02  0.2416E+00  0.1362E+02  0.1362E+02
  0.1034E+00  0.1299E+02  0.2297E+00  0.1339E+02  0.1339E+02
  0.1040E+00  0.1258E+02  0.2195E+00  0.1317E+02  0.1317E+02
  0.1046E+00  0.1275E+02  0.2192E+00  0.1295E+02  0.1295E+02
  0.1052E+00  0.1247E+02  0.2037E+00  0.1273E+02  0.1273E+02
  0.1058E+00  0.1221E+02  0.2449E+00  0.1252E+02  0.1252E+02
  0.1065E+00  0.1250E+02  0.2077E+00  0.1232E+02  0.1232E+02
  0.1071E+00  0.1244E+02  0.2218E+00  0.1212E+02  0.1212E+02
  0.1077E+00  0.1242E+02  0.2317E+00  0.1192E+02  0.1192E+02
  0.1083E+00  0.1178E+02  0.2553E+00  0.1173E+02  0.1173E+02
  0.1089E+00  0.1182E+02  0.2235E+00  0.1154E+02  0.1154E+02
  0.1095E+00  0.1162E+02  0.2300E+00  0.1136E+02  0.1136E+02
  0.1101E+00  0.1151E+02  0.2416E+00  0.1118E+02  0.1118E+02
  0.1107E+00  0.1109E+02  0.2321E+00  0.1100E+02  0.1100E+02
  0.1113E+00  0.1123E+02  0.2239E+00  0.1082E+02  0.1082E+02
  0.1119E+00  0.1097E+02  0.2210E+00  0.1065E+02  0.1065E+02
  0.1126E+00  0.1090E+02  0.2286E+00  0.1049E+02  0.1049E+02
  0.1132E+00  0.1010E+02  0.2251E+00  0.1032E+02  0.1032E+02
  0.1138E+00  0.1048E+02  0.2373E+00  0.1016E+02  0.1016E+02
  0.1144E+00  0.9728E+01  0.2138E+00  0.9997E+01  0.9997E+01
  0.1150E+00  0.1003E+02  0.2421E+00  0.9839E+01  0.9839E+01
  0.1156E+00  0.9725E+01  0.2132E+00  0.9684E+01  0.9684E+01
  0.1162E+00  0.8784E+01  0.2085E+00  0.9531E+01  0.9531E+01
  0.1168E+00  0.9063E+01  0.1983E+00  0.9381E+01  0.9381E+01
  0.1174E+00  0.9628E+01  0.2270E+00  0.9233E+01  0.9233E+01
  0.1180E+00  0.8695E+01  0.2065E+00  0.9087E+01  0.9087E+01
  0.1187E+00  0.9023E+01  0.2026E+00  0.8944E+01  0.8944E+01
  0.1193E+00  0.9105E+01  0.2118E+00  0.8803E+01  0.8803E+01
  0.1199E+00  0.8572E+01  0.1969E+00  0.8664E+01  0.8664E+01
  0.1205E+00  0.8513E+01  0.2037E+00  0.8527E+01  0.8527E+01
  0.1211E+00  0.8083E+01  0.2284E+00  0.8393E+01  0.8393E+01
  0.1217E+00  0.8285E+01  0.2182E+00  0.8260E+01  0.8260E+01
  0.1223E+00  0.7826E+01  0.2278E+00  0.8130E+01  0.8130E+01
  0.1229E+00  0.7474E+01  0.2235E+00  0.8002E+01  0.8002E+01
  0.1235E+00  0.7822E+01  0.2013E+00  0.7877E+01  0.7877E+01
  0.1241E+00  0.7607E+01  0.2276E+00  0.7754E+01  0.7754E+01
  0.1248E+00  0.7612E+01  0.1992E+00  0.7633E+01  0.7633E+01
  0.1254E+00  0.7531E+01  0.2117E+00  0.7514E+01  0.7514E+01
  0.1260E+00  0.7562E+01  0.2097E+00  0.7398E+01  0.7398E+01
  0.1266E+00  0.7364E+01  0.2118E+00  0.7285E+01  0.7285E+01
  0.1272E+00  0.7400E+01  0.2008E+00  0.7173E+01  0.7173E+01
  0.1278E+00  0.7076E+01  0.2208E+00  0.7064E+01  0.7064E+01
  0.1284E+00  0.6956E+01  0.2161E+00  0.6958E+01  0.6958E+01
  0.1290E+00  0.6727E+01  0.1997E+00  0.6854E+01  0.6854E+01
  0.1296E+00  0.6849E+01  0.2039E+00  0.6752E+01  0.6752E+01
  0.1302E+00  0.6391E+01  0.2090E+00  0.6653E+01  0.6653E+01
  0.1309E+00  0.6434E+01  0.1998E+00  0.6556E+01  0.6556E+01
  0.1315E+00  0.6588E+01  0.2014E+00  0.6462E+01  0.6462E+01
  0.1321E+00  0.6548E+01  0.2085E+00  0.6370E+01  0.6370E+01
  0.1327E+00  0.6140E+01  0.2099E+00  0.6280E+01  0.6280E+01
  0.1333E+00  0.6488E+01  0.2287E+00  0.6193E+01  0.6193E+01
  0.1339E+00  0.5893E+01  0.2010E+00  0.6108E+01  0.6108E+01
  0.1345E+00  0.6153E+01  0.2037E+00  0.6025E+01  0.6025E+01
  0.1351E+00  0.6520E+01  0.2123E+00  0.5944E+01  0.5944E+01
  0.1357E+00  0.6202E+01  0.2067E+00  0.5865E+01  0.5865E+01
  0.1363E+00  0.6025E+01  0.1871E+00  0.5788E+01  0.5788E+01
  0.1370E+00  0.5297E+01  0.2028E+00  0.5713E+01  0.5713E+01
  0.1376E+00  0.5438E+01  0.1965E+00  0.5640E+01  0.5640E+01
  0.1382E+00  0.5340E+01  0.1969E+00  0.5568E+01  0.5568E+01
  0.1388E+00  0.4950E+01  0.2038E+00  0.5498E+01  0.5498E+01
  0.1394E+00  0.5282E+01  0.2071E+00  0.5430E+01  0.5430E+01
  0.1400E+00  0.4852E+01  0.2093E+00  0.5363E+01  0.5363E+01
  0.1406E+00  0.5283E+01  0.2187E+00  0.5297E+01  0.5297E+01
  0.1412E+00  0.4909E+01  0.2101E+00  0.5233E+01  0.5233E+01
  0.1418E+00  0.5497E+01  0.2351E+00  0.5169E+01  0.5169E+01
  0.1424E+00  0.5360E+01  0.2178E+00  0.5107E+01  0.5107E+01
  0.1431E+00  0.5508E+01  0.2043E+00  0.5046E+01  0.5046E+01
  0.1437E+00  0.5242E+01  0.2070E+00  0.4986E+01  0.4986E+01
  0.1443E+00  0.5268E+01  0.2233E+00  0.4926E+01  0.4926E+01
  0.1449E+00  0.4909E+01  0.2143E+00  0.4867E+01  0.4867E+01
  0.1455E+00  0.4994E+01  0.2120E+00  0.4809E+01  0.4809E+01
  0.1461E+00  0.4790E+01  0.2109E+00  0.4752E+01  0.4752E+01
  0.1467E+00  0.4970E+01  0.1812E+00  0.4695E+01  0.4695E+01
  0.1473E+00  0.4428E+01  0.1978E+00  0.4638E+01  0.4638E+01
  0.1479E+00  0.4541E+01  0.1901E+00  0.4582E+01  0.4582E+01
  0.1485E+00  0.4989E+01  0.1896E+00  0.4526E+01  0.4526E+01
  0.1492E+00  0.4977E+01  0.1870E+00  0.4471E+01  0.4471E+01
  0.1498E+00  0.4933E+01  0.1947E+00  0.4416E+01  0.4416E+01
  0.1504E+00  0.4506E+01  0.1856E+00  0.4361E+01  0.4361E+01
  0.1510E+00  0.4332E+01  0.1811E+00  0.4306E+01  0.4306E+01
  0.1516E+00  0.4139E+01  0.1826E+00  0.4252E+01  0.4252E+01
  0.1522E+00  0.3467E+01  0.1856E+00  0.4198E+01  0.4198E+01
  0.1528E+00  0.3918E+01  0.1919E+00  0.4144E+01  0.4144E+01
  0.1534E+00  0.3594E+01  0.1785E+00  0.4091E+01  0.4091E+01
  0.1540E+00  0.3284E+01  0.1875E+00  0.4037E+01  0.4037E+01
  0.1546E+00  0.3340E+01  0.1797E+00  0.3985E+01  0.3985E+01
  0.1553E+00  0.3787E+01  0.1708E+00  0.3932E+01  0.3932E+01
  0.1559E+00  0.3838E+01  0.1774E+00  0.3880E+01  0.3880E+01
  0.1565E+00  0.3903E+01  0.1800E+00  0.3828E+01  0.3828E+01
  0.1571E+00  0.3675E+01  0.1797E+00  0.3777E+01  0.3777E+01
  0.1577E+00  0.3522E+01  0.1768E+00  0.3726E+01  0.3726E+01
  0.1583E+00  0.4061E+01  0.1603E+00  0.3676E+01  0.3676E+01
  0.1589E+00  0.3882E+01  0.1823E+00  0.3626E+01  0.3626E+01
  0.1595E+00  0.3751E+01  0.1651E+00  0.3577E+01  0.3577E+01
  0.1601E+00  0.3747E+01  0.1731E+00  0.3528E+01  0.3528E+01
  0.1607E+00  0.3327E+01  0.1795E+00  0.3480E+01  0.3480E+01
  0.1614E+00  0.3375E+01  0.1796E+00  0.3433E+01  0.3433E+01
  0.1620E+00  0.3424E+01  0.1753E+00  0.3387E+01  0.3387E+01
  0.1626E+00  0.3251E+01  0.1726E+00  0.3341E+01  0.3341E+01
  0.1632E+00  0.3527E+01  0.1735E+00  0.3297E+01  0.3297E+01
  0.1638E+00  0.3279E+01  0.1779E+00  0.3253E+01  0.3253E+01
  0.1644E+00  0.3342E+01  0.1783E+00  0.3209E+01  0.3209E+01
  0.1650E+00  0.3127E+01  0.1729E+00  0.3167E+01  0.3167E+01
  0.1656E+00  0.2866E+01  0.1725E+00  0.3126E+01  0.3126E+01
  0.1662E+00  0.3380E+01  0.1707E+00  0.3085E+01  0.3085E+01
  0.1668E+00  0.2935E+01  0.1707E+00  0.3046E+01  0.3046E+01
  0.1675E+00  0.2838E+01  0.1580E+00  0.3007E+01  0.3007E+01
  0.1681E+00  0.3365E+01  0.1797E+00  0.2970E+01  0.2970E+01
  0.1687E+00  0.3024E+01  0.1630E+00  0.2933E+01  0.2933E+01
  0.1693E+00  0.3031E+01  0.1705E+00  0.2897E+01  0.2897E+01
  0.1699E+00  0.3210E+01  0.1766E+00  0.2862E+01  0.2862E+01
  0.1705E+00  0.3052E+01  0.1690E+00  0.2827E+01  0.2827E+01
  0.1711E+00  0.2731E+01  0.1730E+00  0.2794E+01  0.2794E+01
  0.1717E+00  0.3134E+01  0.1669E+00  0.2761E+01  0.2761E+01
  0.1723E+00  0.2513E+01  0.1642E+00  0.2730E+01  0.2730E+01
  0.1729E+00  0.2187E+01  0.1625E+00  0.2698E+01  0.2698E+01
  0.1736E+00  0.2327E+01  0.1692E+00  0.2668E+01  0.2668E+01
  0.1742E+00  0.2969E+01  0.1760E+00  0.2638E+01  0.2638E+01
  0.1748E+00  0.2499E+01  0.1844E+00  0.2609E+01  0.2609E+01
  0.1754E+00  0.2571E+01  0.1794E+00  0.2580E+01  0.2580E+01
  0.1760E+00  0.2590E+01  0.1771E+00  0.2552E+01  0.2552E+01
  0.1766E+00  0.2831E+01  0.1698E+00  0.2524E+01  0.2524E+01
  0.1772E+00  0.2438E+01  0.1775E+00  0.2497E+01  0.2497E+01
  0.1778E+00  0.2243E+01  0.1641E+00  0.2470E+01  0.2470E+01
  0.1784E+00  0.2158E+01  0.1774E+00  0.2444E+01  0.2444E+01
  0.1790E+00  0.2039E+01  0.1861E+00  0.2418E+01  0.2418E+01
  0.1797E+00  0.2206E+01  0.1622E+00  0.2392E+01  0.2392E+01
  0.1803E+00  0.2064E+01  0.1572E+00  0.2367E+01  0.2367E+01
  0.1809E+00  0.2436E+01  0.1793E+00  0.2342E+01  0.2342E+01
  0.1815E+00  0.2301E+01  0.1831E+00  0.2316E+01  0.2316E+01
  0.1821E+00  0.2463E+01  0.1758E+00  0.2292E+01  0.2292E+01
  0.1827E+00  0.2498E+01  0.1601E+00  0.2267E+01  0.2267E+01
  0.1833E+00  0.2753E+01  0.1593E+00  0.2243E+01  0.2243E+01
  0.1839E+00  0.2212E+01  0.1676E+00  0.2218E+01  0.2218E+01
  0.1845E+00  0.2092E+01  0.2116E+00  0.2194E+01  0.2194E+01
  0.1851E+00  0.2258E+01  0.1934E+00  0.2170E+01  0.2170E+01
  0.1858E+00  0.2149E+01  0.1564E+00  0.2146E+01  0.2146E+01
  0.1864E+00  0.2018E+01  0.1726E+00  0.2123E+01  0.2123E+01
  0.1870E+00  0.2062E+01  0.1592E+00  0.2099E+01  0.2099E+01
  0.1876E+00  0.1856E+01  0.1767E+00  0.2076E+01  0.2076E+01
  0.1882E+00  0.1996E+01  0.1642E+00  0.2052E+01  0.2052E+01
  0.1888E+00  0.1864E+01  0.1604E+00  0.2029E+01  0.2029E+01
  0.1894E+00  0.1891E+01  0.1853E+00  0.2006E+01  0.2006E+01
  0.1900E+00  0.1945E+01  0.1046E+00  0.1984E+01  0.1984E+01
  0.1906E+00  0.1725E+01  0.5227E+00  0.1961E+01  0.1961E+01
  0.1912E+00  0.1679E+01  0.3028E+00  0.1939E+01  0.1939E+01
  0.1919E+00  0.1914E+01  0.1713E+00  0.1917E+01  0.1917E+01
  0.1925E+00  0.1962E+01  0.2397E+00  0.1895E+01  0.1895E+01
  0.1931E+00  0.2289E+01  0.1761E+00  0.1873E+01  0.1873E+01
  0.1937E+00  0.2055E+01  0.1558E+00  0.1852E+01  0.1852E+01
  0.1943E+00  0.1746E+01  0.1580E+00  0.1831E+01  0.1831E+01
  0.1949E+00  0.1951E+01  0.1529E+00  0.1811E+01  0.1811E+01
  0.1955E+00  0.1795E+01  0.1664E+00  0.1790E+01  0.1790E+01
  0.1961E+00  0.1654E+01  0.1581E+00  0.1771E+01  0.1771E+01
  0.1967E+00  0.1776E+01  0.1674E+00  0.1751E+01  0.1751E+01
  0.1973E+00  0.1753E+01  0.1563E+00  0.1732E+01  0.1732E+01
  0.1980E+00  0.1650E+01  0.1578E+00  0.1713E+01  0.1713E+01
  0.1986E+00  0.1710E+01  0.1656E+00  0.1695E+01  0.1695E+01
  0.1992E+00  0.1392E+01  0.1623E+00  0.1677E+01  0.1677E+01
  0.1998E+00  0.1296E+01  0.1552E+00  0.1659E+01  0.1659E+01
  0.2004E+00  0.1572E+01  0.1565E+00  0.1642E+01  0.1642E+01
  0.2010E+00  0.1664E+01  0.1556E+00  0.1625E+01  0.1625E+01
  0.2016E+00  0.1777E+01  0.1471E+00  0.1608E+01  0.1608E+01
  0.2022E+00  0.1818E+01  0.1523E+00  0.1592E+01  0.1592E+01
  0.2028E+00  0.1841E+01  0.1487E+00  0.1577E+01  0.1577E+01
  0.2034E+00  0.1529E+01  0.1515E+00  0.1561E+01  0.1561E+01
  0.2041E+00  0.1518E+01  0.1497E+00  0.1546E+01  0.1546E+01
  0.2047E+00  0.1458E+01  0.1517E+00  0.1531E+01  0.1531E+01
  0.2053E+00  0.1682E+01  0.1485E+00  0.1516E+01  0.1516E+01
  0.2059E+00  0.1388E+01  0.1515E+00  0.1502E+01  0.1502E+01
  0.2065E+00  0.1164E+01  0.1523E+00  0.1488E+01  0.1488E+01
  0.2071E+00  0.1420E+01  0.1486E+00  0.1474E+01  0.1474E+01
  0.2077E+00  0.1519E+01  0.1480E+00  0.1460E+01  0.1460E+01
  0.2083E+00  0.1777E+01  0.1555E+00  0.1447E+01  0.1447E+01
  0.2089E+00  0.1578E+01  0.1473E+00  0.1433E+01  0.1433E+01
  0.2095E+00  0.1808E+01  0.1526E+00  0.1420E+01  0.1420E+01
  0.2102E+00  0.1309E+01  0.1527E+00  0.1407E+01  0.1407E+01
  0.2108E+00  0.1327E+01  0.1485E+00  0.1394E+01  0.1394E+01
  0.2114E+00  0.1332E+01  0.1555E+00  0.1380E+01  0.1380E+01
  0.2120E+00  0.1236E+01  0.1497E+00  0.1368E+01  0.1368E+01
  0.2126E+00  0.1372E+01  0.1492E+00  0.1354E+01  0.1354E+01
  0.2132E+00  0.1146E+01  0.1519E+00  0.1341E+01  0.1341E+01
  0.2138E+00  0.1326E+01  0.1468E+00  0.1329E+01  0.1329E+01
  0.2144E+00  0.1340E+01  0.1385E+00  0.1316E+01  0.1316E+01
  0.2150E+00  0.1316E+01  0.1536E+00  0.1303E+01  0.1303E+01
  0.2156E+00  0.1385E+01  0.1488E+00  0.1290E+01  0.1290E+01
  0.2163E+00  0.1193E+01  0.1554E+00  0.1277E+01  0.1277E+01
  0.2169E+00  0.1328E+01  0.1589E+00  0.1264E+01  0.1264E+01
  0.2175E+00  0.1263E+01  0.1557E+00  0.1251E+01  0.1251E+01
  0.2181E+00  0.6752E+00  0.1449E+00  0.1239E+01  0.1239E+01
  0.2187E+00  0.1107E+01  0.1489E+00  0.1226E+01  0.1226E+01
  0.2193E+00  0.1099E+01  0.1437E+00  0.1214E+01  0.1214E+01
  0.2199E+00  0.1054E+01  0.1469E+00  0.1201E+01  0.1201E+01
  0.2205E+00  0.1340E+01  0.1567E+00  0.1189E+01  0.1189E+01
  0.2211E+00  0.1326E+01  0.1493E+00  0.1177E+01  0.1177E+01
  0.2217E+00  0.1309E+01  0.1518E+00  0.1165E+01  0.1165E+01
  0.2224E+00  0.1193E+01  0.1517E+00  0.1153E+01  0.1153E+01
  0.2230E+00  0.1173E+01  0.1504E+00  0.1141E+01  0.1141E+01
  0.2236E+00  0.1247E+01  0.1438E+00  0.1130E+01  0.1130E+01
  0.2242E+00  0.7378E+00  0.1511E+00  0.1119E+01  0.1119E+01
  0.2248E+00  0.8439E+00  0.1441E+00  0.1108E+01  0.1108E+01
  0.2254E+00  0.1065E+01  0.1434E+00  0.1098E+01  0.1098E+01
  0.2260E+00  0.9354E+00  0.1471E+00  0.1088E+01  0.1088E+01
  0.2266E+00  0.1384E+01  0.1479E+00  0.1079E+01  0.1079E+01
  0.2272E+00  0.1446E+01  0.1413E+00  0.1069E+01  0.1069E+01
  0.2278E+00  0.1285E+01  0.1451E+00  0.1061E+01  0.1061E+01
  0.2285E+00  0.1172E+01  0.1429E+00  0.1052E+01  0.1052E+01
  0.2291E+00  0.1227E+01  0.1354E+00  0.1045E+01  0.1045E+01
  0.2297E+00  0.1007E+01  0.1422E+00  0.1037E+01  0.1037E+01
  0.2303E+00  0.8685E+00  0.1363E+00  0.1030E+01  0.1030E+01
  0.2309E+00  0.8659E+00  0.1464E+00  0.1024E+01  0.1024E+01
  0.2315E+00  0.8658E+00  0.1463E+00  0.1018E+01  0.1018E+01
  0.2321E+00  0.8747E+00  0.1446E+00  0.1013E+01  0.1013E+01
  0.2327E+00  0.9484E+00  0.1454E+00  0.1008E+01  0.1008E+01
  0.2333E+00  0.1063E+01  0.1438E+00  0.1004E+01  0.1004E+01
  0.2339E+00  0.1010E+01  0.1330E+00  0.1000E+01  0.1000E+01
  0.2346E+00  0.8331E+00  0.1462E+00  0.9968E+00  0.9968E+00
  0.2352E+00  0.4967E+00  0.1460E+00  0.9939E+00  0.9939E+00
  0.2358E+00  0.1065E+01  0.1381E+00  0.9914E+00  0.9914E+00
  0.2364E+00  0.8578E+00  0.1400E+00  0.9894E+00  0.9894E+00
  0.2370E+00  0.7686E+00  0.1406E+00  0.9877E+00  0.9877E+00
  0.2376E+00  0.8908E+00  0.1390E+00  0.9864E+00  0.9864E+00
  0.2382E+00  0.6268E+00  0.1463E+00  0.9854E+00  0.9854E+00
  0.2388E+00  0.7059E+00  0.1421E+00  0.9847E+00  0.9847E+00
  0.2394E+00  0.9131E+00  0.1342E+00  0.9843E+00  0.9843E+00
  0.2400E+00  0.1108E+01  0.1390E+00  0.9841E+00  0.9841E+00
  0.2407E+00  0.1068E+01  0.1384E+00  0.9840E+00  0.9840E+00
  0.2413E+00  0.1139E+01  0.1323E+00  0.9842E+00  0.9842E+00
  0.2419E+00  0.1165E+01  0.1298E+00  0.9843E+00  0.9843E+00
  0.2425E+00  0.9385E+00  0.1425E+00  0.9847E+00  0.9847E+00
  0.2431E+00  0.7891E+00  0.1345E+00  0.9849E+00  0.9849E+00
  0.2437E+00  0.1009E+01  0.1392E+00  0.9851E+00  0.9851E+00
  0.2443E+00  0.1157E+01  0.1341E+00  0.9854E+00  0.9854E+00
  0.2449E+00  0.1201E+01  0.1376E+00  0.9856E+00  0.9856E+00
  0.2455E+00  0.1164E+01  0.1438E+00  0.9856E+00  0.9856E+00
  0.2461E+00  0.1005E+01  0.1458E+00  0.9854E+00  0.9854E+00
  0.2468E+00  0.1171E+01  0.1442E+00  0.9851E+00  0.9851E+00
  0.2474E+00  0.1146E+01  0.1415E+00  0.9845E+00  0.9845E+00
  0.2480E+00  0.1133E+01  0.1469E+00  0.9837E+00  0.9837E+00
  0.2486E+00  0.1034E+01  0.1339E+00  0.9827E+00  0.9827E+00
  0.2492E+00  0.1162E+01  0.1370E+00  0.9813E+00  0.9813E+00
  0.2498E+00  0.1329E+01  0.1412E+00  0.9797E+00  0.9797E+00
  0.2504E+00  0.8487E+00  0.1301E+00  0.9778E+00  0.9778E+00
  0.2510E+00  0.9060E+00  0.1357E+00  0.9755E+00  0.9755E+00
  0.2516E+00  0.9278E+00  0.1351E+00  0.9729E+00  0.9729E+00
  0.2522E+00  0.8025E+00  0.1321E+00  0.9703E+00  0.9703E+00
  0.2529E+00  0.8382E+00  0.1359E+00  0.9667E+00  0.9667E+00

           Distance distribution  function of particle  


       R          P(R)      ERROR

  0.0000E+00  0.0000E+00  0.0000E+00
  0.1900E+01  0.1178E-01  0.1701E-03
  0.3800E+01  0.2825E-01  0.2180E-03
  0.5700E+01  0.4902E-01  0.1730E-03
  0.7600E+01  0.7344E-01  0.9869E-04
  0.9500E+01  0.1007E+00  0.1419E-03
  0.1140E+02  0.1299E+00  0.2439E-03
  0.1330E+02  0.1599E+00  0.3124E-03
  0.1520E+02  0.1898E+00  0.3254E-03
  0.1710E+02  0.2187E+00  0.2880E-03
  0.1900E+02  0.2458E+00  0.2323E-03
  0.2090E+02  0.2706E+00  0.2194E-03
  0.2280E+02  0.2925E+00  0.2728E-03
  0.2470E+02  0.3116E+00  0.3411E-03
  0.2660E+02  0.3279E+00  0.3842E-03
  0.2850E+02  0.3414E+00  0.3940E-03
  0.3040E+02  0.3527E+00  0.3864E-03
  0.3230E+02  0.3619E+00  0.3912E-03
  0.3420E+02  0.3696E+00  0.4260E-03
  0.3610E+02  0.3760E+00  0.4777E-03
  0.3800E+02  0.3812E+00  0.5195E-03
  0.3990E+02  0.3854E+00  0.5338E-03
  0.4180E+02  0.3886E+00  0.5204E-03
  0.4370E+02  0.3907E+00  0.4955E-03
  0.4560E+02  0.3915E+00  0.4822E-03
  0.4750E+02  0.3909E+00  0.4933E-03
  0.4940E+02  0.3888E+00  0.5201E-03
  0.5130E+02  0.3853E+00  0.5439E-03
  0.5320E+02  0.3803E+00  0.5540E-03
  0.5510E+02  0.3741E+00  0.5534E-03
  0.5700E+02  0.3668E+00  0.5532E-03
  0.5890E+02  0.3589E+00  0.5619E-03
  0.6080E+02  0.3506E+00  0.5771E-03
  0.6270E+02  0.3421E+00  0.5906E-03
  0.6460E+02  0.3337E+00  0.6006E-03
  0.6650E+02  0.3255E+00  0.6188E-03
  0.6840E+02  0.3174E+00  0.6638E-03
  0.7030E+02  0.3093E+00  0.7423E-03
  0.7220E+02  0.3012E+00  0.8392E-03
  0.7410E+02  0.2930E+00  0.9284E-03
  0.7600E+02  0.2843E+00  0.9883E-03
  0.7790E+02  0.2753E+00  0.1011E-02
  0.7980E+02  0.2658E+00  0.1004E-02
  0.8170E+02  0.2560E+00  0.9875E-03
  0.8360E+02  0.2460E+00  0.9848E-03
  0.8550E+02  0.2360E+00  0.1004E-02
  0.8740E+02  0.2262E+00  0.1036E-02
  0.8930E+02  0.2167E+00  0.1059E-02
  0.9120E+02  0.2076E+00  0.1059E-02
  0.9310E+02  0.1991E+00  0.1038E-02
  0.9500E+02  0.1910E+00  0.1008E-02
  0.9690E+02  0.1832E+00  0.9908E-03
  0.9880E+02  0.1755E+00  0.1002E-02
  0.1007E+03  0.1679E+00  0.1040E-02
  0.1026E+03  0.1602E+00  0.1093E-02
  0.1045E+03  0.1523E+00  0.1149E-02
  0.1064E+03  0.1442E+00  0.1200E-02
  0.1083E+03  0.1361E+00  0.1246E-02
  0.1102E+03  0.1280E+00  0.1286E-02
  0.1121E+03  0.1201E+00  0.1318E-02
  0.1140E+03  0.1127E+00  0.1333E-02
  0.1159E+03  0.1060E+00  0.1329E-02
  0.1178E+03  0.9987E-01  0.1306E-02
  0.1197E+03  0.9448E-01  0.1276E-02
  0.1216E+03  0.8972E-01  0.1253E-02
  0.1235E+03  0.8542E-01  0.1251E-02
  0.1254E+03  0.8140E-01  0.1272E-02
  0.1273E+03  0.7745E-01  0.1306E-02
  0.1292E+03  0.7339E-01  0.1338E-02
  0.1311E+03  0.6911E-01  0.1351E-02
  0.1330E+03  0.6457E-01  0.1336E-02
  0.1349E+03  0.5983E-01  0.1295E-02
  0.1368E+03  0.5500E-01  0.1237E-02
  0.1387E+03  0.5025E-01  0.1181E-02
  0.1406E+03  0.4577E-01  0.1149E-02
  0.1425E+03  0.4172E-01  0.1157E-02
  0.1444E+03  0.3819E-01  0.1208E-02
  0.1463E+03  0.3524E-01  0.1285E-02
  0.1482E+03  0.3281E-01  0.1366E-02
  0.1501E+03  0.3081E-01  0.1435E-02
  0.1520E+03  0.2907E-01  0.1483E-02
  0.1539E+03  0.2746E-01  0.1514E-02
  0.1558E+03  0.2581E-01  0.1537E-02
  0.1577E+03  0.2406E-01  0.1561E-02
  0.1596E+03  0.2218E-01  0.1587E-02
  0.1615E+03  0.2022E-01  0.1610E-02
  0.1634E+03  0.1828E-01  0.1620E-02
  0.1653E+03  0.1651E-01  0.1609E-02
  0.1672E+03  0.1503E-01  0.1577E-02
  0.1691E+03  0.1395E-01  0.1529E-02
  0.1710E+03  0.1333E-01  0.1475E-02
  0.1729E+03  0.1313E-01  0.1422E-02
  0.1748E+03  0.1325E-01  0.1379E-02
  0.1767E+03  0.1350E-01  0.1350E-02
  0.1786E+03  0.1365E-01  0.1336E-02
  0.1805E+03  0.1346E-01  0.1327E-02
  0.1824E+03  0.1267E-01  0.1295E-02
  0.1843E+03  0.1106E-01  0.1197E-02
  0.1862E+03  0.8482E-02  0.9801E-03
  0.1881E+03  0.4813E-02  0.5946E-03
  0.1900E+03  0.0000E+00  0.0000E+00
          Reciprocal space: Rg =   51.23     , I(0) =   0.4061E+03
     Real space: Rg =   51.51 +- 0.162  I(0) =   0.4062E+03 +-  0.9649E+00
