
           ####    G N O M   ---   Version 4.6                       ####

                                                    16-Apr-2012   10:56:50
           ===    Run No   1   ===
 Run title:  0.010687 352.676000 1.235379


  Number of points omitted at the end:         115
   *******    Input file(s) : 21_F4_3.mccd.dat
           Condition P(rmin) = 0 is used. 
           Condition P(rmax) = 0 is used. 

          Highest ALPHA is found to be   0.4034E+04

  The measure of inconsistency AN1 equals to    0.1113E+01

          Warning: using the chosen range in the real space 
             it is not possible to fit the data set within the
             given error band. 
     Alpha    Discrp  Oscill  Stabil  Sysdev  Positv  Valcen    Total   
  0.4034E+07100.9821  1.6477  0.9861  0.0000  1.0000  0.7489  0.19703
  0.8069E+06 99.4105  1.6457  0.9706  0.0000  1.0000  0.7491  0.19771
  0.1614E+06 92.3258  1.6364  0.9007  0.0000  1.0000  0.7501  0.20093
  0.3228E+05 69.2382  1.6004  0.6745  0.0859  1.0000  0.7539  0.21378
  0.6455E+04 34.6870  1.5393  0.3369  0.0354  1.0000  0.7602  0.23651
  0.1291E+04 12.1630  1.5836  0.1046  0.0404  1.0000  0.7499  0.33604
  0.2582E+03  3.3337  1.7084  0.0537  0.3434  1.0000  0.7244  0.37978
  0.5164E+02  1.0703  1.7758  0.0202  0.5657  1.0000  0.7111  0.41637
  0.1033E+02  0.7814  1.7955  0.0054  0.7374  1.0000  0.7075  0.47895
  0.2066E+01  0.7565  1.8028  0.0024  0.7374  1.0000  0.7067  0.48050
  0.4131E+00  0.7532  1.8078  0.0036  0.7576  1.0000  0.7066  0.48161
  0.8263E-01  0.7504  1.8351  0.0139  0.7576  1.0000  0.7071  0.47234
  0.1653E-01  0.7415  2.2262  0.0493  0.7576  0.9999  0.7087  0.38925
  0.3305E-02  0.7246  4.1882  0.0865  0.7273  0.9974  0.7076  0.31761
  0.6610E-03  0.7162  6.3373  0.0548  0.7424  0.9921  0.7058  0.37287
  0.1322E-03  0.7151  7.2817  0.0649  0.7525  0.9899  0.6923  0.35689
  0.2644E-04  0.7148  8.3611  0.1232  0.7626  0.9894  0.6986  0.25900
  0.5288E-05  0.7144 13.3010  0.3621  0.7626  0.9703  0.6226  0.00000

          ***  Golden section search to maximize estimate ***
     Alpha    Discrp  Oscill  Stabil  Sysdev  Positv  Valcen    Total   
  0.7640E+00  0.7539  1.8058  0.0024  0.7576  1.0000  0.7066  0.48216
  0.1117E+01  0.7546  1.8047  0.0022  0.7374  1.0000  0.7066  0.48023
  0.6041E+00  0.7536  1.8065  0.0028  0.7576  1.0000  0.7066  0.48199
  0.8833E+00  0.7541  1.8054  0.0023  0.7475  1.0000  0.7066  0.48101
  0.6984E+00  0.7538  1.8061  0.0025  0.7576  1.0000  0.7066  0.48210
  0.8075E+00  0.7540  1.8056  0.0024  0.7576  1.0000  0.7066  0.48219
  0.8356E+00  0.7541  1.8055  0.0023  0.7576  1.0000  0.7066  0.48221
  0.8535E+00  0.7541  1.8055  0.0023  0.7576  1.0000  0.7066  0.48223
  0.8648E+00  0.7541  1.8055  0.0023  0.7475  1.0000  0.7066  0.48100
  0.8466E+00  0.7541  1.8055  0.0023  0.7576  1.0000  0.7066  0.48222
  0.8578E+00  0.7541  1.8055  0.0023  0.7475  1.0000  0.7066  0.48099
  0.8509E+00  0.7541  1.8055  0.0023  0.7576  1.0000  0.7066  0.48223
  0.8552E+00  0.7541  1.8055  0.0023  0.7576  1.0000  0.7066  0.48223
  0.8562E+00  0.7541  1.8055  0.0023  0.7475  1.0000  0.7066  0.48099
  0.8545E+00  0.7541  1.8055  0.0023  0.7576  1.0000  0.7066  0.48223
  0.8555E+00  0.7541  1.8055  0.0023  0.7576  1.0000  0.7066  0.48223
  0.8558E+00  0.7541  1.8055  0.0023  0.7475  1.0000  0.7066  0.48099
  0.8554E+00  0.7541  1.8055  0.0023  0.7576  1.0000  0.7066  0.48223
  0.8556E+00  0.7541  1.8055  0.0023  0.7576  1.0000  0.7066  0.48223
  0.8556E+00  0.7541  1.8055  0.0023  0.7576  1.0000  0.7066  0.48223



             ####            Final results            ####

 Parameter    DISCRP    OSCILL    STABIL    SYSDEV    POSITV    VALCEN
 Weight        1.000     3.000     3.000     3.000     1.000     1.000
 Sigma         0.300     0.600     0.120     0.120     0.120     0.120
 Ideal         0.700     1.100     0.000     1.000     1.000     0.950
 Current       0.754     1.805     0.002     0.758     1.000     0.707
                - - - - - - - - - - - - - - - - - - - - - - - - - 
 Estimate      0.968     0.251     1.000     0.017     1.000     0.016

  Angular   range    :     from    0.0113   to    0.2529
  Real space range   :     from      0.00   to    220.00

  Highest ALPHA (theor) :   0.403E+07                 JOB = 0
  Current ALPHA         :   0.856E+00   Rg :  0.526E+02   I(0) :   0.411E+03

           Total  estimate : 0.482  which is  A SUSPICIOUS  solution

      S          J EXP       ERROR       J REG       I REG

  0.0000E+00                                      0.4111E+03
  0.6276E-03                                      0.4110E+03
  0.1255E-02                                      0.4105E+03
  0.1883E-02                                      0.4098E+03
  0.2510E-02                                      0.4087E+03
  0.3138E-02                                      0.4074E+03
  0.3766E-02                                      0.4057E+03
  0.4393E-02                                      0.4038E+03
  0.5021E-02                                      0.4016E+03
  0.5648E-02                                      0.3991E+03
  0.6276E-02                                      0.3964E+03
  0.6904E-02                                      0.3934E+03
  0.7531E-02                                      0.3901E+03
  0.8159E-02                                      0.3866E+03
  0.8787E-02                                      0.3829E+03
  0.9414E-02                                      0.3790E+03
  0.1004E-01                                      0.3748E+03
  0.1067E-01                                      0.3704E+03
  0.1130E-01  0.3560E+03  0.4383E+01  0.3659E+03  0.3659E+03
  0.1191E-01  0.3583E+03  0.4382E+01  0.3613E+03  0.3613E+03
  0.1252E-01  0.3631E+03  0.3930E+01  0.3566E+03  0.3566E+03
  0.1313E-01  0.3528E+03  0.4291E+01  0.3517E+03  0.3517E+03
  0.1374E-01  0.3444E+03  0.1911E+01  0.3467E+03  0.3467E+03
  0.1435E-01  0.3442E+03  0.3823E+01  0.3416E+03  0.3416E+03
  0.1496E-01  0.3351E+03  0.2936E+01  0.3363E+03  0.3363E+03
  0.1557E-01  0.3295E+03  0.2149E+01  0.3310E+03  0.3310E+03
  0.1618E-01  0.3289E+03  0.2080E+01  0.3256E+03  0.3256E+03
  0.1679E-01  0.3211E+03  0.2817E+01  0.3201E+03  0.3201E+03
  0.1740E-01  0.3136E+03  0.1808E+01  0.3145E+03  0.3145E+03
  0.1801E-01  0.3094E+03  0.2372E+01  0.3089E+03  0.3089E+03
  0.1862E-01  0.3009E+03  0.1874E+01  0.3032E+03  0.3032E+03
  0.1923E-01  0.3014E+03  0.2184E+01  0.2975E+03  0.2975E+03
  0.1984E-01  0.2942E+03  0.1734E+01  0.2918E+03  0.2918E+03
  0.2045E-01  0.2869E+03  0.1362E+01  0.2861E+03  0.2861E+03
  0.2106E-01  0.2793E+03  0.1394E+01  0.2803E+03  0.2803E+03
  0.2167E-01  0.2742E+03  0.1223E+01  0.2746E+03  0.2746E+03
  0.2228E-01  0.2688E+03  0.1115E+01  0.2689E+03  0.2689E+03
  0.2289E-01  0.2632E+03  0.1187E+01  0.2632E+03  0.2632E+03
  0.2350E-01  0.2582E+03  0.9089E+00  0.2575E+03  0.2575E+03
  0.2411E-01  0.2527E+03  0.1193E+01  0.2519E+03  0.2519E+03
  0.2472E-01  0.2463E+03  0.1164E+01  0.2463E+03  0.2463E+03
  0.2533E-01  0.2400E+03  0.1626E+01  0.2408E+03  0.2408E+03
  0.2594E-01  0.2341E+03  0.1042E+01  0.2353E+03  0.2353E+03
  0.2655E-01  0.2300E+03  0.1428E+01  0.2299E+03  0.2299E+03
  0.2716E-01  0.2232E+03  0.9230E+00  0.2245E+03  0.2245E+03
  0.2777E-01  0.2207E+03  0.8031E+00  0.2192E+03  0.2192E+03
  0.2838E-01  0.2146E+03  0.7173E+00  0.2140E+03  0.2140E+03
  0.2899E-01  0.2074E+03  0.8739E+00  0.2088E+03  0.2088E+03
  0.2960E-01  0.2040E+03  0.7594E+00  0.2038E+03  0.2038E+03
  0.3021E-01  0.1978E+03  0.7382E+00  0.1988E+03  0.1988E+03
  0.3082E-01  0.1934E+03  0.7810E+00  0.1939E+03  0.1939E+03
  0.3143E-01  0.1889E+03  0.7948E+00  0.1891E+03  0.1891E+03
  0.3204E-01  0.1851E+03  0.7381E+00  0.1844E+03  0.1844E+03
  0.3265E-01  0.1803E+03  0.7437E+00  0.1798E+03  0.1798E+03
  0.3326E-01  0.1747E+03  0.6659E+00  0.1752E+03  0.1752E+03
  0.3387E-01  0.1689E+03  0.6851E+00  0.1708E+03  0.1708E+03
  0.3448E-01  0.1672E+03  0.7180E+00  0.1664E+03  0.1664E+03
  0.3509E-01  0.1625E+03  0.7468E+00  0.1622E+03  0.1622E+03
  0.3570E-01  0.1588E+03  0.7253E+00  0.1580E+03  0.1580E+03
  0.3631E-01  0.1546E+03  0.6476E+00  0.1540E+03  0.1540E+03
  0.3692E-01  0.1504E+03  0.6349E+00  0.1500E+03  0.1500E+03
  0.3753E-01  0.1473E+03  0.6307E+00  0.1461E+03  0.1461E+03
  0.3814E-01  0.1415E+03  0.5615E+00  0.1423E+03  0.1423E+03
  0.3875E-01  0.1386E+03  0.6546E+00  0.1386E+03  0.1386E+03
  0.3936E-01  0.1336E+03  0.7544E+00  0.1350E+03  0.1350E+03
  0.3997E-01  0.1313E+03  0.6010E+00  0.1315E+03  0.1315E+03
  0.4058E-01  0.1284E+03  0.7053E+00  0.1280E+03  0.1280E+03
  0.4119E-01  0.1246E+03  0.5456E+00  0.1247E+03  0.1247E+03
  0.4180E-01  0.1208E+03  0.6054E+00  0.1214E+03  0.1214E+03
  0.4241E-01  0.1193E+03  0.5169E+00  0.1182E+03  0.1182E+03
  0.4302E-01  0.1151E+03  0.5791E+00  0.1151E+03  0.1151E+03
  0.4363E-01  0.1131E+03  0.5186E+00  0.1121E+03  0.1121E+03
  0.4424E-01  0.1100E+03  0.4883E+00  0.1092E+03  0.1092E+03
  0.4485E-01  0.1067E+03  0.5470E+00  0.1063E+03  0.1063E+03
  0.4546E-01  0.1032E+03  0.4593E+00  0.1035E+03  0.1035E+03
  0.4607E-01  0.9996E+02  0.4478E+00  0.1008E+03  0.1008E+03
  0.4668E-01  0.9834E+02  0.5050E+00  0.9822E+02  0.9822E+02
  0.4729E-01  0.9568E+02  0.4481E+00  0.9567E+02  0.9567E+02
  0.4790E-01  0.9300E+02  0.4208E+00  0.9319E+02  0.9319E+02
  0.4851E-01  0.9070E+02  0.5488E+00  0.9078E+02  0.9078E+02
  0.4912E-01  0.8922E+02  0.4644E+00  0.8843E+02  0.8843E+02
  0.4973E-01  0.8665E+02  0.5149E+00  0.8616E+02  0.8616E+02
  0.5034E-01  0.8353E+02  0.4152E+00  0.8395E+02  0.8395E+02
  0.5095E-01  0.8227E+02  0.5181E+00  0.8181E+02  0.8181E+02
  0.5156E-01  0.7940E+02  0.3821E+00  0.7973E+02  0.7973E+02
  0.5217E-01  0.7734E+02  0.4340E+00  0.7771E+02  0.7771E+02
  0.5278E-01  0.7523E+02  0.4087E+00  0.7575E+02  0.7575E+02
  0.5339E-01  0.7412E+02  0.4143E+00  0.7385E+02  0.7385E+02
  0.5400E-01  0.7196E+02  0.3904E+00  0.7200E+02  0.7200E+02
  0.5461E-01  0.7058E+02  0.4206E+00  0.7022E+02  0.7022E+02
  0.5522E-01  0.6803E+02  0.3853E+00  0.6848E+02  0.6848E+02
  0.5583E-01  0.6612E+02  0.4147E+00  0.6680E+02  0.6680E+02
  0.5644E-01  0.6475E+02  0.4181E+00  0.6517E+02  0.6517E+02
  0.5705E-01  0.6369E+02  0.3882E+00  0.6359E+02  0.6359E+02
  0.5766E-01  0.6136E+02  0.3789E+00  0.6205E+02  0.6205E+02
  0.5827E-01  0.6022E+02  0.3808E+00  0.6057E+02  0.6057E+02
  0.5888E-01  0.5873E+02  0.3986E+00  0.5913E+02  0.5913E+02
  0.5949E-01  0.5779E+02  0.3839E+00  0.5773E+02  0.5773E+02
  0.6010E-01  0.5603E+02  0.3489E+00  0.5637E+02  0.5637E+02
  0.6071E-01  0.5602E+02  0.3392E+00  0.5506E+02  0.5506E+02
  0.6132E-01  0.5421E+02  0.3678E+00  0.5378E+02  0.5378E+02
  0.6193E-01  0.5312E+02  0.3641E+00  0.5254E+02  0.5254E+02
  0.6254E-01  0.5197E+02  0.3795E+00  0.5134E+02  0.5134E+02
  0.6315E-01  0.5021E+02  0.3693E+00  0.5018E+02  0.5018E+02
  0.6376E-01  0.4953E+02  0.3880E+00  0.4904E+02  0.4904E+02
  0.6437E-01  0.4853E+02  0.3467E+00  0.4794E+02  0.4794E+02
  0.6498E-01  0.4751E+02  0.3624E+00  0.4687E+02  0.4687E+02
  0.6559E-01  0.4587E+02  0.3569E+00  0.4583E+02  0.4583E+02
  0.6620E-01  0.4437E+02  0.3397E+00  0.4482E+02  0.4482E+02
  0.6681E-01  0.4280E+02  0.3805E+00  0.4384E+02  0.4384E+02
  0.6742E-01  0.4308E+02  0.3291E+00  0.4288E+02  0.4288E+02
  0.6803E-01  0.4258E+02  0.3014E+00  0.4195E+02  0.4195E+02
  0.6864E-01  0.4096E+02  0.3466E+00  0.4105E+02  0.4105E+02
  0.6925E-01  0.4012E+02  0.2939E+00  0.4016E+02  0.4016E+02
  0.6986E-01  0.3904E+02  0.3376E+00  0.3930E+02  0.3930E+02
  0.7047E-01  0.3796E+02  0.3412E+00  0.3846E+02  0.3846E+02
  0.7108E-01  0.3700E+02  0.3267E+00  0.3764E+02  0.3764E+02
  0.7169E-01  0.3715E+02  0.3320E+00  0.3684E+02  0.3684E+02
  0.7230E-01  0.3570E+02  0.3115E+00  0.3606E+02  0.3606E+02
  0.7291E-01  0.3546E+02  0.2986E+00  0.3530E+02  0.3530E+02
  0.7352E-01  0.3490E+02  0.2919E+00  0.3456E+02  0.3456E+02
  0.7413E-01  0.3409E+02  0.2878E+00  0.3383E+02  0.3383E+02
  0.7474E-01  0.3252E+02  0.3116E+00  0.3312E+02  0.3312E+02
  0.7535E-01  0.3211E+02  0.3173E+00  0.3243E+02  0.3243E+02
  0.7596E-01  0.3161E+02  0.3330E+00  0.3175E+02  0.3175E+02
  0.7657E-01  0.3048E+02  0.2775E+00  0.3109E+02  0.3109E+02
  0.7718E-01  0.3042E+02  0.2900E+00  0.3045E+02  0.3045E+02
  0.7779E-01  0.2993E+02  0.2743E+00  0.2981E+02  0.2981E+02
  0.7840E-01  0.2938E+02  0.2747E+00  0.2920E+02  0.2920E+02
  0.7901E-01  0.2925E+02  0.2811E+00  0.2859E+02  0.2859E+02
  0.7962E-01  0.2824E+02  0.2833E+00  0.2800E+02  0.2800E+02
  0.8023E-01  0.2779E+02  0.2596E+00  0.2743E+02  0.2743E+02
  0.8084E-01  0.2751E+02  0.2791E+00  0.2687E+02  0.2687E+02
  0.8145E-01  0.2636E+02  0.2916E+00  0.2632E+02  0.2632E+02
  0.8206E-01  0.2560E+02  0.2905E+00  0.2578E+02  0.2578E+02
  0.8267E-01  0.2534E+02  0.2807E+00  0.2526E+02  0.2526E+02
  0.8328E-01  0.2397E+02  0.3206E+00  0.2475E+02  0.2475E+02
  0.8389E-01  0.2357E+02  0.2611E+00  0.2425E+02  0.2425E+02
  0.8450E-01  0.2370E+02  0.2772E+00  0.2377E+02  0.2377E+02
  0.8511E-01  0.2276E+02  0.3044E+00  0.2329E+02  0.2329E+02
  0.8572E-01  0.2268E+02  0.2615E+00  0.2283E+02  0.2283E+02
  0.8633E-01  0.2239E+02  0.2846E+00  0.2238E+02  0.2238E+02
  0.8694E-01  0.2118E+02  0.2697E+00  0.2194E+02  0.2194E+02
  0.8755E-01  0.2152E+02  0.2845E+00  0.2151E+02  0.2151E+02
  0.8816E-01  0.2061E+02  0.2566E+00  0.2110E+02  0.2110E+02
  0.8877E-01  0.2067E+02  0.2518E+00  0.2069E+02  0.2069E+02
  0.8938E-01  0.2048E+02  0.2802E+00  0.2030E+02  0.2030E+02
  0.8999E-01  0.2023E+02  0.2943E+00  0.1991E+02  0.1991E+02
  0.9060E-01  0.2028E+02  0.2835E+00  0.1953E+02  0.1953E+02
  0.9121E-01  0.1952E+02  0.2736E+00  0.1917E+02  0.1917E+02
  0.9182E-01  0.1929E+02  0.2864E+00  0.1881E+02  0.1881E+02
  0.9243E-01  0.1852E+02  0.2695E+00  0.1847E+02  0.1847E+02
  0.9304E-01  0.1874E+02  0.2628E+00  0.1813E+02  0.1813E+02
  0.9365E-01  0.1824E+02  0.2686E+00  0.1780E+02  0.1780E+02
  0.9426E-01  0.1816E+02  0.2666E+00  0.1748E+02  0.1748E+02
  0.9487E-01  0.1750E+02  0.2804E+00  0.1716E+02  0.1716E+02
  0.9548E-01  0.1719E+02  0.2792E+00  0.1686E+02  0.1686E+02
  0.9609E-01  0.1667E+02  0.2827E+00  0.1656E+02  0.1656E+02
  0.9670E-01  0.1609E+02  0.2679E+00  0.1627E+02  0.1627E+02
  0.9731E-01  0.1593E+02  0.2492E+00  0.1598E+02  0.1598E+02
  0.9792E-01  0.1600E+02  0.2598E+00  0.1571E+02  0.1571E+02
  0.9853E-01  0.1528E+02  0.2447E+00  0.1543E+02  0.1543E+02
  0.9914E-01  0.1491E+02  0.2606E+00  0.1517E+02  0.1517E+02
  0.9975E-01  0.1379E+02  0.2474E+00  0.1491E+02  0.1491E+02
  0.1004E+00  0.1420E+02  0.2446E+00  0.1466E+02  0.1466E+02
  0.1010E+00  0.1429E+02  0.2505E+00  0.1441E+02  0.1441E+02
  0.1016E+00  0.1475E+02  0.2444E+00  0.1416E+02  0.1416E+02
  0.1022E+00  0.1370E+02  0.2325E+00  0.1392E+02  0.1392E+02
  0.1028E+00  0.1345E+02  0.2416E+00  0.1369E+02  0.1369E+02
  0.1034E+00  0.1299E+02  0.2297E+00  0.1346E+02  0.1346E+02
  0.1040E+00  0.1258E+02  0.2195E+00  0.1323E+02  0.1323E+02
  0.1046E+00  0.1275E+02  0.2192E+00  0.1301E+02  0.1301E+02
  0.1052E+00  0.1247E+02  0.2037E+00  0.1279E+02  0.1279E+02
  0.1058E+00  0.1221E+02  0.2449E+00  0.1258E+02  0.1258E+02
  0.1065E+00  0.1250E+02  0.2077E+00  0.1237E+02  0.1237E+02
  0.1071E+00  0.1244E+02  0.2218E+00  0.1217E+02  0.1217E+02
  0.1077E+00  0.1242E+02  0.2317E+00  0.1196E+02  0.1196E+02
  0.1083E+00  0.1178E+02  0.2553E+00  0.1176E+02  0.1176E+02
  0.1089E+00  0.1182E+02  0.2235E+00  0.1157E+02  0.1157E+02
  0.1095E+00  0.1162E+02  0.2300E+00  0.1138E+02  0.1138E+02
  0.1101E+00  0.1151E+02  0.2416E+00  0.1119E+02  0.1119E+02
  0.1107E+00  0.1109E+02  0.2321E+00  0.1100E+02  0.1100E+02
  0.1113E+00  0.1123E+02  0.2239E+00  0.1082E+02  0.1082E+02
  0.1119E+00  0.1097E+02  0.2210E+00  0.1064E+02  0.1064E+02
  0.1126E+00  0.1090E+02  0.2286E+00  0.1046E+02  0.1046E+02
  0.1132E+00  0.1010E+02  0.2251E+00  0.1029E+02  0.1029E+02
  0.1138E+00  0.1048E+02  0.2373E+00  0.1012E+02  0.1012E+02
  0.1144E+00  0.9728E+01  0.2138E+00  0.9957E+01  0.9957E+01
  0.1150E+00  0.1003E+02  0.2421E+00  0.9794E+01  0.9794E+01
  0.1156E+00  0.9725E+01  0.2132E+00  0.9634E+01  0.9634E+01
  0.1162E+00  0.8784E+01  0.2085E+00  0.9478E+01  0.9478E+01
  0.1168E+00  0.9063E+01  0.1983E+00  0.9324E+01  0.9324E+01
  0.1174E+00  0.9628E+01  0.2270E+00  0.9174E+01  0.9174E+01
  0.1180E+00  0.8695E+01  0.2065E+00  0.9027E+01  0.9027E+01
  0.1187E+00  0.9023E+01  0.2026E+00  0.8883E+01  0.8883E+01
  0.1193E+00  0.9105E+01  0.2118E+00  0.8742E+01  0.8742E+01
  0.1199E+00  0.8572E+01  0.1969E+00  0.8603E+01  0.8603E+01
  0.1205E+00  0.8513E+01  0.2037E+00  0.8468E+01  0.8468E+01
  0.1211E+00  0.8083E+01  0.2284E+00  0.8337E+01  0.8337E+01
  0.1217E+00  0.8285E+01  0.2182E+00  0.8207E+01  0.8207E+01
  0.1223E+00  0.7826E+01  0.2278E+00  0.8080E+01  0.8080E+01
  0.1229E+00  0.7474E+01  0.2235E+00  0.7957E+01  0.7957E+01
  0.1235E+00  0.7822E+01  0.2013E+00  0.7836E+01  0.7836E+01
  0.1241E+00  0.7607E+01  0.2276E+00  0.7718E+01  0.7718E+01
  0.1248E+00  0.7612E+01  0.1992E+00  0.7602E+01  0.7602E+01
  0.1254E+00  0.7531E+01  0.2117E+00  0.7489E+01  0.7489E+01
  0.1260E+00  0.7562E+01  0.2097E+00  0.7379E+01  0.7379E+01
  0.1266E+00  0.7364E+01  0.2118E+00  0.7271E+01  0.7271E+01
  0.1272E+00  0.7400E+01  0.2008E+00  0.7165E+01  0.7165E+01
  0.1278E+00  0.7076E+01  0.2208E+00  0.7062E+01  0.7062E+01
  0.1284E+00  0.6956E+01  0.2161E+00  0.6961E+01  0.6961E+01
  0.1290E+00  0.6727E+01  0.1997E+00  0.6862E+01  0.6862E+01
  0.1296E+00  0.6849E+01  0.2039E+00  0.6765E+01  0.6765E+01
  0.1302E+00  0.6391E+01  0.2090E+00  0.6670E+01  0.6670E+01
  0.1309E+00  0.6434E+01  0.1998E+00  0.6577E+01  0.6577E+01
  0.1315E+00  0.6588E+01  0.2014E+00  0.6486E+01  0.6486E+01
  0.1321E+00  0.6548E+01  0.2085E+00  0.6397E+01  0.6397E+01
  0.1327E+00  0.6140E+01  0.2099E+00  0.6310E+01  0.6310E+01
  0.1333E+00  0.6488E+01  0.2287E+00  0.6224E+01  0.6224E+01
  0.1339E+00  0.5893E+01  0.2010E+00  0.6140E+01  0.6140E+01
  0.1345E+00  0.6153E+01  0.2037E+00  0.6058E+01  0.6058E+01
  0.1351E+00  0.6520E+01  0.2123E+00  0.5977E+01  0.5977E+01
  0.1357E+00  0.6202E+01  0.2067E+00  0.5898E+01  0.5898E+01
  0.1363E+00  0.6025E+01  0.1871E+00  0.5820E+01  0.5820E+01
  0.1370E+00  0.5297E+01  0.2028E+00  0.5743E+01  0.5743E+01
  0.1376E+00  0.5438E+01  0.1965E+00  0.5668E+01  0.5668E+01
  0.1382E+00  0.5340E+01  0.1969E+00  0.5595E+01  0.5595E+01
  0.1388E+00  0.4950E+01  0.2038E+00  0.5522E+01  0.5522E+01
  0.1394E+00  0.5282E+01  0.2071E+00  0.5451E+01  0.5451E+01
  0.1400E+00  0.4852E+01  0.2093E+00  0.5380E+01  0.5380E+01
  0.1406E+00  0.5283E+01  0.2187E+00  0.5311E+01  0.5311E+01
  0.1412E+00  0.4909E+01  0.2101E+00  0.5244E+01  0.5244E+01
  0.1418E+00  0.5497E+01  0.2351E+00  0.5177E+01  0.5177E+01
  0.1424E+00  0.5360E+01  0.2178E+00  0.5111E+01  0.5111E+01
  0.1431E+00  0.5508E+01  0.2043E+00  0.5046E+01  0.5046E+01
  0.1437E+00  0.5242E+01  0.2070E+00  0.4982E+01  0.4982E+01
  0.1443E+00  0.5268E+01  0.2233E+00  0.4919E+01  0.4919E+01
  0.1449E+00  0.4909E+01  0.2143E+00  0.4857E+01  0.4857E+01
  0.1455E+00  0.4994E+01  0.2120E+00  0.4796E+01  0.4796E+01
  0.1461E+00  0.4790E+01  0.2109E+00  0.4736E+01  0.4736E+01
  0.1467E+00  0.4970E+01  0.1812E+00  0.4676E+01  0.4676E+01
  0.1473E+00  0.4428E+01  0.1978E+00  0.4618E+01  0.4618E+01
  0.1479E+00  0.4541E+01  0.1901E+00  0.4560E+01  0.4560E+01
  0.1485E+00  0.4989E+01  0.1896E+00  0.4503E+01  0.4503E+01
  0.1492E+00  0.4977E+01  0.1870E+00  0.4446E+01  0.4446E+01
  0.1498E+00  0.4933E+01  0.1947E+00  0.4390E+01  0.4390E+01
  0.1504E+00  0.4506E+01  0.1856E+00  0.4335E+01  0.4335E+01
  0.1510E+00  0.4332E+01  0.1811E+00  0.4280E+01  0.4280E+01
  0.1516E+00  0.4139E+01  0.1826E+00  0.4227E+01  0.4227E+01
  0.1522E+00  0.3467E+01  0.1856E+00  0.4174E+01  0.4174E+01
  0.1528E+00  0.3918E+01  0.1919E+00  0.4121E+01  0.4121E+01
  0.1534E+00  0.3594E+01  0.1785E+00  0.4068E+01  0.4068E+01
  0.1540E+00  0.3284E+01  0.1875E+00  0.4017E+01  0.4017E+01
  0.1546E+00  0.3340E+01  0.1797E+00  0.3966E+01  0.3966E+01
  0.1553E+00  0.3787E+01  0.1708E+00  0.3915E+01  0.3915E+01
  0.1559E+00  0.3838E+01  0.1774E+00  0.3865E+01  0.3865E+01
  0.1565E+00  0.3903E+01  0.1800E+00  0.3816E+01  0.3816E+01
  0.1571E+00  0.3675E+01  0.1797E+00  0.3767E+01  0.3767E+01
  0.1577E+00  0.3522E+01  0.1768E+00  0.3718E+01  0.3718E+01
  0.1583E+00  0.4061E+01  0.1603E+00  0.3670E+01  0.3670E+01
  0.1589E+00  0.3882E+01  0.1823E+00  0.3623E+01  0.3623E+01
  0.1595E+00  0.3751E+01  0.1651E+00  0.3576E+01  0.3576E+01
  0.1601E+00  0.3747E+01  0.1731E+00  0.3530E+01  0.3530E+01
  0.1607E+00  0.3327E+01  0.1795E+00  0.3484E+01  0.3484E+01
  0.1614E+00  0.3375E+01  0.1796E+00  0.3439E+01  0.3439E+01
  0.1620E+00  0.3424E+01  0.1753E+00  0.3394E+01  0.3394E+01
  0.1626E+00  0.3251E+01  0.1726E+00  0.3350E+01  0.3350E+01
  0.1632E+00  0.3527E+01  0.1735E+00  0.3307E+01  0.3307E+01
  0.1638E+00  0.3279E+01  0.1779E+00  0.3264E+01  0.3264E+01
  0.1644E+00  0.3342E+01  0.1783E+00  0.3222E+01  0.3222E+01
  0.1650E+00  0.3127E+01  0.1729E+00  0.3180E+01  0.3180E+01
  0.1656E+00  0.2866E+01  0.1725E+00  0.3139E+01  0.3139E+01
  0.1662E+00  0.3380E+01  0.1707E+00  0.3099E+01  0.3099E+01
  0.1668E+00  0.2935E+01  0.1707E+00  0.3059E+01  0.3059E+01
  0.1675E+00  0.2838E+01  0.1580E+00  0.3021E+01  0.3021E+01
  0.1681E+00  0.3365E+01  0.1797E+00  0.2982E+01  0.2982E+01
  0.1687E+00  0.3024E+01  0.1630E+00  0.2945E+01  0.2945E+01
  0.1693E+00  0.3031E+01  0.1705E+00  0.2908E+01  0.2908E+01
  0.1699E+00  0.3210E+01  0.1766E+00  0.2872E+01  0.2872E+01
  0.1705E+00  0.3052E+01  0.1690E+00  0.2836E+01  0.2836E+01
  0.1711E+00  0.2731E+01  0.1730E+00  0.2801E+01  0.2801E+01
  0.1717E+00  0.3134E+01  0.1669E+00  0.2767E+01  0.2767E+01
  0.1723E+00  0.2513E+01  0.1642E+00  0.2734E+01  0.2734E+01
  0.1729E+00  0.2187E+01  0.1625E+00  0.2701E+01  0.2701E+01
  0.1736E+00  0.2327E+01  0.1692E+00  0.2669E+01  0.2669E+01
  0.1742E+00  0.2969E+01  0.1760E+00  0.2637E+01  0.2637E+01
  0.1748E+00  0.2499E+01  0.1844E+00  0.2606E+01  0.2606E+01
  0.1754E+00  0.2571E+01  0.1794E+00  0.2576E+01  0.2576E+01
  0.1760E+00  0.2590E+01  0.1771E+00  0.2546E+01  0.2546E+01
  0.1766E+00  0.2831E+01  0.1698E+00  0.2517E+01  0.2517E+01
  0.1772E+00  0.2438E+01  0.1775E+00  0.2488E+01  0.2488E+01
  0.1778E+00  0.2243E+01  0.1641E+00  0.2460E+01  0.2460E+01
  0.1784E+00  0.2158E+01  0.1774E+00  0.2432E+01  0.2432E+01
  0.1790E+00  0.2039E+01  0.1861E+00  0.2405E+01  0.2405E+01
  0.1797E+00  0.2206E+01  0.1622E+00  0.2378E+01  0.2378E+01
  0.1803E+00  0.2064E+01  0.1572E+00  0.2352E+01  0.2352E+01
  0.1809E+00  0.2436E+01  0.1793E+00  0.2326E+01  0.2326E+01
  0.1815E+00  0.2301E+01  0.1831E+00  0.2300E+01  0.2300E+01
  0.1821E+00  0.2463E+01  0.1758E+00  0.2275E+01  0.2275E+01
  0.1827E+00  0.2498E+01  0.1601E+00  0.2250E+01  0.2250E+01
  0.1833E+00  0.2753E+01  0.1593E+00  0.2225E+01  0.2225E+01
  0.1839E+00  0.2212E+01  0.1676E+00  0.2201E+01  0.2201E+01
  0.1845E+00  0.2092E+01  0.2116E+00  0.2177E+01  0.2177E+01
  0.1851E+00  0.2258E+01  0.1934E+00  0.2153E+01  0.2153E+01
  0.1858E+00  0.2149E+01  0.1564E+00  0.2129E+01  0.2129E+01
  0.1864E+00  0.2018E+01  0.1726E+00  0.2106E+01  0.2106E+01
  0.1870E+00  0.2062E+01  0.1592E+00  0.2083E+01  0.2083E+01
  0.1876E+00  0.1856E+01  0.1767E+00  0.2060E+01  0.2060E+01
  0.1882E+00  0.1996E+01  0.1642E+00  0.2038E+01  0.2038E+01
  0.1888E+00  0.1864E+01  0.1604E+00  0.2015E+01  0.2015E+01
  0.1894E+00  0.1891E+01  0.1853E+00  0.1993E+01  0.1993E+01
  0.1900E+00  0.1945E+01  0.1046E+00  0.1971E+01  0.1971E+01
  0.1906E+00  0.1725E+01  0.5227E+00  0.1950E+01  0.1950E+01
  0.1912E+00  0.1679E+01  0.3028E+00  0.1929E+01  0.1929E+01
  0.1919E+00  0.1914E+01  0.1713E+00  0.1908E+01  0.1908E+01
  0.1925E+00  0.1962E+01  0.2397E+00  0.1887E+01  0.1887E+01
  0.1931E+00  0.2289E+01  0.1761E+00  0.1866E+01  0.1866E+01
  0.1937E+00  0.2055E+01  0.1558E+00  0.1846E+01  0.1846E+01
  0.1943E+00  0.1746E+01  0.1580E+00  0.1826E+01  0.1826E+01
  0.1949E+00  0.1951E+01  0.1529E+00  0.1807E+01  0.1807E+01
  0.1955E+00  0.1795E+01  0.1664E+00  0.1788E+01  0.1788E+01
  0.1961E+00  0.1654E+01  0.1581E+00  0.1769E+01  0.1769E+01
  0.1967E+00  0.1776E+01  0.1674E+00  0.1751E+01  0.1751E+01
  0.1973E+00  0.1753E+01  0.1563E+00  0.1732E+01  0.1732E+01
  0.1980E+00  0.1650E+01  0.1578E+00  0.1715E+01  0.1715E+01
  0.1986E+00  0.1710E+01  0.1656E+00  0.1697E+01  0.1697E+01
  0.1992E+00  0.1392E+01  0.1623E+00  0.1680E+01  0.1680E+01
  0.1998E+00  0.1296E+01  0.1552E+00  0.1663E+01  0.1663E+01
  0.2004E+00  0.1572E+01  0.1565E+00  0.1647E+01  0.1647E+01
  0.2010E+00  0.1664E+01  0.1556E+00  0.1631E+01  0.1631E+01
  0.2016E+00  0.1777E+01  0.1471E+00  0.1615E+01  0.1615E+01
  0.2022E+00  0.1818E+01  0.1523E+00  0.1599E+01  0.1599E+01
  0.2028E+00  0.1841E+01  0.1487E+00  0.1584E+01  0.1584E+01
  0.2034E+00  0.1529E+01  0.1515E+00  0.1569E+01  0.1569E+01
  0.2041E+00  0.1518E+01  0.1497E+00  0.1554E+01  0.1554E+01
  0.2047E+00  0.1458E+01  0.1517E+00  0.1539E+01  0.1539E+01
  0.2053E+00  0.1682E+01  0.1485E+00  0.1525E+01  0.1525E+01
  0.2059E+00  0.1388E+01  0.1515E+00  0.1511E+01  0.1511E+01
  0.2065E+00  0.1164E+01  0.1523E+00  0.1497E+01  0.1497E+01
  0.2071E+00  0.1420E+01  0.1486E+00  0.1483E+01  0.1483E+01
  0.2077E+00  0.1519E+01  0.1480E+00  0.1469E+01  0.1469E+01
  0.2083E+00  0.1777E+01  0.1555E+00  0.1454E+01  0.1454E+01
  0.2089E+00  0.1578E+01  0.1473E+00  0.1441E+01  0.1441E+01
  0.2095E+00  0.1808E+01  0.1526E+00  0.1427E+01  0.1427E+01
  0.2102E+00  0.1309E+01  0.1527E+00  0.1413E+01  0.1413E+01
  0.2108E+00  0.1327E+01  0.1485E+00  0.1399E+01  0.1399E+01
  0.2114E+00  0.1332E+01  0.1555E+00  0.1385E+01  0.1385E+01
  0.2120E+00  0.1236E+01  0.1497E+00  0.1371E+01  0.1371E+01
  0.2126E+00  0.1372E+01  0.1492E+00  0.1356E+01  0.1356E+01
  0.2132E+00  0.1146E+01  0.1519E+00  0.1342E+01  0.1342E+01
  0.2138E+00  0.1326E+01  0.1468E+00  0.1328E+01  0.1328E+01
  0.2144E+00  0.1340E+01  0.1385E+00  0.1313E+01  0.1313E+01
  0.2150E+00  0.1316E+01  0.1536E+00  0.1299E+01  0.1299E+01
  0.2156E+00  0.1385E+01  0.1488E+00  0.1284E+01  0.1284E+01
  0.2163E+00  0.1193E+01  0.1554E+00  0.1269E+01  0.1269E+01
  0.2169E+00  0.1328E+01  0.1589E+00  0.1255E+01  0.1255E+01
  0.2175E+00  0.1263E+01  0.1557E+00  0.1240E+01  0.1240E+01
  0.2181E+00  0.6752E+00  0.1449E+00  0.1225E+01  0.1225E+01
  0.2187E+00  0.1107E+01  0.1489E+00  0.1211E+01  0.1211E+01
  0.2193E+00  0.1099E+01  0.1437E+00  0.1196E+01  0.1196E+01
  0.2199E+00  0.1054E+01  0.1469E+00  0.1182E+01  0.1182E+01
  0.2205E+00  0.1340E+01  0.1567E+00  0.1168E+01  0.1168E+01
  0.2211E+00  0.1326E+01  0.1493E+00  0.1153E+01  0.1153E+01
  0.2217E+00  0.1309E+01  0.1518E+00  0.1139E+01  0.1139E+01
  0.2224E+00  0.1193E+01  0.1517E+00  0.1126E+01  0.1126E+01
  0.2230E+00  0.1173E+01  0.1504E+00  0.1113E+01  0.1113E+01
  0.2236E+00  0.1247E+01  0.1438E+00  0.1100E+01  0.1100E+01
  0.2242E+00  0.7378E+00  0.1511E+00  0.1088E+01  0.1088E+01
  0.2248E+00  0.8439E+00  0.1441E+00  0.1076E+01  0.1076E+01
  0.2254E+00  0.1065E+01  0.1434E+00  0.1064E+01  0.1064E+01
  0.2260E+00  0.9354E+00  0.1471E+00  0.1053E+01  0.1053E+01
  0.2266E+00  0.1384E+01  0.1479E+00  0.1043E+01  0.1043E+01
  0.2272E+00  0.1446E+01  0.1413E+00  0.1033E+01  0.1033E+01
  0.2278E+00  0.1285E+01  0.1451E+00  0.1024E+01  0.1024E+01
  0.2285E+00  0.1172E+01  0.1429E+00  0.1016E+01  0.1016E+01
  0.2291E+00  0.1227E+01  0.1354E+00  0.1008E+01  0.1008E+01
  0.2297E+00  0.1007E+01  0.1422E+00  0.1001E+01  0.1001E+01
  0.2303E+00  0.8685E+00  0.1363E+00  0.9945E+00  0.9945E+00
  0.2309E+00  0.8659E+00  0.1464E+00  0.9889E+00  0.9889E+00
  0.2315E+00  0.8658E+00  0.1463E+00  0.9841E+00  0.9841E+00
  0.2321E+00  0.8747E+00  0.1446E+00  0.9802E+00  0.9802E+00
  0.2327E+00  0.9484E+00  0.1454E+00  0.9765E+00  0.9765E+00
  0.2333E+00  0.1063E+01  0.1438E+00  0.9741E+00  0.9741E+00
  0.2339E+00  0.1010E+01  0.1330E+00  0.9720E+00  0.9720E+00
  0.2346E+00  0.8331E+00  0.1462E+00  0.9707E+00  0.9707E+00
  0.2352E+00  0.4967E+00  0.1460E+00  0.9700E+00  0.9700E+00
  0.2358E+00  0.1065E+01  0.1381E+00  0.9699E+00  0.9699E+00
  0.2364E+00  0.8578E+00  0.1400E+00  0.9703E+00  0.9703E+00
  0.2370E+00  0.7686E+00  0.1406E+00  0.9713E+00  0.9713E+00
  0.2376E+00  0.8908E+00  0.1390E+00  0.9727E+00  0.9727E+00
  0.2382E+00  0.6268E+00  0.1463E+00  0.9745E+00  0.9745E+00
  0.2388E+00  0.7059E+00  0.1421E+00  0.9767E+00  0.9767E+00
  0.2394E+00  0.9131E+00  0.1342E+00  0.9791E+00  0.9791E+00
  0.2400E+00  0.1108E+01  0.1390E+00  0.9818E+00  0.9818E+00
  0.2407E+00  0.1068E+01  0.1384E+00  0.9847E+00  0.9847E+00
  0.2413E+00  0.1139E+01  0.1323E+00  0.9877E+00  0.9877E+00
  0.2419E+00  0.1165E+01  0.1298E+00  0.9905E+00  0.9905E+00
  0.2425E+00  0.9385E+00  0.1425E+00  0.9937E+00  0.9937E+00
  0.2431E+00  0.7891E+00  0.1345E+00  0.9967E+00  0.9967E+00
  0.2437E+00  0.1009E+01  0.1392E+00  0.9996E+00  0.9996E+00
  0.2443E+00  0.1157E+01  0.1341E+00  0.1002E+01  0.1002E+01
  0.2449E+00  0.1201E+01  0.1376E+00  0.1005E+01  0.1005E+01
  0.2455E+00  0.1164E+01  0.1438E+00  0.1007E+01  0.1007E+01
  0.2461E+00  0.1005E+01  0.1458E+00  0.1009E+01  0.1009E+01
  0.2468E+00  0.1171E+01  0.1442E+00  0.1010E+01  0.1010E+01
  0.2474E+00  0.1146E+01  0.1415E+00  0.1011E+01  0.1011E+01
  0.2480E+00  0.1133E+01  0.1469E+00  0.1012E+01  0.1012E+01
  0.2486E+00  0.1034E+01  0.1339E+00  0.1012E+01  0.1012E+01
  0.2492E+00  0.1162E+01  0.1370E+00  0.1012E+01  0.1012E+01
  0.2498E+00  0.1329E+01  0.1412E+00  0.1011E+01  0.1011E+01
  0.2504E+00  0.8487E+00  0.1301E+00  0.1010E+01  0.1010E+01
  0.2510E+00  0.9060E+00  0.1357E+00  0.1008E+01  0.1008E+01
  0.2516E+00  0.9278E+00  0.1351E+00  0.1006E+01  0.1006E+01
  0.2522E+00  0.8025E+00  0.1321E+00  0.1003E+01  0.1003E+01
  0.2529E+00  0.8382E+00  0.1359E+00  0.1000E+01  0.1000E+01

           Distance distribution  function of particle  


       R          P(R)      ERROR

  0.0000E+00  0.0000E+00  0.0000E+00
  0.2200E+01  0.1426E-01  0.3686E-03
  0.4400E+01  0.3458E-01  0.3997E-03
  0.6600E+01  0.6030E-01  0.2005E-03
  0.8800E+01  0.9037E-01  0.1679E-03
  0.1100E+02  0.1235E+00  0.4348E-03
  0.1320E+02  0.1581E+00  0.5809E-03
  0.1540E+02  0.1928E+00  0.5485E-03
  0.1760E+02  0.2260E+00  0.3702E-03
  0.1980E+02  0.2567E+00  0.2415E-03
  0.2200E+02  0.2840E+00  0.4197E-03
  0.2420E+02  0.3074E+00  0.6097E-03
  0.2640E+02  0.3268E+00  0.6611E-03
  0.2860E+02  0.3426E+00  0.5637E-03
  0.3080E+02  0.3552E+00  0.4238E-03
  0.3300E+02  0.3652E+00  0.4726E-03
  0.3520E+02  0.3732E+00  0.6754E-03
  0.3740E+02  0.3797E+00  0.8215E-03
  0.3960E+02  0.3849E+00  0.8250E-03
  0.4180E+02  0.3888E+00  0.7011E-03
  0.4400E+02  0.3913E+00  0.5664E-03
  0.4620E+02  0.3921E+00  0.5882E-03
  0.4840E+02  0.3910E+00  0.7216E-03
  0.5060E+02  0.3878E+00  0.7962E-03
  0.5280E+02  0.3826E+00  0.7415E-03
  0.5500E+02  0.3754E+00  0.6081E-03
  0.5720E+02  0.3668E+00  0.5807E-03
  0.5940E+02  0.3572E+00  0.7661E-03
  0.6160E+02  0.3472E+00  0.9997E-03
  0.6380E+02  0.3373E+00  0.1146E-02
  0.6600E+02  0.3277E+00  0.1172E-02
  0.6820E+02  0.3185E+00  0.1122E-02
  0.7040E+02  0.3095E+00  0.1081E-02
  0.7260E+02  0.3005E+00  0.1102E-02
  0.7480E+02  0.2911E+00  0.1149E-02
  0.7700E+02  0.2810E+00  0.1160E-02
  0.7920E+02  0.2702E+00  0.1124E-02
  0.8140E+02  0.2588E+00  0.1092E-02
  0.8360E+02  0.2468E+00  0.1127E-02
  0.8580E+02  0.2348E+00  0.1219E-02
  0.8800E+02  0.2232E+00  0.1300E-02
  0.9020E+02  0.2123E+00  0.1315E-02
  0.9240E+02  0.2022E+00  0.1267E-02
  0.9460E+02  0.1930E+00  0.1208E-02
  0.9680E+02  0.1845E+00  0.1188E-02
  0.9900E+02  0.1762E+00  0.1209E-02
  0.1012E+03  0.1678E+00  0.1235E-02
  0.1034E+03  0.1589E+00  0.1246E-02
  0.1056E+03  0.1495E+00  0.1267E-02
  0.1078E+03  0.1397E+00  0.1333E-02
  0.1100E+03  0.1297E+00  0.1439E-02
  0.1122E+03  0.1200E+00  0.1544E-02
  0.1144E+03  0.1111E+00  0.1613E-02
  0.1166E+03  0.1033E+00  0.1648E-02
  0.1188E+03  0.9688E-01  0.1678E-02
  0.1210E+03  0.9165E-01  0.1727E-02
  0.1232E+03  0.8733E-01  0.1785E-02
  0.1254E+03  0.8343E-01  0.1818E-02
  0.1276E+03  0.7944E-01  0.1803E-02
  0.1298E+03  0.7494E-01  0.1748E-02
  0.1320E+03  0.6972E-01  0.1677E-02
  0.1342E+03  0.6381E-01  0.1610E-02
  0.1364E+03  0.5751E-01  0.1543E-02
  0.1386E+03  0.5127E-01  0.1472E-02
  0.1408E+03  0.4557E-01  0.1413E-02
  0.1430E+03  0.4082E-01  0.1411E-02
  0.1452E+03  0.3722E-01  0.1486E-02
  0.1474E+03  0.3472E-01  0.1606E-02
  0.1496E+03  0.3304E-01  0.1718E-02
  0.1518E+03  0.3175E-01  0.1798E-02
  0.1540E+03  0.3040E-01  0.1861E-02
  0.1562E+03  0.2862E-01  0.1932E-02
  0.1584E+03  0.2628E-01  0.2008E-02
  0.1606E+03  0.2346E-01  0.2054E-02
  0.1628E+03  0.2046E-01  0.2033E-02
  0.1650E+03  0.1769E-01  0.1947E-02
  0.1672E+03  0.1558E-01  0.1840E-02
  0.1694E+03  0.1439E-01  0.1774E-02
  0.1716E+03  0.1418E-01  0.1774E-02
  0.1738E+03  0.1476E-01  0.1819E-02
  0.1760E+03  0.1575E-01  0.1883E-02
  0.1782E+03  0.1667E-01  0.1973E-02
  0.1804E+03  0.1707E-01  0.2103E-02
  0.1826E+03  0.1666E-01  0.2247E-02
  0.1848E+03  0.1539E-01  0.2336E-02
  0.1870E+03  0.1347E-01  0.2305E-02
  0.1892E+03  0.1125E-01  0.2150E-02
  0.1914E+03  0.9179E-02  0.1960E-02
  0.1936E+03  0.7630E-02  0.1893E-02
  0.1958E+03  0.6795E-02  0.2027E-02
  0.1980E+03  0.6643E-02  0.2251E-02
  0.2002E+03  0.6933E-02  0.2407E-02
  0.2024E+03  0.7304E-02  0.2428E-02
  0.2046E+03  0.7402E-02  0.2384E-02
  0.2068E+03  0.7001E-02  0.2449E-02
  0.2090E+03  0.6079E-02  0.2735E-02
  0.2112E+03  0.4815E-02  0.3130E-02
  0.2134E+03  0.3491E-02  0.3361E-02
  0.2156E+03  0.2332E-02  0.3122E-02
  0.2178E+03  0.1314E-02  0.2101E-02
  0.2200E+03  0.0000E+00  0.0000E+00
          Reciprocal space: Rg =   52.61     , I(0) =   0.4111E+03
     Real space: Rg =   52.93 +- 0.416  I(0) =   0.4111E+03 +-  0.1790E+01
