
           ####    G N O M   ---   Version 4.6                       ####

                                                    10-Sep-2012   10:53:44
           ===    Run No   1   ===
 Run title:  Radius	                 Ubq-GDn-HCl


 Standard deviations are estimated by polynomial smoothing


          To optimize the performance, some input data points 
           have been joined. New number of points equals to 419

   *******    Input file(s) : RJ.dat
           Condition P(rmin) = 0 is used. 
           Condition P(rmax) = 0 is used. 

          Highest ALPHA is found to be   0.1683E+00

  The measure of inconsistency AN1 equals to    0.9920E+00
     Alpha    Discrp  Oscill  Stabil  Sysdev  Positv  Valcen    Total   
  0.1683E+03  4.1230  1.1579  0.3672  0.0191  1.0000  0.8543  0.37517
  0.3366E+02  2.0329  1.2438  0.1010  0.4306  1.0000  0.8248  0.47048
  0.6731E+01  1.3961  1.4167  0.1040  0.7273  1.0000  0.7728  0.40169
  0.1346E+01  1.1657  1.6388  0.0806  0.8038  1.0000  0.7383  0.38260
  0.2693E+00  1.0880  1.9766  0.1422  0.8804  1.0000  0.7320  0.28558
  0.5385E-01  1.0127  2.9679  0.2231  0.8852  1.0000  0.7180  0.22138
  0.1077E-01  0.9695  4.0365  0.2118  0.9426  0.9985  0.6930  0.33130
  0.2154E-02  0.9418  5.5824  0.4929  0.9713  0.9672  0.6281  0.37089
  0.4308E-03  0.9114  6.7597  0.3293  0.9904  0.8942  0.5730  0.33914
  0.8616E-04  0.8979  8.3280  0.5802  0.9761  0.8442  0.5243  0.31936
  0.1723E-04  0.8782  8.6414  0.8464  0.9761  0.7719  0.4400  0.31081
  0.3447E-05  0.8479  8.0166  0.4304  0.9426  0.7268  0.4059  0.26467
  0.6893E-06  0.8357  8.5007  0.2514  0.9617  0.7185  0.4050  0.32137
  0.1379E-06  0.8303 10.2714  0.8545  0.9522  0.7139  0.4020  0.31929
  0.2757E-07  0.8172  9.1306  0.7421  0.9522  0.7126  0.4183  0.32181
  0.5514E-08  0.8030  8.7607  0.3137  0.9522  0.7119  0.4203  0.32460
  0.1103E-08  0.7993  9.3603  0.2231  0.9522  0.7101  0.4312  0.33282
  0.2206E-09  0.7978 11.4263  0.8472  0.9426  0.7054  0.4530  0.27397
  0.4412E-10  0.7939 10.0525  0.7638  0.9426  0.7032  0.3981  0.27458
  0.8823E-11  0.7895  9.4557  0.3526  0.9522  0.7031  0.4119  0.32646
  0.1765E-11  0.7881  9.6204  0.3222  0.9522  0.7065  0.4605  0.32684
  0.3529E-12  0.7866 11.6447  0.7882  0.9522  0.7323  0.5009  0.32724
  0.7058E-13  0.7803 13.0687  0.8629  0.9522  0.7439  0.4347  0.00000

          ***  Golden section search to maximize estimate ***
     Alpha    Discrp  Oscill  Stabil  Sysdev  Positv  Valcen    Total   
  0.1820E+02  1.7082  1.2998  0.0859  0.5167  1.0000  0.8063  0.47663
  0.1245E+02  1.5679  1.3408  0.0925  0.6507  1.0000  0.7935  0.44941
  0.2302E+02  1.8144  1.2769  0.0866  0.4976  1.0000  0.8137  0.48403
  0.2661E+02  1.8901  1.2637  0.0899  0.4976  1.0000  0.8181  0.48294
  0.2104E+02  1.7717  1.2854  0.0857  0.5263  1.0000  0.8109  0.48241
  0.2433E+02  1.8423  1.2718  0.0875  0.5167  1.0000  0.8154  0.48418
  0.2518E+02  1.8602  1.2686  0.0883  0.5072  1.0000  0.8165  0.48393
  0.2382E+02  1.8315  1.2737  0.0871  0.5072  1.0000  0.8148  0.48421
  0.2351E+02  1.8249  1.2749  0.0869  0.4976  1.0000  0.8144  0.48417
  0.2401E+02  1.8356  1.2730  0.0873  0.5167  1.0000  0.8150  0.48421
  0.2413E+02  1.8382  1.2725  0.0874  0.5167  1.0000  0.8152  0.48420
  0.2394E+02  1.8341  1.2732  0.0872  0.5072  1.0000  0.8149  0.48421
  0.2389E+02  1.8331  1.2734  0.0872  0.5072  1.0000  0.8149  0.48421
  0.2394E+02  1.8341  1.2732  0.0872  0.5072  1.0000  0.8149  0.48421



             ####            Final results            ####

 Parameter    DISCRP    OSCILL    STABIL    SYSDEV    POSITV    VALCEN
 Weight        1.000     3.000     3.000     3.000     1.000     1.000
 Sigma         0.300     0.600     0.120     0.120     0.120     0.120
 Ideal         0.700     1.100     0.000     1.000     1.000     0.950
 Current       1.834     1.273     0.087     0.507     1.000     0.815
                - - - - - - - - - - - - - - - - - - - - - - - - - 
 Estimate      0.000     0.920     0.590     0.000     1.000     0.282

  Angular   range    :     from    0.0231   to    0.1500
  Real space range   :     from      0.00   to     90.00

  Highest ALPHA (theor) :   0.168E+03                 JOB = 0
  Current ALPHA         :   0.239E+02   Rg :  0.304E+02   I(0) :   0.354E-02

           Total  estimate : 0.484  which is  A SUSPICIOUS  solution

      S          J EXP       ERROR       J REG       I REG

  0.0000E+00                                      0.3538E-02
  0.8267E-03                                      0.3538E-02
  0.1653E-02                                      0.3535E-02
  0.2480E-02                                      0.3532E-02
  0.3307E-02                                      0.3527E-02
  0.4134E-02                                      0.3520E-02
  0.4960E-02                                      0.3512E-02
  0.5787E-02                                      0.3502E-02
  0.6614E-02                                      0.3491E-02
  0.7440E-02                                      0.3478E-02
  0.8267E-02                                      0.3464E-02
  0.9094E-02                                      0.3449E-02
  0.9921E-02                                      0.3432E-02
  0.1075E-01                                      0.3414E-02
  0.1157E-01                                      0.3395E-02
  0.1240E-01                                      0.3374E-02
  0.1323E-01                                      0.3352E-02
  0.1405E-01                                      0.3329E-02
  0.1488E-01                                      0.3305E-02
  0.1571E-01                                      0.3279E-02
  0.1653E-01                                      0.3252E-02
  0.1736E-01                                      0.3224E-02
  0.1819E-01                                      0.3196E-02
  0.1901E-01                                      0.3166E-02
  0.1984E-01                                      0.3135E-02
  0.2067E-01                                      0.3103E-02
  0.2149E-01                                      0.3070E-02
  0.2232E-01                                      0.3037E-02
  0.2315E-01  0.4136E-02  0.1343E-03  0.3003E-02  0.3003E-02
  0.2345E-01  0.3725E-02  0.1454E-03  0.2990E-02  0.2990E-02
  0.2376E-01  0.4148E-02  0.1641E-03  0.2977E-02  0.2977E-02
  0.2406E-01  0.4080E-02  0.1879E-03  0.2964E-02  0.2964E-02
  0.2436E-01  0.4158E-02  0.2146E-03  0.2951E-02  0.2951E-02
  0.2467E-01  0.4204E-02  0.2418E-03  0.2938E-02  0.2938E-02
  0.2497E-01  0.3904E-02  0.2670E-03  0.2924E-02  0.2924E-02
  0.2527E-01  0.4085E-02  0.2849E-03  0.2911E-02  0.2911E-02
  0.2558E-01  0.3655E-02  0.2690E-03  0.2898E-02  0.2898E-02
  0.2588E-01  0.2930E-02  0.2767E-03  0.2884E-02  0.2884E-02
  0.2618E-01  0.3644E-02  0.2899E-03  0.2870E-02  0.2870E-02
  0.2649E-01  0.3479E-02  0.2978E-03  0.2857E-02  0.2857E-02
  0.2679E-01  0.3436E-02  0.2928E-03  0.2843E-02  0.2843E-02
  0.2709E-01  0.3111E-02  0.2876E-03  0.2829E-02  0.2829E-02
  0.2740E-01  0.3348E-02  0.2660E-03  0.2815E-02  0.2815E-02
  0.2770E-01  0.3869E-02  0.2489E-03  0.2801E-02  0.2801E-02
  0.2801E-01  0.2837E-02  0.2785E-03  0.2787E-02  0.2787E-02
  0.2831E-01  0.3480E-02  0.2985E-03  0.2773E-02  0.2773E-02
  0.2861E-01  0.2706E-02  0.2890E-03  0.2759E-02  0.2759E-02
  0.2892E-01  0.2825E-02  0.2973E-03  0.2744E-02  0.2744E-02
  0.2922E-01  0.3399E-02  0.2709E-03  0.2730E-02  0.2730E-02
  0.2952E-01  0.2939E-02  0.2388E-03  0.2716E-02  0.2716E-02
  0.2983E-01  0.2614E-02  0.2120E-03  0.2701E-02  0.2701E-02
  0.3013E-01  0.3177E-02  0.2175E-03  0.2687E-02  0.2687E-02
  0.3043E-01  0.3370E-02  0.2097E-03  0.2672E-02  0.2672E-02
  0.3074E-01  0.2730E-02  0.1874E-03  0.2658E-02  0.2658E-02
  0.3104E-01  0.2926E-02  0.1772E-03  0.2643E-02  0.2643E-02
  0.3134E-01  0.3044E-02  0.1407E-03  0.2629E-02  0.2629E-02
  0.3165E-01  0.2720E-02  0.1237E-03  0.2614E-02  0.2614E-02
  0.3195E-01  0.2662E-02  0.1165E-03  0.2599E-02  0.2599E-02
  0.3226E-01  0.2851E-02  0.1106E-03  0.2584E-02  0.2584E-02
  0.3256E-01  0.2806E-02  0.1012E-03  0.2570E-02  0.2570E-02
  0.3286E-01  0.2636E-02  0.1081E-03  0.2555E-02  0.2555E-02
  0.3317E-01  0.2604E-02  0.1007E-03  0.2540E-02  0.2540E-02
  0.3347E-01  0.2995E-02  0.1073E-03  0.2525E-02  0.2525E-02
  0.3377E-01  0.2754E-02  0.1041E-03  0.2510E-02  0.2510E-02
  0.3408E-01  0.2661E-02  0.1087E-03  0.2495E-02  0.2495E-02
  0.3438E-01  0.2422E-02  0.1281E-03  0.2480E-02  0.2480E-02
  0.3468E-01  0.2454E-02  0.1396E-03  0.2465E-02  0.2465E-02
  0.3499E-01  0.2661E-02  0.1403E-03  0.2450E-02  0.2450E-02
  0.3529E-01  0.2271E-02  0.1423E-03  0.2435E-02  0.2435E-02
  0.3559E-01  0.2465E-02  0.1736E-03  0.2420E-02  0.2420E-02
  0.3590E-01  0.2164E-02  0.2095E-03  0.2405E-02  0.2405E-02
  0.3620E-01  0.1962E-02  0.2181E-03  0.2390E-02  0.2390E-02
  0.3651E-01  0.2302E-02  0.2075E-03  0.2375E-02  0.2375E-02
  0.3681E-01  0.2766E-02  0.2214E-03  0.2360E-02  0.2360E-02
  0.3711E-01  0.2453E-02  0.2077E-03  0.2345E-02  0.2345E-02
  0.3742E-01  0.2459E-02  0.2205E-03  0.2330E-02  0.2330E-02
  0.3772E-01  0.2362E-02  0.2198E-03  0.2315E-02  0.2315E-02
  0.3802E-01  0.2260E-02  0.2303E-03  0.2300E-02  0.2300E-02
  0.3833E-01  0.2622E-02  0.2207E-03  0.2285E-02  0.2285E-02
  0.3863E-01  0.2397E-02  0.2304E-03  0.2270E-02  0.2270E-02
  0.3893E-01  0.2137E-02  0.2239E-03  0.2255E-02  0.2255E-02
  0.3924E-01  0.2679E-02  0.2284E-03  0.2240E-02  0.2240E-02
  0.3954E-01  0.2309E-02  0.2237E-03  0.2225E-02  0.2225E-02
  0.3984E-01  0.1933E-02  0.2185E-03  0.2210E-02  0.2210E-02
  0.4015E-01  0.2138E-02  0.1765E-03  0.2195E-02  0.2195E-02
  0.4045E-01  0.1772E-02  0.1533E-03  0.2180E-02  0.2180E-02
  0.4076E-01  0.2299E-02  0.1386E-03  0.2165E-02  0.2165E-02
  0.4106E-01  0.2071E-02  0.1342E-03  0.2150E-02  0.2150E-02
  0.4136E-01  0.1878E-02  0.1131E-03  0.2136E-02  0.2136E-02
  0.4167E-01  0.2135E-02  0.1234E-03  0.2121E-02  0.2121E-02
  0.4197E-01  0.1861E-02  0.1322E-03  0.2106E-02  0.2106E-02
  0.4227E-01  0.2006E-02  0.1403E-03  0.2091E-02  0.2091E-02
  0.4258E-01  0.1929E-02  0.1477E-03  0.2077E-02  0.2077E-02
  0.4288E-01  0.1822E-02  0.1586E-03  0.2062E-02  0.2062E-02
  0.4318E-01  0.1731E-02  0.1724E-03  0.2047E-02  0.2047E-02
  0.4349E-01  0.1667E-02  0.1589E-03  0.2033E-02  0.2033E-02
  0.4379E-01  0.1901E-02  0.1581E-03  0.2018E-02  0.2018E-02
  0.4409E-01  0.2168E-02  0.1633E-03  0.2004E-02  0.2004E-02
  0.4440E-01  0.1888E-02  0.1667E-03  0.1989E-02  0.1989E-02
  0.4470E-01  0.2043E-02  0.1913E-03  0.1975E-02  0.1975E-02
  0.4501E-01  0.1764E-02  0.1994E-03  0.1961E-02  0.1961E-02
  0.4531E-01  0.1641E-02  0.1985E-03  0.1946E-02  0.1946E-02
  0.4561E-01  0.1326E-02  0.1811E-03  0.1932E-02  0.1932E-02
  0.4592E-01  0.1940E-02  0.1735E-03  0.1918E-02  0.1918E-02
  0.4622E-01  0.1594E-02  0.1646E-03  0.1904E-02  0.1904E-02
  0.4652E-01  0.2002E-02  0.1712E-03  0.1890E-02  0.1890E-02
  0.4683E-01  0.1760E-02  0.1721E-03  0.1876E-02  0.1876E-02
  0.4713E-01  0.1644E-02  0.1733E-03  0.1862E-02  0.1862E-02
  0.4743E-01  0.1865E-02  0.1706E-03  0.1848E-02  0.1848E-02
  0.4774E-01  0.1337E-02  0.1425E-03  0.1834E-02  0.1834E-02
  0.4804E-01  0.2100E-02  0.1422E-03  0.1820E-02  0.1820E-02
  0.4834E-01  0.1722E-02  0.1557E-03  0.1806E-02  0.1806E-02
  0.4865E-01  0.1835E-02  0.1460E-03  0.1793E-02  0.1793E-02
  0.4895E-01  0.1607E-02  0.1881E-03  0.1779E-02  0.1779E-02
  0.4925E-01  0.1572E-02  0.1981E-03  0.1766E-02  0.1766E-02
  0.4956E-01  0.1607E-02  0.1943E-03  0.1752E-02  0.1752E-02
  0.4986E-01  0.9955E-03  0.2010E-03  0.1739E-02  0.1739E-02
  0.5017E-01  0.1569E-02  0.2013E-03  0.1725E-02  0.1725E-02
  0.5047E-01  0.1852E-02  0.2171E-03  0.1712E-02  0.1712E-02
  0.5077E-01  0.1459E-02  0.2171E-03  0.1699E-02  0.1699E-02
  0.5108E-01  0.1489E-02  0.2019E-03  0.1686E-02  0.1686E-02
  0.5138E-01  0.1763E-02  0.1948E-03  0.1673E-02  0.1673E-02
  0.5168E-01  0.1371E-02  0.1697E-03  0.1660E-02  0.1660E-02
  0.5199E-01  0.1649E-02  0.1512E-03  0.1647E-02  0.1647E-02
  0.5229E-01  0.1563E-02  0.1437E-03  0.1634E-02  0.1634E-02
  0.5259E-01  0.1527E-02  0.1278E-03  0.1622E-02  0.1622E-02
  0.5290E-01  0.1704E-02  0.1208E-03  0.1609E-02  0.1609E-02
  0.5320E-01  0.1724E-02  0.1315E-03  0.1596E-02  0.1596E-02
  0.5350E-01  0.1525E-02  0.1294E-03  0.1584E-02  0.1584E-02
  0.5381E-01  0.1703E-02  0.1388E-03  0.1572E-02  0.1572E-02
  0.5411E-01  0.1568E-02  0.1272E-03  0.1559E-02  0.1559E-02
  0.5442E-01  0.1557E-02  0.1294E-03  0.1547E-02  0.1547E-02
  0.5472E-01  0.1737E-02  0.1295E-03  0.1535E-02  0.1535E-02
  0.5502E-01  0.1346E-02  0.1176E-03  0.1523E-02  0.1523E-02
  0.5533E-01  0.1613E-02  0.1073E-03  0.1511E-02  0.1511E-02
  0.5563E-01  0.1560E-02  0.1351E-03  0.1499E-02  0.1499E-02
  0.5593E-01  0.1724E-02  0.1494E-03  0.1487E-02  0.1487E-02
  0.5624E-01  0.1286E-02  0.1573E-03  0.1476E-02  0.1476E-02
  0.5654E-01  0.1613E-02  0.1487E-03  0.1464E-02  0.1464E-02
  0.5684E-01  0.1573E-02  0.1434E-03  0.1452E-02  0.1452E-02
  0.5715E-01  0.1777E-02  0.1266E-03  0.1441E-02  0.1441E-02
  0.5745E-01  0.1898E-02  0.1354E-03  0.1430E-02  0.1430E-02
  0.5775E-01  0.1482E-02  0.1490E-03  0.1418E-02  0.1418E-02
  0.5806E-01  0.1335E-02  0.1369E-03  0.1407E-02  0.1407E-02
  0.5836E-01  0.1396E-02  0.1542E-03  0.1396E-02  0.1396E-02
  0.5867E-01  0.1177E-02  0.1559E-03  0.1385E-02  0.1385E-02
  0.5897E-01  0.1206E-02  0.1427E-03  0.1374E-02  0.1374E-02
  0.5927E-01  0.8680E-03  0.1400E-03  0.1364E-02  0.1364E-02
  0.5958E-01  0.1369E-02  0.1546E-03  0.1353E-02  0.1353E-02
  0.5988E-01  0.1217E-02  0.1628E-03  0.1342E-02  0.1342E-02
  0.6018E-01  0.1596E-02  0.1446E-03  0.1332E-02  0.1332E-02
  0.6049E-01  0.1365E-02  0.1349E-03  0.1321E-02  0.1321E-02
  0.6079E-01  0.1269E-02  0.1127E-03  0.1311E-02  0.1311E-02
  0.6109E-01  0.1499E-02  0.9131E-04  0.1301E-02  0.1301E-02
  0.6140E-01  0.1227E-02  0.7030E-04  0.1291E-02  0.1291E-02
  0.6170E-01  0.1264E-02  0.8509E-04  0.1281E-02  0.1281E-02
  0.6200E-01  0.1411E-02  0.8726E-04  0.1271E-02  0.1271E-02
  0.6231E-01  0.1432E-02  0.1001E-03  0.1261E-02  0.1261E-02
  0.6261E-01  0.1355E-02  0.1159E-03  0.1251E-02  0.1251E-02
  0.6291E-01  0.1365E-02  0.1245E-03  0.1241E-02  0.1241E-02
  0.6322E-01  0.9025E-03  0.1274E-03  0.1232E-02  0.1232E-02
  0.6352E-01  0.9560E-03  0.1568E-03  0.1222E-02  0.1222E-02
  0.6383E-01  0.1366E-02  0.1784E-03  0.1213E-02  0.1213E-02
  0.6413E-01  0.8915E-03  0.1914E-03  0.1204E-02  0.1204E-02
  0.6443E-01  0.1401E-02  0.1973E-03  0.1195E-02  0.1195E-02
  0.6474E-01  0.1264E-02  0.1896E-03  0.1185E-02  0.1185E-02
  0.6504E-01  0.1365E-02  0.1791E-03  0.1176E-02  0.1176E-02
  0.6534E-01  0.1608E-02  0.1605E-03  0.1168E-02  0.1168E-02
  0.6565E-01  0.1101E-02  0.1613E-03  0.1159E-02  0.1159E-02
  0.6595E-01  0.1075E-02  0.1596E-03  0.1150E-02  0.1150E-02
  0.6625E-01  0.1244E-02  0.1352E-03  0.1141E-02  0.1141E-02
  0.6656E-01  0.1120E-02  0.1468E-03  0.1133E-02  0.1133E-02
  0.6686E-01  0.1423E-02  0.1506E-03  0.1124E-02  0.1124E-02
  0.6716E-01  0.9350E-03  0.1388E-03  0.1116E-02  0.1116E-02
  0.6747E-01  0.1200E-02  0.1422E-03  0.1108E-02  0.1108E-02
  0.6777E-01  0.9910E-03  0.1573E-03  0.1100E-02  0.1100E-02
  0.6808E-01  0.1334E-02  0.1423E-03  0.1091E-02  0.1091E-02
  0.6838E-01  0.1507E-02  0.1377E-03  0.1083E-02  0.1083E-02
  0.6868E-01  0.1102E-02  0.1254E-03  0.1076E-02  0.1076E-02
  0.6899E-01  0.1254E-02  0.1093E-03  0.1068E-02  0.1068E-02
  0.6929E-01  0.1093E-02  0.9944E-04  0.1060E-02  0.1060E-02
  0.6959E-01  0.1113E-02  0.1062E-03  0.1052E-02  0.1052E-02
  0.6990E-01  0.1193E-02  0.1089E-03  0.1045E-02  0.1045E-02
  0.7020E-01  0.8875E-03  0.1090E-03  0.1037E-02  0.1037E-02
  0.7050E-01  0.1233E-02  0.1192E-03  0.1030E-02  0.1030E-02
  0.7081E-01  0.1001E-02  0.1333E-03  0.1023E-02  0.1023E-02
  0.7111E-01  0.1504E-02  0.1298E-03  0.1015E-02  0.1015E-02
  0.7141E-01  0.1243E-02  0.1342E-03  0.1008E-02  0.1008E-02
  0.7172E-01  0.1219E-02  0.1435E-03  0.1001E-02  0.1001E-02
  0.7202E-01  0.1153E-02  0.1369E-03  0.9943E-03  0.9943E-03
  0.7232E-01  0.1219E-02  0.1456E-03  0.9874E-03  0.9874E-03
  0.7263E-01  0.1159E-02  0.1595E-03  0.9806E-03  0.9806E-03
  0.7293E-01  0.1143E-02  0.1419E-03  0.9739E-03  0.9739E-03
  0.7324E-01  0.7705E-03  0.1445E-03  0.9673E-03  0.9673E-03
  0.7354E-01  0.8920E-03  0.1563E-03  0.9607E-03  0.9607E-03
  0.7384E-01  0.1030E-02  0.1652E-03  0.9543E-03  0.9543E-03
  0.7415E-01  0.1424E-02  0.1588E-03  0.9479E-03  0.9479E-03
  0.7445E-01  0.1225E-02  0.1538E-03  0.9416E-03  0.9416E-03
  0.7475E-01  0.1234E-02  0.1399E-03  0.9353E-03  0.9353E-03
  0.7506E-01  0.1410E-02  0.1550E-03  0.9292E-03  0.9292E-03
  0.7536E-01  0.9615E-03  0.1567E-03  0.9231E-03  0.9231E-03
  0.7566E-01  0.1102E-02  0.1602E-03  0.9171E-03  0.9171E-03
  0.7597E-01  0.1195E-02  0.1560E-03  0.9112E-03  0.9112E-03
  0.7627E-01  0.1085E-02  0.1497E-03  0.9054E-03  0.9054E-03
  0.7657E-01  0.1017E-02  0.1571E-03  0.8996E-03  0.8996E-03
  0.7688E-01  0.7310E-03  0.1590E-03  0.8939E-03  0.8939E-03
  0.7718E-01  0.9000E-03  0.1624E-03  0.8883E-03  0.8883E-03
  0.7748E-01  0.1077E-02  0.1602E-03  0.8827E-03  0.8827E-03
  0.7779E-01  0.1091E-02  0.1535E-03  0.8772E-03  0.8772E-03
  0.7809E-01  0.1007E-02  0.1561E-03  0.8718E-03  0.8718E-03
  0.7840E-01  0.1177E-02  0.1472E-03  0.8664E-03  0.8664E-03
  0.7870E-01  0.1000E-02  0.1341E-03  0.8612E-03  0.8612E-03
  0.7900E-01  0.1060E-02  0.1315E-03  0.8560E-03  0.8560E-03
  0.7931E-01  0.1194E-02  0.1251E-03  0.8508E-03  0.8508E-03
  0.7961E-01  0.1182E-02  0.1173E-03  0.8457E-03  0.8457E-03
  0.7991E-01  0.8020E-03  0.1120E-03  0.8407E-03  0.8407E-03
  0.8022E-01  0.9635E-03  0.1141E-03  0.8358E-03  0.8358E-03
  0.8052E-01  0.9675E-03  0.1091E-03  0.8309E-03  0.8309E-03
  0.8082E-01  0.1127E-02  0.1414E-03  0.8261E-03  0.8261E-03
  0.8113E-01  0.1020E-02  0.1525E-03  0.8213E-03  0.8213E-03
  0.8143E-01  0.5245E-03  0.1617E-03  0.8166E-03  0.8166E-03
  0.8173E-01  0.8905E-03  0.1815E-03  0.8120E-03  0.8120E-03
  0.8204E-01  0.1104E-02  0.2059E-03  0.8074E-03  0.8074E-03
  0.8234E-01  0.9950E-03  0.2236E-03  0.8029E-03  0.8029E-03
  0.8264E-01  0.8525E-03  0.1996E-03  0.7984E-03  0.7984E-03
  0.8295E-01  0.8910E-03  0.2081E-03  0.7940E-03  0.7940E-03
  0.8325E-01  0.8840E-03  0.2183E-03  0.7896E-03  0.7896E-03
  0.8356E-01  0.9020E-03  0.2144E-03  0.7853E-03  0.7853E-03
  0.8386E-01  0.8950E-03  0.2160E-03  0.7811E-03  0.7811E-03
  0.8416E-01  0.8745E-03  0.2048E-03  0.7769E-03  0.7769E-03
  0.8447E-01  0.7945E-03  0.1799E-03  0.7728E-03  0.7728E-03
  0.8477E-01  0.1458E-02  0.1673E-03  0.7687E-03  0.7687E-03
  0.8507E-01  0.1092E-02  0.1550E-03  0.7646E-03  0.7646E-03
  0.8538E-01  0.1197E-02  0.1364E-03  0.7607E-03  0.7607E-03
  0.8568E-01  0.8545E-03  0.1291E-03  0.7567E-03  0.7567E-03
  0.8598E-01  0.1070E-02  0.1135E-03  0.7528E-03  0.7528E-03
  0.8629E-01  0.1016E-02  0.1089E-03  0.7490E-03  0.7490E-03
  0.8659E-01  0.1027E-02  0.8651E-04  0.7452E-03  0.7452E-03
  0.8689E-01  0.9005E-03  0.8825E-04  0.7415E-03  0.7415E-03
  0.8720E-01  0.6905E-03  0.9480E-04  0.7377E-03  0.7377E-03
  0.8750E-01  0.8605E-03  0.9815E-04  0.7341E-03  0.7341E-03
  0.8780E-01  0.8080E-03  0.1018E-03  0.7305E-03  0.7305E-03
  0.8811E-01  0.7075E-03  0.1034E-03  0.7269E-03  0.7269E-03
  0.8841E-01  0.9235E-03  0.9624E-04  0.7234E-03  0.7234E-03
  0.8872E-01  0.8555E-03  0.1021E-03  0.7199E-03  0.7199E-03
  0.8902E-01  0.7215E-03  0.1090E-03  0.7164E-03  0.7164E-03
  0.8932E-01  0.9605E-03  0.1113E-03  0.7130E-03  0.7130E-03
  0.8963E-01  0.6805E-03  0.1074E-03  0.7096E-03  0.7096E-03
  0.8993E-01  0.8550E-03  0.9625E-04  0.7063E-03  0.7063E-03
  0.9023E-01  0.9290E-03  0.9396E-04  0.7030E-03  0.7030E-03
  0.9054E-01  0.1008E-02  0.8966E-04  0.6998E-03  0.6998E-03
  0.9084E-01  0.7060E-03  0.8219E-04  0.6965E-03  0.6965E-03
  0.9114E-01  0.7680E-03  0.9146E-04  0.6933E-03  0.6933E-03
  0.9145E-01  0.8785E-03  0.8663E-04  0.6902E-03  0.6902E-03
  0.9175E-01  0.7520E-03  0.8171E-04  0.6870E-03  0.6870E-03
  0.9205E-01  0.5825E-03  0.7312E-04  0.6840E-03  0.6840E-03
  0.9236E-01  0.8430E-03  0.6512E-04  0.6809E-03  0.6809E-03
  0.9266E-01  0.7965E-03  0.7070E-04  0.6779E-03  0.6779E-03
  0.9296E-01  0.9320E-03  0.7438E-04  0.6749E-03  0.6749E-03
  0.9327E-01  0.7845E-03  0.7147E-04  0.6719E-03  0.6719E-03
  0.9357E-01  0.8580E-03  0.6282E-04  0.6690E-03  0.6690E-03
  0.9387E-01  0.9095E-03  0.7502E-04  0.6660E-03  0.6660E-03
  0.9418E-01  0.7055E-03  0.8089E-04  0.6632E-03  0.6632E-03
  0.9448E-01  0.7495E-03  0.1084E-03  0.6603E-03  0.6603E-03
  0.9479E-01  0.8730E-03  0.1271E-03  0.6575E-03  0.6575E-03
  0.9509E-01  0.8455E-03  0.1499E-03  0.6546E-03  0.6546E-03
  0.9539E-01  0.1079E-02  0.1795E-03  0.6519E-03  0.6519E-03
  0.9570E-01  0.5955E-03  0.1837E-03  0.6491E-03  0.6491E-03
  0.9600E-01  0.8875E-03  0.1947E-03  0.6464E-03  0.6464E-03
  0.9630E-01  0.1169E-02  0.2003E-03  0.6437E-03  0.6437E-03
  0.9661E-01  0.9645E-03  0.1953E-03  0.6410E-03  0.6410E-03
  0.9691E-01  0.9725E-03  0.1849E-03  0.6383E-03  0.6383E-03
  0.9721E-01  0.5925E-03  0.1698E-03  0.6356E-03  0.6356E-03
  0.9752E-01  0.8200E-03  0.1550E-03  0.6330E-03  0.6330E-03
  0.9782E-01  0.7440E-03  0.1350E-03  0.6304E-03  0.6304E-03
  0.9812E-01  0.8500E-03  0.1254E-03  0.6278E-03  0.6278E-03
  0.9843E-01  0.7875E-03  0.1142E-03  0.6252E-03  0.6252E-03
  0.9873E-01  0.8285E-03  0.1030E-03  0.6227E-03  0.6227E-03
  0.9903E-01  0.8120E-03  0.1059E-03  0.6202E-03  0.6202E-03
  0.9934E-01  0.6985E-03  0.1103E-03  0.6176E-03  0.6176E-03
  0.9964E-01  0.6040E-03  0.1031E-03  0.6151E-03  0.6151E-03
  0.9994E-01  0.4485E-03  0.1048E-03  0.6127E-03  0.6127E-03
  0.1002E+00  0.7880E-03  0.1181E-03  0.6102E-03  0.6102E-03
  0.1006E+00  0.6625E-03  0.1231E-03  0.6077E-03  0.6077E-03
  0.1009E+00  0.7560E-03  0.1254E-03  0.6053E-03  0.6053E-03
  0.1012E+00  0.8515E-03  0.1271E-03  0.6029E-03  0.6029E-03
  0.1015E+00  0.7245E-03  0.1237E-03  0.6004E-03  0.6004E-03
  0.1018E+00  0.1112E-02  0.1175E-03  0.5980E-03  0.5980E-03
  0.1021E+00  0.7040E-03  0.1150E-03  0.5957E-03  0.5957E-03
  0.1024E+00  0.5090E-03  0.1086E-03  0.5933E-03  0.5933E-03
  0.1027E+00  0.6775E-03  0.1010E-03  0.5909E-03  0.5909E-03
  0.1030E+00  0.6710E-03  0.8250E-04  0.5886E-03  0.5886E-03
  0.1033E+00  0.7695E-03  0.8207E-04  0.5862E-03  0.5862E-03
  0.1036E+00  0.9325E-03  0.7937E-04  0.5839E-03  0.5839E-03
  0.1039E+00  0.8370E-03  0.8154E-04  0.5816E-03  0.5816E-03
  0.1042E+00  0.7000E-03  0.1061E-03  0.5793E-03  0.5793E-03
  0.1045E+00  0.7160E-03  0.1143E-03  0.5770E-03  0.5770E-03
  0.1048E+00  0.6805E-03  0.1390E-03  0.5747E-03  0.5747E-03
  0.1051E+00  0.1109E-02  0.1303E-03  0.5724E-03  0.5724E-03
  0.1054E+00  0.8545E-03  0.1405E-03  0.5701E-03  0.5701E-03
  0.1057E+00  0.8005E-03  0.1470E-03  0.5679E-03  0.5679E-03
  0.1060E+00  0.8780E-03  0.1530E-03  0.5656E-03  0.5656E-03
  0.1063E+00  0.8730E-03  0.1515E-03  0.5634E-03  0.5634E-03
  0.1066E+00  0.6260E-03  0.1392E-03  0.5611E-03  0.5611E-03
  0.1069E+00  0.7405E-03  0.1202E-03  0.5589E-03  0.5589E-03
  0.1072E+00  0.3740E-03  0.1186E-03  0.5567E-03  0.5567E-03
  0.1075E+00  0.8410E-03  0.1327E-03  0.5544E-03  0.5544E-03
  0.1078E+00  0.9390E-03  0.1414E-03  0.5522E-03  0.5522E-03
  0.1081E+00  0.8805E-03  0.1496E-03  0.5500E-03  0.5500E-03
  0.1084E+00  0.5545E-03  0.1493E-03  0.5478E-03  0.5478E-03
  0.1087E+00  0.5430E-03  0.1369E-03  0.5456E-03  0.5456E-03
  0.1090E+00  0.1098E-02  0.1178E-03  0.5434E-03  0.5434E-03
  0.1094E+00  0.9965E-03  0.1197E-03  0.5412E-03  0.5412E-03
  0.1097E+00  0.7590E-03  0.1172E-03  0.5390E-03  0.5390E-03
  0.1100E+00  0.6395E-03  0.1098E-03  0.5369E-03  0.5369E-03
  0.1103E+00  0.7175E-03  0.1083E-03  0.5347E-03  0.5347E-03
  0.1106E+00  0.6745E-03  0.1092E-03  0.5325E-03  0.5325E-03
  0.1109E+00  0.5390E-03  0.1152E-03  0.5304E-03  0.5304E-03
  0.1112E+00  0.1031E-02  0.1276E-03  0.5282E-03  0.5282E-03
  0.1115E+00  0.6405E-03  0.1433E-03  0.5260E-03  0.5260E-03
  0.1118E+00  0.1016E-02  0.1613E-03  0.5239E-03  0.5239E-03
  0.1121E+00  0.6340E-03  0.1790E-03  0.5217E-03  0.5217E-03
  0.1124E+00  0.1055E-02  0.1872E-03  0.5196E-03  0.5196E-03
  0.1127E+00  0.5825E-03  0.1871E-03  0.5175E-03  0.5175E-03
  0.1130E+00  0.3805E-03  0.1853E-03  0.5153E-03  0.5153E-03
  0.1133E+00  0.6730E-03  0.1828E-03  0.5132E-03  0.5132E-03
  0.1136E+00  0.5475E-03  0.1664E-03  0.5111E-03  0.5111E-03
  0.1139E+00  0.1033E-02  0.1481E-03  0.5089E-03  0.5089E-03
  0.1142E+00  0.6680E-03  0.1464E-03  0.5068E-03  0.5068E-03
  0.1145E+00  0.8770E-03  0.1418E-03  0.5047E-03  0.5047E-03
  0.1148E+00  0.7325E-03  0.1410E-03  0.5026E-03  0.5026E-03
  0.1151E+00  0.7475E-03  0.1096E-03  0.5005E-03  0.5005E-03
  0.1154E+00  0.6265E-03  0.1122E-03  0.4984E-03  0.4984E-03
  0.1157E+00  0.1070E-02  0.1112E-03  0.4963E-03  0.4963E-03
  0.1160E+00  0.6100E-03  0.1084E-03  0.4941E-03  0.4941E-03
  0.1163E+00  0.7785E-03  0.1230E-03  0.4920E-03  0.4920E-03
  0.1166E+00  0.7530E-03  0.1408E-03  0.4899E-03  0.4899E-03
  0.1169E+00  0.9665E-03  0.1502E-03  0.4879E-03  0.4879E-03
  0.1172E+00  0.6200E-03  0.1401E-03  0.4858E-03  0.4858E-03
  0.1175E+00  0.6800E-03  0.1262E-03  0.4837E-03  0.4837E-03
  0.1178E+00  0.5270E-03  0.1322E-03  0.4816E-03  0.4816E-03
  0.1182E+00  0.1065E-02  0.1534E-03  0.4795E-03  0.4795E-03
  0.1185E+00  0.8555E-03  0.1516E-03  0.4774E-03  0.4774E-03
  0.1188E+00  0.7630E-03  0.1450E-03  0.4753E-03  0.4753E-03
  0.1191E+00  0.5945E-03  0.1241E-03  0.4733E-03  0.4733E-03
  0.1194E+00  0.5810E-03  0.1028E-03  0.4712E-03  0.4712E-03
  0.1197E+00  0.7205E-03  0.1046E-03  0.4691E-03  0.4691E-03
  0.1200E+00  0.5720E-03  0.8671E-04  0.4671E-03  0.4671E-03
  0.1203E+00  0.7335E-03  0.1023E-03  0.4650E-03  0.4650E-03
  0.1206E+00  0.6685E-03  0.1268E-03  0.4629E-03  0.4629E-03
  0.1209E+00  0.6685E-03  0.1255E-03  0.4609E-03  0.4609E-03
  0.1212E+00  0.5820E-03  0.1282E-03  0.4588E-03  0.4588E-03
  0.1215E+00  0.1123E-02  0.1511E-03  0.4568E-03  0.4568E-03
  0.1218E+00  0.8335E-03  0.1817E-03  0.4548E-03  0.4548E-03
  0.1221E+00  0.8290E-03  0.2071E-03  0.4527E-03  0.4527E-03
  0.1224E+00  0.6075E-03  0.2109E-03  0.4507E-03  0.4507E-03
  0.1227E+00  0.9245E-03  0.2006E-03  0.4486E-03  0.4486E-03
  0.1230E+00  0.1272E-02  0.2053E-03  0.4466E-03  0.4466E-03
  0.1233E+00  0.1082E-02  0.1944E-03  0.4446E-03  0.4446E-03
  0.1236E+00  0.7005E-03  0.1823E-03  0.4426E-03  0.4426E-03
  0.1239E+00  0.6075E-03  0.1714E-03  0.4406E-03  0.4406E-03
  0.1242E+00  0.8825E-03  0.1573E-03  0.4386E-03  0.4386E-03
  0.1245E+00  0.4875E-03  0.1673E-03  0.4365E-03  0.4365E-03
  0.1248E+00  0.5090E-03  0.1466E-03  0.4345E-03  0.4345E-03
  0.1251E+00  0.9740E-03  0.1233E-03  0.4325E-03  0.4325E-03
  0.1254E+00  0.6545E-03  0.1445E-03  0.4306E-03  0.4306E-03
  0.1257E+00  0.7780E-03  0.1638E-03  0.4286E-03  0.4286E-03
  0.1260E+00  0.9810E-03  0.1666E-03  0.4266E-03  0.4266E-03
  0.1263E+00  0.8035E-03  0.1686E-03  0.4246E-03  0.4246E-03
  0.1267E+00  0.7145E-03  0.1576E-03  0.4226E-03  0.4226E-03
  0.1270E+00  0.7515E-03  0.1828E-03  0.4207E-03  0.4207E-03
  0.1273E+00  0.1014E-02  0.1945E-03  0.4187E-03  0.4187E-03
  0.1276E+00  0.9445E-03  0.1882E-03  0.4168E-03  0.4168E-03
  0.1279E+00  0.6385E-03  0.1881E-03  0.4148E-03  0.4148E-03
  0.1282E+00  0.4040E-03  0.1655E-03  0.4129E-03  0.4129E-03
  0.1285E+00  0.7330E-03  0.1756E-03  0.4109E-03  0.4109E-03
  0.1288E+00  0.8825E-03  0.1693E-03  0.4090E-03  0.4090E-03
  0.1291E+00  0.4125E-03  0.1513E-03  0.4071E-03  0.4071E-03
  0.1294E+00  0.3950E-03  0.1687E-03  0.4052E-03  0.4052E-03
  0.1297E+00  0.9085E-03  0.1812E-03  0.4032E-03  0.4032E-03
  0.1300E+00  0.4540E-03  0.2016E-03  0.4013E-03  0.4013E-03
  0.1303E+00  0.4970E-03  0.2098E-03  0.3994E-03  0.3994E-03
  0.1306E+00  0.3440E-03  0.2104E-03  0.3975E-03  0.3975E-03
  0.1309E+00  0.8870E-03  0.2219E-03  0.3957E-03  0.3957E-03
  0.1312E+00  0.1070E-02  0.2235E-03  0.3938E-03  0.3938E-03
  0.1315E+00  0.4585E-03  0.2070E-03  0.3919E-03  0.3919E-03
  0.1318E+00  0.1112E-02  0.1985E-03  0.3900E-03  0.3900E-03
  0.1321E+00  0.8010E-03  0.1934E-03  0.3882E-03  0.3882E-03
  0.1324E+00  0.8910E-03  0.1769E-03  0.3863E-03  0.3863E-03
  0.1327E+00  0.7935E-03  0.1841E-03  0.3845E-03  0.3845E-03
  0.1330E+00  0.6300E-03  0.1651E-03  0.3827E-03  0.3827E-03
  0.1333E+00  0.8755E-03  0.1738E-03  0.3808E-03  0.3808E-03
  0.1336E+00  0.1161E-02  0.1710E-03  0.3790E-03  0.3790E-03
  0.1339E+00  0.9870E-03  0.1550E-03  0.3772E-03  0.3772E-03
  0.1342E+00  0.8250E-03  0.1809E-03  0.3754E-03  0.3754E-03
  0.1345E+00  0.6605E-03  0.1887E-03  0.3736E-03  0.3736E-03
  0.1348E+00  0.6575E-03  0.1837E-03  0.3719E-03  0.3719E-03
  0.1351E+00  0.8215E-03  0.1828E-03  0.3701E-03  0.3701E-03
  0.1354E+00  0.6320E-03  0.1703E-03  0.3683E-03  0.3683E-03
  0.1358E+00  0.5900E-03  0.1734E-03  0.3666E-03  0.3666E-03
  0.1361E+00  0.6590E-03  0.1783E-03  0.3648E-03  0.3648E-03
  0.1364E+00  0.6140E-03  0.1742E-03  0.3631E-03  0.3631E-03
  0.1367E+00  0.7915E-03  0.1506E-03  0.3613E-03  0.3613E-03
  0.1370E+00  0.8125E-03  0.1512E-03  0.3596E-03  0.3596E-03
  0.1373E+00  0.7775E-03  0.1441E-03  0.3579E-03  0.3579E-03
  0.1376E+00  0.9310E-03  0.1365E-03  0.3562E-03  0.3562E-03
  0.1379E+00  0.6475E-03  0.1405E-03  0.3545E-03  0.3545E-03
  0.1382E+00  0.6810E-03  0.1694E-03  0.3528E-03  0.3528E-03
  0.1385E+00  0.6360E-03  0.1883E-03  0.3512E-03  0.3512E-03
  0.1388E+00  0.4810E-03  0.1948E-03  0.3495E-03  0.3495E-03
  0.1391E+00  0.4355E-03  0.2086E-03  0.3478E-03  0.3478E-03
  0.1394E+00  0.9580E-03  0.2215E-03  0.3462E-03  0.3462E-03
  0.1397E+00  0.1104E-02  0.2238E-03  0.3446E-03  0.3446E-03
  0.1400E+00  0.8510E-03  0.2220E-03  0.3430E-03  0.3430E-03
  0.1403E+00  0.5000E-03  0.2118E-03  0.3413E-03  0.3413E-03
  0.1406E+00  0.7940E-03  0.1815E-03  0.3397E-03  0.3397E-03
  0.1409E+00  0.7625E-03  0.1656E-03  0.3381E-03  0.3381E-03
  0.1412E+00  0.9160E-03  0.1828E-03  0.3366E-03  0.3366E-03
  0.1415E+00  0.8195E-03  0.1674E-03  0.3350E-03  0.3350E-03
  0.1418E+00  0.6115E-03  0.1694E-03  0.3334E-03  0.3334E-03
  0.1421E+00  0.7540E-03  0.1895E-03  0.3319E-03  0.3319E-03
  0.1424E+00  0.8980E-03  0.1812E-03  0.3303E-03  0.3303E-03
  0.1427E+00  0.1194E-02  0.1788E-03  0.3288E-03  0.3288E-03
  0.1430E+00  0.7915E-03  0.2023E-03  0.3273E-03  0.3273E-03
  0.1433E+00  0.5865E-03  0.2213E-03  0.3258E-03  0.3258E-03
  0.1436E+00  0.1084E-02  0.2325E-03  0.3243E-03  0.3243E-03
  0.1439E+00  0.4280E-03  0.2242E-03  0.3228E-03  0.3228E-03
  0.1442E+00  0.6285E-03  0.2318E-03  0.3213E-03  0.3213E-03
  0.1446E+00  0.8680E-03  0.2309E-03  0.3199E-03  0.3199E-03
  0.1449E+00  0.1258E-02  0.2182E-03  0.3184E-03  0.3184E-03
  0.1452E+00  0.4520E-03  0.2327E-03  0.3170E-03  0.3170E-03
  0.1455E+00  0.6755E-03  0.2162E-03  0.3155E-03  0.3155E-03
  0.1458E+00  0.3460E-03  0.2005E-03  0.3141E-03  0.3141E-03
  0.1461E+00  0.9220E-03  0.1956E-03  0.3127E-03  0.3127E-03
  0.1464E+00  0.6290E-03  0.1733E-03  0.3113E-03  0.3113E-03
  0.1467E+00  0.5090E-03  0.1644E-03  0.3099E-03  0.3099E-03
  0.1470E+00  0.8315E-03  0.1834E-03  0.3085E-03  0.3085E-03
  0.1473E+00  0.9045E-03  0.1967E-03  0.3072E-03  0.3072E-03
  0.1476E+00  0.8930E-03  0.1991E-03  0.3058E-03  0.3058E-03
  0.1479E+00  0.7725E-03  0.2004E-03  0.3044E-03  0.3044E-03
  0.1482E+00  0.9725E-03  0.2109E-03  0.3031E-03  0.3031E-03
  0.1485E+00  0.1357E-02  0.2224E-03  0.3018E-03  0.3018E-03
  0.1488E+00  0.5485E-03  0.2257E-03  0.3005E-03  0.3005E-03
  0.1491E+00  0.8110E-03  0.2168E-03  0.2992E-03  0.2992E-03
  0.1494E+00  0.1035E-02  0.1916E-03  0.2979E-03  0.2979E-03
  0.1497E+00  0.6580E-03  0.1464E-03  0.2966E-03  0.2966E-03
  0.1500E+00  0.7135E-03  0.7834E-04  0.2953E-03  0.2953E-03

           Distance distribution  function of particle  


       R          P(R)      ERROR

  0.0000E+00  0.0000E+00  0.0000E+00
  0.5625E+00  0.2968E-06  0.1956E-08
  0.1125E+01  0.5832E-06  0.3808E-08
  0.1688E+01  0.8594E-06  0.5557E-08
  0.2250E+01  0.1125E-05  0.7203E-08
  0.2812E+01  0.1381E-05  0.8750E-08
  0.3375E+01  0.1626E-05  0.1020E-07
  0.3938E+01  0.1862E-05  0.1155E-07
  0.4500E+01  0.2087E-05  0.1281E-07
  0.5062E+01  0.2303E-05  0.1398E-07
  0.5625E+01  0.2508E-05  0.1507E-07
  0.6188E+01  0.2704E-05  0.1606E-07
  0.6750E+01  0.2891E-05  0.1698E-07
  0.7312E+01  0.3068E-05  0.1782E-07
  0.7875E+01  0.3235E-05  0.1859E-07
  0.8438E+01  0.3394E-05  0.1929E-07
  0.9000E+01  0.3543E-05  0.1992E-07
  0.9562E+01  0.3684E-05  0.2050E-07
  0.1012E+02  0.3816E-05  0.2102E-07
  0.1069E+02  0.3940E-05  0.2148E-07
  0.1125E+02  0.4055E-05  0.2190E-07
  0.1181E+02  0.4162E-05  0.2228E-07
  0.1238E+02  0.4262E-05  0.2262E-07
  0.1294E+02  0.4354E-05  0.2293E-07
  0.1350E+02  0.4438E-05  0.2321E-07
  0.1406E+02  0.4516E-05  0.2347E-07
  0.1462E+02  0.4586E-05  0.2371E-07
  0.1519E+02  0.4650E-05  0.2393E-07
  0.1575E+02  0.4707E-05  0.2415E-07
  0.1631E+02  0.4758E-05  0.2436E-07
  0.1688E+02  0.4804E-05  0.2456E-07
  0.1744E+02  0.4843E-05  0.2477E-07
  0.1800E+02  0.4877E-05  0.2498E-07
  0.1856E+02  0.4905E-05  0.2519E-07
  0.1912E+02  0.4929E-05  0.2541E-07
  0.1969E+02  0.4948E-05  0.2565E-07
  0.2025E+02  0.4962E-05  0.2589E-07
  0.2081E+02  0.4972E-05  0.2614E-07
  0.2138E+02  0.4978E-05  0.2640E-07
  0.2194E+02  0.4981E-05  0.2668E-07
  0.2250E+02  0.4979E-05  0.2697E-07
  0.2306E+02  0.4975E-05  0.2727E-07
  0.2362E+02  0.4967E-05  0.2758E-07
  0.2419E+02  0.4956E-05  0.2790E-07
  0.2475E+02  0.4942E-05  0.2823E-07
  0.2531E+02  0.4926E-05  0.2856E-07
  0.2588E+02  0.4908E-05  0.2890E-07
  0.2644E+02  0.4887E-05  0.2925E-07
  0.2700E+02  0.4865E-05  0.2960E-07
  0.2756E+02  0.4840E-05  0.2995E-07
  0.2812E+02  0.4815E-05  0.3030E-07
  0.2869E+02  0.4787E-05  0.3066E-07
  0.2925E+02  0.4759E-05  0.3101E-07
  0.2981E+02  0.4729E-05  0.3136E-07
  0.3038E+02  0.4699E-05  0.3171E-07
  0.3094E+02  0.4667E-05  0.3205E-07
  0.3150E+02  0.4635E-05  0.3239E-07
  0.3206E+02  0.4602E-05  0.3272E-07
  0.3262E+02  0.4569E-05  0.3305E-07
  0.3319E+02  0.4535E-05  0.3338E-07
  0.3375E+02  0.4501E-05  0.3370E-07
  0.3431E+02  0.4467E-05  0.3401E-07
  0.3488E+02  0.4433E-05  0.3432E-07
  0.3544E+02  0.4399E-05  0.3462E-07
  0.3600E+02  0.4364E-05  0.3492E-07
  0.3656E+02  0.4330E-05  0.3521E-07
  0.3712E+02  0.4296E-05  0.3550E-07
  0.3769E+02  0.4262E-05  0.3578E-07
  0.3825E+02  0.4229E-05  0.3606E-07
  0.3881E+02  0.4195E-05  0.3634E-07
  0.3938E+02  0.4162E-05  0.3661E-07
  0.3994E+02  0.4129E-05  0.3689E-07
  0.4050E+02  0.4096E-05  0.3716E-07
  0.4106E+02  0.4064E-05  0.3742E-07
  0.4162E+02  0.4032E-05  0.3769E-07
  0.4219E+02  0.4000E-05  0.3796E-07
  0.4275E+02  0.3969E-05  0.3822E-07
  0.4331E+02  0.3938E-05  0.3848E-07
  0.4388E+02  0.3907E-05  0.3875E-07
  0.4444E+02  0.3877E-05  0.3901E-07
  0.4500E+02  0.3846E-05  0.3927E-07
  0.4556E+02  0.3816E-05  0.3952E-07
  0.4612E+02  0.3786E-05  0.3978E-07
  0.4669E+02  0.3756E-05  0.4003E-07
  0.4725E+02  0.3727E-05  0.4028E-07
  0.4781E+02  0.3697E-05  0.4053E-07
  0.4838E+02  0.3668E-05  0.4077E-07
  0.4894E+02  0.3638E-05  0.4101E-07
  0.4950E+02  0.3608E-05  0.4124E-07
  0.5006E+02  0.3579E-05  0.4146E-07
  0.5062E+02  0.3549E-05  0.4168E-07
  0.5119E+02  0.3519E-05  0.4189E-07
  0.5175E+02  0.3489E-05  0.4208E-07
  0.5231E+02  0.3459E-05  0.4227E-07
  0.5288E+02  0.3428E-05  0.4245E-07
  0.5344E+02  0.3397E-05  0.4261E-07
  0.5400E+02  0.3366E-05  0.4276E-07
  0.5456E+02  0.3335E-05  0.4290E-07
  0.5512E+02  0.3303E-05  0.4302E-07
  0.5569E+02  0.3270E-05  0.4313E-07
  0.5625E+02  0.3237E-05  0.4321E-07
  0.5681E+02  0.3204E-05  0.4328E-07
  0.5738E+02  0.3170E-05  0.4333E-07
  0.5794E+02  0.3135E-05  0.4336E-07
  0.5850E+02  0.3100E-05  0.4337E-07
  0.5906E+02  0.3064E-05  0.4336E-07
  0.5962E+02  0.3028E-05  0.4333E-07
  0.6019E+02  0.2991E-05  0.4327E-07
  0.6075E+02  0.2953E-05  0.4319E-07
  0.6131E+02  0.2915E-05  0.4308E-07
  0.6188E+02  0.2875E-05  0.4295E-07
  0.6244E+02  0.2835E-05  0.4279E-07
  0.6300E+02  0.2795E-05  0.4260E-07
  0.6356E+02  0.2753E-05  0.4239E-07
  0.6412E+02  0.2711E-05  0.4215E-07
  0.6469E+02  0.2668E-05  0.4188E-07
  0.6525E+02  0.2624E-05  0.4159E-07
  0.6581E+02  0.2580E-05  0.4126E-07
  0.6638E+02  0.2534E-05  0.4091E-07
  0.6694E+02  0.2488E-05  0.4052E-07
  0.6750E+02  0.2441E-05  0.4011E-07
  0.6806E+02  0.2394E-05  0.3967E-07
  0.6862E+02  0.2345E-05  0.3920E-07
  0.6919E+02  0.2296E-05  0.3869E-07
  0.6975E+02  0.2246E-05  0.3816E-07
  0.7031E+02  0.2195E-05  0.3759E-07
  0.7088E+02  0.2144E-05  0.3700E-07
  0.7144E+02  0.2091E-05  0.3637E-07
  0.7200E+02  0.2038E-05  0.3572E-07
  0.7256E+02  0.1984E-05  0.3503E-07
  0.7312E+02  0.1930E-05  0.3432E-07
  0.7369E+02  0.1875E-05  0.3357E-07
  0.7425E+02  0.1819E-05  0.3279E-07
  0.7481E+02  0.1762E-05  0.3198E-07
  0.7538E+02  0.1705E-05  0.3115E-07
  0.7594E+02  0.1646E-05  0.3028E-07
  0.7650E+02  0.1588E-05  0.2938E-07
  0.7706E+02  0.1528E-05  0.2846E-07
  0.7762E+02  0.1468E-05  0.2750E-07
  0.7819E+02  0.1408E-05  0.2652E-07
  0.7875E+02  0.1346E-05  0.2551E-07
  0.7931E+02  0.1284E-05  0.2447E-07
  0.7988E+02  0.1222E-05  0.2341E-07
  0.8044E+02  0.1159E-05  0.2231E-07
  0.8100E+02  0.1095E-05  0.2119E-07
  0.8156E+02  0.1031E-05  0.2005E-07
  0.8212E+02  0.9659E-06  0.1888E-07
  0.8269E+02  0.9004E-06  0.1768E-07
  0.8325E+02  0.8344E-06  0.1645E-07
  0.8381E+02  0.7678E-06  0.1521E-07
  0.8438E+02  0.7006E-06  0.1394E-07
  0.8494E+02  0.6329E-06  0.1264E-07
  0.8550E+02  0.5647E-06  0.1132E-07
  0.8606E+02  0.4960E-06  0.9982E-08
  0.8662E+02  0.4267E-06  0.8619E-08
  0.8719E+02  0.3568E-06  0.7234E-08
  0.8775E+02  0.2865E-06  0.5828E-08
  0.8831E+02  0.2156E-06  0.4401E-08
  0.8888E+02  0.1443E-06  0.2954E-08
  0.8944E+02  0.7238E-07  0.1487E-08
  0.9000E+02  0.0000E+00  0.0000E+00
          Reciprocal space: Rg =   30.37     , I(0) =   0.3538E-02
     Real space: Rg =   30.52 +- 0.097  I(0) =   0.3538E-02 +-  0.2439E-04
