 RANCH  Version 2.0
 Started: ............................................... : 04/25/14 10:41:52
 iSeed .................................................. : 1833624554
 Chain type ............................................. : Random
 Sequence file name: .................................... : ubq.seq
 Symmetry: .............................................. : P1
 Symmetry type: ......................................... : aSymmetric
 Number of residues: .................................... : 76
 Number of domains: ..................................... : 0
 Contact file name: ..................................... : None
 Number of structures: .................................. : 10
 Extension of pdb files: ................................ : new
 Output Folder Path: .................................... : ./
 Number of experimental curves: ......................... : 1
 Experimental data filename (curve 1): .................. : fold.dat
 Structure number         Seed       Type(0=aSymm,1=Symm,2=noSymm)
       1               1833624554     2
       2               1248767525     2
       3               1583267591     2
       4                889835369     2
       5               1766332470     2
       6               1578966364     2
       7               2054149576     2
       8               2124370545     2
       9               1463723017     2
      10               1802409623     2
 Completed: ............................................. : 04/25/14 10:41:55
