***  ------------------------------------------------  ***
***    GAJOE - version 2.0                             ***
***    Copyright (c) ATSAS Team                        ***
***    EMBL, Hamburg Outstation, 2007 - 2013           ***
***                                                    ***
***    For doubts/questions please visit SAXIER forum: ***
***    http://www.saxier.org/forum/viewtopic.php?f=10  ***
***                                                    ***
***    In case of bugs please refer to:                ***
***    G. Tria, D.I. Svergun, EMBL BioSAXS group       ***
***    atsas@embl-hamburg.de                           ***
***  ------------------------------------------------  ***

 Input the experimental data file name .................. : exp.dat
 -------------------------------------------
 -- Pool(s)
 Input the name of the intensities file ................. : juneom.int
 Input the name of the RANCH logfile .................... : ./Rancheom.log
 Input the name of the SIZE_list file ................... : Size_listeom.txt
 ---
 -------------------------------------------
 -- Standard Mode
 Enter minimum number of curves per ensemble (min. 1, max. 20): 1
 Constant subtraction allowed? .......................... : Y
 Enter number of times you want the process repeated (min. 1): 100
 -------------------------------------------
 -- Number of theoretical curves :        10000
 -------------------------------------------
 Start:  07/11/13 13:10:33       
 End:    07/11/13 13:33:13       
 -------------------------------------------
 -- Files created:
 Fit to the experimental data ........................... : profiles_001_1.fit
 Radius of gyration distribution ........................ : Rg_distr_001_1.dat
 Max Dimensions distribution ............................ : Size_distr_001_1.dat
 -------------------------------------------
 -- Files in the pdb folder:
 Filename                 Rg     Dmax     Times             

 05054eom.pdb           35.44   120.72      1

 Average values:        35.44   120.72      1
 -------------------------------------------
 Chi-value:  -0.000
