
           ####    G N O M   ---   Version 4.6                       ####

                                                    07-Aug-2014   14:13:57
           ===    Run No   1   ===
 Run title:  0.012467 561.706500 2.280472


  Number of points omitted at the beginning:          22
  Number of points omitted at the end:          85
   *******    Input file(s) : MutmPERhigh_A8_3.mccd.dat
           Condition P(rmin) = 0 is used. 
           Condition P(rmax) = 0 is used. 

 Warning: Dmax*Smin =  3.309   is greater than Pi !


          Highest ALPHA is found to be   0.1932E+04

  The measure of inconsistency AN1 equals to    0.1030E+01

          Warning: using the chosen range in the real space 
             it is not possible to fit the data set within the
             given error band. 
     Alpha    Discrp  Oscill  Stabil  Sysdev  Positv  Valcen    Total   
  0.1932E+07256.2120  1.4126  0.8709  0.1095  1.0000  0.7906  0.28817
  0.3864E+06197.3320  1.3422  0.6447  0.0050  1.0000  0.8069  0.31583
  0.7727E+05113.9098  1.3242  0.3606  0.0050  1.0000  0.8286  0.33074
  0.1545E+05 46.5732  1.4652  0.1339  0.0846  1.0000  0.8299  0.35851
  0.3091E+04 14.7489  1.6742  0.0793  0.0945  1.0000  0.8194  0.37038
  0.6182E+03  3.7010  1.7844  0.0257  0.2736  1.0000  0.8152  0.41376
  0.1236E+03  1.1060  1.8158  0.0058  0.7910  1.0000  0.8141  0.44150
  0.2473E+02  0.8030  1.8229  0.0012  0.9552  1.0000  0.8139  0.73894
  0.4946E+01  0.7877  1.8243  0.0003  0.9453  1.0000  0.8138  0.69410
  0.9891E+00  0.7871  1.8246  0.0004  0.9453  1.0000  0.8138  0.69413
  0.1978E+00  0.7870  1.8248  0.0018  0.9254  1.0000  0.8139  0.66083
  0.3956E-01  0.7868  1.8284  0.0075  0.9353  1.0000  0.8142  0.67640
  0.7913E-02  0.7864  1.8812  0.0236  0.9453  1.0000  0.8153  0.67313
  0.1583E-02  0.7857  2.1482  0.0378  0.9453  0.9998  0.8166  0.62563
  0.3165E-03  0.7853  2.8678  0.0921  0.9453  0.9985  0.8167  0.52616
  0.6330E-04  0.7845  6.3855  0.2334  0.9403  0.9827  0.7817  0.37113
  0.1266E-04  0.7836 12.2837  0.2714  0.9403  0.9240  0.6745  0.33003
  0.2532E-05  0.7826 19.5243  0.8209  0.9403  0.8158  0.4448  0.00000

          ***  Golden section search to maximize estimate ***
     Alpha    Discrp  Oscill  Stabil  Sysdev  Positv  Valcen    Total   
  0.4573E+02  0.8397  1.8213  0.0022  0.8856  1.0000  0.8139  0.58299
  0.1546E+02  0.7934  1.8235  0.0007  0.9254  1.0000  0.8138  0.66017
  0.3127E+02  0.8123  1.8224  0.0015  0.9154  1.0000  0.8139  0.63954
  0.2067E+02  0.7983  1.8232  0.0010  0.9353  1.0000  0.8138  0.67663
  0.2705E+02  0.8061  1.8227  0.0013  0.9453  1.0000  0.8139  0.69150
  0.2309E+02  0.8010  1.8230  0.0011  0.9453  1.0000  0.8139  0.69230
  0.2559E+02  0.8041  1.8228  0.0012  0.9453  1.0000  0.8139  0.69182
  0.2409E+02  0.8022  1.8229  0.0011  0.9552  1.0000  0.8139  0.73906
  0.2370E+02  0.8017  1.8229  0.0011  0.9453  1.0000  0.8139  0.69219
  0.2433E+02  0.8025  1.8229  0.0012  0.9552  1.0000  0.8139  0.73901
  0.2394E+02  0.8020  1.8229  0.0011  0.9552  1.0000  0.8139  0.73909
  0.2385E+02  0.8019  1.8229  0.0011  0.9552  1.0000  0.8139  0.73911
  0.2379E+02  0.8018  1.8229  0.0011  0.9552  1.0000  0.8139  0.73912
  0.2379E+02  0.8018  1.8229  0.0011  0.9552  1.0000  0.8139  0.73912


