   === DAMMIN  started at           27-Nov-2023   19:55:57
 Computation mode ....................................... : Slow
 Project identifier ..................................... : nor1
 Project description: ................................... : normal no change in parameter
 Initialized random seed as ..................... : 180737580997782666
 GNOM file name ......................................... : avrg_001.out
 Data set title
 Maximum diameter of the particle ....................... : 140.0
 Radius of gyration read ................................ : 43.69
 Number of GNOM data points ............................. : 117
 Maximum s value [1/angstrom] ........................... : 0.3050
 Number of Shannon channels ............................. : 13.59
 Number of knots in the curve to fit .................... : 27
  ** Constant subtraction procedure skipped **
 Maximum order of harmonics ............................. : 15
 Point symmetry of the particle ......................... : P1
 Search volume .......................................... : Sphere
 Sphere  diameter [Angstrom] ............................ : 140.0
 Packing radius of dummy atoms .......................... : 3.600
 Radius of the sphere generated ......................... : 70.00
 Number of dummy atoms .................................. : 5594
 Number of equivalent positions ......................... : 1
 Expected particle anisometry ........................... : Unknown
 Excluded volume per atom ............................... : 264.1
 Radius of 1st coordination sphere ...................... : 10.15
 Minimum number of contacts ............................. : 7
 Maximum number of contacts ............................. : 13
 Looseness penalty weight ............................... : 3.000E-03
 No of non-solvent atoms ................................ : 5594
 Initial DAM looseness .................................. : 1.895E-03
 Disconnectivity penalty weight ......................... : 3.000E-03
 Initial DAM # of graphs ................................ : 1
 Discontiguity   value .................................. : 0.0
 Center of the initial DAM:    0.0000  -0.0000   0.0000
 Peripheral penalty weight .............................. : 0.3000
 Peripheral penalty value ............................... : 0.6110
 Looseness fixing threshold ............................. : 0.0
 R-factor  fixing threshold ............................. : 0.0
  ***    The structure was randomized    ***
 No of non-solvent atoms ................................ : 2796
 Randomized DAM looseness ............................... : 5.588E-02
 Randomized DAM # of graphs ............................. : 5
 Discontiguity   value .................................. : 1.790E-03
 Randomized peripheral penalty value .................... : 0.6119
 Weight: 0=s^2, 1=Emphas.s->0, 2=Log .................... : 1
 *** Porod weight with emphasis at low s ***
 Initial scale factor ................................... : 3.631E-11
 Scale factor fixed (Y=Yes, N=No) ....................... : N
 Initial R^2 factor ..................................... : 0.8101
 Initial R   factor ..................................... : 0.9000
 Initial penalty ........................................ : 0.1838
 Initial fVal ........................................... : 0.9938
 Variation of the target function ....................... : 2.887E-05
 CPU per function call, seconds ......................... : 3.695E-04
 Initial annealing temperature .......................... : 1.000E-03
 Annealing schedule factor .............................. : 0.9500
 # of independent atoms to modify ....................... : 1
 Max # of iterations at each T .......................... : 391580
 Max # of successes at each T ........................... : 39158
 Min # of successes to continue ......................... : 130
 Max # of annealing steps ............................... : 400
  ====  Simulated annealing procedure started  ====
 j:   1 T: 0.100E-02 Suc: 39158 Eva:    39784 CPU:  0.151E+02 SqF: 0.9942
  Rf: 0.89891 Los:0.0601 Dis:0.0067 Per:  0.6004 Sca: 0.384E-10
 j:   2 T: 0.950E-03 Suc: 39158 Eva:    79604 CPU:  0.305E+02 SqF: 0.9898
  Rf: 0.89872 Los:0.0589 Dis:0.0022 Per:  0.6028 Sca: 0.385E-10
 j:   3 T: 0.903E-03 Suc: 39158 Eva:   119430 CPU:  0.459E+02 SqF: 0.9855
  Rf: 0.89884 Los:0.0567 Dis:0.0032 Per:  0.6023 Sca: 0.367E-10
 j:   4 T: 0.857E-03 Suc: 39158 Eva:   159329 CPU:  0.612E+02 SqF: 0.9810
  Rf: 0.89815 Los:0.0587 Dis:0.0044 Per:  0.6046 Sca: 0.377E-10
 j:   5 T: 0.815E-03 Suc: 39158 Eva:   199206 CPU:  0.766E+02 SqF: 0.9766
  Rf: 0.89756 Los:0.0580 Dis:0.0007 Per:  0.6055 Sca: 0.383E-10
 j:   6 T: 0.774E-03 Suc: 39158 Eva:   239150 CPU:  0.920E+02 SqF: 0.9738
  Rf: 0.89837 Los:0.0580 Dis:0.0033 Per:  0.6073 Sca: 0.380E-10
 j:   7 T: 0.735E-03 Suc: 39158 Eva:   279167 CPU:  0.107E+03 SqF: 0.9696
  Rf: 0.89830 Los:0.0580 Dis:0.0029 Per:  0.6032 Sca: 0.379E-10
 j:   8 T: 0.698E-03 Suc: 39158 Eva:   319223 CPU:  0.123E+03 SqF: 0.9662
  Rf: 0.89797 Los:0.0568 Dis:0.0014 Per:  0.6066 Sca: 0.374E-10
 j:   9 T: 0.663E-03 Suc: 39158 Eva:   359264 CPU:  0.138E+03 SqF: 0.9625
  Rf: 0.89702 Los:0.0587 Dis:0.0026 Per:  0.6105 Sca: 0.387E-10
 j:  10 T: 0.630E-03 Suc: 39158 Eva:   399357 CPU:  0.154E+03 SqF: 0.9591
  Rf: 0.89729 Los:0.0577 Dis:0.0036 Per:  0.6059 Sca: 0.375E-10
 j:  11 T: 0.599E-03 Suc: 39158 Eva:   439500 CPU:  0.169E+03 SqF: 0.9568
  Rf: 0.89700 Los:0.0559 Dis:0.0022 Per:  0.6161 Sca: 0.373E-10
 j:  12 T: 0.569E-03 Suc: 39158 Eva:   479696 CPU:  0.185E+03 SqF: 0.9538
  Rf: 0.89798 Los:0.0564 Dis:0.0014 Per:  0.6051 Sca: 0.373E-10
 j:  13 T: 0.540E-03 Suc: 39158 Eva:   520016 CPU:  0.200E+03 SqF: 0.9496
  Rf: 0.89539 Los:0.0582 Dis:0.0026 Per:  0.6163 Sca: 0.396E-10
 j:  14 T: 0.513E-03 Suc: 39158 Eva:   560384 CPU:  0.216E+03 SqF: 0.9480
  Rf: 0.89746 Los:0.0596 Dis:0.0037 Per:  0.6040 Sca: 0.382E-10
 j:  15 T: 0.488E-03 Suc: 39158 Eva:   600816 CPU:  0.232E+03 SqF: 0.9454
  Rf: 0.89668 Los:0.0545 Dis:0.0014 Per:  0.6124 Sca: 0.372E-10
 j:  16 T: 0.463E-03 Suc: 39158 Eva:   641409 CPU:  0.247E+03 SqF: 0.9426
  Rf: 0.89653 Los:0.0580 Dis:0.0022 Per:  0.6077 Sca: 0.385E-10
 j:  17 T: 0.440E-03 Suc: 39158 Eva:   681970 CPU:  0.263E+03 SqF: 0.9407
  Rf: 0.89656 Los:0.0568 Dis:0.0011 Per:  0.6133 Sca: 0.376E-10
 j:  18 T: 0.418E-03 Suc: 39158 Eva:   722633 CPU:  0.278E+03 SqF: 0.9387
  Rf: 0.89693 Los:0.0562 Dis:0.0018 Per:  0.6095 Sca: 0.372E-10
 j:  19 T: 0.397E-03 Suc: 39158 Eva:   763391 CPU:  0.294E+03 SqF: 0.9349
  Rf: 0.89503 Los:0.0584 Dis:0.0033 Per:  0.6106 Sca: 0.391E-10
 j:  20 T: 0.377E-03 Suc: 39158 Eva:   804257 CPU:  0.310E+03 SqF: 0.9335
  Rf: 0.89575 Los:0.0608 Dis:0.0053 Per:  0.6083 Sca: 0.404E-10
 j:  21 T: 0.358E-03 Suc: 39158 Eva:   845237 CPU:  0.325E+03 SqF: 0.9321
  Rf: 0.89572 Los:0.0568 Dis:0.0022 Per:  0.6165 Sca: 0.393E-10
 j:  22 T: 0.341E-03 Suc: 39158 Eva:   886185 CPU:  0.341E+03 SqF: 0.9301
  Rf: 0.89576 Los:0.0593 Dis:0.0040 Per:  0.6111 Sca: 0.387E-10
 j:  23 T: 0.324E-03 Suc: 39158 Eva:   927501 CPU:  0.357E+03 SqF: 0.9282
  Rf: 0.89534 Los:0.0585 Dis:0.0022 Per:  0.6162 Sca: 0.384E-10
 j:  24 T: 0.307E-03 Suc: 39158 Eva:   968912 CPU:  0.373E+03 SqF: 0.9254
  Rf: 0.89385 Los:0.0615 Dis:0.0037 Per:  0.6209 Sca: 0.405E-10
 j:  25 T: 0.292E-03 Suc: 39158 Eva:  1010364 CPU:  0.388E+03 SqF: 0.9254
  Rf: 0.89385 Los:0.0615 Dis:0.0037 Per:  0.6209 Sca: 0.405E-10
 j:  26 T: 0.277E-03 Suc: 39158 Eva:  1052121 CPU:  0.404E+03 SqF: 0.9227
  Rf: 0.89462 Los:0.0593 Dis:0.0041 Per:  0.6121 Sca: 0.406E-10
 j:  27 T: 0.264E-03 Suc: 39158 Eva:  1094053 CPU:  0.420E+03 SqF: 0.9209
  Rf: 0.89396 Los:0.0594 Dis:0.0034 Per:  0.6150 Sca: 0.406E-10
 j:  28 T: 0.250E-03 Suc: 39158 Eva:  1136152 CPU:  0.436E+03 SqF: 0.9193
  Rf: 0.89407 Los:0.0576 Dis:0.0019 Per:  0.6069 Sca: 0.403E-10
 j:  29 T: 0.238E-03 Suc: 39158 Eva:  1178697 CPU:  0.452E+03 SqF: 0.9175
  Rf: 0.89329 Los:0.0605 Dis:0.0045 Per:  0.6129 Sca: 0.412E-10
 j:  30 T: 0.226E-03 Suc: 39158 Eva:  1221216 CPU:  0.468E+03 SqF: 0.9172
  Rf: 0.89409 Los:0.0594 Dis:0.0049 Per:  0.6145 Sca: 0.411E-10
 j:  31 T: 0.215E-03 Suc: 39158 Eva:  1263895 CPU:  0.484E+03 SqF: 0.9148
  Rf: 0.89285 Los:0.0608 Dis:0.0038 Per:  0.6131 Sca: 0.419E-10
 j:  32 T: 0.204E-03 Suc: 39158 Eva:  1307130 CPU:  0.501E+03 SqF: 0.9120
  Rf: 0.89083 Los:0.0647 Dis:0.0054 Per:  0.6204 Sca: 0.438E-10
 j:  33 T: 0.194E-03 Suc: 39158 Eva:  1350843 CPU:  0.517E+03 SqF: 0.9103
  Rf: 0.89018 Los:0.0618 Dis:0.0042 Per:  0.6197 Sca: 0.435E-10
 j:  34 T: 0.184E-03 Suc: 39158 Eva:  1394892 CPU:  0.533E+03 SqF: 0.9094
  Rf: 0.89040 Los:0.0612 Dis:0.0038 Per:  0.6172 Sca: 0.430E-10
 j:  35 T: 0.175E-03 Suc: 39158 Eva:  1439560 CPU:  0.550E+03 SqF: 0.9054
  Rf: 0.88672 Los:0.0658 Dis:0.0043 Per:  0.6328 Sca: 0.466E-10
 j:  36 T: 0.166E-03 Suc: 39158 Eva:  1484636 CPU:  0.567E+03 SqF: 0.9053
  Rf: 0.88808 Los:0.0606 Dis:0.0061 Per:  0.6165 Sca: 0.437E-10
 j:  37 T: 0.158E-03 Suc: 39158 Eva:  1530346 CPU:  0.583E+03 SqF: 0.9045
  Rf: 0.88787 Los:0.0645 Dis:0.0070 Per:  0.6264 Sca: 0.457E-10
 j:  38 T: 0.150E-03 Suc: 39158 Eva:  1576210 CPU:  0.600E+03 SqF: 0.9019
  Rf: 0.88598 Los:0.0620 Dis:0.0065 Per:  0.6272 Sca: 0.446E-10
 j:  39 T: 0.142E-03 Suc: 39158 Eva:  1624102 CPU:  0.617E+03 SqF: 0.8972
  Rf: 0.88198 Los:0.0647 Dis:0.0071 Per:  0.6307 Sca: 0.479E-10
 j:  40 T: 0.135E-03 Suc: 39158 Eva:  1672839 CPU:  0.635E+03 SqF: 0.8949
  Rf: 0.88027 Los:0.0678 Dis:0.0081 Per:  0.6332 Sca: 0.510E-10
 j:  41 T: 0.129E-03 Suc: 39158 Eva:  1728273 CPU:  0.653E+03 SqF: 0.8707
  Rf: 0.85589 Los:0.0784 Dis:0.0230 Per:  0.6537 Sca: 0.741E-10
 j:  42 T: 0.122E-03 Suc: 34529 Eva:  2119853 CPU:  0.683E+03 SqF: 0.1629
  Rf: 0.07411 Los:0.2263 Dis:0.5094 Per:  0.5141 Sca: 0.423E-08
 j:  43 T: 0.116E-03 Suc: 20507 Eva:  2511433 CPU:  0.706E+03 SqF: 0.1424
  Rf: 0.06362 Los:0.2307 Dis:0.5062 Per:  0.4031 Sca: 0.452E-08
 j:  44 T: 0.110E-03 Suc: 19879 Eva:  2903013 CPU:  0.729E+03 SqF: 0.1406
  Rf: 0.06279 Los:0.2321 Dis:0.5188 Per:  0.4107 Sca: 0.476E-08
 j:  45 T: 0.105E-03 Suc: 19673 Eva:  3294593 CPU:  0.751E+03 SqF: 0.1356
  Rf: 0.06074 Los:0.2229 Dis:0.5335 Per:  0.3955 Sca: 0.481E-08
 j:  46 T: 0.994E-04 Suc: 19542 Eva:  3686173 CPU:  0.774E+03 SqF: 0.1314
  Rf: 0.04983 Los:0.2306 Dis:0.4632 Per:  0.4257 Sca: 0.488E-08
 j:  47 T: 0.945E-04 Suc: 19405 Eva:  4077753 CPU:  0.797E+03 SqF: 0.1304
  Rf: 0.04738 Los:0.2246 Dis:0.4767 Per:  0.4463 Sca: 0.467E-08
 j:  48 T: 0.897E-04 Suc: 19117 Eva:  4469333 CPU:  0.820E+03 SqF: 0.1275
  Rf: 0.04611 Los:0.2116 Dis:0.5108 Per:  0.4447 Sca: 0.495E-08
 j:  49 T: 0.853E-04 Suc: 19021 Eva:  4860913 CPU:  0.842E+03 SqF: 0.1229
  Rf: 0.04426 Los:0.2278 Dis:0.5173 Per:  0.4270 Sca: 0.475E-08
 j:  50 T: 0.810E-04 Suc: 18077 Eva:  5252493 CPU:  0.865E+03 SqF: 0.1164
  Rf: 0.04590 Los:0.2177 Dis:0.4345 Per:  0.3904 Sca: 0.453E-08
 j:  51 T: 0.769E-04 Suc: 18245 Eva:  5644073 CPU:  0.887E+03 SqF: 0.1120
  Rf: 0.04073 Los:0.2015 Dis:0.3911 Per:  0.3945 Sca: 0.457E-08
 j:  52 T: 0.731E-04 Suc: 17582 Eva:  6035653 CPU:  0.910E+03 SqF: 0.1087
  Rf: 0.03662 Los:0.2165 Dis:0.4285 Per:  0.3896 Sca: 0.492E-08
 j:  53 T: 0.694E-04 Suc: 17703 Eva:  6427233 CPU:  0.933E+03 SqF: 0.1075
  Rf: 0.04070 Los:0.2055 Dis:0.3936 Per:  0.3890 Sca: 0.447E-08
 j:  54 T: 0.660E-04 Suc: 17703 Eva:  6818813 CPU:  0.955E+03 SqF: 0.1048
  Rf: 0.03157 Los:0.2270 Dis:0.4264 Per:  0.4058 Sca: 0.513E-08
 j:  55 T: 0.627E-04 Suc: 17251 Eva:  7210393 CPU:  0.978E+03 SqF: 0.1044
  Rf: 0.03175 Los:0.1808 Dis:0.4413 Per:  0.4271 Sca: 0.438E-08
 j:  56 T: 0.595E-04 Suc: 16928 Eva:  7601973 CPU:  0.100E+04 SqF: 0.0978
  Rf: 0.03358 Los:0.2076 Dis:0.4344 Per:  0.3644 Sca: 0.503E-08
 j:  57 T: 0.566E-04 Suc: 16485 Eva:  7993553 CPU:  0.102E+04 SqF: 0.0961
  Rf: 0.02969 Los:0.2118 Dis:0.4237 Per:  0.3802 Sca: 0.499E-08
 j:  58 T: 0.537E-04 Suc: 16648 Eva:  8385133 CPU:  0.104E+04 SqF: 0.0935
  Rf: 0.02661 Los:0.2088 Dis:0.4108 Per:  0.3826 Sca: 0.529E-08
 j:  59 T: 0.510E-04 Suc: 16759 Eva:  8776713 CPU:  0.107E+04 SqF: 0.0935
  Rf: 0.02661 Los:0.2088 Dis:0.4108 Per:  0.3826 Sca: 0.529E-08
 j:  60 T: 0.485E-04 Suc: 16504 Eva:  9168293 CPU:  0.109E+04 SqF: 0.0904
  Rf: 0.02340 Los:0.2223 Dis:0.4353 Per:  0.3890 Sca: 0.532E-08
 j:  61 T: 0.461E-04 Suc: 15952 Eva:  9559873 CPU:  0.111E+04 SqF: 0.0881
  Rf: 0.02163 Los:0.1981 Dis:0.3799 Per:  0.4025 Sca: 0.500E-08
 j:  62 T: 0.438E-04 Suc: 16093 Eva:  9951453 CPU:  0.113E+04 SqF: 0.0877
  Rf: 0.02941 Los:0.1958 Dis:0.4079 Per:  0.3820 Sca: 0.457E-08
 j:  63 T: 0.416E-04 Suc: 15689 Eva: 10343033 CPU:  0.116E+04 SqF: 0.0855
  Rf: 0.02415 Los:0.1912 Dis:0.3738 Per:  0.4038 Sca: 0.455E-08
 j:  64 T: 0.395E-04 Suc: 15578 Eva: 10734613 CPU:  0.118E+04 SqF: 0.0833
  Rf: 0.02068 Los:0.1708 Dis:0.3644 Per:  0.4136 Sca: 0.464E-08
 j:  65 T: 0.375E-04 Suc: 15255 Eva: 11126193 CPU:  0.120E+04 SqF: 0.0807
  Rf: 0.02426 Los:0.1801 Dis:0.3326 Per:  0.3895 Sca: 0.442E-08
 j:  66 T: 0.356E-04 Suc: 15322 Eva: 11517773 CPU:  0.122E+04 SqF: 0.0790
  Rf: 0.02232 Los:0.1956 Dis:0.3718 Per:  0.3782 Sca: 0.503E-08
 j:  67 T: 0.339E-04 Suc: 15185 Eva: 11909353 CPU:  0.125E+04 SqF: 0.0773
  Rf: 0.01633 Los:0.1735 Dis:0.3610 Per:  0.4040 Sca: 0.466E-08
 j:  68 T: 0.322E-04 Suc: 14930 Eva: 12300933 CPU:  0.127E+04 SqF: 0.0761
  Rf: 0.01274 Los:0.1815 Dis:0.3953 Per:  0.4047 Sca: 0.480E-08
 j:  69 T: 0.306E-04 Suc: 14631 Eva: 12692513 CPU:  0.129E+04 SqF: 0.0745
  Rf: 0.01521 Los:0.2014 Dis:0.3321 Per:  0.4049 Sca: 0.537E-08
 j:  70 T: 0.290E-04 Suc: 14444 Eva: 13084093 CPU:  0.131E+04 SqF: 0.0732
  Rf: 0.01725 Los:0.1888 Dis:0.3334 Per:  0.4016 Sca: 0.489E-08
 j:  71 T: 0.276E-04 Suc: 14295 Eva: 13475673 CPU:  0.133E+04 SqF: 0.0714
  Rf: 0.01381 Los:0.1734 Dis:0.3597 Per:  0.4002 Sca: 0.496E-08
 j:  72 T: 0.262E-04 Suc: 14167 Eva: 13867253 CPU:  0.136E+04 SqF: 0.0696
  Rf: 0.01732 Los:0.1726 Dis:0.3191 Per:  0.3904 Sca: 0.486E-08
 j:  73 T: 0.249E-04 Suc: 14232 Eva: 14258833 CPU:  0.138E+04 SqF: 0.0679
  Rf: 0.01902 Los:0.1660 Dis:0.3111 Per:  0.3775 Sca: 0.446E-08
 j:  74 T: 0.236E-04 Suc: 13775 Eva: 14650413 CPU:  0.140E+04 SqF: 0.0675
  Rf: 0.01936 Los:0.1813 Dis:0.3191 Per:  0.3780 Sca: 0.478E-08
 j:  75 T: 0.225E-04 Suc: 13505 Eva: 15041993 CPU:  0.142E+04 SqF: 0.0651
  Rf: 0.01498 Los:0.1642 Dis:0.2713 Per:  0.4024 Sca: 0.447E-08
 j:  76 T: 0.213E-04 Suc: 13373 Eva: 15433573 CPU:  0.144E+04 SqF: 0.0646
  Rf: 0.01348 Los:0.1714 Dis:0.3324 Per:  0.3875 Sca: 0.462E-08
 j:  77 T: 0.203E-04 Suc: 13321 Eva: 15825153 CPU:  0.147E+04 SqF: 0.0636
  Rf: 0.01005 Los:0.1568 Dis:0.3228 Per:  0.4113 Sca: 0.449E-08
 j:  78 T: 0.193E-04 Suc: 12702 Eva: 16216733 CPU:  0.149E+04 SqF: 0.0620
  Rf: 0.01211 Los:0.1595 Dis:0.2877 Per:  0.4070 Sca: 0.461E-08
 j:  79 T: 0.183E-04 Suc: 13375 Eva: 16608313 CPU:  0.151E+04 SqF: 0.0599
  Rf: 0.01065 Los:0.1538 Dis:0.2357 Per:  0.4210 Sca: 0.452E-08
 j:  80 T: 0.174E-04 Suc: 12475 Eva: 16999893 CPU:  0.153E+04 SqF: 0.0599
  Rf: 0.01065 Los:0.1538 Dis:0.2357 Per:  0.4210 Sca: 0.452E-08
 j:  81 T: 0.165E-04 Suc: 12516 Eva: 17391473 CPU:  0.156E+04 SqF: 0.0588
  Rf: 0.01569 Los:0.1542 Dis:0.2703 Per:  0.3906 Sca: 0.496E-08
 j:  82 T: 0.157E-04 Suc: 12251 Eva: 17783053 CPU:  0.158E+04 SqF: 0.0579
  Rf: 0.01311 Los:0.1493 Dis:0.2860 Per:  0.3972 Sca: 0.465E-08
 j:  83 T: 0.149E-04 Suc: 11747 Eva: 18174633 CPU:  0.160E+04 SqF: 0.0563
  Rf: 0.00738 Los:0.1420 Dis:0.2844 Per:  0.4109 Sca: 0.446E-08
 j:  84 T: 0.142E-04 Suc: 11928 Eva: 18566213 CPU:  0.162E+04 SqF: 0.0557
  Rf: 0.00848 Los:0.1343 Dis:0.2570 Per:  0.4367 Sca: 0.443E-08
 j:  85 T: 0.135E-04 Suc: 11634 Eva: 18957793 CPU:  0.164E+04 SqF: 0.0512
  Rf: 0.01246 Los:0.1133 Dis:0.1018 Per:  0.4516 Sca: 0.396E-08
 j:  86 T: 0.128E-04 Suc: 11620 Eva: 19349373 CPU:  0.167E+04 SqF: 0.0469
  Rf: 0.00825 Los:0.0998 Dis:0.0627 Per:  0.4281 Sca: 0.402E-08
 j:  87 T: 0.121E-04 Suc: 11336 Eva: 19740953 CPU:  0.169E+04 SqF: 0.0449
  Rf: 0.00874 Los:0.1049 Dis:0.0591 Per:  0.3965 Sca: 0.422E-08
 j:  88 T: 0.115E-04 Suc: 11183 Eva: 20132533 CPU:  0.171E+04 SqF: 0.0429
  Rf: 0.01046 Los:0.0870 Dis:0.0422 Per:  0.3871 Sca: 0.387E-08
 j:  89 T: 0.110E-04 Suc: 10650 Eva: 20524113 CPU:  0.173E+04 SqF: 0.0418
  Rf: 0.01044 Los:0.0870 Dis:0.0238 Per:  0.3986 Sca: 0.403E-08
 j:  90 T: 0.104E-04 Suc:  9989 Eva: 20915693 CPU:  0.175E+04 SqF: 0.0397
  Rf: 0.00736 Los:0.0766 Dis:0.0229 Per:  0.3919 Sca: 0.378E-08
 j:  91 T: 0.989E-05 Suc:  9992 Eva: 21307273 CPU:  0.178E+04 SqF: 0.0386
  Rf: 0.00873 Los:0.0802 Dis:0.0138 Per:  0.3811 Sca: 0.383E-08
 j:  92 T: 0.939E-05 Suc:  9589 Eva: 21698853 CPU:  0.180E+04 SqF: 0.0386
  Rf: 0.00890 Los:0.0798 Dis:0.0190 Per:  0.3940 Sca: 0.411E-08
 j:  93 T: 0.892E-05 Suc:  9606 Eva: 22090433 CPU:  0.182E+04 SqF: 0.0367
  Rf: 0.00782 Los:0.0735 Dis:0.0136 Per:  0.3831 Sca: 0.373E-08
 j:  94 T: 0.848E-05 Suc:  9388 Eva: 22482013 CPU:  0.184E+04 SqF: 0.0359
  Rf: 0.00660 Los:0.0716 Dis:0.0091 Per:  0.3942 Sca: 0.383E-08
 j:  95 T: 0.805E-05 Suc:  8972 Eva: 22873593 CPU:  0.187E+04 SqF: 0.0354
  Rf: 0.00646 Los:0.0696 Dis:0.0221 Per:  0.3873 Sca: 0.354E-08
 j:  96 T: 0.765E-05 Suc:  8507 Eva: 23265173 CPU:  0.189E+04 SqF: 0.0347
  Rf: 0.00809 Los:0.0734 Dis:0.0135 Per:  0.3829 Sca: 0.367E-08
 j:  97 T: 0.727E-05 Suc:  8425 Eva: 23656753 CPU:  0.191E+04 SqF: 0.0333
  Rf: 0.00675 Los:0.0686 Dis:0.0044 Per:  0.3860 Sca: 0.359E-08
 j:  98 T: 0.691E-05 Suc:  8339 Eva: 24048333 CPU:  0.193E+04 SqF: 0.0324
  Rf: 0.00612 Los:0.0671 Dis:0.0000 Per:  0.3911 Sca: 0.361E-08
 j:  99 T: 0.656E-05 Suc:  7112 Eva: 24439913 CPU:  0.195E+04 SqF: 0.0319
  Rf: 0.00679 Los:0.0679 Dis:0.0000 Per:  0.3902 Sca: 0.379E-08
 j: 100 T: 0.623E-05 Suc:  7181 Eva: 24831493 CPU:  0.198E+04 SqF: 0.0307
  Rf: 0.00548 Los:0.0660 Dis:0.0000 Per:  0.3837 Sca: 0.384E-08
 j: 101 T: 0.592E-05 Suc:  7356 Eva: 25223073 CPU:  0.200E+04 SqF: 0.0304
  Rf: 0.00437 Los:0.0678 Dis:0.0000 Per:  0.3953 Sca: 0.373E-08
 j: 102 T: 0.562E-05 Suc:  6803 Eva: 25614653 CPU:  0.202E+04 SqF: 0.0301
  Rf: 0.00417 Los:0.0664 Dis:0.0046 Per:  0.4001 Sca: 0.386E-08
 j: 103 T: 0.534E-05 Suc:  6990 Eva: 26006233 CPU:  0.204E+04 SqF: 0.0291
  Rf: 0.00641 Los:0.0609 Dis:0.0000 Per:  0.3885 Sca: 0.352E-08
 j: 104 T: 0.508E-05 Suc:  6856 Eva: 26397813 CPU:  0.207E+04 SqF: 0.0287
  Rf: 0.00652 Los:0.0632 Dis:0.0000 Per:  0.3884 Sca: 0.367E-08
 j: 105 T: 0.482E-05 Suc:  6451 Eva: 26789393 CPU:  0.209E+04 SqF: 0.0275
  Rf: 0.00449 Los:0.0576 Dis:0.0000 Per:  0.3886 Sca: 0.370E-08
 j: 106 T: 0.458E-05 Suc:  5791 Eva: 27180973 CPU:  0.211E+04 SqF: 0.0271
  Rf: 0.00450 Los:0.0587 Dis:0.0000 Per:  0.3901 Sca: 0.332E-08
 j: 107 T: 0.435E-05 Suc:  5768 Eva: 27572553 CPU:  0.213E+04 SqF: 0.0266
  Rf: 0.00410 Los:0.0602 Dis:0.0000 Per:  0.3894 Sca: 0.377E-08
 j: 108 T: 0.413E-05 Suc:  5040 Eva: 27964133 CPU:  0.215E+04 SqF: 0.0261
  Rf: 0.00386 Los:0.0555 Dis:0.0000 Per:  0.4038 Sca: 0.363E-08
 j: 109 T: 0.393E-05 Suc:  4678 Eva: 28355713 CPU:  0.218E+04 SqF: 0.0254
  Rf: 0.00309 Los:0.0588 Dis:0.0000 Per:  0.3890 Sca: 0.349E-08
 j: 110 T: 0.373E-05 Suc:  3868 Eva: 28747293 CPU:  0.220E+04 SqF: 0.0251
  Rf: 0.00339 Los:0.0608 Dis:0.0000 Per:  0.3902 Sca: 0.376E-08
 j: 111 T: 0.354E-05 Suc:  3585 Eva: 29138873 CPU:  0.222E+04 SqF: 0.0242
  Rf: 0.00383 Los:0.0533 Dis:0.0000 Per:  0.3879 Sca: 0.349E-08
 j: 112 T: 0.337E-05 Suc:  3864 Eva: 29530453 CPU:  0.224E+04 SqF: 0.0238
  Rf: 0.00471 Los:0.0493 Dis:0.0000 Per:  0.3944 Sca: 0.322E-08
 j: 113 T: 0.320E-05 Suc:  3805 Eva: 29922033 CPU:  0.227E+04 SqF: 0.0234
  Rf: 0.00321 Los:0.0516 Dis:0.0000 Per:  0.3975 Sca: 0.346E-08
 j: 114 T: 0.304E-05 Suc:  3415 Eva: 30313613 CPU:  0.229E+04 SqF: 0.0231
  Rf: 0.00405 Los:0.0507 Dis:0.0000 Per:  0.4007 Sca: 0.335E-08
 j: 115 T: 0.289E-05 Suc:  3169 Eva: 30705193 CPU:  0.231E+04 SqF: 0.0226
  Rf: 0.00340 Los:0.0537 Dis:0.0000 Per:  0.3897 Sca: 0.364E-08
 j: 116 T: 0.274E-05 Suc:  3334 Eva: 31096773 CPU:  0.233E+04 SqF: 0.0221
  Rf: 0.00310 Los:0.0513 Dis:0.0000 Per:  0.3967 Sca: 0.340E-08
 j: 117 T: 0.261E-05 Suc:  3251 Eva: 31488353 CPU:  0.235E+04 SqF: 0.0214
  Rf: 0.00315 Los:0.0472 Dis:0.0000 Per:  0.3930 Sca: 0.317E-08
 j: 118 T: 0.248E-05 Suc:  3359 Eva: 31879933 CPU:  0.238E+04 SqF: 0.0212
  Rf: 0.00263 Los:0.0512 Dis:0.0000 Per:  0.3904 Sca: 0.344E-08
 j: 119 T: 0.235E-05 Suc:  3046 Eva: 32271513 CPU:  0.240E+04 SqF: 0.0206
  Rf: 0.00266 Los:0.0469 Dis:0.0000 Per:  0.3913 Sca: 0.323E-08
 j: 120 T: 0.223E-05 Suc:  2093 Eva: 32663093 CPU:  0.242E+04 SqF: 0.0202
  Rf: 0.00285 Los:0.0469 Dis:0.0000 Per:  0.3890 Sca: 0.318E-08
 j: 121 T: 0.212E-05 Suc:  2171 Eva: 33054673 CPU:  0.244E+04 SqF: 0.0197
  Rf: 0.00246 Los:0.0430 Dis:0.0000 Per:  0.3946 Sca: 0.307E-08
 j: 122 T: 0.202E-05 Suc:  1763 Eva: 33446253 CPU:  0.247E+04 SqF: 0.0195
  Rf: 0.00251 Los:0.0453 Dis:0.0000 Per:  0.3930 Sca: 0.315E-08
 j: 123 T: 0.192E-05 Suc:  1834 Eva: 33837833 CPU:  0.249E+04 SqF: 0.0189
  Rf: 0.00321 Los:0.0396 Dis:0.0000 Per:  0.3975 Sca: 0.301E-08
 j: 124 T: 0.182E-05 Suc:  2418 Eva: 34229413 CPU:  0.251E+04 SqF: 0.0188
  Rf: 0.00241 Los:0.0447 Dis:0.0000 Per:  0.3925 Sca: 0.339E-08
 j: 125 T: 0.173E-05 Suc:  2194 Eva: 34620993 CPU:  0.253E+04 SqF: 0.0182
  Rf: 0.00246 Los:0.0411 Dis:0.0000 Per:  0.3915 Sca: 0.320E-08
 j: 126 T: 0.164E-05 Suc:  2221 Eva: 35012573 CPU:  0.256E+04 SqF: 0.0179
  Rf: 0.00263 Los:0.0399 Dis:0.0000 Per:  0.3964 Sca: 0.302E-08
 j: 127 T: 0.156E-05 Suc:  1979 Eva: 35404153 CPU:  0.258E+04 SqF: 0.0174
  Rf: 0.00248 Los:0.0389 Dis:0.0000 Per:  0.3879 Sca: 0.303E-08
 j: 128 T: 0.148E-05 Suc:  1818 Eva: 35795733 CPU:  0.260E+04 SqF: 0.0173
  Rf: 0.00264 Los:0.0399 Dis:0.0000 Per:  0.3904 Sca: 0.312E-08
 j: 129 T: 0.141E-05 Suc:  1580 Eva: 36187313 CPU:  0.262E+04 SqF: 0.0167
  Rf: 0.00292 Los:0.0360 Dis:0.0000 Per:  0.3868 Sca: 0.296E-08
 j: 130 T: 0.134E-05 Suc:  1632 Eva: 36578893 CPU:  0.264E+04 SqF: 0.0162
  Rf: 0.00246 Los:0.0339 Dis:0.0000 Per:  0.3888 Sca: 0.287E-08
 j: 131 T: 0.127E-05 Suc:  1501 Eva: 36970473 CPU:  0.267E+04 SqF: 0.0162
  Rf: 0.00267 Los:0.0361 Dis:0.0000 Per:  0.3868 Sca: 0.301E-08
 j: 132 T: 0.121E-05 Suc:  1503 Eva: 37362053 CPU:  0.269E+04 SqF: 0.0156
  Rf: 0.00210 Los:0.0330 Dis:0.0000 Per:  0.3905 Sca: 0.291E-08
 j: 133 T: 0.115E-05 Suc:  1262 Eva: 37753633 CPU:  0.271E+04 SqF: 0.0156
  Rf: 0.00215 Los:0.0344 Dis:0.0000 Per:  0.3944 Sca: 0.287E-08
 j: 134 T: 0.109E-05 Suc:  1232 Eva: 38145213 CPU:  0.273E+04 SqF: 0.0155
  Rf: 0.00164 Los:0.0356 Dis:0.0000 Per:  0.4032 Sca: 0.298E-08
 j: 135 T: 0.104E-05 Suc:   964 Eva: 38536793 CPU:  0.276E+04 SqF: 0.0153
  Rf: 0.00160 Los:0.0364 Dis:0.0000 Per:  0.3941 Sca: 0.297E-08
 j: 136 T: 0.983E-06 Suc:   882 Eva: 38928373 CPU:  0.278E+04 SqF: 0.0149
  Rf: 0.00149 Los:0.0343 Dis:0.0000 Per:  0.3923 Sca: 0.295E-08
 j: 137 T: 0.934E-06 Suc:  1050 Eva: 39319953 CPU:  0.280E+04 SqF: 0.0146
  Rf: 0.00228 Los:0.0322 Dis:0.0000 Per:  0.3931 Sca: 0.289E-08
 j: 138 T: 0.887E-06 Suc:   981 Eva: 39711533 CPU:  0.282E+04 SqF: 0.0141
  Rf: 0.00167 Los:0.0301 Dis:0.0000 Per:  0.3929 Sca: 0.276E-08
 j: 139 T: 0.843E-06 Suc:   864 Eva: 40103113 CPU:  0.285E+04 SqF: 0.0137
  Rf: 0.00219 Los:0.0282 Dis:0.0000 Per:  0.3907 Sca: 0.273E-08
 j: 140 T: 0.801E-06 Suc:   733 Eva: 40494693 CPU:  0.287E+04 SqF: 0.0137
  Rf: 0.00219 Los:0.0282 Dis:0.0000 Per:  0.3907 Sca: 0.273E-08
 j: 141 T: 0.761E-06 Suc:   629 Eva: 40886273 CPU:  0.289E+04 SqF: 0.0137
  Rf: 0.00219 Los:0.0282 Dis:0.0000 Per:  0.3907 Sca: 0.273E-08
 j: 142 T: 0.723E-06 Suc:   482 Eva: 41277853 CPU:  0.291E+04 SqF: 0.0134
  Rf: 0.00230 Los:0.0299 Dis:0.0000 Per:  0.3957 Sca: 0.274E-08
 j: 143 T: 0.687E-06 Suc:   567 Eva: 41669433 CPU:  0.294E+04 SqF: 0.0130
  Rf: 0.00222 Los:0.0276 Dis:0.0000 Per:  0.3982 Sca: 0.264E-08
 j: 144 T: 0.652E-06 Suc:   556 Eva: 42061013 CPU:  0.296E+04 SqF: 0.0127
  Rf: 0.00153 Los:0.0269 Dis:0.0000 Per:  0.3946 Sca: 0.264E-08
 j: 145 T: 0.620E-06 Suc:   532 Eva: 42452593 CPU:  0.298E+04 SqF: 0.0127
  Rf: 0.00153 Los:0.0269 Dis:0.0000 Per:  0.3946 Sca: 0.264E-08
 j: 146 T: 0.589E-06 Suc:   340 Eva: 42844173 CPU:  0.300E+04 SqF: 0.0125
  Rf: 0.00128 Los:0.0287 Dis:0.0000 Per:  0.3940 Sca: 0.272E-08
 j: 147 T: 0.559E-06 Suc:   245 Eva: 43235753 CPU:  0.303E+04 SqF: 0.0123
  Rf: 0.00188 Los:0.0270 Dis:0.0000 Per:  0.3968 Sca: 0.275E-08
 j: 148 T: 0.531E-06 Suc:   261 Eva: 43627333 CPU:  0.305E+04 SqF: 0.0122
  Rf: 0.00158 Los:0.0279 Dis:0.0000 Per:  0.3944 Sca: 0.279E-08
 j: 149 T: 0.505E-06 Suc:   252 Eva: 44018913 CPU:  0.307E+04 SqF: 0.0120
  Rf: 0.00150 Los:0.0269 Dis:0.0000 Per:  0.3968 Sca: 0.271E-08
 j: 150 T: 0.480E-06 Suc:   230 Eva: 44410493 CPU:  0.309E+04 SqF: 0.0118
  Rf: 0.00196 Los:0.0258 Dis:0.0000 Per:  0.3954 Sca: 0.268E-08
 j: 151 T: 0.456E-06 Suc:   194 Eva: 44802073 CPU:  0.312E+04 SqF: 0.0117
  Rf: 0.00175 Los:0.0268 Dis:0.0000 Per:  0.3955 Sca: 0.268E-08
 j: 152 T: 0.433E-06 Suc:   182 Eva: 45193653 CPU:  0.314E+04 SqF: 0.0114
  Rf: 0.00119 Los:0.0256 Dis:0.0000 Per:  0.3976 Sca: 0.262E-08
 j: 153 T: 0.411E-06 Suc:   133 Eva: 45585233 CPU:  0.316E+04 SqF: 0.0111
  Rf: 0.00121 Los:0.0242 Dis:0.0000 Per:  0.3960 Sca: 0.258E-08
 j: 154 T: 0.391E-06 Suc:   118 Eva: 45976813 CPU:  0.319E+04 SqF: 0.0110
  Rf: 0.00165 Los:0.0239 Dis:0.0000 Per:  0.3982 Sca: 0.257E-08

 Final Chi^2 against raw data ........................... : 3.070

     ===== DAMMIN finished at   27-Nov-2023   20:50:28
