
           ####    G N O M   ---   Version 4.5a revised 09/02/02     ####

                                                    29-Aug-2011   15:19:05
           ===    Run No   1   ===
 Run title:  q(A-1)		I(0)


  Number of points omitted at the beginning:           6
  Number of points omitted at the end:         391
 Standard deviations are estimated by polynomial smoothing


          To optimize the performance, some input data points 
           have been joined. New number of points equals to 297

   *******    Input file(s) : merge-D320E-101-141.dat
           Condition P(rmin) = 0 is used. 
           Condition P(rmax) = 0 is used. 

          Highest ALPHA is found to be   0.3707E+04

  The measure of inconsistency AN1 equals to    0.1322E+01

          Warning: using the chosen range in the real space 
             it is not possible to fit the data set within the
             given error band. 
     Alpha    Discrp  Oscill  Stabil  Sysdev  Positv  Valcen    Total   
  0.3707E+07391.5883  1.2925  0.9326  0.0000  1.0000  0.8262  0.33762
  0.7414E+06325.9399  1.3144  0.7531  0.0000  1.0000  0.8209  0.32958
  0.1483E+06184.7376  1.4076  0.3623  0.0000  1.0000  0.7985  0.29251
  0.2966E+05 66.7244  1.6423  0.1236  0.0068  1.0000  0.7406  0.28424
  0.5931E+04 17.5697  1.8417  0.0564  0.0068  1.0000  0.6888  0.33881
  0.1186E+04  4.3957  1.9075  0.0171  0.2905  1.0000  0.6709  0.36954
  0.2372E+03  1.5748  1.9273  0.0064  0.6014  1.0000  0.6655  0.37030
  0.4745E+02  1.0520  1.9365  0.0047  0.7230  1.0000  0.6641  0.39129
  0.9490E+01  0.9774  1.9416  0.0024  0.8311  1.0000  0.6639  0.43838
  0.1898E+01  0.9665  1.9463  0.0058  0.8446  1.0000  0.6642  0.45181
  0.3796E+00  0.9500  1.9875  0.0190  0.8311  1.0000  0.6655  0.43157
  0.7592E-01  0.9269  2.2214  0.0368  0.8311  0.9998  0.6691  0.40034
  0.1518E-01  0.9031  3.1794  0.0950  0.8378  0.9988  0.6773  0.31027
  0.3037E-02  0.8711  6.1675  0.1344  0.8649  0.9893  0.6720  0.28491
  0.6073E-03  0.8582  8.6117  0.0655  0.8514  0.9732  0.6609  0.38211
  0.1215E-03  0.8565  9.7075  0.1296  0.8378  0.9587  0.6359  0.25580
  0.2429E-04  0.8557 11.7790  0.3695  0.8378  0.9249  0.5308  0.16027
  0.4859E-05  0.8534 16.8002  0.7216  0.8378  0.8408  0.3288  0.00000

          ***  Golden section search to maximize estimate ***
     Alpha    Discrp  Oscill  Stabil  Sysdev  Positv  Valcen    Total   
  0.3510E+01  0.9700  1.9438  0.0035  0.8446  1.0000  0.6640  0.45179
  0.1501E+01  0.9649  1.9480  0.0071  0.8446  1.0000  0.6643  0.45161
  0.2400E+01  0.9679  1.9451  0.0047  0.8446  1.0000  0.6641  0.45187
  0.2775E+01  0.9688  1.9445  0.0042  0.8446  1.0000  0.6640  0.45186
  0.2194E+01  0.9674  1.9455  0.0051  0.8446  1.0000  0.6641  0.45186
  0.2537E+01  0.9682  1.9449  0.0045  0.8446  1.0000  0.6641  0.45187
  0.2625E+01  0.9684  1.9447  0.0044  0.8446  1.0000  0.6641  0.45187
  0.2484E+01  0.9681  1.9450  0.0046  0.8446  1.0000  0.6641  0.45187
  0.2452E+01  0.9680  1.9450  0.0047  0.8446  1.0000  0.6641  0.45187
  0.2504E+01  0.9682  1.9449  0.0046  0.8446  1.0000  0.6641  0.45187
  0.2517E+01  0.9682  1.9449  0.0046  0.8446  1.0000  0.6641  0.45187
  0.2496E+01  0.9682  1.9449  0.0046  0.8446  1.0000  0.6641  0.45187
  0.2492E+01  0.9681  1.9449  0.0046  0.8446  1.0000  0.6641  0.45187
  0.2499E+01  0.9682  1.9449  0.0046  0.8446  1.0000  0.6641  0.45187
  0.2501E+01  0.9682  1.9449  0.0046  0.8446  1.0000  0.6641  0.45187
  0.2499E+01  0.9682  1.9449  0.0046  0.8446  1.0000  0.6641  0.45187



             ####            Final results            ####

 Parameter    DISCRP    OSCILL    STABIL    SYSDEV    POSITV    VALCEN
 Weight        1.000     3.000     3.000     3.000     1.000     1.000
 Sigma         0.300     0.600     0.120     0.120     0.120     0.120
 Ideal         0.700     1.100     0.000     1.000     1.000     0.950
 Current       0.968     1.945     0.005     0.845     1.000     0.664
                - - - - - - - - - - - - - - - - - - - - - - - - - 
 Estimate      0.450     0.138     0.999     0.187     1.000     0.003

  Angular   range    :     from    0.0096   to    0.3350
  Real space range   :     from      0.00   to    135.00

  Highest ALPHA (theor) :   0.371E+07                 JOB = 0
  Current ALPHA         :   0.250E+01   Rg :  0.315E+02   I(0) :   0.608E-04

           Total  estimate : 0.452  which is  A SUSPICIOUS  solution

      S          J EXP       ERROR       J REG       I REG

  0.0000E+00                                      0.6083E-04
  0.1204E-02                                      0.6080E-04
  0.2408E-02                                      0.6072E-04
  0.3612E-02                                      0.6057E-04
  0.4815E-02                                      0.6037E-04
  0.6019E-02                                      0.6011E-04
  0.7223E-02                                      0.5979E-04
  0.8427E-02                                      0.5942E-04
  0.9631E-02  0.5870E-04  0.1866E-06  0.5899E-04  0.5899E-04
  0.1073E-01  0.5812E-04  0.1399E-06  0.5856E-04  0.5856E-04
  0.1183E-01  0.5753E-04  0.1072E-06  0.5809E-04  0.5809E-04
  0.1293E-01  0.5747E-04  0.8607E-07  0.5757E-04  0.5757E-04
  0.1403E-01  0.5699E-04  0.7428E-07  0.5702E-04  0.5702E-04
  0.1513E-01  0.5633E-04  0.6952E-07  0.5643E-04  0.5643E-04
  0.1623E-01  0.5585E-04  0.6560E-07  0.5581E-04  0.5581E-04
  0.1734E-01  0.5538E-04  0.5561E-07  0.5515E-04  0.5515E-04
  0.1844E-01  0.5473E-04  0.5800E-07  0.5447E-04  0.5447E-04
  0.1954E-01  0.5377E-04  0.7735E-07  0.5375E-04  0.5375E-04
  0.2064E-01  0.5322E-04  0.8574E-07  0.5301E-04  0.5301E-04
  0.2174E-01  0.5237E-04  0.9262E-07  0.5225E-04  0.5225E-04
  0.2284E-01  0.5160E-04  0.9452E-07  0.5146E-04  0.5146E-04
  0.2394E-01  0.5052E-04  0.8446E-07  0.5066E-04  0.5066E-04
  0.2504E-01  0.4987E-04  0.8180E-07  0.4984E-04  0.4984E-04
  0.2614E-01  0.4914E-04  0.7967E-07  0.4900E-04  0.4900E-04
  0.2724E-01  0.4823E-04  0.7270E-07  0.4815E-04  0.4815E-04
  0.2834E-01  0.4723E-04  0.6056E-07  0.4728E-04  0.4728E-04
  0.2944E-01  0.4638E-04  0.5326E-07  0.4641E-04  0.4641E-04
  0.3054E-01  0.4543E-04  0.3691E-07  0.4553E-04  0.4553E-04
  0.3164E-01  0.4454E-04  0.3981E-07  0.4465E-04  0.4465E-04
  0.3274E-01  0.4371E-04  0.4572E-07  0.4376E-04  0.4376E-04
  0.3385E-01  0.4284E-04  0.5182E-07  0.4287E-04  0.4287E-04
  0.3495E-01  0.4184E-04  0.5368E-07  0.4199E-04  0.4199E-04
  0.3605E-01  0.4110E-04  0.5081E-07  0.4110E-04  0.4110E-04
  0.3715E-01  0.4026E-04  0.4667E-07  0.4022E-04  0.4022E-04
  0.3825E-01  0.3943E-04  0.4921E-07  0.3934E-04  0.3934E-04
  0.3935E-01  0.3852E-04  0.5071E-07  0.3847E-04  0.3847E-04
  0.4045E-01  0.3764E-04  0.4421E-07  0.3760E-04  0.3760E-04
  0.4155E-01  0.3671E-04  0.4536E-07  0.3675E-04  0.3675E-04
  0.4265E-01  0.3583E-04  0.4914E-07  0.3590E-04  0.3590E-04
  0.4375E-01  0.3519E-04  0.4963E-07  0.3507E-04  0.3507E-04
  0.4485E-01  0.3431E-04  0.4191E-07  0.3425E-04  0.3425E-04
  0.4595E-01  0.3341E-04  0.4178E-07  0.3344E-04  0.3344E-04
  0.4705E-01  0.3255E-04  0.4290E-07  0.3264E-04  0.3264E-04
  0.4815E-01  0.3185E-04  0.4011E-07  0.3186E-04  0.3186E-04
  0.4925E-01  0.3114E-04  0.4164E-07  0.3109E-04  0.3109E-04
  0.5035E-01  0.3037E-04  0.4145E-07  0.3033E-04  0.3033E-04
  0.5146E-01  0.2974E-04  0.4114E-07  0.2959E-04  0.2959E-04
  0.5256E-01  0.2894E-04  0.4043E-07  0.2887E-04  0.2887E-04
  0.5366E-01  0.2811E-04  0.4023E-07  0.2816E-04  0.2816E-04
  0.5476E-01  0.2741E-04  0.4563E-07  0.2747E-04  0.2747E-04
  0.5586E-01  0.2680E-04  0.4581E-07  0.2679E-04  0.2679E-04
  0.5696E-01  0.2608E-04  0.4150E-07  0.2613E-04  0.2613E-04
  0.5806E-01  0.2560E-04  0.3660E-07  0.2549E-04  0.2549E-04
  0.5916E-01  0.2485E-04  0.3795E-07  0.2486E-04  0.2486E-04
  0.6026E-01  0.2432E-04  0.3502E-07  0.2425E-04  0.2425E-04
  0.6136E-01  0.2360E-04  0.3318E-07  0.2365E-04  0.2365E-04
  0.6246E-01  0.2308E-04  0.3011E-07  0.2307E-04  0.2307E-04
  0.6356E-01  0.2249E-04  0.2049E-07  0.2250E-04  0.2250E-04
  0.6466E-01  0.2194E-04  0.1290E-07  0.2195E-04  0.2195E-04
  0.6576E-01  0.2142E-04  0.1475E-07  0.2141E-04  0.2141E-04
  0.6686E-01  0.2088E-04  0.1121E-07  0.2089E-04  0.2089E-04
  0.6796E-01  0.2036E-04  0.1963E-07  0.2039E-04  0.2039E-04
  0.6906E-01  0.1986E-04  0.2756E-07  0.1989E-04  0.1989E-04
  0.7016E-01  0.1945E-04  0.3338E-07  0.1942E-04  0.1942E-04
  0.7126E-01  0.1901E-04  0.4294E-07  0.1895E-04  0.1895E-04
  0.7237E-01  0.1843E-04  0.4837E-07  0.1850E-04  0.1850E-04
  0.7347E-01  0.1792E-04  0.5089E-07  0.1806E-04  0.1806E-04
  0.7457E-01  0.1761E-04  0.4627E-07  0.1764E-04  0.1764E-04
  0.7567E-01  0.1729E-04  0.3524E-07  0.1722E-04  0.1722E-04
  0.7677E-01  0.1675E-04  0.3183E-07  0.1682E-04  0.1682E-04
  0.7787E-01  0.1644E-04  0.3005E-07  0.1643E-04  0.1643E-04
  0.7897E-01  0.1605E-04  0.2360E-07  0.1605E-04  0.1605E-04
  0.8007E-01  0.1570E-04  0.2385E-07  0.1569E-04  0.1569E-04
  0.8117E-01  0.1541E-04  0.2859E-07  0.1533E-04  0.1533E-04
  0.8227E-01  0.1510E-04  0.3074E-07  0.1499E-04  0.1499E-04
  0.8337E-01  0.1466E-04  0.3495E-07  0.1465E-04  0.1465E-04
  0.8447E-01  0.1435E-04  0.4022E-07  0.1433E-04  0.1433E-04
  0.8557E-01  0.1393E-04  0.3833E-07  0.1401E-04  0.1401E-04
  0.8667E-01  0.1365E-04  0.3470E-07  0.1370E-04  0.1370E-04
  0.8777E-01  0.1339E-04  0.2691E-07  0.1341E-04  0.1341E-04
  0.8887E-01  0.1316E-04  0.2487E-07  0.1312E-04  0.1312E-04
  0.8997E-01  0.1281E-04  0.2959E-07  0.1284E-04  0.1284E-04
  0.9107E-01  0.1256E-04  0.2523E-07  0.1256E-04  0.1256E-04
  0.9217E-01  0.1234E-04  0.2558E-07  0.1230E-04  0.1230E-04
  0.9327E-01  0.1203E-04  0.2812E-07  0.1204E-04  0.1204E-04
  0.9437E-01  0.1181E-04  0.2965E-07  0.1179E-04  0.1179E-04
  0.9547E-01  0.1157E-04  0.3402E-07  0.1155E-04  0.1155E-04
  0.9657E-01  0.1133E-04  0.3744E-07  0.1131E-04  0.1131E-04
  0.9768E-01  0.1115E-04  0.3764E-07  0.1108E-04  0.1108E-04
  0.9878E-01  0.1087E-04  0.3558E-07  0.1086E-04  0.1086E-04
  0.9988E-01  0.1062E-04  0.3485E-07  0.1064E-04  0.1064E-04
  0.1010E+00  0.1033E-04  0.3125E-07  0.1043E-04  0.1043E-04
  0.1021E+00  0.1018E-04  0.3173E-07  0.1022E-04  0.1022E-04
  0.1032E+00  0.9994E-05  0.3121E-07  0.1002E-04  0.1002E-04
  0.1043E+00  0.9762E-05  0.2700E-07  0.9826E-05  0.9826E-05
  0.1054E+00  0.9582E-05  0.2723E-07  0.9636E-05  0.9636E-05
  0.1065E+00  0.9473E-05  0.2593E-07  0.9450E-05  0.9450E-05
  0.1076E+00  0.9310E-05  0.3062E-07  0.9268E-05  0.9268E-05
  0.1087E+00  0.9060E-05  0.3497E-07  0.9091E-05  0.9091E-05
  0.1098E+00  0.8960E-05  0.3663E-07  0.8919E-05  0.8919E-05
  0.1109E+00  0.8822E-05  0.3782E-07  0.8750E-05  0.8750E-05
  0.1120E+00  0.8638E-05  0.3886E-07  0.8586E-05  0.8586E-05
  0.1131E+00  0.8389E-05  0.3690E-07  0.8426E-05  0.8426E-05
  0.1142E+00  0.8266E-05  0.3209E-07  0.8270E-05  0.8270E-05
  0.1153E+00  0.8119E-05  0.3131E-07  0.8117E-05  0.8117E-05
  0.1164E+00  0.8010E-05  0.2675E-07  0.7968E-05  0.7968E-05
  0.1175E+00  0.7829E-05  0.2306E-07  0.7823E-05  0.7823E-05
  0.1186E+00  0.7662E-05  0.2490E-07  0.7682E-05  0.7682E-05
  0.1197E+00  0.7490E-05  0.2816E-07  0.7544E-05  0.7544E-05
  0.1208E+00  0.7417E-05  0.2734E-07  0.7409E-05  0.7409E-05
  0.1219E+00  0.7271E-05  0.2889E-07  0.7278E-05  0.7278E-05
  0.1230E+00  0.7199E-05  0.3475E-07  0.7150E-05  0.7150E-05
  0.1241E+00  0.7097E-05  0.3526E-07  0.7026E-05  0.7026E-05
  0.1252E+00  0.6882E-05  0.3307E-07  0.6904E-05  0.6904E-05
  0.1263E+00  0.6814E-05  0.2521E-07  0.6786E-05  0.6786E-05
  0.1274E+00  0.6598E-05  0.2813E-07  0.6671E-05  0.6671E-05
  0.1285E+00  0.6541E-05  0.3042E-07  0.6560E-05  0.6560E-05
  0.1296E+00  0.6481E-05  0.2774E-07  0.6451E-05  0.6451E-05
  0.1307E+00  0.6333E-05  0.2861E-07  0.6345E-05  0.6345E-05
  0.1318E+00  0.6292E-05  0.3142E-07  0.6242E-05  0.6242E-05
  0.1329E+00  0.6250E-05  0.2871E-07  0.6142E-05  0.6142E-05
  0.1340E+00  0.6047E-05  0.2702E-07  0.6045E-05  0.6045E-05
  0.1351E+00  0.5962E-05  0.2893E-07  0.5951E-05  0.5951E-05
  0.1362E+00  0.5852E-05  0.2888E-07  0.5859E-05  0.5859E-05
  0.1373E+00  0.5771E-05  0.2627E-07  0.5769E-05  0.5769E-05
  0.1384E+00  0.5683E-05  0.2135E-07  0.5683E-05  0.5683E-05
  0.1395E+00  0.5541E-05  0.2170E-07  0.5598E-05  0.5598E-05
  0.1406E+00  0.5485E-05  0.2464E-07  0.5516E-05  0.5516E-05
  0.1417E+00  0.5386E-05  0.2055E-07  0.5436E-05  0.5436E-05
  0.1428E+00  0.5387E-05  0.2144E-07  0.5358E-05  0.5358E-05
  0.1439E+00  0.5255E-05  0.2343E-07  0.5282E-05  0.5282E-05
  0.1450E+00  0.5156E-05  0.2686E-07  0.5208E-05  0.5208E-05
  0.1461E+00  0.5135E-05  0.2857E-07  0.5136E-05  0.5136E-05
  0.1472E+00  0.5110E-05  0.3027E-07  0.5066E-05  0.5066E-05
  0.1483E+00  0.5055E-05  0.2906E-07  0.4997E-05  0.4997E-05
  0.1494E+00  0.4894E-05  0.2823E-07  0.4929E-05  0.4929E-05
  0.1505E+00  0.4945E-05  0.2870E-07  0.4863E-05  0.4863E-05
  0.1516E+00  0.4795E-05  0.2474E-07  0.4799E-05  0.4799E-05
  0.1527E+00  0.4772E-05  0.2476E-07  0.4735E-05  0.4735E-05
  0.1538E+00  0.4675E-05  0.2200E-07  0.4673E-05  0.4673E-05
  0.1549E+00  0.4636E-05  0.2293E-07  0.4612E-05  0.4612E-05
  0.1560E+00  0.4548E-05  0.2297E-07  0.4552E-05  0.4552E-05
  0.1571E+00  0.4510E-05  0.2380E-07  0.4492E-05  0.4492E-05
  0.1582E+00  0.4356E-05  0.2818E-07  0.4434E-05  0.4434E-05
  0.1593E+00  0.4371E-05  0.2984E-07  0.4377E-05  0.4377E-05
  0.1604E+00  0.4364E-05  0.2943E-07  0.4320E-05  0.4320E-05
  0.1615E+00  0.4237E-05  0.2759E-07  0.4264E-05  0.4264E-05
  0.1626E+00  0.4247E-05  0.2854E-07  0.4209E-05  0.4209E-05
  0.1637E+00  0.4195E-05  0.2853E-07  0.4155E-05  0.4155E-05
  0.1648E+00  0.4120E-05  0.2580E-07  0.4101E-05  0.4101E-05
  0.1659E+00  0.4004E-05  0.2925E-07  0.4048E-05  0.4048E-05
  0.1670E+00  0.3938E-05  0.2737E-07  0.3996E-05  0.3996E-05
  0.1681E+00  0.3892E-05  0.2666E-07  0.3944E-05  0.3944E-05
  0.1692E+00  0.3922E-05  0.2376E-07  0.3894E-05  0.3894E-05
  0.1703E+00  0.3859E-05  0.2287E-07  0.3844E-05  0.3844E-05
  0.1714E+00  0.3745E-05  0.2429E-07  0.3795E-05  0.3795E-05
  0.1725E+00  0.3740E-05  0.2325E-07  0.3747E-05  0.3747E-05
  0.1736E+00  0.3654E-05  0.1808E-07  0.3699E-05  0.3699E-05
  0.1747E+00  0.3649E-05  0.1855E-07  0.3653E-05  0.3653E-05
  0.1758E+00  0.3652E-05  0.2025E-07  0.3607E-05  0.3607E-05
  0.1769E+00  0.3571E-05  0.2032E-07  0.3563E-05  0.3563E-05
  0.1780E+00  0.3527E-05  0.2171E-07  0.3519E-05  0.3519E-05
  0.1791E+00  0.3477E-05  0.2552E-07  0.3476E-05  0.3476E-05
  0.1802E+00  0.3375E-05  0.2743E-07  0.3435E-05  0.3435E-05
  0.1813E+00  0.3453E-05  0.3066E-07  0.3394E-05  0.3394E-05
  0.1824E+00  0.3389E-05  0.3179E-07  0.3354E-05  0.3354E-05
  0.1835E+00  0.3412E-05  0.3402E-07  0.3316E-05  0.3316E-05
  0.1846E+00  0.3354E-05  0.3218E-07  0.3279E-05  0.3279E-05
  0.1857E+00  0.3227E-05  0.2893E-07  0.3242E-05  0.3242E-05
  0.1868E+00  0.3202E-05  0.2723E-07  0.3207E-05  0.3207E-05
  0.1879E+00  0.3165E-05  0.2784E-07  0.3173E-05  0.3173E-05
  0.1890E+00  0.3145E-05  0.2571E-07  0.3139E-05  0.3139E-05
  0.1901E+00  0.3158E-05  0.2232E-07  0.3107E-05  0.3107E-05
  0.1912E+00  0.3133E-05  0.2211E-07  0.3076E-05  0.3076E-05
  0.1923E+00  0.3012E-05  0.1957E-07  0.3046E-05  0.3046E-05
  0.1934E+00  0.3031E-05  0.1659E-07  0.3016E-05  0.3016E-05
  0.1945E+00  0.2996E-05  0.1517E-07  0.2988E-05  0.2988E-05
  0.1956E+00  0.2952E-05  0.1473E-07  0.2960E-05  0.2960E-05
  0.1967E+00  0.2932E-05  0.1295E-07  0.2933E-05  0.2933E-05
  0.1978E+00  0.2888E-05  0.1267E-07  0.2906E-05  0.2906E-05
  0.1989E+00  0.2862E-05  0.1105E-07  0.2881E-05  0.2881E-05
  0.2000E+00  0.2800E-05  0.1352E-07  0.2855E-05  0.2855E-05
  0.2011E+00  0.2824E-05  0.1521E-07  0.2831E-05  0.2831E-05
  0.2022E+00  0.2789E-05  0.1700E-07  0.2807E-05  0.2807E-05
  0.2033E+00  0.2785E-05  0.1708E-07  0.2783E-05  0.2783E-05
  0.2044E+00  0.2767E-05  0.1571E-07  0.2760E-05  0.2760E-05
  0.2055E+00  0.2794E-05  0.1409E-07  0.2736E-05  0.2736E-05
  0.2066E+00  0.2693E-05  0.1418E-07  0.2714E-05  0.2714E-05
  0.2077E+00  0.2704E-05  0.1761E-07  0.2691E-05  0.2691E-05
  0.2088E+00  0.2651E-05  0.1899E-07  0.2668E-05  0.2668E-05
  0.2099E+00  0.2669E-05  0.1944E-07  0.2646E-05  0.2646E-05
  0.2110E+00  0.2619E-05  0.1787E-07  0.2623E-05  0.2623E-05
  0.2121E+00  0.2628E-05  0.1718E-07  0.2601E-05  0.2601E-05
  0.2132E+00  0.2614E-05  0.1965E-07  0.2579E-05  0.2579E-05
  0.2143E+00  0.2551E-05  0.1875E-07  0.2556E-05  0.2556E-05
  0.2154E+00  0.2535E-05  0.1725E-07  0.2534E-05  0.2534E-05
  0.2165E+00  0.2501E-05  0.1645E-07  0.2512E-05  0.2512E-05
  0.2176E+00  0.2473E-05  0.1573E-07  0.2489E-05  0.2489E-05
  0.2187E+00  0.2477E-05  0.1484E-07  0.2467E-05  0.2467E-05
  0.2198E+00  0.2456E-05  0.1578E-07  0.2444E-05  0.2444E-05
  0.2209E+00  0.2466E-05  0.1844E-07  0.2422E-05  0.2422E-05
  0.2219E+00  0.2420E-05  0.1843E-07  0.2400E-05  0.2400E-05
  0.2230E+00  0.2349E-05  0.1825E-07  0.2377E-05  0.2377E-05
  0.2241E+00  0.2371E-05  0.1642E-07  0.2355E-05  0.2355E-05
  0.2252E+00  0.2335E-05  0.1559E-07  0.2333E-05  0.2333E-05
  0.2263E+00  0.2276E-05  0.1618E-07  0.2310E-05  0.2310E-05
  0.2274E+00  0.2288E-05  0.1456E-07  0.2288E-05  0.2288E-05
  0.2285E+00  0.2290E-05  0.1940E-07  0.2267E-05  0.2267E-05
  0.2296E+00  0.2233E-05  0.1945E-07  0.2245E-05  0.2245E-05
  0.2307E+00  0.2190E-05  0.1948E-07  0.2223E-05  0.2223E-05
  0.2318E+00  0.2157E-05  0.2225E-07  0.2202E-05  0.2202E-05
  0.2329E+00  0.2218E-05  0.2639E-07  0.2181E-05  0.2181E-05
  0.2340E+00  0.2183E-05  0.3006E-07  0.2161E-05  0.2161E-05
  0.2351E+00  0.2148E-05  0.3105E-07  0.2141E-05  0.2141E-05
  0.2362E+00  0.2189E-05  0.3134E-07  0.2121E-05  0.2121E-05
  0.2373E+00  0.2155E-05  0.3264E-07  0.2101E-05  0.2101E-05
  0.2384E+00  0.2082E-05  0.3206E-07  0.2082E-05  0.2082E-05
  0.2395E+00  0.2026E-05  0.2956E-07  0.2063E-05  0.2063E-05
  0.2406E+00  0.2001E-05  0.2728E-07  0.2045E-05  0.2045E-05
  0.2417E+00  0.1983E-05  0.2680E-07  0.2027E-05  0.2027E-05
  0.2428E+00  0.1981E-05  0.2265E-07  0.2010E-05  0.2010E-05
  0.2439E+00  0.1995E-05  0.2176E-07  0.1993E-05  0.1993E-05
  0.2450E+00  0.1975E-05  0.1843E-07  0.1977E-05  0.1977E-05
  0.2461E+00  0.1987E-05  0.1637E-07  0.1961E-05  0.1961E-05
  0.2472E+00  0.1986E-05  0.1759E-07  0.1945E-05  0.1945E-05
  0.2483E+00  0.1918E-05  0.2062E-07  0.1930E-05  0.1930E-05
  0.2494E+00  0.1920E-05  0.2274E-07  0.1915E-05  0.1915E-05
  0.2505E+00  0.1880E-05  0.2246E-07  0.1900E-05  0.1900E-05
  0.2516E+00  0.1825E-05  0.1978E-07  0.1886E-05  0.1886E-05
  0.2527E+00  0.1854E-05  0.1946E-07  0.1872E-05  0.1872E-05
  0.2538E+00  0.1855E-05  0.2220E-07  0.1859E-05  0.1859E-05
  0.2549E+00  0.1830E-05  0.2349E-07  0.1846E-05  0.1846E-05
  0.2560E+00  0.1848E-05  0.2386E-07  0.1833E-05  0.1833E-05
  0.2571E+00  0.1856E-05  0.2243E-07  0.1820E-05  0.1820E-05
  0.2582E+00  0.1835E-05  0.2149E-07  0.1808E-05  0.1808E-05
  0.2593E+00  0.1750E-05  0.2223E-07  0.1795E-05  0.1795E-05
  0.2604E+00  0.1783E-05  0.2027E-07  0.1783E-05  0.1783E-05
  0.2615E+00  0.1736E-05  0.1921E-07  0.1771E-05  0.1771E-05
  0.2626E+00  0.1754E-05  0.2226E-07  0.1760E-05  0.1760E-05
  0.2637E+00  0.1738E-05  0.2186E-07  0.1748E-05  0.1748E-05
  0.2648E+00  0.1742E-05  0.2387E-07  0.1737E-05  0.1737E-05
  0.2659E+00  0.1768E-05  0.2220E-07  0.1725E-05  0.1725E-05
  0.2670E+00  0.1809E-05  0.2633E-07  0.1714E-05  0.1714E-05
  0.2681E+00  0.1770E-05  0.2909E-07  0.1703E-05  0.1703E-05
  0.2692E+00  0.1717E-05  0.3335E-07  0.1692E-05  0.1692E-05
  0.2703E+00  0.1726E-05  0.3320E-07  0.1681E-05  0.1681E-05
  0.2714E+00  0.1644E-05  0.3282E-07  0.1670E-05  0.1670E-05
  0.2725E+00  0.1586E-05  0.2834E-07  0.1659E-05  0.1659E-05
  0.2736E+00  0.1649E-05  0.2324E-07  0.1648E-05  0.1648E-05
  0.2747E+00  0.1608E-05  0.2283E-07  0.1638E-05  0.1638E-05
  0.2758E+00  0.1623E-05  0.2260E-07  0.1627E-05  0.1627E-05
  0.2769E+00  0.1665E-05  0.1903E-07  0.1617E-05  0.1617E-05
  0.2780E+00  0.1607E-05  0.1627E-07  0.1607E-05  0.1607E-05
  0.2791E+00  0.1610E-05  0.1723E-07  0.1596E-05  0.1596E-05
  0.2802E+00  0.1616E-05  0.2253E-07  0.1586E-05  0.1586E-05
  0.2813E+00  0.1625E-05  0.2505E-07  0.1576E-05  0.1576E-05
  0.2824E+00  0.1539E-05  0.2695E-07  0.1566E-05  0.1566E-05
  0.2835E+00  0.1498E-05  0.2481E-07  0.1557E-05  0.1557E-05
  0.2846E+00  0.1498E-05  0.2571E-07  0.1547E-05  0.1547E-05
  0.2857E+00  0.1560E-05  0.2180E-07  0.1538E-05  0.1538E-05
  0.2868E+00  0.1527E-05  0.1643E-07  0.1528E-05  0.1528E-05
  0.2879E+00  0.1513E-05  0.1633E-07  0.1519E-05  0.1519E-05
  0.2890E+00  0.1475E-05  0.1899E-07  0.1510E-05  0.1510E-05
  0.2901E+00  0.1445E-05  0.1863E-07  0.1501E-05  0.1501E-05
  0.2912E+00  0.1496E-05  0.2107E-07  0.1492E-05  0.1492E-05
  0.2923E+00  0.1434E-05  0.2195E-07  0.1484E-05  0.1484E-05
  0.2933E+00  0.1430E-05  0.2159E-07  0.1475E-05  0.1475E-05
  0.2944E+00  0.1483E-05  0.2036E-07  0.1466E-05  0.1466E-05
  0.2955E+00  0.1461E-05  0.1891E-07  0.1458E-05  0.1458E-05
  0.2966E+00  0.1463E-05  0.1852E-07  0.1450E-05  0.1450E-05
  0.2977E+00  0.1427E-05  0.1642E-07  0.1442E-05  0.1442E-05
  0.2988E+00  0.1445E-05  0.1545E-07  0.1433E-05  0.1433E-05
  0.2999E+00  0.1378E-05  0.1721E-07  0.1425E-05  0.1425E-05
  0.3010E+00  0.1458E-05  0.2002E-07  0.1417E-05  0.1417E-05
  0.3021E+00  0.1446E-05  0.2020E-07  0.1409E-05  0.1409E-05
  0.3032E+00  0.1396E-05  0.1914E-07  0.1401E-05  0.1401E-05
  0.3043E+00  0.1378E-05  0.1737E-07  0.1393E-05  0.1393E-05
  0.3054E+00  0.1430E-05  0.1450E-07  0.1385E-05  0.1385E-05
  0.3065E+00  0.1412E-05  0.1412E-07  0.1377E-05  0.1377E-05
  0.3076E+00  0.1380E-05  0.1530E-07  0.1370E-05  0.1370E-05
  0.3087E+00  0.1374E-05  0.1705E-07  0.1361E-05  0.1361E-05
  0.3098E+00  0.1410E-05  0.2320E-07  0.1353E-05  0.1353E-05
  0.3109E+00  0.1408E-05  0.2840E-07  0.1345E-05  0.1345E-05
  0.3120E+00  0.1289E-05  0.3169E-07  0.1337E-05  0.1337E-05
  0.3131E+00  0.1316E-05  0.3236E-07  0.1329E-05  0.1329E-05
  0.3142E+00  0.1400E-05  0.2932E-07  0.1321E-05  0.1321E-05
  0.3153E+00  0.1358E-05  0.2392E-07  0.1313E-05  0.1313E-05
  0.3164E+00  0.1298E-05  0.2296E-07  0.1304E-05  0.1304E-05
  0.3175E+00  0.1261E-05  0.2119E-07  0.1296E-05  0.1296E-05
  0.3186E+00  0.1268E-05  0.2372E-07  0.1288E-05  0.1288E-05
  0.3197E+00  0.1222E-05  0.2703E-07  0.1279E-05  0.1279E-05
  0.3208E+00  0.1191E-05  0.2601E-07  0.1271E-05  0.1271E-05
  0.3219E+00  0.1131E-05  0.3065E-07  0.1263E-05  0.1263E-05
  0.3230E+00  0.1238E-05  0.3062E-07  0.1254E-05  0.1254E-05
  0.3241E+00  0.1268E-05  0.2688E-07  0.1246E-05  0.1246E-05
  0.3252E+00  0.1207E-05  0.2310E-07  0.1238E-05  0.1238E-05
  0.3263E+00  0.1192E-05  0.2010E-07  0.1230E-05  0.1230E-05
  0.3274E+00  0.1203E-05  0.1594E-07  0.1221E-05  0.1221E-05
  0.3285E+00  0.1199E-05  0.1227E-07  0.1213E-05  0.1213E-05
  0.3296E+00  0.1159E-05  0.1251E-07  0.1205E-05  0.1205E-05
  0.3307E+00  0.1240E-05  0.1428E-07  0.1197E-05  0.1197E-05
  0.3318E+00  0.1229E-05  0.1606E-07  0.1190E-05  0.1190E-05
  0.3329E+00  0.1206E-05  0.1724E-07  0.1182E-05  0.1182E-05
  0.3340E+00  0.1220E-05  0.1720E-07  0.1174E-05  0.1174E-05
  0.3350E+00  0.1198E-05  0.1535E-07  0.1167E-05  0.1167E-05

           Distance distribution  function of particle  


       R          P(R)      ERROR

  0.0000E+00  0.0000E+00  0.0000E+00
  0.1350E+01  0.1349E-07  0.0000E+00
  0.2700E+01  0.2503E-07  0.0000E+00
  0.4050E+01  0.3478E-07  0.0000E+00
  0.5400E+01  0.4296E-07  0.0000E+00
  0.6750E+01  0.4984E-07  0.0000E+00
  0.8100E+01  0.5572E-07  0.0000E+00
  0.9450E+01  0.6087E-07  0.0000E+00
  0.1080E+02  0.6553E-07  0.0000E+00
  0.1215E+02  0.6985E-07  0.0000E+00
  0.1350E+02  0.7395E-07  0.0000E+00
  0.1485E+02  0.7783E-07  0.0000E+00
  0.1620E+02  0.8145E-07  0.0000E+00
  0.1755E+02  0.8473E-07  0.0000E+00
  0.1890E+02  0.8756E-07  0.0000E+00
  0.2025E+02  0.8984E-07  0.0000E+00
  0.2160E+02  0.9149E-07  0.0000E+00
  0.2295E+02  0.9248E-07  0.0000E+00
  0.2430E+02  0.9282E-07  0.0000E+00
  0.2565E+02  0.9256E-07  0.0000E+00
  0.2700E+02  0.9180E-07  0.0000E+00
  0.2835E+02  0.9063E-07  0.0000E+00
  0.2970E+02  0.8918E-07  0.0000E+00
  0.3105E+02  0.8754E-07  0.0000E+00
  0.3240E+02  0.8579E-07  0.0000E+00
  0.3375E+02  0.8400E-07  0.0000E+00
  0.3510E+02  0.8216E-07  0.0000E+00
  0.3645E+02  0.8028E-07  0.0000E+00
  0.3780E+02  0.7834E-07  0.0000E+00
  0.3915E+02  0.7629E-07  0.0000E+00
  0.4050E+02  0.7410E-07  0.0000E+00
  0.4185E+02  0.7176E-07  0.0000E+00
  0.4320E+02  0.6927E-07  0.0000E+00
  0.4455E+02  0.6664E-07  0.0000E+00
  0.4590E+02  0.6391E-07  0.0000E+00
  0.4725E+02  0.6114E-07  0.0000E+00
  0.4860E+02  0.5838E-07  0.0000E+00
  0.4995E+02  0.5568E-07  0.0000E+00
  0.5130E+02  0.5309E-07  0.0000E+00
  0.5265E+02  0.5064E-07  0.0000E+00
  0.5400E+02  0.4835E-07  0.0000E+00
  0.5535E+02  0.4622E-07  0.0000E+00
  0.5670E+02  0.4423E-07  0.0000E+00
  0.5805E+02  0.4236E-07  0.0000E+00
  0.5940E+02  0.4059E-07  0.0000E+00
  0.6075E+02  0.3886E-07  0.0000E+00
  0.6210E+02  0.3716E-07  0.0000E+00
  0.6345E+02  0.3546E-07  0.0000E+00
  0.6480E+02  0.3374E-07  0.0000E+00
  0.6615E+02  0.3199E-07  0.0000E+00
  0.6750E+02  0.3020E-07  0.0000E+00
  0.6885E+02  0.2839E-07  0.0000E+00
  0.7020E+02  0.2658E-07  0.0000E+00
  0.7155E+02  0.2478E-07  0.0000E+00
  0.7290E+02  0.2302E-07  0.0000E+00
  0.7425E+02  0.2134E-07  0.0000E+00
  0.7560E+02  0.1977E-07  0.0000E+00
  0.7695E+02  0.1834E-07  0.0000E+00
  0.7830E+02  0.1708E-07  0.0000E+00
  0.7965E+02  0.1600E-07  0.0000E+00
  0.8100E+02  0.1511E-07  0.0000E+00
  0.8235E+02  0.1438E-07  0.0000E+00
  0.8370E+02  0.1378E-07  0.0000E+00
  0.8505E+02  0.1328E-07  0.0000E+00
  0.8640E+02  0.1283E-07  0.0000E+00
  0.8775E+02  0.1236E-07  0.0000E+00
  0.8910E+02  0.1184E-07  0.0000E+00
  0.9045E+02  0.1123E-07  0.0000E+00
  0.9180E+02  0.1051E-07  0.0000E+00
  0.9315E+02  0.9676E-08  0.0000E+00
  0.9450E+02  0.8757E-08  0.0000E+00
  0.9585E+02  0.7783E-08  0.0000E+00
  0.9720E+02  0.6797E-08  0.0000E+00
  0.9855E+02  0.5844E-08  0.0000E+00
  0.9990E+02  0.4963E-08  0.0000E+00
  0.1012E+03  0.4181E-08  0.0000E+00
  0.1026E+03  0.3512E-08  0.0000E+00
  0.1040E+03  0.2954E-08  0.0000E+00
  0.1053E+03  0.2493E-08  0.0000E+00
  0.1067E+03  0.2110E-08  0.0000E+00
  0.1080E+03  0.1787E-08  0.0000E+00
  0.1094E+03  0.1511E-08  0.0000E+00
  0.1107E+03  0.1282E-08  0.0000E+00
  0.1121E+03  0.1113E-08  0.0000E+00
  0.1134E+03  0.1023E-08  0.0000E+00
  0.1148E+03  0.1036E-08  0.0000E+00
  0.1161E+03  0.1171E-08  0.0000E+00
  0.1175E+03  0.1430E-08  0.0000E+00
  0.1188E+03  0.1796E-08  0.0000E+00
  0.1202E+03  0.2223E-08  0.0000E+00
  0.1215E+03  0.2647E-08  0.0000E+00
  0.1229E+03  0.2989E-08  0.0000E+00
  0.1242E+03  0.3168E-08  0.0000E+00
  0.1256E+03  0.3121E-08  0.0000E+00
  0.1269E+03  0.2817E-08  0.0000E+00
  0.1282E+03  0.2273E-08  0.0000E+00
  0.1296E+03  0.1560E-08  0.0000E+00
  0.1310E+03  0.8041E-09  0.0000E+00
  0.1323E+03  0.1693E-09  0.0000E+00
  0.1337E+03 -0.1580E-09  0.0000E+00
  0.1350E+03  0.0000E+00  0.0000E+00
          Reciprocal space: Rg =   31.48     , I(0) =   0.6083E-04
     Real space: Rg =   31.65 +- 0.000  I(0) =   0.6083E-04 +-  0.0000E+00
