
  === BUNCH08  started at           15-Mar-2012   10:57:49
 Computation mode ....................................... : User
 Project identificator .................................. : 4b
 Project decsription .................................... : GTF4
 Random sequence initialized from ....................... : 105804
 Initial coordinates file name .......................... : prebunch.pdb
 Number of atoms read ................................... : 1741
 Center of the initial structure :     0.0003   0.0001  -0.0002
 Maximum radius ......................................... : 86.72
Averaged formfactors of DRs used
 DR formfactor multiplier ............................... : 1.000
 Point symmetry of the particle ......................... : P1
 Number of equivalent positions ......................... : 1
 Angles penalty ......................................... : 5.102
 Dihedrals penalty ...................................... : 1.807
 Angles penalty weight .................................. : 10.00
 Dihedrals penalty weight ............................... : 1.000
 Cross penalty .......................................... : 1.186
 Cross penalty weight ................................... : 100.0
 Extended loops penalty ................................. : 12.69
 Extended loops penalty weight .......................... : 1.000
 Distances penalty ...................................... : 1.267
 Distances penalty weight ............................... : 10.00
 Shift penalty .......................................... : 1.027e-5
 Shift penalty weight ................................... : 1.000
 Total number of scattering curves ...................... : 2
 1-st construct, the first and the last residues: 739   and 1741
 File name, 1-st experimental data ...................... : dn004fi.dat
 Number of experimental points found .................... : 1249
 Angular units multiplied by ............................ : 0.1000
 Experimental radius of gyration ........................ : 39.33
 Number of points in the Guinier Plot ................... : 61
 2-nd construct, the first and the last residues: 1   and   1741
 File name, 2-nd experimental data ...................... : GTF004fi.dat
 Number of experimental points found .................... : 1248
 Angular units multiplied by ............................ : 0.1000
 Experimental radius of gyration ........................ : 63.37
 Number of points in the Guinier Plot ................... : 30
 Amplitudes, 1-st subunit ............................... : 3KLK_corr00.alm
 Number of points in partial ampliudes .................. : 51
 Maximum order of harmonics ............................. : 15
 Evaluated from the file ................................ : 3KLK_corr.pdb
 Current subunit:   7977 atoms read, center at    21.31   40.57   68.40
 Residues in the full-length protein ........ : 709    -    1714
 Subunit was fixed
 Total penalty .......................................... : 184.1
 1-st curve:
 NEXP reduced to ........................................ : 1040
 Theoretical  points from            1  to           51  used
 2-nd curve:
 NEXP reduced to ........................................ : 1039
 Theoretical  points from            1  to           51  used
 The best chi values: 8.4219125.54522
 Initial fVal ........................................... : 545.8
 Spatial step in angstroems ............................. : 0.0
 Angular step in degrees ................................ : 20.00
 Initial annealing temperature .......................... : 10.00
 Annealing schedule factor .............................. : 0.9000
 Max # of iterations at each T .......................... : 87050
 Max # of successes at each T ........................... : 8705
 Min # of successes to continue ......................... : 100
 Max # of annealing steps ............................... : 100
  ====  Simulated annealing procedure started  ====
 j:   1 T: 0.100E+02 Suc:  8705 Eva:    10749 CPU:  0.988E+03 F:******* Pen: *******
 The best chi values: 8.19530 4.97035
 j:   2 T: 0.900E+01 Suc:  8705 Eva:    21565 CPU:  0.201E+04 F:******* Pen: *******
 The best chi values: 8.16637 5.49074
 j:   3 T: 0.810E+01 Suc:  8705 Eva:    32327 CPU:  0.300E+04 F:******* Pen: *******
 The best chi values: 8.69946 5.00299
 j:   4 T: 0.729E+01 Suc:  8705 Eva:    43140 CPU:  0.400E+04 F:******* Pen: *******
 The best chi values: 8.25929 4.13519
 j:   5 T: 0.656E+01 Suc:  8705 Eva:    54043 CPU:  0.502E+04 F:******* Pen: *******
 The best chi values: 8.30546 5.01931
 j:   6 T: 0.590E+01 Suc:  8705 Eva:    65503 CPU:  0.610E+04 F:******* Pen: *******
 The best chi values: 8.30546 5.01931
 j:   7 T: 0.531E+01 Suc:  8705 Eva:    76878 CPU:  0.717E+04 F:******* Pen: *******
 The best chi values: 8.30546 5.01931
 j:   8 T: 0.478E+01 Suc:  8705 Eva:    88233 CPU:  0.824E+04 F:******* Pen: *******
 The best chi values: 8.40316 5.56330
 j:   9 T: 0.430E+01 Suc:  8705 Eva:   100172 CPU:  0.936E+04 F:******* Pen: *******
 The best chi values: 8.31083 5.05778
 j:  10 T: 0.387E+01 Suc:  8705 Eva:   111679 CPU:  0.104E+05 F:******* Pen: *******
 The best chi values: 8.38523 4.95945
 j:  11 T: 0.349E+01 Suc:  8705 Eva:   124221 CPU:  0.116E+05 F:******* Pen: *******
 The best chi values: 8.38523 4.95945
 j:  12 T: 0.314E+01 Suc:  8705 Eva:   137077 CPU:  0.128E+05 F:******* Pen: *******
 The best chi values: 8.36609 4.15292
 j:  13 T: 0.282E+01 Suc:  8705 Eva:   149545 CPU:  0.140E+05 F:******* Pen: *******
 The best chi values: 8.19883 4.41367
 j:  14 T: 0.254E+01 Suc:  8705 Eva:   163082 CPU:  0.152E+05 F:******* Pen: *******
 The best chi values: 8.00748 3.79856
 j:  15 T: 0.229E+01 Suc:  8705 Eva:   176210 CPU:  0.164E+05 F:******* Pen: *******
 The best chi values: 8.00748 3.79856
 j:  16 T: 0.206E+01 Suc:  8705 Eva:   189278 CPU:  0.177E+05 F:******* Pen: *******
 The best chi values: 8.00748 3.79856
 j:  17 T: 0.185E+01 Suc:  8705 Eva:   202038 CPU:  0.188E+05 F:******* Pen: *******
 The best chi values: 7.99688 3.44996
 j:  18 T: 0.167E+01 Suc:  8705 Eva:   216548 CPU:  0.202E+05 F:******* Pen: *******
 The best chi values: 7.70841 3.28437
 j:  19 T: 0.150E+01 Suc:  8705 Eva:   230239 CPU:  0.215E+05 F:******* Pen: *******
 The best chi values: 7.70841 3.28437
 j:  20 T: 0.135E+01 Suc:  8705 Eva:   244789 CPU:  0.228E+05 F:******* Pen: *******
 The best chi values: 7.70841 3.28437
 j:  21 T: 0.122E+01 Suc:  8705 Eva:   259008 CPU:  0.241E+05 F:******* Pen: *******
 The best chi values: 7.70841 3.28437
 j:  22 T: 0.109E+01 Suc:  8705 Eva:   273832 CPU:  0.255E+05 F:******* Pen: *******
 The best chi values: 8.15766 3.58093
 j:  23 T: 0.985E+00 Suc:  8705 Eva:   288484 CPU:  0.269E+05 F:******* Pen: *******
 The best chi values: 8.15766 3.58093
 j:  24 T: 0.886E+00 Suc:  8705 Eva:   303520 CPU:  0.282E+05 F:******* Pen: *******
 The best chi values: 8.15826 3.42069
 j:  25 T: 0.798E+00 Suc:  8705 Eva:   320140 CPU:  0.298E+05 F:******* Pen: *******
 The best chi values: 7.96080 3.75310
 j:  26 T: 0.718E+00 Suc:  8705 Eva:   336248 CPU:  0.313E+05 F:******* Pen: 92.5101
 The best chi values: 7.98269 3.06056
 j:  27 T: 0.646E+00 Suc:  8705 Eva:   352614 CPU:  0.328E+05 F:******* Pen: 85.9930
 The best chi values: 7.71359 3.24366
 j:  28 T: 0.581E+00 Suc:  8705 Eva:   369441 CPU:  0.344E+05 F:******* Pen: 86.0056
 The best chi values: 7.71314 3.08095
 j:  29 T: 0.523E+00 Suc:  8705 Eva:   386806 CPU:  0.360E+05 F:******* Pen: 86.0056
 The best chi values: 7.71314 3.08095
 j:  30 T: 0.471E+00 Suc:  8705 Eva:   406259 CPU:  0.377E+05 F:******* Pen: 86.0056
 The best chi values: 7.71314 3.08095
 j:  31 T: 0.424E+00 Suc:  8705 Eva:   429630 CPU:  0.399E+05 F:******* Pen: 86.0056
 The best chi values: 7.71314 3.08095
 j:  32 T: 0.382E+00 Suc:  8705 Eva:   449968 CPU:  0.418E+05 F:******* Pen: 86.0056
 The best chi values: 7.71314 3.08095
 j:  33 T: 0.343E+00 Suc:  8705 Eva:   473627 CPU:  0.440E+05 F:******* Pen: 88.6384
 The best chi values: 7.34580 2.94658
 j:  34 T: 0.309E+00 Suc:  8705 Eva:   500588 CPU:  0.465E+05 F:******* Pen: 78.9223
 The best chi values: 7.22301 3.44924
 j:  35 T: 0.278E+00 Suc:  8705 Eva:   528559 CPU:  0.491E+05 F:******* Pen: 76.8080
 The best chi values: 7.19106 3.24484
 j:  36 T: 0.250E+00 Suc:  8705 Eva:   550417 CPU:  0.511E+05 F:******* Pen: 70.4376
 The best chi values: 7.36807 2.90581
 j:  37 T: 0.225E+00 Suc:  8705 Eva:   573156 CPU:  0.532E+05 F:******* Pen: 70.4376
 The best chi values: 7.36807 2.90581
 j:  38 T: 0.203E+00 Suc:  8705 Eva:   599211 CPU:  0.556E+05 F:95.3824 Pen: 67.1301
 The best chi values: 6.94010 2.88783
 j:  39 T: 0.182E+00 Suc:  8705 Eva:   624472 CPU:  0.579E+05 F:93.1553 Pen: 65.1932
 The best chi values: 6.71945 3.28223
 j:  40 T: 0.164E+00 Suc:  8705 Eva:   652007 CPU:  0.605E+05 F:93.1553 Pen: 65.1932
 The best chi values: 6.71945 3.28223
 j:  41 T: 0.148E+00 Suc:  8705 Eva:   679611 CPU:  0.630E+05 F:89.1002 Pen: 63.1663
 The best chi values: 6.66042 2.73981
 j:  42 T: 0.133E+00 Suc:  8705 Eva:   708569 CPU:  0.656E+05 F:85.6711 Pen: 59.6123
 The best chi values: 6.66746 2.76810
 j:  43 T: 0.120E+00 Suc:  8705 Eva:   740298 CPU:  0.685E+05 F:84.0048 Pen: 56.1500
 The best chi values: 6.84555 2.97454
 j:  44 T: 0.108E+00 Suc:  8705 Eva:   770566 CPU:  0.713E+05 F:83.4569 Pen: 57.3806
 The best chi values: 6.66318 2.78470
 j:  45 T: 0.970E-01 Suc:  8705 Eva:   800265 CPU:  0.740E+05 F:78.5386 Pen: 52.7284
 The best chi values: 6.55649 2.93818
 j:  46 T: 0.873E-01 Suc:  8705 Eva:   836028 CPU:  0.773E+05 F:77.1286 Pen: 51.3708
 The best chi values: 6.56451 2.90222
 j:  47 T: 0.786E-01 Suc:  8705 Eva:   868500 CPU:  0.803E+05 F:76.1185 Pen: 50.6420
 The best chi values: 6.49852 2.95334
 j:  48 T: 0.707E-01 Suc:  8705 Eva:   903097 CPU:  0.835E+05 F:72.4247 Pen: 47.0933
 The best chi values: 6.51032 2.87722
 j:  49 T: 0.636E-01 Suc:  8705 Eva:   939101 CPU:  0.868E+05 F:70.0456 Pen: 45.0215
 The best chi values: 6.48247 2.83296
 j:  50 T: 0.573E-01 Suc:  8705 Eva:   980529 CPU:  0.906E+05 F:67.3310 Pen: 42.6110
 The best chi values: 6.45554 2.78678
 j:  51 T: 0.515E-01 Suc:  8705 Eva:  1022546 CPU:  0.945E+05 F:65.4431 Pen: 41.4425
 The best chi values: 6.37697 2.70841
 j:  52 T: 0.464E-01 Suc:  8705 Eva:  1069921 CPU:  0.989E+05 F:63.1046 Pen: 37.6055
 The best chi values: 6.37310 3.22209
