dammif ........................................... : 1.0.2
Log opened ....................................... : 2009-06-11, 18:22:41
Run as:
Full command line ................................ : ./dammif
Configuration mode ............................... : slow
Angular units .................................... : undefined
Prefix ........................................... : 817-mrg02
Threads .......................................... : 1
GNOM input file .................................. : 817_GN-02.out
Expected particle anisometry ..................... : unknown
Enforced particle symmetry ....................... : P1
Pseudo-chains in PDB output ...................... : no
GNOM file:
Title ............................................ : Merge of: 817_1mg.txt 817_23mg.txt 817_43mg.txt
Angular units .................................... : angstrom
Maximum particle diameter [Angstrom] ............. : 110.
Radius of gyration [Angstrom] .................... : 33.4
Minimum s [1/Angstrom] ........................... : 0.00
Maximum s [1/Angstrom] ........................... : 0.300
Configured as:
Output filename prefix ........................... : 817-mrg02
Dummy atom radius ................................ : 2.30
Expected particle anisometry ..................... : unknown
Number of spherical harmonics .................... : 20
Proportion of the curve to be fitted ............. : 1.00
Maximum s [1/Angstrom] ........................... : 0.300
Number of shannon channels ....................... : 11
Number of supporting points ...................... : 22
Weighting function ............................... : emphasised porod
Initial random seed .............................. : 1365929751
Maximum number of steps .......................... : 400
Maximum number of iterations ..................... : 100000
Minumum number of successes ...................... : 50
Maximum number of successes ...................... : 10000
Temperature scheduling factor .................... : 0.950
Center penalty weight ............................ : 0.100E-04
Rg penalty weight ................................ : 0.100E-02
Looseness penalty weight ......................... : 0.100E-01
Disconnectivity penalty weight ................... : 0.00
Anisometry penalty weight ........................ : 0.00
Constant subtraction ............................. : skipped (curve to short)
Atom radius ...................................... : 2.30
Annealing procedure status ....................... : warming up
Initial looseness penalty ........................ : 0.403E-02
Initial disconnectivity penalty .................. : 0.00
initial Rg penalty ............................... : 0.304E-05
initial center penalty ........................... : 2.18
Annealing procedure status ....................... : started
Step:    1, T: 0.382E-04, 1264/9287, Succ: 10001, Eval: 35447, CPU: 00:00:06
 Rf: 0.0784, Los: 0.15, Dis: 0.00, Rg: 0.36, Cen: 7.57, Ani: 0.00, Fit: 0.0898
Step:    2, T: 0.363E-04, 1229/10087, Succ: 10001, Eval: 70100, CPU: 00:00:10
 Rf: 0.0658, Los: 0.14, Dis: 0.00, Rg: 0.47, Cen: 7.05, Ani: 0.00, Fit: 0.0794
Step:    3, T: 0.345E-04, 1190/10888, Succ: 10001, Eval: 102731, CPU: 00:00:15
 Rf: 0.0601, Los: 0.15, Dis: 0.00, Rg: 0.40, Cen: 7.27, Ani: 0.00, Fit: 0.0748
Step:    4, T: 0.328E-04, 1229/11439, Succ: 10001, Eval: 135822, CPU: 00:00:19
 Rf: 0.0653, Los: 0.14, Dis: 0.00, Rg: 0.53, Cen: 6.91, Ani: 0.00, Fit: 0.0792
Step:    5, T: 0.311E-04, 1240/11871, Succ: 10001, Eval: 169558, CPU: 00:00:24
 Rf: 0.0601, Los: 0.14, Dis: 0.00, Rg: 1.04, Cen: 6.03, Ani: 0.00, Fit: 0.0783
Step:    6, T: 0.296E-04, 1177/12182, Succ: 10001, Eval: 202037, CPU: 00:00:28
 Rf: 0.0511, Los: 0.14, Dis: 0.00, Rg: 0.19, Cen: 6.34, Ani: 0.00, Fit: 0.0651
Step:    7, T: 0.281E-04, 1168/12423, Succ: 10001, Eval: 234415, CPU: 00:00:32
 Rf: 0.0518, Los: 0.14, Dis: 0.00, Rg: 0.40, Cen: 5.67, Ani: 0.00, Fit: 0.0677
Step:    8, T: 0.267E-04, 1173/12764, Succ: 10001, Eval: 266129, CPU: 00:00:36
 Rf: 0.0441, Los: 0.14, Dis: 0.00, Rg: 0.27, Cen: 7.56, Ani: 0.00, Fit: 0.0607
Step:    9, T: 0.253E-04, 1144/13109, Succ: 10001, Eval: 298874, CPU: 00:00:40
 Rf: 0.0447, Los: 0.14, Dis: 0.00, Rg: 0.23, Cen:10.19, Ani: 0.00, Fit: 0.0613
Step:   10, T: 0.241E-04, 1205/13406, Succ: 10001, Eval: 331317, CPU: 00:00:44
 Rf: 0.0465, Los: 0.14, Dis: 0.00, Rg: 0.44, Cen: 8.51, Ani: 0.00, Fit: 0.0640
Step:   11, T: 0.229E-04, 1134/13794, Succ: 10001, Eval: 364901, CPU: 00:00:49
 Rf: 0.0365, Los: 0.14, Dis: 0.00, Rg: 0.21, Cen: 8.78, Ani: 0.00, Fit: 0.0550
Step:   12, T: 0.217E-04, 1137/14054, Succ: 10001, Eval: 396929, CPU: 00:00:53
 Rf: 0.0372, Los: 0.15, Dis: 0.00, Rg: 0.28, Cen: 8.12, Ani: 0.00, Fit: 0.0567
Step:   13, T: 0.206E-04, 1198/14204, Succ: 10001, Eval: 429433, CPU: 00:00:57
 Rf: 0.0439, Los: 0.14, Dis: 0.00, Rg: 0.19, Cen: 4.60, Ani: 0.00, Fit: 0.0597
Step:   14, T: 0.196E-04, 1155/14495, Succ: 10001, Eval: 460913, CPU: 00:01:01
 Rf: 0.0375, Los: 0.14, Dis: 0.00, Rg: 0.20, Cen: 4.91, Ani: 0.00, Fit: 0.0556
Step:   15, T: 0.186E-04, 1170/14700, Succ: 10001, Eval: 493543, CPU: 00:01:05
 Rf: 0.0355, Los: 0.14, Dis: 0.00, Rg: 0.13, Cen: 4.86, Ani: 0.00, Fit: 0.0533
Step:   16, T: 0.177E-04, 1157/14980, Succ: 10001, Eval: 527911, CPU: 00:01:10
 Rf: 0.0332, Los: 0.14, Dis: 0.00, Rg: 0.15, Cen: 6.30, Ani: 0.00, Fit: 0.0525
Step:   17, T: 0.168E-04, 1124/15129, Succ: 10001, Eval: 562642, CPU: 00:01:14
 Rf: 0.0240, Los: 0.14, Dis: 0.00, Rg: 0.13, Cen: 6.16, Ani: 0.00, Fit: 0.0470
Step:   18, T: 0.160E-04, 1149/15276, Succ: 10001, Eval: 595572, CPU: 00:01:19
 Rf: 0.0277, Los: 0.14, Dis: 0.00, Rg: 0.07, Cen: 7.92, Ani: 0.00, Fit: 0.0481
Step:   19, T: 0.152E-04, 1124/15372, Succ: 10001, Eval: 625721, CPU: 00:01:22
 Rf: 0.0241, Los: 0.14, Dis: 0.00, Rg: 0.09, Cen: 6.04, Ani: 0.00, Fit: 0.0457
Step:   20, T: 0.144E-04, 1135/15437, Succ: 10001, Eval: 656366, CPU: 00:01:26
 Rf: 0.0208, Los: 0.13, Dis: 0.00, Rg: 0.03, Cen: 6.08, Ani: 0.00, Fit: 0.0427
Step:   21, T: 0.137E-04, 1170/15592, Succ: 10001, Eval: 687531, CPU: 00:01:30
 Rf: 0.0287, Los: 0.13, Dis: 0.00, Rg: 0.07, Cen: 6.46, Ani: 0.00, Fit: 0.0474
Step:   22, T: 0.130E-04, 1137/15782, Succ: 10001, Eval: 719403, CPU: 00:01:34
 Rf: 0.0230, Los: 0.13, Dis: 0.00, Rg: 0.04, Cen: 6.74, Ani: 0.00, Fit: 0.0440
Step:   23, T: 0.124E-04, 1120/15855, Succ: 10001, Eval: 749013, CPU: 00:01:38
 Rf: 0.0213, Los: 0.13, Dis: 0.00, Rg: 0.10, Cen: 4.65, Ani: 0.00, Fit: 0.0438
Step:   24, T: 0.117E-04, 1147/16004, Succ: 10001, Eval: 779842, CPU: 00:01:41
 Rf: 0.0231, Los: 0.13, Dis: 0.00, Rg: 0.06, Cen: 5.54, Ani: 0.00, Fit: 0.0441
Step:   25, T: 0.112E-04, 1126/16233, Succ: 10001, Eval: 812141, CPU: 00:01:46
 Rf: 0.0186, Los: 0.12, Dis: 0.00, Rg: 0.05, Cen: 5.27, Ani: 0.00, Fit: 0.0411
Step:   26, T: 0.106E-04, 1151/16414, Succ: 10001, Eval: 845340, CPU: 00:01:50
 Rf: 0.0202, Los: 0.13, Dis: 0.00, Rg: 0.02, Cen: 4.17, Ani: 0.00, Fit: 0.0424
Step:   27, T: 0.101E-04, 1102/16548, Succ: 10001, Eval: 877117, CPU: 00:01:54
 Rf: 0.0213, Los: 0.13, Dis: 0.00, Rg: 0.01, Cen: 3.10, Ani: 0.00, Fit: 0.0429
Step:   28, T: 0.957E-05, 1133/16686, Succ: 10001, Eval: 909331, CPU: 00:01:58
 Rf: 0.0175, Los: 0.13, Dis: 0.00, Rg: 0.02, Cen: 2.69, Ani: 0.00, Fit: 0.0410
Step:   29, T: 0.909E-05, 1142/16823, Succ: 10001, Eval: 940262, CPU: 00:02:02
 Rf: 0.0188, Los: 0.13, Dis: 0.00, Rg: 0.06, Cen: 3.42, Ani: 0.00, Fit: 0.0413
Step:   30, T: 0.863E-05, 1143/16930, Succ: 10001, Eval: 970550, CPU: 00:02:06
 Rf: 0.0166, Los: 0.12, Dis: 0.00, Rg: 0.03, Cen: 2.46, Ani: 0.00, Fit: 0.0392
Step:   31, T: 0.820E-05, 1150/17079, Succ: 10001, Eval: 1000019, CPU: 00:02:09
 Rf: 0.0134, Los: 0.11, Dis: 0.00, Rg: 0.02, Cen: 2.18, Ani: 0.00, Fit: 0.0370
Step:   32, T: 0.779E-05, 1165/17214, Succ: 10001, Eval: 1030502, CPU: 00:02:13
 Rf: 0.0173, Los: 0.11, Dis: 0.00, Rg: 0.01, Cen: 1.65, Ani: 0.00, Fit: 0.0382
Step:   33, T: 0.740E-05, 1140/17390, Succ: 10001, Eval: 1060279, CPU: 00:02:16
 Rf: 0.0153, Los: 0.11, Dis: 0.00, Rg: 0.01, Cen: 2.03, Ani: 0.00, Fit: 0.0373
Step:   34, T: 0.703E-05, 1131/17554, Succ: 10001, Eval: 1089701, CPU: 00:02:20
 Rf: 0.0152, Los: 0.12, Dis: 0.00, Rg: 0.02, Cen: 3.00, Ani: 0.00, Fit: 0.0385
Step:   35, T: 0.668E-05, 1148/17647, Succ: 10001, Eval: 1118801, CPU: 00:02:24
 Rf: 0.0137, Los: 0.10, Dis: 0.00, Rg: 0.00, Cen: 1.67, Ani: 0.00, Fit: 0.0353
Step:   36, T: 0.635E-05, 1177/17730, Succ: 10001, Eval: 1149010, CPU: 00:02:27
 Rf: 0.0126, Los: 0.10, Dis: 0.00, Rg: 0.00, Cen: 0.50, Ani: 0.00, Fit: 0.0349
Step:   37, T: 0.603E-05, 1166/17768, Succ: 10001, Eval: 1176501, CPU: 00:02:31
 Rf: 0.0128, Los: 0.10, Dis: 0.00, Rg: 0.04, Cen: 2.24, Ani: 0.00, Fit: 0.0344
Step:   38, T: 0.573E-05, 1117/17825, Succ: 10001, Eval: 1203867, CPU: 00:02:34
 Rf: 0.0098, Los: 0.10, Dis: 0.00, Rg: 0.04, Cen: 0.68, Ani: 0.00, Fit: 0.0344
Step:   39, T: 0.544E-05, 1150/17865, Succ: 10001, Eval: 1231686, CPU: 00:02:37
 Rf: 0.0100, Los: 0.10, Dis: 0.00, Rg: 0.03, Cen: 1.50, Ani: 0.00, Fit: 0.0339
Step:   40, T: 0.517E-05, 1147/17949, Succ: 10001, Eval: 1259672, CPU: 00:02:40
 Rf: 0.0139, Los: 0.11, Dis: 0.00, Rg: 0.02, Cen: 3.69, Ani: 0.00, Fit: 0.0362
Step:   41, T: 0.491E-05, 1138/18112, Succ: 10001, Eval: 1288079, CPU: 00:02:44
 Rf: 0.0085, Los: 0.11, Dis: 0.00, Rg: 0.03, Cen: 2.95, Ani: 0.00, Fit: 0.0356
Step:   42, T: 0.466E-05, 1161/18215, Succ: 10001, Eval: 1318470, CPU: 00:02:47
 Rf: 0.0084, Los: 0.10, Dis: 0.00, Rg: 0.00, Cen: 2.55, Ani: 0.00, Fit: 0.0326
Step:   43, T: 0.443E-05, 1164/18273, Succ: 10001, Eval: 1347273, CPU: 00:02:51
 Rf: 0.0123, Los: 0.10, Dis: 0.00, Rg: 0.01, Cen: 2.11, Ani: 0.00, Fit: 0.0350
Step:   44, T: 0.421E-05, 1177/18366, Succ: 10001, Eval: 1376303, CPU: 00:02:54
 Rf: 0.0082, Los: 0.09, Dis: 0.00, Rg: 0.00, Cen: 1.38, Ani: 0.00, Fit: 0.0318
Step:   45, T: 0.400E-05, 1192/18421, Succ: 10001, Eval: 1405108, CPU: 00:02:57
 Rf: 0.0091, Los: 0.09, Dis: 0.00, Rg: 0.00, Cen: 1.74, Ani: 0.00, Fit: 0.0319
Step:   46, T: 0.380E-05, 1189/18454, Succ: 10001, Eval: 1434012, CPU: 00:03:01
 Rf: 0.0089, Los: 0.09, Dis: 0.00, Rg: 0.00, Cen: 2.25, Ani: 0.00, Fit: 0.0320
Step:   47, T: 0.361E-05, 1190/18519, Succ: 10001, Eval: 1463425, CPU: 00:03:04
 Rf: 0.0078, Los: 0.09, Dis: 0.00, Rg: 0.00, Cen: 0.78, Ani: 0.00, Fit: 0.0309
Step:   48, T: 0.343E-05, 1219/18567, Succ: 10001, Eval: 1493823, CPU: 00:03:08
 Rf: 0.0085, Los: 0.09, Dis: 0.00, Rg: 0.01, Cen: 0.57, Ani: 0.00, Fit: 0.0313
Step:   49, T: 0.326E-05, 1176/18606, Succ: 10001, Eval: 1524624, CPU: 00:03:11
 Rf: 0.0089, Los: 0.09, Dis: 0.00, Rg: 0.00, Cen: 0.32, Ani: 0.00, Fit: 0.0318
Step:   50, T: 0.309E-05, 1209/18619, Succ: 10001, Eval: 1554280, CPU: 00:03:14
 Rf: 0.0078, Los: 0.08, Dis: 0.00, Rg: 0.00, Cen: 0.74, Ani: 0.00, Fit: 0.0296
Step:   51, T: 0.294E-05, 1224/18630, Succ: 10001, Eval: 1584120, CPU: 00:03:18
 Rf: 0.0070, Los: 0.08, Dis: 0.00, Rg: 0.00, Cen: 0.57, Ani: 0.00, Fit: 0.0292
Step:   52, T: 0.279E-05, 1219/18663, Succ: 10001, Eval: 1614064, CPU: 00:03:21
 Rf: 0.0074, Los: 0.08, Dis: 0.00, Rg: 0.00, Cen: 0.72, Ani: 0.00, Fit: 0.0293
Step:   53, T: 0.265E-05, 1208/18728, Succ: 10001, Eval: 1644814, CPU: 00:03:24
 Rf: 0.0060, Los: 0.08, Dis: 0.00, Rg: 0.00, Cen: 0.89, Ani: 0.00, Fit: 0.0289
Step:   54, T: 0.252E-05, 1233/18762, Succ: 10001, Eval: 1675525, CPU: 00:03:28
 Rf: 0.0073, Los: 0.08, Dis: 0.00, Rg: 0.00, Cen: 0.31, Ani: 0.00, Fit: 0.0287
Step:   55, T: 0.239E-05, 1220/18789, Succ: 10001, Eval: 1706957, CPU: 00:03:31
 Rf: 0.0071, Los: 0.07, Dis: 0.00, Rg: 0.00, Cen: 0.71, Ani: 0.00, Fit: 0.0282
Step:   56, T: 0.227E-05, 1217/18808, Succ: 10001, Eval: 1738885, CPU: 00:03:35
 Rf: 0.0060, Los: 0.07, Dis: 0.00, Rg: 0.01, Cen: 0.66, Ani: 0.00, Fit: 0.0279
Step:   57, T: 0.216E-05, 1254/18831, Succ: 10001, Eval: 1770610, CPU: 00:03:38
 Rf: 0.0054, Los: 0.06, Dis: 0.00, Rg: 0.00, Cen: 0.60, Ani: 0.00, Fit: 0.0260
Step:   58, T: 0.205E-05, 1255/18856, Succ: 10001, Eval: 1802431, CPU: 00:03:41
 Rf: 0.0054, Los: 0.06, Dis: 0.00, Rg: 0.00, Cen: 0.86, Ani: 0.00, Fit: 0.0259
Step:   59, T: 0.195E-05, 1264/18871, Succ: 10001, Eval: 1835220, CPU: 00:03:45
 Rf: 0.0057, Los: 0.07, Dis: 0.00, Rg: 0.00, Cen: 0.24, Ani: 0.00, Fit: 0.0262
Step:   60, T: 0.185E-05, 1261/18896, Succ: 10001, Eval: 1867930, CPU: 00:03:48
 Rf: 0.0049, Los: 0.06, Dis: 0.00, Rg: 0.00, Cen: 0.89, Ani: 0.00, Fit: 0.0248
Step:   61, T: 0.176E-05, 1280/18911, Succ: 10001, Eval: 1901469, CPU: 00:03:51
 Rf: 0.0049, Los: 0.06, Dis: 0.00, Rg: 0.00, Cen: 0.50, Ani: 0.00, Fit: 0.0246
Step:   62, T: 0.167E-05, 1249/19001, Succ: 10001, Eval: 1935551, CPU: 00:03:55
 Rf: 0.0052, Los: 0.06, Dis: 0.00, Rg: 0.00, Cen: 0.44, Ani: 0.00, Fit: 0.0252
Step:   63, T: 0.159E-05, 1290/19022, Succ: 10001, Eval: 1969685, CPU: 00:03:58
 Rf: 0.0043, Los: 0.05, Dis: 0.00, Rg: 0.00, Cen: 0.59, Ani: 0.00, Fit: 0.0239
Step:   64, T: 0.151E-05, 1287/19029, Succ: 10001, Eval: 2004647, CPU: 00:04:02
 Rf: 0.0045, Los: 0.05, Dis: 0.00, Rg: 0.00, Cen: 0.86, Ani: 0.00, Fit: 0.0233
Step:   65, T: 0.143E-05, 1248/19029, Succ: 10001, Eval: 2040666, CPU: 00:04:06
 Rf: 0.0043, Los: 0.06, Dis: 0.00, Rg: 0.00, Cen: 0.95, Ani: 0.00, Fit: 0.0245
Step:   66, T: 0.136E-05, 1283/19029, Succ: 10001, Eval: 2075463, CPU: 00:04:09
 Rf: 0.0045, Los: 0.05, Dis: 0.00, Rg: 0.00, Cen: 0.41, Ani: 0.00, Fit: 0.0236
Step:   67, T: 0.129E-05, 1284/19038, Succ: 10001, Eval: 2110946, CPU: 00:04:13
 Rf: 0.0041, Los: 0.05, Dis: 0.00, Rg: 0.00, Cen: 0.44, Ani: 0.00, Fit: 0.0227
Step:   68, T: 0.123E-05, 1285/19039, Succ: 10001, Eval: 2146272, CPU: 00:04:16
 Rf: 0.0045, Los: 0.05, Dis: 0.00, Rg: 0.00, Cen: 0.71, Ani: 0.00, Fit: 0.0228
Step:   69, T: 0.117E-05, 1318/19049, Succ: 10001, Eval: 2182467, CPU: 00:04:20
 Rf: 0.0047, Los: 0.04, Dis: 0.00, Rg: 0.00, Cen: 0.82, Ani: 0.00, Fit: 0.0218
Step:   70, T: 0.111E-05, 1309/19050, Succ: 10001, Eval: 2219519, CPU: 00:04:24
 Rf: 0.0038, Los: 0.04, Dis: 0.00, Rg: 0.00, Cen: 0.24, Ani: 0.00, Fit: 0.0214
Step:   71, T: 0.105E-05, 1290/19058, Succ: 10001, Eval: 2257320, CPU: 00:04:27
 Rf: 0.0031, Los: 0.05, Dis: 0.00, Rg: 0.00, Cen: 0.32, Ani: 0.00, Fit: 0.0220
Step:   72, T: 0.100E-05, 1313/19064, Succ: 10001, Eval: 2295840, CPU: 00:04:31
 Rf: 0.0038, Los: 0.04, Dis: 0.00, Rg: 0.00, Cen: 0.17, Ani: 0.00, Fit: 0.0213
Step:   73, T: 0.951E-06, 1326/19066, Succ: 10001, Eval: 2336125, CPU: 00:04:35
 Rf: 0.0031, Los: 0.04, Dis: 0.00, Rg: 0.00, Cen: 0.10, Ani: 0.00, Fit: 0.0206
Step:   74, T: 0.904E-06, 1339/19075, Succ: 10001, Eval: 2378590, CPU: 00:04:39
 Rf: 0.0029, Los: 0.04, Dis: 0.00, Rg: 0.00, Cen: 0.39, Ani: 0.00, Fit: 0.0202
Step:   75, T: 0.858E-06, 1330/19095, Succ: 10001, Eval: 2420972, CPU: 00:04:44
 Rf: 0.0021, Los: 0.04, Dis: 0.00, Rg: 0.00, Cen: 0.31, Ani: 0.00, Fit: 0.0204
Step:   76, T: 0.816E-06, 1373/19106, Succ: 10001, Eval: 2465307, CPU: 00:04:48
 Rf: 0.0038, Los: 0.04, Dis: 0.00, Rg: 0.00, Cen: 0.37, Ani: 0.00, Fit: 0.0194
Step:   77, T: 0.775E-06, 1362/19144, Succ: 10001, Eval: 2509454, CPU: 00:04:52
 Rf: 0.0028, Los: 0.04, Dis: 0.00, Rg: 0.00, Cen: 0.39, Ani: 0.00, Fit: 0.0196
Step:   78, T: 0.736E-06, 1393/19150, Succ: 10001, Eval: 2554385, CPU: 00:04:57
 Rf: 0.0025, Los: 0.03, Dis: 0.00, Rg: 0.00, Cen: 0.25, Ani: 0.00, Fit: 0.0188
Step:   79, T: 0.699E-06, 1370/19153, Succ: 10001, Eval: 2600903, CPU: 00:05:01
 Rf: 0.0026, Los: 0.03, Dis: 0.00, Rg: 0.00, Cen: 0.21, Ani: 0.00, Fit: 0.0189
Step:   80, T: 0.664E-06, 1379/19163, Succ: 10001, Eval: 2649593, CPU: 00:05:06
 Rf: 0.0020, Los: 0.03, Dis: 0.00, Rg: 0.00, Cen: 0.26, Ani: 0.00, Fit: 0.0185
Step:   81, T: 0.631E-06, 1376/19171, Succ: 10001, Eval: 2699012, CPU: 00:05:11
 Rf: 0.0016, Los: 0.03, Dis: 0.00, Rg: 0.00, Cen: 0.15, Ani: 0.00, Fit: 0.0184
Step:   82, T: 0.599E-06, 1387/19184, Succ: 10001, Eval: 2750588, CPU: 00:05:16
 Rf: 0.0029, Los: 0.03, Dis: 0.00, Rg: 0.00, Cen: 0.02, Ani: 0.00, Fit: 0.0182
Step:   83, T: 0.570E-06, 1404/19208, Succ: 10001, Eval: 2803887, CPU: 00:05:22
 Rf: 0.0021, Los: 0.03, Dis: 0.00, Rg: 0.00, Cen: 0.08, Ani: 0.00, Fit: 0.0182
Step:   84, T: 0.541E-06, 1413/19213, Succ: 10001, Eval: 2859895, CPU: 00:05:27
 Rf: 0.0023, Los: 0.03, Dis: 0.00, Rg: 0.00, Cen: 0.11, Ani: 0.00, Fit: 0.0174
Step:   85, T: 0.514E-06, 1418/19214, Succ: 10001, Eval: 2917075, CPU: 00:05:33
 Rf: 0.0015, Los: 0.03, Dis: 0.00, Rg: 0.00, Cen: 0.10, Ani: 0.00, Fit: 0.0168
Step:   86, T: 0.488E-06, 1437/19219, Succ: 10001, Eval: 2977299, CPU: 00:05:39
 Rf: 0.0020, Los: 0.03, Dis: 0.00, Rg: 0.00, Cen: 0.19, Ani: 0.00, Fit: 0.0163
Step:   87, T: 0.464E-06, 1422/19235, Succ: 10001, Eval: 3039466, CPU: 00:05:45
 Rf: 0.0016, Los: 0.03, Dis: 0.00, Rg: 0.00, Cen: 0.03, Ani: 0.00, Fit: 0.0165
Step:   88, T: 0.441E-06, 1433/19237, Succ: 10001, Eval: 3103496, CPU: 00:05:51
 Rf: 0.0018, Los: 0.03, Dis: 0.00, Rg: 0.00, Cen: 0.23, Ani: 0.00, Fit: 0.0164
Step:   89, T: 0.419E-06, 1442/19259, Succ: 10001, Eval: 3169956, CPU: 00:05:58
 Rf: 0.0016, Los: 0.03, Dis: 0.00, Rg: 0.00, Cen: 0.28, Ani: 0.00, Fit: 0.0161
Step:   90, T: 0.398E-06, 1435/19276, Succ: 10001, Eval: 3239693, CPU: 00:06:05
 Rf: 0.0020, Los: 0.03, Dis: 0.00, Rg: 0.00, Cen: 0.13, Ani: 0.00, Fit: 0.0161
Step:   91, T: 0.378E-06, 1468/19289, Succ: 10001, Eval: 3312049, CPU: 00:06:12
 Rf: 0.0026, Los: 0.02, Dis: 0.00, Rg: 0.00, Cen: 0.15, Ani: 0.00, Fit: 0.0157
Step:   92, T: 0.359E-06, 1469/19303, Succ: 10001, Eval: 3389086, CPU: 00:06:20
 Rf: 0.0015, Los: 0.02, Dis: 0.00, Rg: 0.00, Cen: 0.04, Ani: 0.00, Fit: 0.0154
Step:   93, T: 0.341E-06, 1462/19320, Succ: 10001, Eval: 3468921, CPU: 00:06:28
 Rf: 0.0017, Los: 0.02, Dis: 0.00, Rg: 0.00, Cen: 0.12, Ani: 0.00, Fit: 0.0156
Step:   94, T: 0.324E-06, 1469/19331, Succ: 10001, Eval: 3552320, CPU: 00:06:36
 Rf: 0.0014, Los: 0.02, Dis: 0.00, Rg: 0.00, Cen: 0.08, Ani: 0.00, Fit: 0.0152
Step:   95, T: 0.308E-06, 1490/19332, Succ: 10001, Eval: 3639466, CPU: 00:06:45
 Rf: 0.0013, Los: 0.02, Dis: 0.00, Rg: 0.00, Cen: 0.09, Ani: 0.00, Fit: 0.0147
Step:   96, T: 0.292E-06, 1493/19332, Succ: 10001, Eval: 3734039, CPU: 00:06:54
 Rf: 0.0019, Los: 0.02, Dis: 0.00, Rg: 0.00, Cen: 0.13, Ani: 0.00, Fit: 0.0145
Step:   97, T: 0.278E-06, 1504/19333, Succ: 9813, Eval: 3834040, CPU: 00:07:05
 Rf: 0.0022, Los: 0.02, Dis: 0.00, Rg: 0.00, Cen: 0.09, Ani: 0.00, Fit: 0.0145
Step:   98, T: 0.264E-06, 1498/19333, Succ: 9360, Eval: 3934041, CPU: 00:07:15
 Rf: 0.0015, Los: 0.02, Dis: 0.00, Rg: 0.00, Cen: 0.13, Ani: 0.00, Fit: 0.0143
Step:   99, T: 0.251E-06, 1525/19342, Succ: 8763, Eval: 4034042, CPU: 00:07:25
 Rf: 0.0015, Los: 0.02, Dis: 0.00, Rg: 0.00, Cen: 0.12, Ani: 0.00, Fit: 0.0137
Step:  100, T: 0.238E-06, 1520/19358, Succ: 8211, Eval: 4134043, CPU: 00:07:35
 Rf: 0.0019, Los: 0.02, Dis: 0.00, Rg: 0.00, Cen: 0.05, Ani: 0.00, Fit: 0.0137
Step:  101, T: 0.226E-06, 1529/19361, Succ: 7661, Eval: 4234044, CPU: 00:07:46
 Rf: 0.0014, Los: 0.02, Dis: 0.00, Rg: 0.00, Cen: 0.05, Ani: 0.00, Fit: 0.0135
Step:  102, T: 0.215E-06, 1542/19362, Succ: 7045, Eval: 4334045, CPU: 00:07:56
 Rf: 0.0013, Los: 0.02, Dis: 0.00, Rg: 0.00, Cen: 0.02, Ani: 0.00, Fit: 0.0133
Step:  103, T: 0.204E-06, 1546/19362, Succ: 6742, Eval: 4434046, CPU: 00:08:06
 Rf: 0.0017, Los: 0.02, Dis: 0.00, Rg: 0.00, Cen: 0.02, Ani: 0.00, Fit: 0.0130
Step:  104, T: 0.194E-06, 1549/19362, Succ: 6165, Eval: 4534047, CPU: 00:08:16
 Rf: 0.0013, Los: 0.02, Dis: 0.00, Rg: 0.00, Cen: 0.06, Ani: 0.00, Fit: 0.0129
Step:  105, T: 0.184E-06, 1573/19362, Succ: 5570, Eval: 4634048, CPU: 00:08:26
 Rf: 0.0014, Los: 0.02, Dis: 0.00, Rg: 0.00, Cen: 0.04, Ani: 0.00, Fit: 0.0127
Step:  106, T: 0.175E-06, 1579/19363, Succ: 5230, Eval: 4734049, CPU: 00:08:37
 Rf: 0.0011, Los: 0.02, Dis: 0.00, Rg: 0.00, Cen: 0.07, Ani: 0.00, Fit: 0.0125
Step:  107, T: 0.166E-06, 1570/19364, Succ: 4825, Eval: 4834050, CPU: 00:08:47
 Rf: 0.0013, Los: 0.02, Dis: 0.00, Rg: 0.00, Cen: 0.04, Ani: 0.00, Fit: 0.0126
Step:  108, T: 0.158E-06, 1561/19366, Succ: 4697, Eval: 4934051, CPU: 00:08:57
 Rf: 0.0017, Los: 0.02, Dis: 0.00, Rg: 0.00, Cen: 0.03, Ani: 0.00, Fit: 0.0126
Step:  109, T: 0.150E-06, 1588/19366, Succ: 3967, Eval: 5034052, CPU: 00:09:07
 Rf: 0.0011, Los: 0.01, Dis: 0.00, Rg: 0.00, Cen: 0.05, Ani: 0.00, Fit: 0.0121
Step:  110, T: 0.143E-06, 1585/19367, Succ: 3887, Eval: 5134053, CPU: 00:09:17
 Rf: 0.0011, Los: 0.01, Dis: 0.00, Rg: 0.00, Cen: 0.08, Ani: 0.00, Fit: 0.0121
Step:  111, T: 0.135E-06, 1601/19367, Succ: 3432, Eval: 5234054, CPU: 00:09:28
 Rf: 0.0011, Los: 0.01, Dis: 0.00, Rg: 0.00, Cen: 0.04, Ani: 0.00, Fit: 0.0119
Step:  112, T: 0.129E-06, 1606/19368, Succ: 3059, Eval: 5334055, CPU: 00:09:38
 Rf: 0.0010, Los: 0.01, Dis: 0.00, Rg: 0.00, Cen: 0.05, Ani: 0.00, Fit: 0.0116
Step:  113, T: 0.122E-06, 1590/19368, Succ: 2644, Eval: 5434056, CPU: 00:09:48
 Rf: 0.0009, Los: 0.01, Dis: 0.00, Rg: 0.00, Cen: 0.01, Ani: 0.00, Fit: 0.0117
Step:  114, T: 0.116E-06, 1604/19368, Succ: 2604, Eval: 5534057, CPU: 00:09:58
 Rf: 0.0011, Los: 0.01, Dis: 0.00, Rg: 0.00, Cen: 0.04, Ani: 0.00, Fit: 0.0116
Step:  115, T: 0.110E-06, 1621/19368, Succ: 2321, Eval: 5634058, CPU: 00:10:09
 Rf: 0.0011, Los: 0.01, Dis: 0.00, Rg: 0.00, Cen: 0.06, Ani: 0.00, Fit: 0.0112
Step:  116, T: 0.105E-06, 1625/19368, Succ: 1958, Eval: 5734059, CPU: 00:10:19
 Rf: 0.0009, Los: 0.01, Dis: 0.00, Rg: 0.00, Cen: 0.01, Ani: 0.00, Fit: 0.0110
Step:  117, T: 0.996E-07, 1627/19368, Succ: 1474, Eval: 5834060, CPU: 00:10:29
 Rf: 0.0010, Los: 0.01, Dis: 0.00, Rg: 0.00, Cen: 0.02, Ani: 0.00, Fit: 0.0110
Step:  118, T: 0.946E-07, 1620/19368, Succ: 1315, Eval: 5934061, CPU: 00:10:40
 Rf: 0.0011, Los: 0.01, Dis: 0.00, Rg: 0.00, Cen: 0.01, Ani: 0.00, Fit: 0.0111
Step:  119, T: 0.899E-07, 1636/19368, Succ: 1416, Eval: 6034062, CPU: 00:10:50
 Rf: 0.0010, Los: 0.01, Dis: 0.00, Rg: 0.00, Cen: 0.03, Ani: 0.00, Fit: 0.0109
Step:  120, T: 0.854E-07, 1636/19368, Succ: 970, Eval: 6134063, CPU: 00:11:00
 Rf: 0.0009, Los: 0.01, Dis: 0.00, Rg: 0.00, Cen: 0.01, Ani: 0.00, Fit: 0.0108
Step:  121, T: 0.811E-07, 1638/19368, Succ: 956, Eval: 6234064, CPU: 00:11:11
 Rf: 0.0008, Los: 0.01, Dis: 0.00, Rg: 0.00, Cen: 0.03, Ani: 0.00, Fit: 0.0107
Step:  122, T: 0.770E-07, 1639/19368, Succ: 767, Eval: 6334065, CPU: 00:11:21
 Rf: 0.0008, Los: 0.01, Dis: 0.00, Rg: 0.00, Cen: 0.03, Ani: 0.00, Fit: 0.0108
Step:  123, T: 0.732E-07, 1644/19368, Succ: 789, Eval: 6434066, CPU: 00:11:31
 Rf: 0.0008, Los: 0.01, Dis: 0.00, Rg: 0.00, Cen: 0.02, Ani: 0.00, Fit: 0.0106
Step:  124, T: 0.695E-07, 1657/19368, Succ: 543, Eval: 6534067, CPU: 00:11:42
 Rf: 0.0008, Los: 0.01, Dis: 0.00, Rg: 0.00, Cen: 0.00, Ani: 0.00, Fit: 0.0106
Step:  125, T: 0.661E-07, 1659/19368, Succ: 460, Eval: 6634068, CPU: 00:11:52
 Rf: 0.0010, Los: 0.01, Dis: 0.00, Rg: 0.00, Cen: 0.01, Ani: 0.00, Fit: 0.0105
Step:  126, T: 0.628E-07, 1660/19368, Succ: 403, Eval: 6734069, CPU: 00:12:03
 Rf: 0.0010, Los: 0.01, Dis: 0.00, Rg: 0.00, Cen: 0.04, Ani: 0.00, Fit: 0.0105
Step:  127, T: 0.596E-07, 1658/19368, Succ: 328, Eval: 6834070, CPU: 00:12:13
 Rf: 0.0010, Los: 0.01, Dis: 0.00, Rg: 0.00, Cen: 0.02, Ani: 0.00, Fit: 0.0105
Step:  128, T: 0.566E-07, 1666/19368, Succ: 256, Eval: 6934071, CPU: 00:12:24
 Rf: 0.0011, Los: 0.01, Dis: 0.00, Rg: 0.00, Cen: 0.01, Ani: 0.00, Fit: 0.0104
Step:  129, T: 0.538E-07, 1661/19368, Succ: 269, Eval: 7034072, CPU: 00:12:34
 Rf: 0.0009, Los: 0.01, Dis: 0.00, Rg: 0.00, Cen: 0.04, Ani: 0.00, Fit: 0.0104
Step:  130, T: 0.511E-07, 1663/19368, Succ: 240, Eval: 7134073, CPU: 00:12:44
 Rf: 0.0009, Los: 0.01, Dis: 0.00, Rg: 0.00, Cen: 0.02, Ani: 0.00, Fit: 0.0104
Step:  131, T: 0.486E-07, 1662/19368, Succ: 121, Eval: 7234074, CPU: 00:12:55
 Rf: 0.0009, Los: 0.01, Dis: 0.00, Rg: 0.00, Cen: 0.01, Ani: 0.00, Fit: 0.0104
Step:  132, T: 0.461E-07, 1663/19368, Succ: 113, Eval: 7334075, CPU: 00:13:05
 Rf: 0.0009, Los: 0.01, Dis: 0.00, Rg: 0.00, Cen: 0.00, Ani: 0.00, Fit: 0.0104
Step:  133, T: 0.438E-07, 1665/19368, Succ: 102, Eval: 7434076, CPU: 00:13:15
 Rf: 0.0009, Los: 0.01, Dis: 0.00, Rg: 0.00, Cen: 0.01, Ani: 0.00, Fit: 0.0103
Step:  134, T: 0.416E-07, 1663/19368, Succ: 46, Eval: 7534077, CPU: 00:13:26
 Rf: 0.0008, Los: 0.01, Dis: 0.00, Rg: 0.00, Cen: 0.01, Ani: 0.00, Fit: 0.0103
Annealing procedure status ....................... : cooled down
Preparing output files ........................... : pdb, fit, fir
Log closed ....................................... : 2009-06-11, 18:36:12
