
           ####    G N O M   ---   Version 4.5a revised 09/02/02     ####

                                                  Mon May 09 16:12:31 2011
           ===    Run No   1   ===
 Run title:   Merge of: Sub08.dat Sub03.dat


  Number of points omitted at the beginning:          34
  Number of points omitted at the end:         784
   *******   Working Directory :
   *******    Input file(s) : Merge03-08.dat
           Condition P(rmin) = 0 is used. 
           Condition P(rmax) = 0 is used. 

          Experimental conditions for the first run
          -----------------------------------------

          Highest ALPHA is found to be   0.1277E+02

  The measure of inconsistency AN1 equals to    0.6941E+00
     Alpha    Discrp  Oscill  Stabil  Sysdev  Positv  Valcen    Total   
  0.1277E+05 51.5817  1.2824  0.4171  0.0044  1.0000  0.8311  0.00001
  0.2555E+04 20.0789  1.2661  0.1564  0.0220  1.0000  0.8469  0.00001
  0.5110E+03  5.7992  1.3350  0.0474  0.0573  1.0000  0.8472  0.00001
  0.1022E+03  1.4481  1.3827  0.0173  0.2687  1.0000  0.8452  0.55527
  0.2044E+02  0.5309  1.3985  0.0049  0.7004  1.0000  0.8446  0.59890
  0.4088E+01  0.4383  1.4026  0.0019  0.6916  1.0000  0.8445  0.56129
  0.8176E+00  0.4300  1.4047  0.0025  0.6564  1.0000  0.8445  0.49265
  0.1635E+00  0.4273  1.4090  0.0052  0.6564  1.0000  0.8443  0.43982
  0.3270E-01  0.4244  1.4346  0.0126  0.6476  1.0000  0.8438  0.10000
  0.6541E-02  0.4219  1.5308  0.0199  0.6388  0.9999  0.8439  0.10000
  0.1308E-02  0.4193  2.0138  0.0795  0.6476  0.9994  0.8472  0.10000
  0.2616E-03  0.4145  4.1708  0.1427  0.6388  0.9939  0.8471  0.10000
  0.5232E-04  0.4114  6.9848  0.1750  0.6476  0.9764  0.8201  0.10000
  0.1046E-04  0.4088 12.2139  0.6029  0.6388  0.9195  0.6513  0.10000
  0.2093E-05  0.4037 15.8144  0.5480  0.6300  0.8214  0.3546  0.10000
  0.4186E-06  0.3992 18.4154  0.6862  0.6388  0.7531  0.2809  0.10000
  0.8372E-07  0.3913 17.0908  0.9742  0.6476  0.7306  0.3172  0.10000
  0.1674E-07  0.3696 15.6269  0.6739  0.6740  0.7142  0.3239  0.10000
  0.3349E-08  0.3469 16.0663  0.3601  0.6608  0.7072  0.3422  0.10000
  0.6698E-09  0.3337 18.3462  0.6737  0.6300  0.7059  0.3685  0.10000
  0.1340E-09  0.3092 20.6254  0.6047  0.6476  0.7242  0.3463  0.10000
  0.2679E-10  0.2646 27.5280  0.5232  0.6696  0.7417  0.3426  0.10000
  0.5358E-11  0.1900 35.6994  0.4741  0.6960  0.6999  0.2863  0.10000
  0.1072E-11  0.0972 41.9363  0.2962  0.7048  0.6642  0.3134  0.10000
  0.2143E-12  0.0316 45.6532  0.1201  0.7225  0.6496  0.3526  0.10000
  0.4286E-13  0.0074 46.8907  0.0308  0.7137  0.6476  0.3658  0.10000
  0.8573E-14  0.0015 47.1774  0.0065  0.7048  0.6473  0.3688  0.10000
  0.1715E-14  0.0003 47.2367  0.0013  0.7048  0.6472  0.3695  0.10000
  0.3429E-15  0.0001 47.2486  0.0003  0.7048  0.6472  0.3696  0.10000
  0.6858E-16  0.0000 47.2510  0.0001  0.7048  0.6472  0.3696  0.10000
  0.1372E-16  0.0000 47.2515  0.0000  0.7048  0.6472  0.3696  0.10000

          ***  Golden section search to maximize estimate ***
     Alpha    Discrp  Oscill  Stabil  Sysdev  Positv  Valcen    Total   
  0.1105E+02  0.4663  1.4007  0.0029  0.6828  1.0000  0.8446  0.58333
  0.2585E+02  0.5781  1.3973  0.0060  0.6740  1.0000  0.8447  0.59538
  0.1616E+02  0.4982  1.3995  0.0040  0.7004  1.0000  0.8446  0.59513
  0.2236E+02  0.5469  1.3981  0.0053  0.6828  1.0000  0.8447  0.59507
  0.1869E+02  0.5169  1.3989  0.0046  0.7004  1.0000  0.8446  0.59745
  0.2115E+02  0.5367  1.3983  0.0051  0.7093  1.0000  0.8446  0.60256
  0.2160E+02  0.5405  1.3982  0.0052  0.7004  1.0000  0.8446  0.59981
  0.2088E+02  0.5345  1.3984  0.0050  0.7004  1.0000  0.8446  0.59924
  0.2132E+02  0.5382  1.3983  0.0051  0.7181  1.0000  0.8446  0.60611
  0.2143E+02  0.5391  1.3983  0.0051  0.7004  1.0000  0.8446  0.59967
  0.2126E+02  0.5376  1.3983  0.0051  0.7093  1.0000  0.8446  0.60264
  0.2136E+02  0.5385  1.3983  0.0051  0.7181  1.0000  0.8446  0.60614
  0.2136E+02  0.5385  1.3983  0.0051  0.7181  1.0000  0.8446  0.60614



             ####            Final results            ####

 Parameter    DISCRP    OSCILL    STABIL    SYSDEV    POSITV    VALCEN
 Weight        1.000     3.000     3.000     4.000     1.000     1.000
 Sigma         0.500     0.600     0.120     0.200     0.120     0.120
 Ideal         1.000     1.100     0.000     1.000     1.000     0.950
 Current       0.539     1.398     0.005     0.718     1.000     0.845
                - - - - - - - - - - - - - - - - - - - - - - - - - 
 Estimate      0.427     0.781     0.998     0.137     1.000     0.463

  Angular   range    :     from    0.2030   to    2.3707
  Real space range   :     from      0.00   to     11.81

  Highest ALPHA (theor) :   0.128E+05                 JOB = 0
  Current ALPHA         :   0.214E+02   Rg :  0.341E+01   I(0) :   0.915E+01

           Total  estimate : 0.606  which is  A REASONABLE  solution

      S          J EXP       ERROR       J REG       I REG

  0.0000E+00                                      0.9156E+01
  0.7251E-02                                      0.9154E+01
  0.1450E-01                                      0.9148E+01
  0.2175E-01                                      0.9139E+01
  0.2900E-01                                      0.9125E+01
  0.3625E-01                                      0.9109E+01
  0.4350E-01                                      0.9088E+01
  0.5076E-01                                      0.9064E+01
  0.5801E-01                                      0.9036E+01
  0.6526E-01                                      0.9004E+01
  0.7251E-01                                      0.8969E+01
  0.7976E-01                                      0.8931E+01
  0.8701E-01                                      0.8889E+01
  0.9426E-01                                      0.8844E+01
  0.1015E+00                                      0.8795E+01
  0.1088E+00                                      0.8743E+01
  0.1160E+00                                      0.8688E+01
  0.1233E+00                                      0.8629E+01
  0.1305E+00                                      0.8568E+01
  0.1378E+00                                      0.8504E+01
  0.1450E+00                                      0.8437E+01
  0.1523E+00                                      0.8367E+01
  0.1595E+00                                      0.8294E+01
  0.1668E+00                                      0.8219E+01
  0.1740E+00                                      0.8141E+01
  0.1813E+00                                      0.8061E+01
  0.1885E+00                                      0.7978E+01
  0.1958E+00                                      0.7894E+01
  0.2030E+00  0.7837E+01  0.3714E-01  0.7807E+01  0.7807E+01
  0.2078E+00  0.7766E+01  0.3655E-01  0.7749E+01  0.7749E+01
  0.2126E+00  0.7697E+01  0.3599E-01  0.7690E+01  0.7690E+01
  0.2174E+00  0.7669E+01  0.3552E-01  0.7630E+01  0.7630E+01
  0.2221E+00  0.7616E+01  0.3505E-01  0.7569E+01  0.7569E+01
  0.2269E+00  0.7543E+01  0.3453E-01  0.7508E+01  0.7508E+01
  0.2317E+00  0.7457E+01  0.3403E-01  0.7446E+01  0.7446E+01
  0.2365E+00  0.7419E+01  0.3363E-01  0.7383E+01  0.7383E+01
  0.2412E+00  0.7336E+01  0.3316E-01  0.7319E+01  0.7319E+01
  0.2460E+00  0.7321E+01  0.3275E-01  0.7255E+01  0.7255E+01
  0.2508E+00  0.7275E+01  0.3236E-01  0.7191E+01  0.7191E+01
  0.2556E+00  0.7155E+01  0.3190E-01  0.7126E+01  0.7126E+01
  0.2603E+00  0.7080E+01  0.3147E-01  0.7060E+01  0.7060E+01
  0.2651E+00  0.7010E+01  0.3110E-01  0.6994E+01  0.6994E+01
  0.2699E+00  0.6945E+01  0.3075E-01  0.6927E+01  0.6927E+01
  0.2747E+00  0.6876E+01  0.3036E-01  0.6860E+01  0.6860E+01
  0.2795E+00  0.6798E+01  0.3001E-01  0.6793E+01  0.6793E+01
  0.2842E+00  0.6720E+01  0.2962E-01  0.6725E+01  0.6725E+01
  0.2890E+00  0.6674E+01  0.2933E-01  0.6657E+01  0.6657E+01
  0.2938E+00  0.6588E+01  0.2892E-01  0.6589E+01  0.6589E+01
  0.2986E+00  0.6518E+01  0.2861E-01  0.6520E+01  0.6520E+01
  0.3033E+00  0.6461E+01  0.2828E-01  0.6452E+01  0.6452E+01
  0.3081E+00  0.6393E+01  0.2795E-01  0.6383E+01  0.6383E+01
  0.3129E+00  0.6299E+01  0.2763E-01  0.6313E+01  0.6313E+01
  0.3177E+00  0.6225E+01  0.2734E-01  0.6244E+01  0.6244E+01
  0.3224E+00  0.6167E+01  0.2706E-01  0.6175E+01  0.6175E+01
  0.3272E+00  0.6105E+01  0.2676E-01  0.6105E+01  0.6105E+01
  0.3320E+00  0.6033E+01  0.2647E-01  0.6036E+01  0.6036E+01
  0.3368E+00  0.5958E+01  0.2618E-01  0.5966E+01  0.5966E+01
  0.3415E+00  0.5903E+01  0.2592E-01  0.5896E+01  0.5896E+01
  0.3463E+00  0.5817E+01  0.2563E-01  0.5827E+01  0.5827E+01
  0.3511E+00  0.5731E+01  0.2536E-01  0.5757E+01  0.5757E+01
  0.3559E+00  0.5656E+01  0.2513E-01  0.5688E+01  0.5688E+01
  0.3607E+00  0.5591E+01  0.2489E-01  0.5619E+01  0.5619E+01
  0.3654E+00  0.5539E+01  0.2461E-01  0.5550E+01  0.5550E+01
  0.3702E+00  0.5460E+01  0.2434E-01  0.5481E+01  0.5481E+01
  0.3750E+00  0.5375E+01  0.2410E-01  0.5412E+01  0.5412E+01
  0.3798E+00  0.5316E+01  0.2388E-01  0.5343E+01  0.5343E+01
  0.3845E+00  0.5251E+01  0.2364E-01  0.5275E+01  0.5275E+01
  0.3893E+00  0.5173E+01  0.2340E-01  0.5207E+01  0.5207E+01
  0.3941E+00  0.5104E+01  0.2317E-01  0.5139E+01  0.5139E+01
  0.3989E+00  0.5040E+01  0.2299E-01  0.5071E+01  0.5071E+01
  0.4036E+00  0.5003E+01  0.2278E-01  0.5004E+01  0.5004E+01
  0.4084E+00  0.4939E+01  0.2257E-01  0.4937E+01  0.4937E+01
  0.4132E+00  0.4858E+01  0.2237E-01  0.4871E+01  0.4871E+01
  0.4180E+00  0.4793E+01  0.2214E-01  0.4805E+01  0.4805E+01
  0.4228E+00  0.4735E+01  0.2193E-01  0.4739E+01  0.4739E+01
  0.4275E+00  0.4666E+01  0.2175E-01  0.4674E+01  0.4674E+01
  0.4323E+00  0.4582E+01  0.2156E-01  0.4609E+01  0.4609E+01
  0.4371E+00  0.4513E+01  0.2139E-01  0.4545E+01  0.4545E+01
  0.4419E+00  0.4446E+01  0.2121E-01  0.4481E+01  0.4481E+01
  0.4466E+00  0.4418E+01  0.2108E-01  0.4417E+01  0.4417E+01
  0.4514E+00  0.4362E+01  0.2122E-01  0.4354E+01  0.4354E+01
  0.4562E+00  0.4282E+01  0.2131E-01  0.4292E+01  0.4292E+01
  0.4610E+00  0.4227E+01  0.2129E-01  0.4230E+01  0.4230E+01
  0.4657E+00  0.4169E+01  0.2124E-01  0.4169E+01  0.4169E+01
  0.4705E+00  0.4085E+01  0.2119E-01  0.4108E+01  0.4108E+01
  0.4753E+00  0.4034E+01  0.2114E-01  0.4048E+01  0.4048E+01
  0.4801E+00  0.4021E+01  0.2117E-01  0.3988E+01  0.3988E+01
  0.4849E+00  0.3962E+01  0.2145E-01  0.3929E+01  0.3929E+01
  0.4896E+00  0.3901E+01  0.2156E-01  0.3871E+01  0.3871E+01
  0.4944E+00  0.3860E+01  0.2170E-01  0.3813E+01  0.3813E+01
  0.4992E+00  0.3787E+01  0.2180E-01  0.3756E+01  0.3756E+01
  0.5040E+00  0.3737E+01  0.2188E-01  0.3699E+01  0.3699E+01
  0.5087E+00  0.3661E+01  0.1936E-01  0.3643E+01  0.3643E+01
  0.5135E+00  0.3625E+01  0.1254E-01  0.3588E+01  0.3588E+01
  0.5183E+00  0.3571E+01  0.1235E-01  0.3533E+01  0.3533E+01
  0.5231E+00  0.3521E+01  0.1238E-01  0.3479E+01  0.3479E+01
  0.5278E+00  0.3486E+01  0.1240E-01  0.3426E+01  0.3426E+01
  0.5326E+00  0.3444E+01  0.1250E-01  0.3373E+01  0.3373E+01
  0.5374E+00  0.3364E+01  0.1244E-01  0.3321E+01  0.3321E+01
  0.5422E+00  0.3302E+01  0.1243E-01  0.3270E+01  0.3270E+01
  0.5469E+00  0.3245E+01  0.1242E-01  0.3219E+01  0.3219E+01
  0.5517E+00  0.3204E+01  0.1238E-01  0.3169E+01  0.3169E+01
  0.5565E+00  0.3154E+01  0.1234E-01  0.3120E+01  0.3120E+01
  0.5613E+00  0.3081E+01  0.1229E-01  0.3071E+01  0.3071E+01
  0.5661E+00  0.3025E+01  0.1230E-01  0.3023E+01  0.3023E+01
  0.5708E+00  0.2988E+01  0.1230E-01  0.2975E+01  0.2975E+01
  0.5756E+00  0.2943E+01  0.1228E-01  0.2929E+01  0.2929E+01
  0.5804E+00  0.2890E+01  0.1226E-01  0.2883E+01  0.2883E+01
  0.5852E+00  0.2831E+01  0.1224E-01  0.2837E+01  0.2837E+01
  0.5899E+00  0.2802E+01  0.1223E-01  0.2793E+01  0.2793E+01
  0.5947E+00  0.2748E+01  0.1222E-01  0.2749E+01  0.2749E+01
  0.5995E+00  0.2695E+01  0.1220E-01  0.2706E+01  0.2706E+01
  0.6043E+00  0.2661E+01  0.1216E-01  0.2663E+01  0.2663E+01
  0.6090E+00  0.2617E+01  0.1215E-01  0.2621E+01  0.2621E+01
  0.6138E+00  0.2580E+01  0.1215E-01  0.2580E+01  0.2580E+01
  0.6186E+00  0.2545E+01  0.1215E-01  0.2539E+01  0.2539E+01
  0.6234E+00  0.2509E+01  0.1214E-01  0.2499E+01  0.2499E+01
  0.6282E+00  0.2471E+01  0.1215E-01  0.2459E+01  0.2459E+01
  0.6329E+00  0.2420E+01  0.1215E-01  0.2421E+01  0.2421E+01
  0.6377E+00  0.2381E+01  0.1212E-01  0.2383E+01  0.2383E+01
  0.6425E+00  0.2344E+01  0.1209E-01  0.2345E+01  0.2345E+01
  0.6473E+00  0.2313E+01  0.1205E-01  0.2308E+01  0.2308E+01
  0.6520E+00  0.2269E+01  0.1200E-01  0.2272E+01  0.2272E+01
  0.6568E+00  0.2230E+01  0.1197E-01  0.2236E+01  0.2236E+01
  0.6616E+00  0.2203E+01  0.1195E-01  0.2201E+01  0.2201E+01
  0.6664E+00  0.2160E+01  0.1189E-01  0.2167E+01  0.2167E+01
  0.6711E+00  0.2135E+01  0.1188E-01  0.2133E+01  0.2133E+01
  0.6759E+00  0.2105E+01  0.1184E-01  0.2100E+01  0.2100E+01
  0.6807E+00  0.2070E+01  0.1184E-01  0.2067E+01  0.2067E+01
  0.6855E+00  0.2039E+01  0.1183E-01  0.2035E+01  0.2035E+01
  0.6902E+00  0.2014E+01  0.1182E-01  0.2004E+01  0.2004E+01
  0.6950E+00  0.1975E+01  0.1174E-01  0.1973E+01  0.1973E+01
  0.6998E+00  0.1940E+01  0.1166E-01  0.1942E+01  0.1942E+01
  0.7046E+00  0.1914E+01  0.1158E-01  0.1912E+01  0.1912E+01
  0.7093E+00  0.1886E+01  0.1150E-01  0.1883E+01  0.1883E+01
  0.7141E+00  0.1852E+01  0.1144E-01  0.1854E+01  0.1854E+01
  0.7189E+00  0.1828E+01  0.1137E-01  0.1826E+01  0.1826E+01
  0.7237E+00  0.1798E+01  0.1130E-01  0.1798E+01  0.1798E+01
  0.7285E+00  0.1771E+01  0.1124E-01  0.1771E+01  0.1771E+01
  0.7332E+00  0.1741E+01  0.1115E-01  0.1744E+01  0.1744E+01
  0.7380E+00  0.1719E+01  0.1109E-01  0.1717E+01  0.1717E+01
  0.7428E+00  0.1704E+01  0.1105E-01  0.1692E+01  0.1692E+01
  0.7476E+00  0.1683E+01  0.1098E-01  0.1666E+01  0.1666E+01
  0.7523E+00  0.1650E+01  0.1155E-01  0.1641E+01  0.1641E+01
  0.7571E+00  0.1613E+01  0.9026E-02  0.1617E+01  0.1617E+01
  0.7619E+00  0.1594E+01  0.8987E-02  0.1593E+01  0.1593E+01
  0.7667E+00  0.1564E+01  0.8937E-02  0.1569E+01  0.1569E+01
  0.7714E+00  0.1541E+01  0.8887E-02  0.1546E+01  0.1546E+01
  0.7762E+00  0.1526E+01  0.8866E-02  0.1523E+01  0.1523E+01
  0.7810E+00  0.1499E+01  0.8811E-02  0.1501E+01  0.1501E+01
  0.7858E+00  0.1478E+01  0.8770E-02  0.1479E+01  0.1479E+01
  0.7905E+00  0.1461E+01  0.8736E-02  0.1457E+01  0.1457E+01
  0.7953E+00  0.1434E+01  0.8686E-02  0.1436E+01  0.1436E+01
  0.8001E+00  0.1411E+01  0.8636E-02  0.1415E+01  0.1415E+01
  0.8049E+00  0.1389E+01  0.8591E-02  0.1395E+01  0.1395E+01
  0.8097E+00  0.1368E+01  0.8547E-02  0.1374E+01  0.1374E+01
  0.8144E+00  0.1355E+01  0.8498E-02  0.1355E+01  0.1355E+01
  0.8192E+00  0.1336E+01  0.8467E-02  0.1335E+01  0.1335E+01
  0.8240E+00  0.1313E+01  0.8429E-02  0.1316E+01  0.1316E+01
  0.8288E+00  0.1287E+01  0.8381E-02  0.1298E+01  0.1298E+01
  0.8335E+00  0.1268E+01  0.8338E-02  0.1279E+01  0.1279E+01
  0.8383E+00  0.1246E+01  0.8307E-02  0.1261E+01  0.1261E+01
  0.8431E+00  0.1230E+01  0.8269E-02  0.1243E+01  0.1243E+01
  0.8479E+00  0.1225E+01  0.8235E-02  0.1226E+01  0.1226E+01
  0.8526E+00  0.1212E+01  0.8196E-02  0.1209E+01  0.1209E+01
  0.8574E+00  0.1191E+01  0.8172E-02  0.1192E+01  0.1192E+01
  0.8622E+00  0.1173E+01  0.8137E-02  0.1175E+01  0.1175E+01
  0.8670E+00  0.1159E+01  0.8089E-02  0.1159E+01  0.1159E+01
  0.8717E+00  0.1152E+01  0.8058E-02  0.1143E+01  0.1143E+01
  0.8765E+00  0.1122E+01  0.8012E-02  0.1127E+01  0.1127E+01
  0.8813E+00  0.1110E+01  0.7976E-02  0.1111E+01  0.1111E+01
  0.8861E+00  0.1096E+01  0.7931E-02  0.1096E+01  0.1096E+01
  0.8908E+00  0.1078E+01  0.7902E-02  0.1081E+01  0.1081E+01
  0.8956E+00  0.1063E+01  0.7877E-02  0.1066E+01  0.1066E+01
  0.9004E+00  0.1050E+01  0.7839E-02  0.1052E+01  0.1052E+01
  0.9052E+00  0.1046E+01  0.7823E-02  0.1037E+01  0.1037E+01
  0.9100E+00  0.1023E+01  0.7791E-02  0.1023E+01  0.1023E+01
  0.9147E+00  0.1009E+01  0.7759E-02  0.1009E+01  0.1009E+01
  0.9195E+00  0.9979E+00  0.7728E-02  0.9955E+00  0.9955E+00
  0.9243E+00  0.9851E+00  0.7691E-02  0.9821E+00  0.9821E+00
  0.9291E+00  0.9772E+00  0.7667E-02  0.9688E+00  0.9688E+00
  0.9338E+00  0.9592E+00  0.7627E-02  0.9558E+00  0.9558E+00
  0.9386E+00  0.9531E+00  0.7602E-02  0.9429E+00  0.9429E+00
  0.9434E+00  0.9403E+00  0.7567E-02  0.9302E+00  0.9302E+00
  0.9482E+00  0.9277E+00  0.7546E-02  0.9178E+00  0.9178E+00
  0.9529E+00  0.9138E+00  0.7525E-02  0.9055E+00  0.9055E+00
  0.9577E+00  0.8961E+00  0.7473E-02  0.8934E+00  0.8934E+00
  0.9625E+00  0.8804E+00  0.7448E-02  0.8814E+00  0.8814E+00
  0.9673E+00  0.8726E+00  0.7439E-02  0.8697E+00  0.8697E+00
  0.9720E+00  0.8534E+00  0.7398E-02  0.8581E+00  0.8581E+00
  0.9768E+00  0.8421E+00  0.7359E-02  0.8467E+00  0.8467E+00
  0.9816E+00  0.8413E+00  0.7335E-02  0.8354E+00  0.8354E+00
  0.9864E+00  0.8190E+00  0.7305E-02  0.8243E+00  0.8243E+00
  0.9911E+00  0.8039E+00  0.7275E-02  0.8134E+00  0.8134E+00
  0.9959E+00  0.8051E+00  0.7274E-02  0.8026E+00  0.8026E+00
  0.1001E+01  0.7921E+00  0.7237E-02  0.7920E+00  0.7920E+00
  0.1005E+01  0.7838E+00  0.7221E-02  0.7815E+00  0.7815E+00
  0.1010E+01  0.7778E+00  0.7186E-02  0.7712E+00  0.7712E+00
  0.1015E+01  0.7602E+00  0.7156E-02  0.7610E+00  0.7610E+00
  0.1020E+01  0.7521E+00  0.7150E-02  0.7510E+00  0.7510E+00
  0.1025E+01  0.7423E+00  0.7099E-02  0.7411E+00  0.7411E+00
  0.1029E+01  0.7306E+00  0.7088E-02  0.7313E+00  0.7313E+00
  0.1034E+01  0.7264E+00  0.7053E-02  0.7217E+00  0.7217E+00
  0.1039E+01  0.7167E+00  0.7040E-02  0.7122E+00  0.7122E+00
  0.1044E+01  0.7050E+00  0.6998E-02  0.7028E+00  0.7028E+00
  0.1048E+01  0.6947E+00  0.6987E-02  0.6936E+00  0.6936E+00
  0.1053E+01  0.6883E+00  0.6973E-02  0.6845E+00  0.6845E+00
  0.1058E+01  0.6818E+00  0.6934E-02  0.6755E+00  0.6755E+00
  0.1063E+01  0.6620E+00  0.6919E-02  0.6666E+00  0.6666E+00
  0.1068E+01  0.6530E+00  0.6891E-02  0.6579E+00  0.6579E+00
  0.1072E+01  0.6427E+00  0.6883E-02  0.6493E+00  0.6493E+00
  0.1077E+01  0.6367E+00  0.6846E-02  0.6408E+00  0.6408E+00
  0.1082E+01  0.6307E+00  0.6822E-02  0.6324E+00  0.6324E+00
  0.1087E+01  0.6253E+00  0.6791E-02  0.6241E+00  0.6241E+00
  0.1091E+01  0.6196E+00  0.6775E-02  0.6160E+00  0.6160E+00
  0.1096E+01  0.6074E+00  0.6765E-02  0.6079E+00  0.6079E+00
  0.1101E+01  0.6049E+00  0.6738E-02  0.6000E+00  0.6000E+00
  0.1106E+01  0.5947E+00  0.6730E-02  0.5922E+00  0.5922E+00
  0.1111E+01  0.5817E+00  0.6685E-02  0.5845E+00  0.5845E+00
  0.1115E+01  0.5800E+00  0.6683E-02  0.5768E+00  0.5768E+00
  0.1120E+01  0.5712E+00  0.6654E-02  0.5693E+00  0.5693E+00
  0.1125E+01  0.5610E+00  0.6656E-02  0.5619E+00  0.5619E+00
  0.1130E+01  0.5539E+00  0.6624E-02  0.5546E+00  0.5546E+00
  0.1134E+01  0.5506E+00  0.6587E-02  0.5474E+00  0.5474E+00
  0.1139E+01  0.5462E+00  0.6573E-02  0.5403E+00  0.5403E+00
  0.1144E+01  0.5403E+00  0.6544E-02  0.5334E+00  0.5334E+00
  0.1149E+01  0.5256E+00  0.6536E-02  0.5264E+00  0.5264E+00
  0.1154E+01  0.5189E+00  0.6508E-02  0.5197E+00  0.5197E+00
  0.1158E+01  0.5155E+00  0.6508E-02  0.5129E+00  0.5129E+00
  0.1163E+01  0.5067E+00  0.6474E-02  0.5063E+00  0.5063E+00
  0.1168E+01  0.4980E+00  0.6463E-02  0.4998E+00  0.4998E+00
  0.1173E+01  0.4919E+00  0.6434E-02  0.4934E+00  0.4934E+00
  0.1177E+01  0.4839E+00  0.6426E-02  0.4871E+00  0.4871E+00
  0.1182E+01  0.4816E+00  0.6396E-02  0.4808E+00  0.4808E+00
  0.1187E+01  0.4757E+00  0.6391E-02  0.4747E+00  0.4747E+00
  0.1192E+01  0.4712E+00  0.6369E-02  0.4686E+00  0.4686E+00
  0.1196E+01  0.4631E+00  0.6361E-02  0.4626E+00  0.4626E+00
  0.1201E+01  0.4512E+00  0.6334E-02  0.4567E+00  0.4567E+00
  0.1206E+01  0.4429E+00  0.6309E-02  0.4509E+00  0.4509E+00
  0.1211E+01  0.4372E+00  0.6300E-02  0.4452E+00  0.4452E+00
  0.1216E+01  0.4366E+00  0.6274E-02  0.4395E+00  0.4395E+00
  0.1220E+01  0.4344E+00  0.6269E-02  0.4340E+00  0.4340E+00
  0.1225E+01  0.4289E+00  0.6234E-02  0.4285E+00  0.4285E+00
  0.1230E+01  0.4214E+00  0.6229E-02  0.4231E+00  0.4231E+00
  0.1235E+01  0.4164E+00  0.6204E-02  0.4178E+00  0.4178E+00
  0.1239E+01  0.4137E+00  0.6205E-02  0.4125E+00  0.4125E+00
  0.1244E+01  0.4088E+00  0.6180E-02  0.4074E+00  0.4074E+00
  0.1249E+01  0.4026E+00  0.6170E-02  0.4023E+00  0.4023E+00
  0.1254E+01  0.3943E+00  0.6143E-02  0.3972E+00  0.3972E+00
  0.1259E+01  0.3967E+00  0.6148E-02  0.3923E+00  0.3923E+00
  0.1263E+01  0.3907E+00  0.6119E-02  0.3874E+00  0.3874E+00
  0.1268E+01  0.3836E+00  0.6120E-02  0.3826E+00  0.3826E+00
  0.1273E+01  0.3771E+00  0.6096E-02  0.3779E+00  0.3779E+00
  0.1278E+01  0.3722E+00  0.6095E-02  0.3732E+00  0.3732E+00
  0.1282E+01  0.3725E+00  0.6062E-02  0.3687E+00  0.3687E+00
  0.1287E+01  0.3661E+00  0.6058E-02  0.3641E+00  0.3641E+00
  0.1292E+01  0.3586E+00  0.6035E-02  0.3597E+00  0.3597E+00
  0.1297E+01  0.3576E+00  0.6029E-02  0.3553E+00  0.3553E+00
  0.1302E+01  0.3504E+00  0.6010E-02  0.3510E+00  0.3510E+00
  0.1306E+01  0.3475E+00  0.6003E-02  0.3467E+00  0.3467E+00
  0.1311E+01  0.3449E+00  0.5975E-02  0.3425E+00  0.3425E+00
  0.1316E+01  0.3400E+00  0.5976E-02  0.3384E+00  0.3384E+00
  0.1321E+01  0.3359E+00  0.5952E-02  0.3343E+00  0.3343E+00
  0.1325E+01  0.3295E+00  0.5945E-02  0.3303E+00  0.3303E+00
  0.1330E+01  0.3251E+00  0.5914E-02  0.3264E+00  0.3264E+00
  0.1335E+01  0.3142E+00  0.5915E-02  0.3225E+00  0.3225E+00
  0.1340E+01  0.3119E+00  0.5895E-02  0.3186E+00  0.3186E+00
  0.1345E+01  0.3114E+00  0.5887E-02  0.3149E+00  0.3149E+00
  0.1349E+01  0.3090E+00  0.5865E-02  0.3111E+00  0.3111E+00
  0.1354E+01  0.3044E+00  0.5871E-02  0.3075E+00  0.3075E+00
  0.1359E+01  0.3027E+00  0.5845E-02  0.3039E+00  0.3039E+00
  0.1364E+01  0.2968E+00  0.5842E-02  0.3003E+00  0.3003E+00
  0.1368E+01  0.2950E+00  0.5817E-02  0.2968E+00  0.2968E+00
  0.1373E+01  0.2922E+00  0.5809E-02  0.2933E+00  0.2933E+00
  0.1378E+01  0.2884E+00  0.5799E-02  0.2899E+00  0.2899E+00
  0.1383E+01  0.2848E+00  0.5783E-02  0.2866E+00  0.2866E+00
  0.1387E+01  0.2790E+00  0.5781E-02  0.2833E+00  0.2833E+00
  0.1392E+01  0.2744E+00  0.5753E-02  0.2800E+00  0.2800E+00
  0.1397E+01  0.2734E+00  0.5753E-02  0.2768E+00  0.2768E+00
  0.1402E+01  0.2739E+00  0.5744E-02  0.2737E+00  0.2737E+00
  0.1407E+01  0.2665E+00  0.5743E-02  0.2705E+00  0.2705E+00
  0.1411E+01  0.2618E+00  0.5721E-02  0.2675E+00  0.2675E+00
  0.1416E+01  0.2641E+00  0.5724E-02  0.2644E+00  0.2644E+00
  0.1421E+01  0.2616E+00  0.5691E-02  0.2615E+00  0.2615E+00
  0.1426E+01  0.2569E+00  0.5694E-02  0.2585E+00  0.2585E+00
  0.1430E+01  0.2603E+00  0.5679E-02  0.2556E+00  0.2556E+00
  0.1435E+01  0.2525E+00  0.5666E-02  0.2527E+00  0.2527E+00
  0.1440E+01  0.2454E+00  0.5648E-02  0.2499E+00  0.2499E+00
  0.1445E+01  0.2453E+00  0.5638E-02  0.2472E+00  0.2472E+00
  0.1450E+01  0.2432E+00  0.5647E-02  0.2444E+00  0.2444E+00
  0.1454E+01  0.2414E+00  0.5620E-02  0.2417E+00  0.2417E+00
  0.1459E+01  0.2410E+00  0.5653E-02  0.2390E+00  0.2390E+00
  0.1464E+01  0.2392E+00  0.5767E-02  0.2364E+00  0.2364E+00
  0.1469E+01  0.2326E+00  0.5876E-02  0.2338E+00  0.2338E+00
  0.1473E+01  0.2272E+00  0.5936E-02  0.2313E+00  0.2313E+00
  0.1478E+01  0.2237E+00  0.5998E-02  0.2287E+00  0.2287E+00
  0.1483E+01  0.2247E+00  0.6053E-02  0.2263E+00  0.2263E+00
  0.1488E+01  0.2188E+00  0.6082E-02  0.2238E+00  0.2238E+00
  0.1493E+01  0.2238E+00  0.6131E-02  0.2214E+00  0.2214E+00
  0.1497E+01  0.2180E+00  0.6176E-02  0.2190E+00  0.2190E+00
  0.1502E+01  0.2147E+00  0.6225E-02  0.2166E+00  0.2166E+00
  0.1507E+01  0.2104E+00  0.6250E-02  0.2143E+00  0.2143E+00
  0.1512E+01  0.2042E+00  0.6295E-02  0.2120E+00  0.2120E+00
  0.1516E+01  0.2026E+00  0.6322E-02  0.2098E+00  0.2098E+00
  0.1521E+01  0.2094E+00  0.6333E-02  0.2075E+00  0.2075E+00
  0.1526E+01  0.2049E+00  0.6373E-02  0.2053E+00  0.2053E+00
  0.1531E+01  0.2032E+00  0.6399E-02  0.2032E+00  0.2032E+00
  0.1535E+01  0.1943E+00  0.6435E-02  0.2010E+00  0.2010E+00
  0.1540E+01  0.1995E+00  0.6426E-02  0.1989E+00  0.1989E+00
  0.1545E+01  0.1957E+00  0.6325E-02  0.1968E+00  0.1968E+00
  0.1550E+01  0.2041E+00  0.6190E-02  0.1947E+00  0.1947E+00
  0.1555E+01  0.1935E+00  0.6087E-02  0.1927E+00  0.1927E+00
  0.1559E+01  0.1865E+00  0.6021E-02  0.1907E+00  0.1907E+00
  0.1564E+01  0.1891E+00  0.5943E-02  0.1887E+00  0.1887E+00
  0.1569E+01  0.1892E+00  0.5900E-02  0.1867E+00  0.1867E+00
  0.1574E+01  0.1813E+00  0.5855E-02  0.1848E+00  0.1848E+00
  0.1578E+01  0.1771E+00  0.5795E-02  0.1829E+00  0.1829E+00
  0.1583E+01  0.1742E+00  0.5762E-02  0.1810E+00  0.1810E+00
  0.1588E+01  0.1798E+00  0.5710E-02  0.1791E+00  0.1791E+00
  0.1593E+01  0.1819E+00  0.5677E-02  0.1773E+00  0.1773E+00
  0.1598E+01  0.1807E+00  0.5660E-02  0.1754E+00  0.1754E+00
  0.1602E+01  0.1783E+00  0.5617E-02  0.1736E+00  0.1736E+00
  0.1607E+01  0.1699E+00  0.5610E-02  0.1719E+00  0.1719E+00
  0.1612E+01  0.1686E+00  0.5579E-02  0.1701E+00  0.1701E+00
  0.1617E+01  0.1665E+00  0.5559E-02  0.1684E+00  0.1684E+00
  0.1621E+01  0.1696E+00  0.5526E-02  0.1667E+00  0.1667E+00
  0.1626E+01  0.1716E+00  0.5474E-02  0.1650E+00  0.1650E+00
  0.1631E+01  0.1650E+00  0.5460E-02  0.1633E+00  0.1633E+00
  0.1636E+01  0.1584E+00  0.5450E-02  0.1616E+00  0.1616E+00
  0.1641E+01  0.1544E+00  0.5438E-02  0.1600E+00  0.1600E+00
  0.1645E+01  0.1566E+00  0.5435E-02  0.1584E+00  0.1584E+00
  0.1650E+01  0.1586E+00  0.5414E-02  0.1568E+00  0.1568E+00
  0.1655E+01  0.1495E+00  0.5409E-02  0.1552E+00  0.1552E+00
  0.1660E+01  0.1530E+00  0.5394E-02  0.1536E+00  0.1536E+00
  0.1664E+01  0.1497E+00  0.5378E-02  0.1521E+00  0.1521E+00
  0.1669E+01  0.1548E+00  0.5378E-02  0.1505E+00  0.1505E+00
  0.1674E+01  0.1540E+00  0.5361E-02  0.1490E+00  0.1490E+00
  0.1679E+01  0.1461E+00  0.5343E-02  0.1475E+00  0.1475E+00
  0.1683E+01  0.1479E+00  0.5347E-02  0.1460E+00  0.1460E+00
  0.1688E+01  0.1456E+00  0.5331E-02  0.1446E+00  0.1446E+00
  0.1693E+01  0.1462E+00  0.5327E-02  0.1431E+00  0.1431E+00
  0.1698E+01  0.1447E+00  0.5320E-02  0.1417E+00  0.1417E+00
  0.1703E+01  0.1436E+00  0.5297E-02  0.1403E+00  0.1403E+00
  0.1707E+01  0.1393E+00  0.5288E-02  0.1389E+00  0.1389E+00
  0.1712E+01  0.1354E+00  0.5287E-02  0.1375E+00  0.1375E+00
  0.1717E+01  0.1315E+00  0.5265E-02  0.1361E+00  0.1361E+00
  0.1722E+01  0.1343E+00  0.5264E-02  0.1348E+00  0.1348E+00
  0.1726E+01  0.1359E+00  0.5265E-02  0.1334E+00  0.1334E+00
  0.1731E+01  0.1336E+00  0.5243E-02  0.1321E+00  0.1321E+00
  0.1736E+01  0.1308E+00  0.5242E-02  0.1308E+00  0.1308E+00
  0.1741E+01  0.1297E+00  0.5240E-02  0.1295E+00  0.1295E+00
  0.1746E+01  0.1322E+00  0.5226E-02  0.1282E+00  0.1282E+00
  0.1750E+01  0.1366E+00  0.5225E-02  0.1269E+00  0.1269E+00
  0.1755E+01  0.1285E+00  0.5213E-02  0.1256E+00  0.1256E+00
  0.1760E+01  0.1175E+00  0.5200E-02  0.1244E+00  0.1244E+00
  0.1765E+01  0.1227E+00  0.5194E-02  0.1231E+00  0.1231E+00
  0.1769E+01  0.1214E+00  0.5179E-02  0.1219E+00  0.1219E+00
  0.1774E+01  0.1193E+00  0.5159E-02  0.1207E+00  0.1207E+00
  0.1779E+01  0.1140E+00  0.5156E-02  0.1195E+00  0.1195E+00
  0.1784E+01  0.1190E+00  0.5164E-02  0.1183E+00  0.1183E+00
  0.1788E+01  0.1195E+00  0.5152E-02  0.1171E+00  0.1171E+00
  0.1793E+01  0.1100E+00  0.5182E-02  0.1160E+00  0.1160E+00
  0.1798E+01  0.1110E+00  0.5294E-02  0.1148E+00  0.1148E+00
  0.1803E+01  0.1139E+00  0.5370E-02  0.1137E+00  0.1137E+00
  0.1808E+01  0.1150E+00  0.5444E-02  0.1125E+00  0.1125E+00
  0.1812E+01  0.1092E+00  0.5496E-02  0.1114E+00  0.1114E+00
  0.1817E+01  0.1121E+00  0.5545E-02  0.1103E+00  0.1103E+00
  0.1822E+01  0.1119E+00  0.5597E-02  0.1092E+00  0.1092E+00
  0.1827E+01  0.1162E+00  0.5615E-02  0.1081E+00  0.1081E+00
  0.1831E+01  0.1018E+00  0.5537E-02  0.1070E+00  0.1070E+00
  0.1836E+01  0.9513E-01  0.5444E-02  0.1059E+00  0.1059E+00
  0.1841E+01  0.1057E+00  0.5382E-02  0.1049E+00  0.1049E+00
  0.1846E+01  0.1078E+00  0.5334E-02  0.1038E+00  0.1038E+00
  0.1851E+01  0.1104E+00  0.5294E-02  0.1028E+00  0.1028E+00
  0.1855E+01  0.1081E+00  0.5274E-02  0.1017E+00  0.1017E+00
  0.1860E+01  0.1038E+00  0.5227E-02  0.1007E+00  0.1007E+00
  0.1865E+01  0.9756E-01  0.5179E-02  0.9971E-01  0.9971E-01
  0.1870E+01  0.9625E-01  0.5133E-02  0.9871E-01  0.9871E-01
  0.1874E+01  0.9503E-01  0.5106E-02  0.9772E-01  0.9772E-01
  0.1879E+01  0.9200E-01  0.5083E-02  0.9674E-01  0.9674E-01
  0.1884E+01  0.8884E-01  0.5059E-02  0.9576E-01  0.9576E-01
  0.1889E+01  0.8779E-01  0.5059E-02  0.9480E-01  0.9480E-01
  0.1894E+01  0.9293E-01  0.5046E-02  0.9384E-01  0.9384E-01
  0.1898E+01  0.9280E-01  0.5048E-02  0.9290E-01  0.9290E-01
  0.1903E+01  0.9412E-01  0.5038E-02  0.9197E-01  0.9197E-01
  0.1908E+01  0.8911E-01  0.5039E-02  0.9104E-01  0.9104E-01
  0.1913E+01  0.8800E-01  0.5030E-02  0.9012E-01  0.9012E-01
  0.1917E+01  0.8607E-01  0.5018E-02  0.8922E-01  0.8922E-01
  0.1922E+01  0.8895E-01  0.5006E-02  0.8832E-01  0.8832E-01
  0.1927E+01  0.8589E-01  0.5011E-02  0.8743E-01  0.8743E-01
  0.1932E+01  0.8338E-01  0.5006E-02  0.8655E-01  0.8655E-01
  0.1936E+01  0.8548E-01  0.4994E-02  0.8568E-01  0.8568E-01
  0.1941E+01  0.8648E-01  0.4988E-02  0.8482E-01  0.8482E-01
  0.1946E+01  0.8877E-01  0.4980E-02  0.8397E-01  0.8397E-01
  0.1951E+01  0.8657E-01  0.4973E-02  0.8312E-01  0.8312E-01
  0.1956E+01  0.7791E-01  0.4962E-02  0.8229E-01  0.8229E-01
  0.1960E+01  0.8066E-01  0.4950E-02  0.8147E-01  0.8147E-01
  0.1965E+01  0.8242E-01  0.4954E-02  0.8065E-01  0.8065E-01
  0.1970E+01  0.7936E-01  0.4940E-02  0.7985E-01  0.7985E-01
  0.1975E+01  0.7635E-01  0.4938E-02  0.7905E-01  0.7905E-01
  0.1979E+01  0.6961E-01  0.4917E-02  0.7827E-01  0.7827E-01
  0.1984E+01  0.7364E-01  0.4917E-02  0.7749E-01  0.7749E-01
  0.1989E+01  0.7336E-01  0.4910E-02  0.7672E-01  0.7672E-01
  0.1994E+01  0.7214E-01  0.4908E-02  0.7596E-01  0.7596E-01
  0.1998E+01  0.7150E-01  0.4892E-02  0.7521E-01  0.7521E-01
  0.2003E+01  0.7021E-01  0.4893E-02  0.7447E-01  0.7447E-01
  0.2008E+01  0.6937E-01  0.4877E-02  0.7374E-01  0.7374E-01
  0.2013E+01  0.6881E-01  0.4870E-02  0.7302E-01  0.7302E-01
  0.2018E+01  0.6675E-01  0.4868E-02  0.7231E-01  0.7231E-01
  0.2022E+01  0.6965E-01  0.4861E-02  0.7161E-01  0.7161E-01
  0.2027E+01  0.6950E-01  0.4856E-02  0.7092E-01  0.7092E-01
  0.2032E+01  0.7244E-01  0.4847E-02  0.7024E-01  0.7024E-01
  0.2037E+01  0.6700E-01  0.4849E-02  0.6956E-01  0.6956E-01
  0.2041E+01  0.6571E-01  0.4829E-02  0.6890E-01  0.6890E-01
  0.2046E+01  0.6716E-01  0.4823E-02  0.6824E-01  0.6824E-01
  0.2051E+01  0.6818E-01  0.4818E-02  0.6760E-01  0.6760E-01
  0.2056E+01  0.6909E-01  0.4821E-02  0.6697E-01  0.6697E-01
  0.2061E+01  0.6411E-01  0.4820E-02  0.6634E-01  0.6634E-01
  0.2065E+01  0.6003E-01  0.4800E-02  0.6573E-01  0.6573E-01
  0.2070E+01  0.6130E-01  0.4803E-02  0.6512E-01  0.6512E-01
  0.2075E+01  0.6566E-01  0.4789E-02  0.6452E-01  0.6452E-01
  0.2080E+01  0.6482E-01  0.4781E-02  0.6394E-01  0.6394E-01
  0.2084E+01  0.6657E-01  0.4780E-02  0.6336E-01  0.6336E-01
  0.2089E+01  0.6527E-01  0.4774E-02  0.6279E-01  0.6279E-01
  0.2094E+01  0.6359E-01  0.4760E-02  0.6223E-01  0.6223E-01
  0.2099E+01  0.5654E-01  0.4763E-02  0.6168E-01  0.6168E-01
  0.2103E+01  0.6102E-01  0.4757E-02  0.6114E-01  0.6114E-01
  0.2108E+01  0.6264E-01  0.4752E-02  0.6061E-01  0.6061E-01
  0.2113E+01  0.5898E-01  0.4745E-02  0.6009E-01  0.6009E-01
  0.2118E+01  0.5542E-01  0.4748E-02  0.5958E-01  0.5958E-01
  0.2123E+01  0.5813E-01  0.4737E-02  0.5908E-01  0.5908E-01
  0.2127E+01  0.5797E-01  0.4729E-02  0.5859E-01  0.5859E-01
  0.2132E+01  0.5417E-01  0.4715E-02  0.5810E-01  0.5810E-01
  0.2137E+01  0.5808E-01  0.4716E-02  0.5763E-01  0.5763E-01
  0.2142E+01  0.5521E-01  0.4717E-02  0.5716E-01  0.5716E-01
  0.2146E+01  0.5289E-01  0.4717E-02  0.5671E-01  0.5671E-01
  0.2151E+01  0.5512E-01  0.4703E-02  0.5626E-01  0.5626E-01
  0.2156E+01  0.5585E-01  0.4700E-02  0.5582E-01  0.5582E-01
  0.2161E+01  0.5343E-01  0.4687E-02  0.5539E-01  0.5539E-01
  0.2166E+01  0.5447E-01  0.4684E-02  0.5497E-01  0.5497E-01
  0.2170E+01  0.5513E-01  0.4679E-02  0.5456E-01  0.5456E-01
  0.2175E+01  0.5442E-01  0.4673E-02  0.5415E-01  0.5415E-01
  0.2180E+01  0.5677E-01  0.4675E-02  0.5376E-01  0.5376E-01
  0.2185E+01  0.5214E-01  0.4664E-02  0.5337E-01  0.5337E-01
  0.2189E+01  0.4771E-01  0.4664E-02  0.5299E-01  0.5299E-01
  0.2194E+01  0.5040E-01  0.4648E-02  0.5262E-01  0.5262E-01
  0.2199E+01  0.5548E-01  0.4645E-02  0.5226E-01  0.5226E-01
  0.2204E+01  0.5536E-01  0.4643E-02  0.5190E-01  0.5190E-01
  0.2208E+01  0.4797E-01  0.4633E-02  0.5156E-01  0.5156E-01
  0.2213E+01  0.4308E-01  0.4625E-02  0.5122E-01  0.5122E-01
  0.2218E+01  0.5005E-01  0.4633E-02  0.5088E-01  0.5088E-01
  0.2223E+01  0.4719E-01  0.4623E-02  0.5056E-01  0.5056E-01
  0.2228E+01  0.4440E-01  0.4615E-02  0.5024E-01  0.5024E-01
  0.2232E+01  0.4056E-01  0.4609E-02  0.4993E-01  0.4993E-01
  0.2237E+01  0.4593E-01  0.4598E-02  0.4963E-01  0.4963E-01
  0.2242E+01  0.4567E-01  0.4593E-02  0.4933E-01  0.4933E-01
  0.2247E+01  0.4871E-01  0.4593E-02  0.4904E-01  0.4904E-01
  0.2251E+01  0.4875E-01  0.4588E-02  0.4875E-01  0.4875E-01
  0.2256E+01  0.4453E-01  0.4587E-02  0.4848E-01  0.4848E-01
  0.2261E+01  0.4745E-01  0.4580E-02  0.4820E-01  0.4820E-01
  0.2266E+01  0.4868E-01  0.4581E-02  0.4794E-01  0.4794E-01
  0.2270E+01  0.4428E-01  0.4567E-02  0.4768E-01  0.4768E-01
  0.2275E+01  0.4782E-01  0.4566E-02  0.4742E-01  0.4742E-01
  0.2280E+01  0.4874E-01  0.4560E-02  0.4718E-01  0.4718E-01
  0.2285E+01  0.4631E-01  0.4559E-02  0.4693E-01  0.4693E-01
  0.2290E+01  0.4644E-01  0.4553E-02  0.4669E-01  0.4669E-01
  0.2294E+01  0.4698E-01  0.4541E-02  0.4646E-01  0.4646E-01
  0.2299E+01  0.4101E-01  0.4527E-02  0.4623E-01  0.4623E-01
  0.2304E+01  0.4113E-01  0.4534E-02  0.4600E-01  0.4600E-01
  0.2309E+01  0.4233E-01  0.4532E-02  0.4578E-01  0.4578E-01
  0.2313E+01  0.4776E-01  0.4527E-02  0.4557E-01  0.4557E-01
  0.2318E+01  0.4452E-01  0.4525E-02  0.4536E-01  0.4536E-01
  0.2323E+01  0.4486E-01  0.4514E-02  0.4515E-01  0.4515E-01
  0.2328E+01  0.4580E-01  0.4503E-02  0.4495E-01  0.4495E-01
  0.2333E+01  0.4411E-01  0.4489E-02  0.4475E-01  0.4475E-01
  0.2337E+01  0.4219E-01  0.4482E-02  0.4455E-01  0.4455E-01
  0.2342E+01  0.4074E-01  0.4470E-02  0.4436E-01  0.4436E-01
  0.2347E+01  0.4475E-01  0.4468E-02  0.4417E-01  0.4417E-01
  0.2352E+01  0.4454E-01  0.4458E-02  0.4398E-01  0.4398E-01
  0.2356E+01  0.4280E-01  0.4460E-02  0.4380E-01  0.4380E-01
  0.2361E+01  0.3940E-01  0.4453E-02  0.4362E-01  0.4362E-01
  0.2366E+01  0.3741E-01  0.4451E-02  0.4344E-01  0.4344E-01
  0.2371E+01  0.3816E-01  0.4448E-02  0.4326E-01  0.4326E-01

           Distance distribution  function of particle  


       R          P(R)      ERROR

  0.0000E+00  0.0000E+00  0.0000E+00
  0.1181E+00  0.2795E-02  0.2727E-04
  0.2362E+00  0.6581E-02  0.4427E-04
  0.3543E+00  0.1131E-01  0.5181E-04
  0.4724E+00  0.1692E-01  0.5122E-04
  0.5905E+00  0.2331E-01  0.4444E-04
  0.7086E+00  0.3037E-01  0.3458E-04
  0.8267E+00  0.3797E-01  0.2759E-04
  0.9448E+00  0.4595E-01  0.3145E-04
  0.1063E+01  0.5418E-01  0.4405E-04
  0.1181E+01  0.6249E-01  0.5854E-04
  0.1299E+01  0.7074E-01  0.7131E-04
  0.1417E+01  0.7880E-01  0.8068E-04
  0.1535E+01  0.8653E-01  0.8588E-04
  0.1653E+01  0.9381E-01  0.8685E-04
  0.1772E+01  0.1006E+00  0.8419E-04
  0.1890E+01  0.1067E+00  0.7918E-04
  0.2008E+01  0.1122E+00  0.7381E-04
  0.2126E+01  0.1170E+00  0.7058E-04
  0.2244E+01  0.1211E+00  0.7149E-04
  0.2362E+01  0.1245E+00  0.7685E-04
  0.2480E+01  0.1272E+00  0.8511E-04
  0.2598E+01  0.1293E+00  0.9410E-04
  0.2716E+01  0.1309E+00  0.1020E-03
  0.2834E+01  0.1318E+00  0.1077E-03
  0.2953E+01  0.1324E+00  0.1108E-03
  0.3071E+01  0.1325E+00  0.1115E-03
  0.3189E+01  0.1322E+00  0.1105E-03
  0.3307E+01  0.1317E+00  0.1091E-03
  0.3425E+01  0.1309E+00  0.1088E-03
  0.3543E+01  0.1299E+00  0.1108E-03
  0.3661E+01  0.1287E+00  0.1157E-03
  0.3779E+01  0.1273E+00  0.1230E-03
  0.3897E+01  0.1258E+00  0.1316E-03
  0.4015E+01  0.1242E+00  0.1403E-03
  0.4134E+01  0.1224E+00  0.1480E-03
  0.4252E+01  0.1205E+00  0.1541E-03
  0.4370E+01  0.1185E+00  0.1583E-03
  0.4488E+01  0.1163E+00  0.1608E-03
  0.4606E+01  0.1140E+00  0.1622E-03
  0.4724E+01  0.1115E+00  0.1631E-03
  0.4842E+01  0.1089E+00  0.1643E-03
  0.4960E+01  0.1062E+00  0.1663E-03
  0.5078E+01  0.1034E+00  0.1692E-03
  0.5196E+01  0.1004E+00  0.1729E-03
  0.5315E+01  0.9738E-01  0.1769E-03
  0.5433E+01  0.9426E-01  0.1805E-03
  0.5551E+01  0.9110E-01  0.1832E-03
  0.5669E+01  0.8791E-01  0.1848E-03
  0.5787E+01  0.8471E-01  0.1852E-03
  0.5905E+01  0.8154E-01  0.1846E-03
  0.6023E+01  0.7842E-01  0.1836E-03
  0.6141E+01  0.7535E-01  0.1828E-03
  0.6259E+01  0.7237E-01  0.1826E-03
  0.6377E+01  0.6947E-01  0.1833E-03
  0.6496E+01  0.6667E-01  0.1848E-03
  0.6614E+01  0.6396E-01  0.1869E-03
  0.6732E+01  0.6135E-01  0.1890E-03
  0.6850E+01  0.5883E-01  0.1906E-03
  0.6968E+01  0.5640E-01  0.1915E-03
  0.7086E+01  0.5403E-01  0.1915E-03
  0.7204E+01  0.5173E-01  0.1910E-03
  0.7322E+01  0.4947E-01  0.1905E-03
  0.7440E+01  0.4725E-01  0.1908E-03
  0.7558E+01  0.4505E-01  0.1927E-03
  0.7677E+01  0.4287E-01  0.1967E-03
  0.7795E+01  0.4070E-01  0.2030E-03
  0.7913E+01  0.3854E-01  0.2113E-03
  0.8031E+01  0.3639E-01  0.2212E-03
  0.8149E+01  0.3424E-01  0.2319E-03
  0.8267E+01  0.3211E-01  0.2428E-03
  0.8385E+01  0.3001E-01  0.2534E-03
  0.8503E+01  0.2793E-01  0.2633E-03
  0.8621E+01  0.2590E-01  0.2725E-03
  0.8739E+01  0.2392E-01  0.2809E-03
  0.8857E+01  0.2200E-01  0.2887E-03
  0.8976E+01  0.2017E-01  0.2958E-03
  0.9094E+01  0.1841E-01  0.3022E-03
  0.9212E+01  0.1676E-01  0.3079E-03
  0.9330E+01  0.1520E-01  0.3125E-03
  0.9448E+01  0.1375E-01  0.3157E-03
  0.9566E+01  0.1241E-01  0.3173E-03
  0.9684E+01  0.1118E-01  0.3170E-03
  0.9802E+01  0.1006E-01  0.3148E-03
  0.9920E+01  0.9042E-02  0.3109E-03
  0.1004E+02  0.8122E-02  0.3057E-03
  0.1016E+02  0.7295E-02  0.2997E-03
  0.1027E+02  0.6551E-02  0.2938E-03
  0.1039E+02  0.5882E-02  0.2884E-03
  0.1051E+02  0.5279E-02  0.2839E-03
  0.1063E+02  0.4730E-02  0.2804E-03
  0.1075E+02  0.4226E-02  0.2773E-03
  0.1087E+02  0.3757E-02  0.2734E-03
  0.1098E+02  0.3310E-02  0.2671E-03
  0.1110E+02  0.2877E-02  0.2567E-03
  0.1122E+02  0.2447E-02  0.2401E-03
  0.1134E+02  0.2010E-02  0.2154E-03
  0.1146E+02  0.1557E-02  0.1806E-03
  0.1157E+02  0.1076E-02  0.1340E-03
  0.1169E+02  0.5605E-03  0.7424E-04
  0.1181E+02  0.0000E+00   +Infinity
          Reciprocal space: Rg =    3.41     , I(0) =   0.9155E+01
     Real space: Rg =    3.43 +- 4.925  I(0) =   0.9156E+01 +-   +Infinity
