
           ####    G N O M   ---   Version 4.5a revised 09/02/02     ####

                                                    18-Nov-2010   18:02:10
           ===    Run No   1   ===
 Run title:  #2010-11-18 SAXS data: Automerged of Extrapolated of b1_046.dat,


  Number of points omitted at the beginning:          27
  Number of points omitted at the end:        1594

          To optimize the performance, some input data points 
           have been joined. New number of points equals to 280

   *******    Input file(s) : b.dat
           Condition P(rmin) = 0 is used. 
           Condition P(rmax) = 0 is used. 

          Highest ALPHA is found to be   0.2939E+03

  The measure of inconsistency AN1 equals to    0.1037E+01

          Warning: using the chosen range in the real space 
             it is not possible to fit the data set within the
             given error band. 
     Alpha    Discrp  Oscill  Stabil  Sysdev  Positv  Valcen    Total   
  0.2939E+06171.8520  1.3450  0.6620  0.0072  1.0000  0.8237  0.32245
  0.5877E+05117.3542  1.2986  0.5007  0.0072  1.0000  0.8781  0.36557
  0.1175E+05 52.2748  1.3366  0.2513  0.0502  1.0000  0.9138  0.37652
  0.2351E+04 14.9306  1.3842  0.0711  0.2509  1.0000  0.9273  0.53953
  0.4702E+03  3.4439  1.4165  0.0169  0.5806  1.0000  0.9303  0.59882
  0.9404E+02  1.0237  1.4272  0.0038  0.9104  1.0000  0.9308  0.76915
  0.1881E+02  0.7622  1.4297  0.0010  0.8387  1.0000  0.9309  0.72028
  0.3762E+01  0.7474  1.4303  0.0009  0.8530  1.0000  0.9309  0.73627
  0.7523E+00  0.7454  1.4312  0.0029  0.8387  1.0000  0.9308  0.72125
  0.1505E+00  0.7432  1.4379  0.0057  0.8387  1.0000  0.9307  0.71873
  0.3009E-01  0.7411  1.4685  0.0158  0.8387  1.0000  0.9311  0.70462
  0.6019E-02  0.7370  1.7677  0.0596  0.8387  0.9997  0.9328  0.55596
  0.1204E-02  0.7297  3.2173  0.0940  0.8387  0.9961  0.9300  0.42329
  0.2407E-03  0.7251  5.4593  0.1909  0.8674  0.9846  0.9062  0.33127
  0.4815E-04  0.7187 11.0519  0.6059  0.8530  0.9280  0.7417  0.20103
  0.9630E-05  0.7060 14.3705  0.4988  0.8387  0.8269  0.4243  0.00000

          ***  Golden section search to maximize estimate ***
     Alpha    Discrp  Oscill  Stabil  Sysdev  Positv  Valcen    Total   
  0.1739E+03  1.4807  1.4247  0.0068  0.7527  1.0000  0.9307  0.60393
  0.5880E+02  0.8684  1.4284  0.0024  0.8961  1.0000  0.9308  0.77862
  0.4398E+02  0.8186  1.4289  0.0018  0.8530  1.0000  0.9309  0.72671
  0.7035E+02  0.9143  1.4280  0.0028  0.8817  1.0000  0.9308  0.74449
  0.5263E+02  0.8464  1.4286  0.0022  0.8817  1.0000  0.9308  0.76002
  0.6297E+02  0.8843  1.4282  0.0026  0.8817  1.0000  0.9308  0.75154
  0.5636E+02  0.8595  1.4285  0.0023  0.8817  1.0000  0.9308  0.75718
  0.6036E+02  0.8743  1.4283  0.0025  0.8817  1.0000  0.9308  0.75386
  0.5785E+02  0.8649  1.4284  0.0024  0.8817  1.0000  0.9308  0.75597
  0.5939E+02  0.8706  1.4284  0.0024  0.8817  1.0000  0.9308  0.75469
  0.5843E+02  0.8671  1.4284  0.0024  0.8961  1.0000  0.9308  0.77892
  0.5821E+02  0.8663  1.4284  0.0024  0.8961  1.0000  0.9308  0.77911
  0.5821E+02  0.8663  1.4284  0.0024  0.8961  1.0000  0.9308  0.77911



             ####            Final results            ####

 Parameter    DISCRP    OSCILL    STABIL    SYSDEV    POSITV    VALCEN
 Weight        1.000     3.000     3.000     3.000     1.000     1.000
 Sigma         0.300     0.600     0.120     0.120     0.120     0.120
 Ideal         0.700     1.100     0.000     1.000     1.000     0.950
 Current       0.866     1.428     0.002     0.896     1.000     0.931
                - - - - - - - - - - - - - - - - - - - - - - - - - 
 Estimate      0.736     0.741     1.000     0.472     1.000     0.975

  Angular   range    :     from    0.1342   to    1.6602
  Real space range   :     from      0.00   to     16.50

  Highest ALPHA (theor) :   0.294E+06                 JOB = 0
  Current ALPHA         :   0.582E+02   Rg :  0.479E+01   I(0) :   0.202E+03

           Total  estimate : 0.779  which is    A GOOD      solution

      S          J EXP       ERROR       J REG       I REG

  0.0000E+00                                      0.2023E+03
  0.5594E-02                                      0.2022E+03
  0.1119E-01                                      0.2021E+03
  0.1678E-01                                      0.2018E+03
  0.2237E-01                                      0.2015E+03
  0.2797E-01                                      0.2011E+03
  0.3356E-01                                      0.2005E+03
  0.3916E-01                                      0.1999E+03
  0.4475E-01                                      0.1992E+03
  0.5034E-01                                      0.1984E+03
  0.5594E-01                                      0.1975E+03
  0.6153E-01                                      0.1965E+03
  0.6712E-01                                      0.1954E+03
  0.7272E-01                                      0.1943E+03
  0.7831E-01                                      0.1930E+03
  0.8391E-01                                      0.1917E+03
  0.8950E-01                                      0.1903E+03
  0.9509E-01                                      0.1888E+03
  0.1007E+00                                      0.1872E+03
  0.1063E+00                                      0.1855E+03
  0.1119E+00                                      0.1838E+03
  0.1175E+00                                      0.1820E+03
  0.1231E+00                                      0.1801E+03
  0.1287E+00                                      0.1782E+03
  0.1342E+00  0.1794E+03  0.1173E+01  0.1762E+03  0.1762E+03
  0.1397E+00  0.1753E+03  0.1072E+01  0.1742E+03  0.1742E+03
  0.1452E+00  0.1742E+03  0.9813E+00  0.1721E+03  0.1721E+03
  0.1506E+00  0.1718E+03  0.9109E+00  0.1700E+03  0.1700E+03
  0.1561E+00  0.1697E+03  0.8488E+00  0.1678E+03  0.1678E+03
  0.1616E+00  0.1675E+03  0.7947E+00  0.1656E+03  0.1656E+03
  0.1670E+00  0.1658E+03  0.7517E+00  0.1633E+03  0.1633E+03
  0.1725E+00  0.1631E+03  0.7121E+00  0.1610E+03  0.1610E+03
  0.1780E+00  0.1599E+03  0.6755E+00  0.1587E+03  0.1587E+03
  0.1834E+00  0.1582E+03  0.6452E+00  0.1563E+03  0.1563E+03
  0.1889E+00  0.1551E+03  0.6152E+00  0.1539E+03  0.1539E+03
  0.1944E+00  0.1516E+03  0.5913E+00  0.1514E+03  0.1514E+03
  0.1998E+00  0.1486E+03  0.5687E+00  0.1489E+03  0.1489E+03
  0.2053E+00  0.1465E+03  0.5483E+00  0.1464E+03  0.1464E+03
  0.2108E+00  0.1442E+03  0.5284E+00  0.1438E+03  0.1438E+03
  0.2162E+00  0.1422E+03  0.5162E+00  0.1413E+03  0.1413E+03
  0.2217E+00  0.1393E+03  0.4972E+00  0.1387E+03  0.1387E+03
  0.2271E+00  0.1366E+03  0.4828E+00  0.1361E+03  0.1361E+03
  0.2326E+00  0.1333E+03  0.4707E+00  0.1335E+03  0.1335E+03
  0.2381E+00  0.1309E+03  0.4591E+00  0.1308E+03  0.1308E+03
  0.2435E+00  0.1278E+03  0.4021E+00  0.1282E+03  0.1282E+03
  0.2490E+00  0.1254E+03  0.3104E+00  0.1256E+03  0.1256E+03
  0.2545E+00  0.1228E+03  0.2529E+00  0.1229E+03  0.1229E+03
  0.2599E+00  0.1201E+03  0.2334E+00  0.1203E+03  0.1203E+03
  0.2654E+00  0.1171E+03  0.2275E+00  0.1176E+03  0.1176E+03
  0.2709E+00  0.1147E+03  0.2223E+00  0.1150E+03  0.1150E+03
  0.2763E+00  0.1121E+03  0.2168E+00  0.1123E+03  0.1123E+03
  0.2818E+00  0.1096E+03  0.2120E+00  0.1097E+03  0.1097E+03
  0.2873E+00  0.1069E+03  0.2064E+00  0.1071E+03  0.1071E+03
  0.2927E+00  0.1042E+03  0.2011E+00  0.1045E+03  0.1045E+03
  0.2982E+00  0.1017E+03  0.1965E+00  0.1019E+03  0.1019E+03
  0.3037E+00  0.9929E+02  0.1916E+00  0.9929E+02  0.9929E+02
  0.3091E+00  0.9669E+02  0.1867E+00  0.9673E+02  0.9673E+02
  0.3146E+00  0.9413E+02  0.1821E+00  0.9419E+02  0.9419E+02
  0.3200E+00  0.9164E+02  0.1774E+00  0.9167E+02  0.9167E+02
  0.3255E+00  0.8912E+02  0.1740E+00  0.8917E+02  0.8917E+02
  0.3310E+00  0.8674E+02  0.1699E+00  0.8670E+02  0.8670E+02
  0.3364E+00  0.8463E+02  0.1666E+00  0.8426E+02  0.8426E+02
  0.3419E+00  0.8197E+02  0.1623E+00  0.8184E+02  0.8184E+02
  0.3474E+00  0.7978E+02  0.1587E+00  0.7946E+02  0.7946E+02
  0.3528E+00  0.7758E+02  0.1558E+00  0.7710E+02  0.7710E+02
  0.3583E+00  0.7519E+02  0.1516E+00  0.7478E+02  0.7478E+02
  0.3638E+00  0.7297E+02  0.1479E+00  0.7249E+02  0.7249E+02
  0.3692E+00  0.7055E+02  0.1438E+00  0.7023E+02  0.7023E+02
  0.3747E+00  0.6852E+02  0.1413E+00  0.6801E+02  0.6801E+02
  0.3802E+00  0.6619E+02  0.1372E+00  0.6583E+02  0.6583E+02
  0.3856E+00  0.6404E+02  0.1336E+00  0.6368E+02  0.6368E+02
  0.3911E+00  0.6187E+02  0.1304E+00  0.6157E+02  0.6157E+02
  0.3965E+00  0.5986E+02  0.1269E+00  0.5950E+02  0.5950E+02
  0.4020E+00  0.5817E+02  0.1244E+00  0.5748E+02  0.5748E+02
  0.4075E+00  0.5586E+02  0.1209E+00  0.5549E+02  0.5549E+02
  0.4129E+00  0.5379E+02  0.1172E+00  0.5354E+02  0.5354E+02
  0.4184E+00  0.5180E+02  0.1140E+00  0.5163E+02  0.5163E+02
  0.4239E+00  0.4976E+02  0.1110E+00  0.4977E+02  0.4977E+02
  0.4293E+00  0.4803E+02  0.1079E+00  0.4794E+02  0.4794E+02
  0.4348E+00  0.4618E+02  0.1050E+00  0.4616E+02  0.4616E+02
  0.4403E+00  0.4445E+02  0.1023E+00  0.4442E+02  0.4442E+02
  0.4457E+00  0.4265E+02  0.9912E-01  0.4273E+02  0.4273E+02
  0.4512E+00  0.4108E+02  0.9654E-01  0.4108E+02  0.4108E+02
  0.4567E+00  0.3930E+02  0.9376E-01  0.3946E+02  0.3946E+02
  0.4621E+00  0.3778E+02  0.9112E-01  0.3790E+02  0.3790E+02
  0.4676E+00  0.3601E+02  0.8836E-01  0.3637E+02  0.3637E+02
  0.4731E+00  0.3513E+02  0.8712E-01  0.3489E+02  0.3489E+02
  0.4785E+00  0.3330E+02  0.8373E-01  0.3345E+02  0.3345E+02
  0.4840E+00  0.3216E+02  0.8203E-01  0.3205E+02  0.3205E+02
  0.4894E+00  0.3075E+02  0.8001E-01  0.3069E+02  0.3069E+02
  0.4949E+00  0.2942E+02  0.7734E-01  0.2937E+02  0.2937E+02
  0.5004E+00  0.2805E+02  0.7548E-01  0.2810E+02  0.2810E+02
  0.5058E+00  0.2688E+02  0.7317E-01  0.2686E+02  0.2686E+02
  0.5113E+00  0.2570E+02  0.7139E-01  0.2567E+02  0.2567E+02
  0.5168E+00  0.2454E+02  0.6915E-01  0.2452E+02  0.2452E+02
  0.5222E+00  0.2377E+02  0.6849E-01  0.2340E+02  0.2340E+02
  0.5277E+00  0.2235E+02  0.6570E-01  0.2232E+02  0.2232E+02
  0.5332E+00  0.2150E+02  0.6457E-01  0.2128E+02  0.2128E+02
  0.5386E+00  0.2034E+02  0.6252E-01  0.2028E+02  0.2028E+02
  0.5441E+00  0.1924E+02  0.6013E-01  0.1932E+02  0.1932E+02
  0.5496E+00  0.1843E+02  0.5903E-01  0.1839E+02  0.1839E+02
  0.5550E+00  0.1746E+02  0.5715E-01  0.1750E+02  0.1750E+02
  0.5605E+00  0.1669E+02  0.5596E-01  0.1664E+02  0.1664E+02
  0.5660E+00  0.1569E+02  0.5413E-01  0.1581E+02  0.1581E+02
  0.5714E+00  0.1514E+02  0.5352E-01  0.1502E+02  0.1502E+02
  0.5769E+00  0.1428E+02  0.5162E-01  0.1426E+02  0.1426E+02
  0.5823E+00  0.1347E+02  0.5005E-01  0.1354E+02  0.1354E+02
  0.5878E+00  0.1280E+02  0.4923E-01  0.1284E+02  0.1284E+02
  0.5933E+00  0.1219E+02  0.4814E-01  0.1217E+02  0.1217E+02
  0.5987E+00  0.1146E+02  0.4669E-01  0.1154E+02  0.1154E+02
  0.6042E+00  0.1088E+02  0.4570E-01  0.1093E+02  0.1093E+02
  0.6097E+00  0.1038E+02  0.4481E-01  0.1035E+02  0.1035E+02
  0.6151E+00  0.9737E+01  0.4339E-01  0.9801E+01  0.9801E+01
  0.6206E+00  0.9132E+01  0.4223E-01  0.9275E+01  0.9275E+01
  0.6261E+00  0.8759E+01  0.4190E-01  0.8776E+01  0.8776E+01
  0.6315E+00  0.8244E+01  0.4069E-01  0.8301E+01  0.8301E+01
  0.6370E+00  0.7782E+01  0.3987E-01  0.7850E+01  0.7850E+01
  0.6425E+00  0.7422E+01  0.3934E-01  0.7423E+01  0.7423E+01
  0.6479E+00  0.6959E+01  0.3830E-01  0.7018E+01  0.7018E+01
  0.6534E+00  0.6635E+01  0.3778E-01  0.6635E+01  0.6635E+01
  0.6589E+00  0.6198E+01  0.3692E-01  0.6272E+01  0.6272E+01
  0.6643E+00  0.5897E+01  0.3615E-01  0.5930E+01  0.5930E+01
  0.6698E+00  0.5651E+01  0.3569E-01  0.5608E+01  0.5608E+01
  0.6752E+00  0.5323E+01  0.3532E-01  0.5304E+01  0.5304E+01
  0.6807E+00  0.4963E+01  0.3445E-01  0.5019E+01  0.5019E+01
  0.6862E+00  0.4696E+01  0.3386E-01  0.4750E+01  0.4750E+01
  0.6916E+00  0.4397E+01  0.3321E-01  0.4498E+01  0.4498E+01
  0.6971E+00  0.4334E+01  0.3343E-01  0.4263E+01  0.4263E+01
  0.7026E+00  0.3999E+01  0.3245E-01  0.4042E+01  0.4042E+01
  0.7080E+00  0.3829E+01  0.3194E-01  0.3836E+01  0.3836E+01
  0.7135E+00  0.3637E+01  0.3162E-01  0.3644E+01  0.3644E+01
  0.7190E+00  0.3486E+01  0.3133E-01  0.3465E+01  0.3465E+01
  0.7244E+00  0.3259E+01  0.3097E-01  0.3298E+01  0.3298E+01
  0.7299E+00  0.3165E+01  0.3069E-01  0.3144E+01  0.3144E+01
  0.7354E+00  0.2979E+01  0.3021E-01  0.3001E+01  0.3001E+01
  0.7408E+00  0.2873E+01  0.2986E-01  0.2868E+01  0.2868E+01
  0.7463E+00  0.2754E+01  0.2981E-01  0.2746E+01  0.2746E+01
  0.7517E+00  0.2646E+01  0.2956E-01  0.2634E+01  0.2634E+01
  0.7572E+00  0.2510E+01  0.2931E-01  0.2531E+01  0.2531E+01
  0.7627E+00  0.2412E+01  0.2905E-01  0.2436E+01  0.2436E+01
  0.7681E+00  0.2368E+01  0.2854E-01  0.2350E+01  0.2350E+01
  0.7736E+00  0.2237E+01  0.2847E-01  0.2271E+01  0.2271E+01
  0.7791E+00  0.2188E+01  0.2842E-01  0.2199E+01  0.2199E+01
  0.7845E+00  0.2139E+01  0.2811E-01  0.2133E+01  0.2133E+01
  0.7900E+00  0.2106E+01  0.2832E-01  0.2074E+01  0.2074E+01
  0.7955E+00  0.2035E+01  0.2776E-01  0.2021E+01  0.2021E+01
  0.8009E+00  0.1944E+01  0.2792E-01  0.1973E+01  0.1973E+01
  0.8064E+00  0.1900E+01  0.2796E-01  0.1930E+01  0.1930E+01
  0.8119E+00  0.1909E+01  0.2826E-01  0.1892E+01  0.1892E+01
  0.8173E+00  0.1897E+01  0.2820E-01  0.1857E+01  0.1857E+01
  0.8228E+00  0.1848E+01  0.2847E-01  0.1827E+01  0.1827E+01
  0.8283E+00  0.1826E+01  0.2850E-01  0.1800E+01  0.1800E+01
  0.8337E+00  0.1753E+01  0.2811E-01  0.1776E+01  0.1776E+01
  0.8392E+00  0.1748E+01  0.2819E-01  0.1755E+01  0.1755E+01
  0.8446E+00  0.1708E+01  0.2816E-01  0.1737E+01  0.1737E+01
  0.8501E+00  0.1701E+01  0.2840E-01  0.1721E+01  0.1721E+01
  0.8556E+00  0.1704E+01  0.2842E-01  0.1707E+01  0.1707E+01
  0.8610E+00  0.1689E+01  0.2825E-01  0.1695E+01  0.1695E+01
  0.8665E+00  0.1671E+01  0.2821E-01  0.1685E+01  0.1685E+01
  0.8720E+00  0.1669E+01  0.2857E-01  0.1676E+01  0.1676E+01
  0.8774E+00  0.1698E+01  0.2846E-01  0.1668E+01  0.1668E+01
  0.8829E+00  0.1658E+01  0.2842E-01  0.1661E+01  0.1661E+01
  0.8884E+00  0.1677E+01  0.2834E-01  0.1654E+01  0.1654E+01
  0.8938E+00  0.1648E+01  0.2816E-01  0.1649E+01  0.1649E+01
  0.8993E+00  0.1630E+01  0.2839E-01  0.1643E+01  0.1643E+01
  0.9048E+00  0.1574E+01  0.2830E-01  0.1638E+01  0.1638E+01
  0.9102E+00  0.1665E+01  0.2865E-01  0.1634E+01  0.1634E+01
  0.9157E+00  0.1650E+01  0.2882E-01  0.1629E+01  0.1629E+01
  0.9212E+00  0.1608E+01  0.2857E-01  0.1624E+01  0.1624E+01
  0.9266E+00  0.1592E+01  0.2829E-01  0.1620E+01  0.1620E+01
  0.9321E+00  0.1609E+01  0.2890E-01  0.1614E+01  0.1614E+01
  0.9375E+00  0.1560E+01  0.2833E-01  0.1609E+01  0.1609E+01
  0.9430E+00  0.1598E+01  0.2855E-01  0.1603E+01  0.1603E+01
  0.9485E+00  0.1578E+01  0.2861E-01  0.1597E+01  0.1597E+01
  0.9539E+00  0.1576E+01  0.2845E-01  0.1590E+01  0.1590E+01
  0.9594E+00  0.1560E+01  0.2844E-01  0.1583E+01  0.1583E+01
  0.9649E+00  0.1591E+01  0.2840E-01  0.1575E+01  0.1575E+01
  0.9703E+00  0.1533E+01  0.2841E-01  0.1567E+01  0.1567E+01
  0.9758E+00  0.1581E+01  0.2870E-01  0.1558E+01  0.1558E+01
  0.9813E+00  0.1532E+01  0.2854E-01  0.1549E+01  0.1549E+01
  0.9867E+00  0.1525E+01  0.2846E-01  0.1538E+01  0.1538E+01
  0.9922E+00  0.1569E+01  0.2869E-01  0.1527E+01  0.1527E+01
  0.9977E+00  0.1545E+01  0.2854E-01  0.1516E+01  0.1516E+01
  0.1003E+01  0.1514E+01  0.2839E-01  0.1504E+01  0.1504E+01
  0.1009E+01  0.1530E+01  0.2814E-01  0.1491E+01  0.1491E+01
  0.1014E+01  0.1465E+01  0.2832E-01  0.1478E+01  0.1478E+01
  0.1020E+01  0.1441E+01  0.2827E-01  0.1464E+01  0.1464E+01
  0.1025E+01  0.1449E+01  0.2830E-01  0.1449E+01  0.1449E+01
  0.1030E+01  0.1433E+01  0.2830E-01  0.1434E+01  0.1434E+01
  0.1036E+01  0.1460E+01  0.2835E-01  0.1419E+01  0.1419E+01
  0.1041E+01  0.1387E+01  0.2812E-01  0.1403E+01  0.1403E+01
  0.1047E+01  0.1401E+01  0.2843E-01  0.1386E+01  0.1386E+01
  0.1052E+01  0.1444E+01  0.2863E-01  0.1369E+01  0.1369E+01
  0.1058E+01  0.1400E+01  0.2832E-01  0.1352E+01  0.1352E+01
  0.1063E+01  0.1351E+01  0.2814E-01  0.1334E+01  0.1334E+01
  0.1069E+01  0.1313E+01  0.2812E-01  0.1316E+01  0.1316E+01
  0.1074E+01  0.1267E+01  0.2802E-01  0.1298E+01  0.1298E+01
  0.1080E+01  0.1284E+01  0.2832E-01  0.1280E+01  0.1280E+01
  0.1085E+01  0.1277E+01  0.2819E-01  0.1261E+01  0.1261E+01
  0.1091E+01  0.1217E+01  0.2786E-01  0.1242E+01  0.1242E+01
  0.1096E+01  0.1227E+01  0.2772E-01  0.1224E+01  0.1224E+01
  0.1101E+01  0.1162E+01  0.2784E-01  0.1205E+01  0.1205E+01
  0.1107E+01  0.1224E+01  0.2824E-01  0.1186E+01  0.1186E+01
  0.1112E+01  0.1183E+01  0.2781E-01  0.1167E+01  0.1167E+01
  0.1118E+01  0.1154E+01  0.2797E-01  0.1148E+01  0.1148E+01
  0.1123E+01  0.1108E+01  0.2786E-01  0.1129E+01  0.1129E+01
  0.1129E+01  0.1150E+01  0.2785E-01  0.1110E+01  0.1110E+01
  0.1134E+01  0.1092E+01  0.2785E-01  0.1091E+01  0.1091E+01
  0.1140E+01  0.1056E+01  0.2753E-01  0.1073E+01  0.1073E+01
  0.1145E+01  0.1053E+01  0.2740E-01  0.1054E+01  0.1054E+01
  0.1151E+01  0.1015E+01  0.2750E-01  0.1036E+01  0.1036E+01
  0.1156E+01  0.9866E+00  0.2746E-01  0.1018E+01  0.1018E+01
  0.1162E+01  0.1013E+01  0.2757E-01  0.1000E+01  0.1000E+01
  0.1167E+01  0.9527E+00  0.2729E-01  0.9825E+00  0.9825E+00
  0.1173E+01  0.9702E+00  0.2758E-01  0.9652E+00  0.9652E+00
  0.1178E+01  0.9287E+00  0.2731E-01  0.9481E+00  0.9481E+00
  0.1183E+01  0.9293E+00  0.2745E-01  0.9314E+00  0.9314E+00
  0.1189E+01  0.9389E+00  0.2760E-01  0.9150E+00  0.9150E+00
  0.1194E+01  0.9063E+00  0.2740E-01  0.8989E+00  0.8989E+00
  0.1200E+01  0.8835E+00  0.2757E-01  0.8830E+00  0.8830E+00
  0.1205E+01  0.8373E+00  0.2699E-01  0.8675E+00  0.8675E+00
  0.1211E+01  0.8883E+00  0.2747E-01  0.8524E+00  0.8524E+00
  0.1216E+01  0.8211E+00  0.2742E-01  0.8375E+00  0.8375E+00
  0.1222E+01  0.8558E+00  0.2734E-01  0.8230E+00  0.8230E+00
  0.1227E+01  0.8166E+00  0.2796E-01  0.8089E+00  0.8089E+00
  0.1234E+01  0.7852E+00  0.2991E-01  0.7917E+00  0.7917E+00
  0.1241E+01  0.7791E+00  0.3145E-01  0.7749E+00  0.7749E+00
  0.1246E+01  0.7165E+00  0.3270E-01  0.7620E+00  0.7620E+00
  0.1252E+01  0.8008E+00  0.3306E-01  0.7493E+00  0.7493E+00
  0.1257E+01  0.7434E+00  0.3396E-01  0.7369E+00  0.7369E+00
  0.1263E+01  0.7758E+00  0.3371E-01  0.7248E+00  0.7248E+00
  0.1268E+01  0.7220E+00  0.3053E-01  0.7131E+00  0.7131E+00
  0.1274E+01  0.7299E+00  0.2971E-01  0.7017E+00  0.7017E+00
  0.1279E+01  0.6947E+00  0.2871E-01  0.6905E+00  0.6905E+00
  0.1285E+01  0.7223E+00  0.2864E-01  0.6797E+00  0.6797E+00
  0.1290E+01  0.6408E+00  0.2832E-01  0.6691E+00  0.6691E+00
  0.1295E+01  0.6495E+00  0.2792E-01  0.6588E+00  0.6588E+00
  0.1301E+01  0.6426E+00  0.2733E-01  0.6487E+00  0.6487E+00
  0.1306E+01  0.6400E+00  0.2725E-01  0.6389E+00  0.6389E+00
  0.1312E+01  0.6291E+00  0.2749E-01  0.6294E+00  0.6294E+00
  0.1317E+01  0.6661E+00  0.2737E-01  0.6201E+00  0.6201E+00
  0.1323E+01  0.5526E+00  0.2719E-01  0.6110E+00  0.6110E+00
  0.1328E+01  0.6230E+00  0.2711E-01  0.6021E+00  0.6021E+00
  0.1334E+01  0.5374E+00  0.2694E-01  0.5935E+00  0.5935E+00
  0.1339E+01  0.5422E+00  0.2732E-01  0.5850E+00  0.5850E+00
  0.1345E+01  0.5597E+00  0.2673E-01  0.5768E+00  0.5768E+00
  0.1350E+01  0.5423E+00  0.2715E-01  0.5688E+00  0.5688E+00
  0.1356E+01  0.5901E+00  0.2700E-01  0.5609E+00  0.5609E+00
  0.1361E+01  0.5345E+00  0.2710E-01  0.5533E+00  0.5533E+00
  0.1367E+01  0.5493E+00  0.2712E-01  0.5458E+00  0.5458E+00
  0.1372E+01  0.5201E+00  0.2677E-01  0.5385E+00  0.5385E+00
  0.1377E+01  0.5442E+00  0.2685E-01  0.5314E+00  0.5314E+00
  0.1383E+01  0.5265E+00  0.2664E-01  0.5244E+00  0.5244E+00
  0.1388E+01  0.5188E+00  0.2694E-01  0.5177E+00  0.5177E+00
  0.1394E+01  0.5388E+00  0.2692E-01  0.5110E+00  0.5110E+00
  0.1399E+01  0.4743E+00  0.2668E-01  0.5046E+00  0.5046E+00
  0.1405E+01  0.4781E+00  0.2665E-01  0.4983E+00  0.4983E+00
  0.1410E+01  0.4483E+00  0.2683E-01  0.4922E+00  0.4922E+00
  0.1416E+01  0.5516E+00  0.2689E-01  0.4862E+00  0.4862E+00
  0.1421E+01  0.4603E+00  0.2650E-01  0.4804E+00  0.4804E+00
  0.1427E+01  0.4847E+00  0.2634E-01  0.4747E+00  0.4747E+00
  0.1432E+01  0.4494E+00  0.2645E-01  0.4692E+00  0.4692E+00
  0.1438E+01  0.4378E+00  0.2670E-01  0.4638E+00  0.4638E+00
  0.1443E+01  0.4479E+00  0.2642E-01  0.4587E+00  0.4587E+00
  0.1448E+01  0.4083E+00  0.2638E-01  0.4536E+00  0.4536E+00
  0.1454E+01  0.4784E+00  0.2651E-01  0.4487E+00  0.4487E+00
  0.1459E+01  0.4204E+00  0.2629E-01  0.4441E+00  0.4441E+00
  0.1465E+01  0.4650E+00  0.2631E-01  0.4394E+00  0.4394E+00
  0.1470E+01  0.4371E+00  0.2678E-01  0.4350E+00  0.4350E+00
  0.1476E+01  0.4323E+00  0.2606E-01  0.4307E+00  0.4307E+00
  0.1481E+01  0.4546E+00  0.2586E-01  0.4266E+00  0.4266E+00
  0.1487E+01  0.4255E+00  0.2580E-01  0.4227E+00  0.4227E+00
  0.1492E+01  0.3931E+00  0.2582E-01  0.4189E+00  0.4189E+00
  0.1498E+01  0.4350E+00  0.2616E-01  0.4152E+00  0.4152E+00
  0.1503E+01  0.4282E+00  0.2565E-01  0.4117E+00  0.4117E+00
  0.1509E+01  0.4318E+00  0.2587E-01  0.4083E+00  0.4083E+00
  0.1514E+01  0.3461E+00  0.2584E-01  0.4051E+00  0.4051E+00
  0.1520E+01  0.3905E+00  0.2561E-01  0.4021E+00  0.4021E+00
  0.1525E+01  0.4078E+00  0.2583E-01  0.3991E+00  0.3991E+00
  0.1530E+01  0.4162E+00  0.2584E-01  0.3964E+00  0.3964E+00
  0.1536E+01  0.3979E+00  0.2574E-01  0.3937E+00  0.3937E+00
  0.1541E+01  0.4178E+00  0.2574E-01  0.3911E+00  0.3911E+00
  0.1547E+01  0.3675E+00  0.2563E-01  0.3887E+00  0.3887E+00
  0.1552E+01  0.3468E+00  0.2567E-01  0.3864E+00  0.3864E+00
  0.1558E+01  0.3976E+00  0.2567E-01  0.3843E+00  0.3843E+00
  0.1563E+01  0.3590E+00  0.2559E-01  0.3822E+00  0.3822E+00
  0.1569E+01  0.3684E+00  0.2559E-01  0.3802E+00  0.3802E+00
  0.1574E+01  0.4381E+00  0.2582E-01  0.3784E+00  0.3784E+00
  0.1580E+01  0.4222E+00  0.2538E-01  0.3766E+00  0.3766E+00
  0.1585E+01  0.3421E+00  0.2589E-01  0.3749E+00  0.3749E+00
  0.1591E+01  0.3958E+00  0.2608E-01  0.3733E+00  0.3733E+00
  0.1596E+01  0.3653E+00  0.2621E-01  0.3718E+00  0.3718E+00
  0.1601E+01  0.3721E+00  0.2582E-01  0.3703E+00  0.3703E+00
  0.1607E+01  0.3662E+00  0.2622E-01  0.3689E+00  0.3689E+00
  0.1612E+01  0.3440E+00  0.2586E-01  0.3675E+00  0.3675E+00
  0.1618E+01  0.3804E+00  0.2599E-01  0.3662E+00  0.3662E+00
  0.1623E+01  0.3564E+00  0.2590E-01  0.3649E+00  0.3649E+00
  0.1629E+01  0.3494E+00  0.2588E-01  0.3637E+00  0.3637E+00
  0.1634E+01  0.3837E+00  0.2612E-01  0.3625E+00  0.3625E+00
  0.1640E+01  0.3548E+00  0.2593E-01  0.3612E+00  0.3612E+00
  0.1645E+01  0.3837E+00  0.2571E-01  0.3600E+00  0.3600E+00
  0.1651E+01  0.3535E+00  0.2581E-01  0.3588E+00  0.3588E+00
  0.1656E+01  0.3469E+00  0.2592E-01  0.3576E+00  0.3576E+00
  0.1660E+01  0.3174E+00  0.3664E-01  0.3567E+00  0.3567E+00

           Distance distribution  function of particle  


       R          P(R)      ERROR

  0.0000E+00  0.0000E+00  0.0000E+00
  0.1650E+00  0.1765E-01  0.2699E-03
  0.3300E+00  0.4461E-01  0.4329E-03
  0.4950E+00  0.8071E-01  0.4969E-03
  0.6600E+00  0.1257E+00  0.4749E-03
  0.8250E+00  0.1792E+00  0.3846E-03
  0.9900E+00  0.2406E+00  0.2504E-03
  0.1155E+01  0.3096E+00  0.1322E-03
  0.1320E+01  0.3854E+00  0.1994E-03
  0.1485E+01  0.4673E+00  0.3592E-03
  0.1650E+01  0.5546E+00  0.5092E-03
  0.1815E+01  0.6464E+00  0.6244E-03
  0.1980E+01  0.7421E+00  0.6933E-03
  0.2145E+01  0.8406E+00  0.7111E-03
  0.2310E+01  0.9413E+00  0.6796E-03
  0.2475E+01  0.1043E+01  0.6080E-03
  0.2640E+01  0.1146E+01  0.5159E-03
  0.2805E+01  0.1248E+01  0.4397E-03
  0.2970E+01  0.1349E+01  0.4299E-03
  0.3135E+01  0.1448E+01  0.5051E-03
  0.3300E+01  0.1545E+01  0.6289E-03
  0.3465E+01  0.1639E+01  0.7592E-03
  0.3630E+01  0.1729E+01  0.8694E-03
  0.3795E+01  0.1815E+01  0.9450E-03
  0.3960E+01  0.1896E+01  0.9792E-03
  0.4125E+01  0.1972E+01  0.9719E-03
  0.4290E+01  0.2043E+01  0.9302E-03
  0.4455E+01  0.2109E+01  0.8675E-03
  0.4620E+01  0.2168E+01  0.8043E-03
  0.4785E+01  0.2221E+01  0.7647E-03
  0.4950E+01  0.2267E+01  0.7665E-03
  0.5115E+01  0.2306E+01  0.8099E-03
  0.5280E+01  0.2339E+01  0.8781E-03
  0.5445E+01  0.2364E+01  0.9486E-03
  0.5610E+01  0.2382E+01  0.1003E-02
  0.5775E+01  0.2392E+01  0.1032E-02
  0.5940E+01  0.2395E+01  0.1033E-02
  0.6105E+01  0.2391E+01  0.1013E-02
  0.6270E+01  0.2379E+01  0.9887E-03
  0.6435E+01  0.2359E+01  0.9808E-03
  0.6600E+01  0.2333E+01  0.1011E-02
  0.6765E+01  0.2299E+01  0.1088E-02
  0.6930E+01  0.2257E+01  0.1205E-02
  0.7095E+01  0.2210E+01  0.1343E-02
  0.7260E+01  0.2155E+01  0.1482E-02
  0.7425E+01  0.2095E+01  0.1606E-02
  0.7590E+01  0.2029E+01  0.1701E-02
  0.7755E+01  0.1958E+01  0.1763E-02
  0.7920E+01  0.1883E+01  0.1792E-02
  0.8085E+01  0.1803E+01  0.1791E-02
  0.8250E+01  0.1720E+01  0.1770E-02
  0.8415E+01  0.1635E+01  0.1741E-02
  0.8580E+01  0.1548E+01  0.1717E-02
  0.8745E+01  0.1460E+01  0.1706E-02
  0.8910E+01  0.1371E+01  0.1712E-02
  0.9075E+01  0.1283E+01  0.1733E-02
  0.9240E+01  0.1196E+01  0.1761E-02
  0.9405E+01  0.1110E+01  0.1788E-02
  0.9570E+01  0.1026E+01  0.1808E-02
  0.9735E+01  0.9453E+00  0.1819E-02
  0.9900E+01  0.8676E+00  0.1821E-02
  0.1007E+02  0.7935E+00  0.1822E-02
  0.1023E+02  0.7232E+00  0.1830E-02
  0.1040E+02  0.6571E+00  0.1852E-02
  0.1056E+02  0.5951E+00  0.1894E-02
  0.1072E+02  0.5375E+00  0.1952E-02
  0.1089E+02  0.4842E+00  0.2020E-02
  0.1105E+02  0.4352E+00  0.2088E-02
  0.1122E+02  0.3903E+00  0.2144E-02
  0.1138E+02  0.3495E+00  0.2181E-02
  0.1155E+02  0.3123E+00  0.2193E-02
  0.1171E+02  0.2788E+00  0.2178E-02
  0.1188E+02  0.2485E+00  0.2141E-02
  0.1204E+02  0.2213E+00  0.2088E-02
  0.1221E+02  0.1969E+00  0.2029E-02
  0.1238E+02  0.1751E+00  0.1974E-02
  0.1254E+02  0.1556E+00  0.1934E-02
  0.1271E+02  0.1382E+00  0.1915E-02
  0.1287E+02  0.1227E+00  0.1919E-02
  0.1304E+02  0.1090E+00  0.1943E-02
  0.1320E+02  0.9689E-01  0.1983E-02
  0.1337E+02  0.8628E-01  0.2034E-02
  0.1353E+02  0.7706E-01  0.2090E-02
  0.1370E+02  0.6911E-01  0.2150E-02
  0.1386E+02  0.6234E-01  0.2209E-02
  0.1403E+02  0.5667E-01  0.2265E-02
  0.1419E+02  0.5197E-01  0.2318E-02
  0.1436E+02  0.4816E-01  0.2365E-02
  0.1452E+02  0.4511E-01  0.2406E-02
  0.1469E+02  0.4267E-01  0.2444E-02
  0.1485E+02  0.4070E-01  0.2482E-02
  0.1502E+02  0.3901E-01  0.2523E-02
  0.1518E+02  0.3740E-01  0.2567E-02
  0.1535E+02  0.3566E-01  0.2606E-02
  0.1551E+02  0.3356E-01  0.2623E-02
  0.1568E+02  0.3086E-01  0.2589E-02
  0.1584E+02  0.2733E-01  0.2462E-02
  0.1600E+02  0.2270E-01  0.2196E-02
  0.1617E+02  0.1675E-01  0.1734E-02
  0.1634E+02  0.9256E-02  0.1020E-02
  0.1650E+02  0.0000E+00  0.0000E+00
          Reciprocal space: Rg =    4.79     , I(0) =   0.2023E+03
     Real space: Rg =    4.79 +- 0.005  I(0) =   0.2023E+03 +-  0.1948E+00
