
           ####    G N O M   ---   Version 4.5a revised 09/02/02     ####

                                                  Tue Mar 24 11:29:22 2009
           ===    Run No   1   ===
 Run title:   13-Mar-2009       (1.000 *savvides_01 - 1.000 *Avrag15.dat) /  2


  Number of points omitted at the beginning:          72
  Number of points omitted at the end:         830

          To optimize the performance, some input data points 
           have been joined. New number of points equals to 427

   *******   Working Directory :
   *******    Input file(s) : csf1l_015.dat
           Condition P(rmin) = 0 is used. 
           Condition P(rmax) = 0 is used. 

          Experimental conditions for the first run
          -----------------------------------------

          Highest ALPHA is found to be   0.1098E+01

  The measure of inconsistency AN1 equals to    0.8355E+00
     Alpha    Discrp  Oscill  Stabil  Sysdev  Positv  Valcen    Total   
  0.1098E+04 11.1328  1.2451  0.0900  0.0235  1.0000  0.8503  0.00001
  0.2196E+03  4.3770  1.3594  0.0543  0.0563  1.0000  0.8337  0.00001
  0.4393E+02  1.4921  1.4660  0.0251  0.4366  1.0000  0.8192  0.50083
  0.8786E+01  0.6757  1.5178  0.0131  0.8592  1.0000  0.8142  0.61029
  0.1757E+01  0.5447  1.5413  0.0088  0.9061  1.0000  0.8136  0.56486
  0.3514E+00  0.5215  1.5620  0.0093  0.9061  1.0000  0.8137  0.10000
  0.7029E-01  0.5098  1.6197  0.0141  0.9531  1.0000  0.8141  0.10000
  0.1406E-01  0.5020  1.7989  0.0314  0.9531  1.0000  0.8133  0.10000
  0.2811E-02  0.4931  2.6190  0.0662  0.9624  0.9993  0.8086  0.10000
  0.5623E-03  0.4830  5.1159  0.2175  0.9906  0.9932  0.7998  0.10000
  0.1125E-03  0.4621 11.6267  0.4927  1.0000  0.9415  0.6374  0.10000
  0.2249E-04  0.4381 15.4631  0.3063  1.0516  0.8579  0.3733  0.10000
  0.4498E-05  0.4277 18.7773  0.5996  1.0376  0.7899  0.2689  0.10000
  0.8997E-06  0.4144 18.8947  0.6680  1.0610  0.7552  0.2720  0.10000
  0.1799E-06  0.4029 18.6080  0.2883  1.0798  0.7349  0.2805  0.10000
  0.3599E-07  0.3991 21.4381  0.6282  1.0704  0.7237  0.2722  0.10000
  0.7197E-08  0.3940 20.3759  0.7066  1.0704  0.7143  0.2649  0.10000
  0.1439E-08  0.3884 20.0969  0.4921  1.0704  0.6994  0.2564  0.10000
  0.2879E-09  0.3814 22.9763  0.7849  1.0704  0.6723  0.2122  0.10000
  0.5758E-10  0.3618 26.5665  0.6557  1.0798  0.6828  0.3264  0.10000
  0.1152E-10  0.3143 35.6456  0.5798  1.0892  0.6825  0.3203  0.10000
  0.2303E-11  0.2223 44.2503  0.4973  1.0892  0.6847  0.2288  0.10000
  0.4606E-12  0.1105 48.7700  0.3132  1.0610  0.6941  0.2480  0.10000
  0.9213E-13  0.0347 50.9392  0.1205  1.0892  0.6913  0.2679  0.10000
  0.1843E-13  0.0080 51.5782  0.0304  1.0798  0.6895  0.2723  0.10000
  0.3685E-14  0.0016 51.7168  0.0064  1.0798  0.6891  0.2731  0.10000
  0.7370E-15  0.0003 51.7448  0.0013  1.0798  0.6890  0.2732  0.10000
  0.1474E-15  0.0001 51.7504  0.0003  1.0798  0.6890  0.2733  0.10000
  0.2948E-16  0.0000 51.7516  0.0001  1.0798  0.6890  0.2733  0.10000
  0.5896E-17  0.0000 51.7518  0.0000  1.0798  0.6890  0.2733  0.10000
  0.1179E-17  0.0000 51.7518  0.0000  1.0798  0.6890  0.2733  0.10000

          ***  Golden section search to maximize estimate ***
     Alpha    Discrp  Oscill  Stabil  Sysdev  Positv  Valcen    Total   
  0.3249E+01  0.5688  1.5338  0.0101  0.9155  1.0000  0.8136  0.60045
  0.6009E+01  0.6190  1.5247  0.0117  0.8779  1.0000  0.8139  0.60425
  0.4109E+01  0.5836  1.5306  0.0106  0.9155  1.0000  0.8137  0.61318
  0.5197E+01  0.6035  1.5271  0.0113  0.8967  1.0000  0.8138  0.61183
  0.4495E+01  0.5906  1.5293  0.0109  0.9249  1.0000  0.8137  0.62499
  0.4344E+01  0.5878  1.5298  0.0108  0.9249  1.0000  0.8137  0.62304
  0.4591E+01  0.5923  1.5290  0.0109  0.9249  1.0000  0.8137  0.62620
  0.4652E+01  0.5934  1.5288  0.0109  0.9155  1.0000  0.8138  0.62023
  0.4554E+01  0.5916  1.5291  0.0109  0.9249  1.0000  0.8137  0.62574
  0.4614E+01  0.5927  1.5289  0.0109  0.9249  1.0000  0.8138  0.62649
  0.4628E+01  0.5930  1.5288  0.0109  0.9249  1.0000  0.8138  0.62667
  0.4637E+01  0.5931  1.5288  0.0109  0.9249  1.0000  0.8138  0.62678
  0.4643E+01  0.5932  1.5288  0.0109  0.9155  1.0000  0.8138  0.62012
  0.4637E+01  0.5931  1.5288  0.0109  0.9249  1.0000  0.8138  0.62678



             ####            Final results            ####

 Parameter    DISCRP    OSCILL    STABIL    SYSDEV    POSITV    VALCEN
 Weight        1.000     3.000     3.000     4.000     1.000     1.000
 Sigma         0.500     0.600     0.120     0.200     0.120     0.120
 Ideal         1.000     1.100     0.000     1.000     1.000     0.950
 Current       0.593     1.529     0.011     0.925     1.000     0.814
                - - - - - - - - - - - - - - - - - - - - - - - - - 
 Estimate      0.516     0.600     0.992     0.868     1.000     0.276

  Angular   range    :     from    0.2617   to    3.5649
  Real space range   :     from      0.00   to      9.81

  Highest ALPHA (theor) :   0.110E+04                 JOB = 0
  Current ALPHA         :   0.464E+01   Rg :  0.285E+01   I(0) :   0.331E+02

           Total  estimate : 0.627  which is  A REASONABLE  solution

      S          J EXP       ERROR       J REG       I REG

  0.0000E+00                                      0.3313E+02
  0.9348E-02                                      0.3312E+02
  0.1870E-01                                      0.3310E+02
  0.2804E-01                                      0.3306E+02
  0.3739E-01                                      0.3300E+02
  0.4674E-01                                      0.3293E+02
  0.5609E-01                                      0.3285E+02
  0.6544E-01                                      0.3274E+02
  0.7478E-01                                      0.3263E+02
  0.8413E-01                                      0.3250E+02
  0.9348E-01                                      0.3235E+02
  0.1028E+00                                      0.3219E+02
  0.1122E+00                                      0.3201E+02
  0.1215E+00                                      0.3183E+02
  0.1309E+00                                      0.3162E+02
  0.1402E+00                                      0.3141E+02
  0.1496E+00                                      0.3118E+02
  0.1589E+00                                      0.3094E+02
  0.1683E+00                                      0.3069E+02
  0.1776E+00                                      0.3042E+02
  0.1870E+00                                      0.3015E+02
  0.1963E+00                                      0.2986E+02
  0.2057E+00                                      0.2956E+02
  0.2150E+00                                      0.2925E+02
  0.2243E+00                                      0.2894E+02
  0.2337E+00                                      0.2861E+02
  0.2430E+00                                      0.2828E+02
  0.2524E+00                                      0.2794E+02
  0.2617E+00  0.2770E+02  0.1313E+00  0.2759E+02  0.2759E+02
  0.2695E+00  0.2743E+02  0.1285E+00  0.2729E+02  0.2729E+02
  0.2772E+00  0.2718E+02  0.1233E+00  0.2699E+02  0.2699E+02
  0.2850E+00  0.2672E+02  0.1194E+00  0.2669E+02  0.2669E+02
  0.2928E+00  0.2659E+02  0.1171E+00  0.2638E+02  0.2638E+02
  0.3005E+00  0.2617E+02  0.1138E+00  0.2607E+02  0.2607E+02
  0.3083E+00  0.2596E+02  0.1100E+00  0.2576E+02  0.2576E+02
  0.3160E+00  0.2564E+02  0.1072E+00  0.2544E+02  0.2544E+02
  0.3238E+00  0.2535E+02  0.1055E+00  0.2512E+02  0.2512E+02
  0.3315E+00  0.2489E+02  0.1034E+00  0.2480E+02  0.2480E+02
  0.3393E+00  0.2438E+02  0.9957E-01  0.2447E+02  0.2447E+02
  0.3470E+00  0.2419E+02  0.9840E-01  0.2415E+02  0.2415E+02
  0.3548E+00  0.2367E+02  0.9692E-01  0.2382E+02  0.2382E+02
  0.3625E+00  0.2355E+02  0.9426E-01  0.2349E+02  0.2349E+02
  0.3703E+00  0.2312E+02  0.9203E-01  0.2316E+02  0.2316E+02
  0.3781E+00  0.2266E+02  0.9070E-01  0.2283E+02  0.2283E+02
  0.3858E+00  0.2252E+02  0.8989E-01  0.2250E+02  0.2250E+02
  0.3936E+00  0.2204E+02  0.8743E-01  0.2217E+02  0.2217E+02
  0.4013E+00  0.2175E+02  0.8594E-01  0.2184E+02  0.2184E+02
  0.4091E+00  0.2157E+02  0.8489E-01  0.2151E+02  0.2151E+02
  0.4168E+00  0.2104E+02  0.8290E-01  0.2118E+02  0.2118E+02
  0.4246E+00  0.2067E+02  0.8215E-01  0.2085E+02  0.2085E+02
  0.4323E+00  0.2051E+02  0.8187E-01  0.2052E+02  0.2052E+02
  0.4401E+00  0.2011E+02  0.8063E-01  0.2019E+02  0.2019E+02
  0.4478E+00  0.1976E+02  0.8053E-01  0.1987E+02  0.1987E+02
  0.4556E+00  0.1937E+02  0.8024E-01  0.1954E+02  0.1954E+02
  0.4633E+00  0.1913E+02  0.7988E-01  0.1922E+02  0.1922E+02
  0.4711E+00  0.1891E+02  0.7838E-01  0.1890E+02  0.1890E+02
  0.4789E+00  0.1851E+02  0.7846E-01  0.1858E+02  0.1858E+02
  0.4866E+00  0.1840E+02  0.7792E-01  0.1827E+02  0.1827E+02
  0.4944E+00  0.1790E+02  0.7710E-01  0.1795E+02  0.1795E+02
  0.5021E+00  0.1771E+02  0.7649E-01  0.1764E+02  0.1764E+02
  0.5099E+00  0.1727E+02  0.7582E-01  0.1734E+02  0.1734E+02
  0.5176E+00  0.1703E+02  0.7565E-01  0.1703E+02  0.1703E+02
  0.5254E+00  0.1662E+02  0.7457E-01  0.1673E+02  0.1673E+02
  0.5331E+00  0.1649E+02  0.7352E-01  0.1644E+02  0.1644E+02
  0.5409E+00  0.1606E+02  0.7425E-01  0.1614E+02  0.1614E+02
  0.5486E+00  0.1580E+02  0.7377E-01  0.1585E+02  0.1585E+02
  0.5564E+00  0.1550E+02  0.7420E-01  0.1557E+02  0.1557E+02
  0.5641E+00  0.1538E+02  0.7378E-01  0.1528E+02  0.1528E+02
  0.5719E+00  0.1484E+02  0.7395E-01  0.1500E+02  0.1500E+02
  0.5797E+00  0.1479E+02  0.7447E-01  0.1473E+02  0.1473E+02
  0.5874E+00  0.1454E+02  0.7488E-01  0.1446E+02  0.1446E+02
  0.5952E+00  0.1430E+02  0.7412E-01  0.1419E+02  0.1419E+02
  0.6029E+00  0.1397E+02  0.7404E-01  0.1393E+02  0.1393E+02
  0.6107E+00  0.1374E+02  0.7415E-01  0.1367E+02  0.1367E+02
  0.6184E+00  0.1337E+02  0.7443E-01  0.1341E+02  0.1341E+02
  0.6262E+00  0.1330E+02  0.7410E-01  0.1316E+02  0.1316E+02
  0.6339E+00  0.1292E+02  0.7405E-01  0.1292E+02  0.1292E+02
  0.6417E+00  0.1263E+02  0.7396E-01  0.1267E+02  0.1267E+02
  0.6494E+00  0.1243E+02  0.7407E-01  0.1244E+02  0.1244E+02
  0.6572E+00  0.1231E+02  0.7375E-01  0.1220E+02  0.1220E+02
  0.6649E+00  0.1202E+02  0.7363E-01  0.1197E+02  0.1197E+02
  0.6727E+00  0.1198E+02  0.7406E-01  0.1175E+02  0.1175E+02
  0.6805E+00  0.1158E+02  0.7353E-01  0.1153E+02  0.1153E+02
  0.6882E+00  0.1140E+02  0.7325E-01  0.1131E+02  0.1131E+02
  0.6960E+00  0.1115E+02  0.7337E-01  0.1110E+02  0.1110E+02
  0.7037E+00  0.1089E+02  0.7334E-01  0.1089E+02  0.1089E+02
  0.7115E+00  0.1077E+02  0.7315E-01  0.1069E+02  0.1069E+02
  0.7192E+00  0.1071E+02  0.7334E-01  0.1049E+02  0.1049E+02
  0.7270E+00  0.1034E+02  0.7266E-01  0.1029E+02  0.1029E+02
  0.7347E+00  0.1017E+02  0.7292E-01  0.1010E+02  0.1010E+02
  0.7425E+00  0.1000E+02  0.7257E-01  0.9911E+01  0.9911E+01
  0.7502E+00  0.9838E+01  0.7267E-01  0.9727E+01  0.9727E+01
  0.7580E+00  0.9592E+01  0.7233E-01  0.9547E+01  0.9547E+01
  0.7658E+00  0.9348E+01  0.7235E-01  0.9370E+01  0.9370E+01
  0.7735E+00  0.9254E+01  0.7206E-01  0.9198E+01  0.9198E+01
  0.7813E+00  0.9100E+01  0.7237E-01  0.9029E+01  0.9029E+01
  0.7890E+00  0.8897E+01  0.7161E-01  0.8863E+01  0.8863E+01
  0.7968E+00  0.8722E+01  0.7216E-01  0.8701E+01  0.8701E+01
  0.8045E+00  0.8616E+01  0.7151E-01  0.8543E+01  0.8543E+01
  0.8123E+00  0.8417E+01  0.7194E-01  0.8388E+01  0.8388E+01
  0.8200E+00  0.8131E+01  0.7103E-01  0.8236E+01  0.8236E+01
  0.8278E+00  0.8144E+01  0.7122E-01  0.8087E+01  0.8087E+01
  0.8355E+00  0.7988E+01  0.7136E-01  0.7942E+01  0.7942E+01
  0.8433E+00  0.7797E+01  0.7121E-01  0.7800E+01  0.7800E+01
  0.8510E+00  0.7625E+01  0.7099E-01  0.7660E+01  0.7660E+01
  0.8588E+00  0.7468E+01  0.7078E-01  0.7524E+01  0.7524E+01
  0.8666E+00  0.7352E+01  0.7078E-01  0.7391E+01  0.7391E+01
  0.8743E+00  0.7335E+01  0.7083E-01  0.7260E+01  0.7260E+01
  0.8821E+00  0.7075E+01  0.7048E-01  0.7132E+01  0.7132E+01
  0.8898E+00  0.7122E+01  0.7075E-01  0.7006E+01  0.7006E+01
  0.8976E+00  0.6753E+01  0.7024E-01  0.6883E+01  0.6883E+01
  0.9053E+00  0.6913E+01  0.7046E-01  0.6763E+01  0.6763E+01
  0.9131E+00  0.6635E+01  0.7030E-01  0.6645E+01  0.6645E+01
  0.9208E+00  0.6439E+01  0.7008E-01  0.6529E+01  0.6529E+01
  0.9286E+00  0.6200E+01  0.6991E-01  0.6416E+01  0.6416E+01
  0.9363E+00  0.6255E+01  0.6989E-01  0.6305E+01  0.6305E+01
  0.9441E+00  0.6128E+01  0.7010E-01  0.6196E+01  0.6196E+01
  0.9518E+00  0.6062E+01  0.6972E-01  0.6089E+01  0.6089E+01
  0.9596E+00  0.6062E+01  0.6964E-01  0.5984E+01  0.5984E+01
  0.9674E+00  0.5856E+01  0.6998E-01  0.5881E+01  0.5881E+01
  0.9751E+00  0.5664E+01  0.6932E-01  0.5779E+01  0.5779E+01
  0.9829E+00  0.5685E+01  0.6937E-01  0.5680E+01  0.5680E+01
  0.9906E+00  0.5522E+01  0.6949E-01  0.5582E+01  0.5582E+01
  0.9984E+00  0.5473E+01  0.6937E-01  0.5486E+01  0.5486E+01
  0.1006E+01  0.5381E+01  0.7062E-01  0.5392E+01  0.5392E+01
  0.1014E+01  0.5291E+01  0.7694E-01  0.5300E+01  0.5300E+01
  0.1022E+01  0.5194E+01  0.8362E-01  0.5208E+01  0.5208E+01
  0.1029E+01  0.5106E+01  0.8767E-01  0.5119E+01  0.5119E+01
  0.1037E+01  0.4881E+01  0.9037E-01  0.5031E+01  0.5031E+01
  0.1045E+01  0.4923E+01  0.8315E-01  0.4944E+01  0.4944E+01
  0.1053E+01  0.4853E+01  0.8087E-01  0.4859E+01  0.4859E+01
  0.1060E+01  0.4864E+01  0.7887E-01  0.4775E+01  0.4775E+01
  0.1068E+01  0.4776E+01  0.7785E-01  0.4692E+01  0.4692E+01
  0.1076E+01  0.4662E+01  0.7693E-01  0.4610E+01  0.4610E+01
  0.1084E+01  0.4597E+01  0.7661E-01  0.4530E+01  0.4530E+01
  0.1091E+01  0.4419E+01  0.7590E-01  0.4451E+01  0.4451E+01
  0.1099E+01  0.4291E+01  0.7580E-01  0.4373E+01  0.4373E+01
  0.1107E+01  0.4198E+01  0.7437E-01  0.4297E+01  0.4297E+01
  0.1115E+01  0.4244E+01  0.7326E-01  0.4221E+01  0.4221E+01
  0.1122E+01  0.4118E+01  0.7178E-01  0.4146E+01  0.4146E+01
  0.1130E+01  0.4099E+01  0.7178E-01  0.4073E+01  0.4073E+01
  0.1138E+01  0.3953E+01  0.7093E-01  0.4001E+01  0.4001E+01
  0.1146E+01  0.3972E+01  0.7121E-01  0.3929E+01  0.3929E+01
  0.1153E+01  0.3761E+01  0.7080E-01  0.3859E+01  0.3859E+01
  0.1161E+01  0.3742E+01  0.7031E-01  0.3789E+01  0.3789E+01
  0.1169E+01  0.3755E+01  0.6924E-01  0.3721E+01  0.3721E+01
  0.1177E+01  0.3665E+01  0.6867E-01  0.3653E+01  0.3653E+01
  0.1184E+01  0.3737E+01  0.6838E-01  0.3587E+01  0.3587E+01
  0.1192E+01  0.3650E+01  0.6840E-01  0.3521E+01  0.3521E+01
  0.1200E+01  0.3434E+01  0.6790E-01  0.3456E+01  0.3456E+01
  0.1208E+01  0.3399E+01  0.6853E-01  0.3392E+01  0.3392E+01
  0.1215E+01  0.3401E+01  0.6831E-01  0.3329E+01  0.3329E+01
  0.1223E+01  0.3301E+01  0.6779E-01  0.3267E+01  0.3267E+01
  0.1231E+01  0.3273E+01  0.6803E-01  0.3206E+01  0.3206E+01
  0.1239E+01  0.3208E+01  0.6818E-01  0.3145E+01  0.3145E+01
  0.1247E+01  0.3124E+01  0.6753E-01  0.3086E+01  0.3086E+01
  0.1254E+01  0.3039E+01  0.6799E-01  0.3027E+01  0.3027E+01
  0.1262E+01  0.2935E+01  0.6752E-01  0.2969E+01  0.2969E+01
  0.1270E+01  0.2965E+01  0.6789E-01  0.2912E+01  0.2912E+01
  0.1278E+01  0.2967E+01  0.6778E-01  0.2855E+01  0.2855E+01
  0.1285E+01  0.2890E+01  0.6770E-01  0.2800E+01  0.2800E+01
  0.1293E+01  0.2723E+01  0.6750E-01  0.2745E+01  0.2745E+01
  0.1301E+01  0.2676E+01  0.6760E-01  0.2691E+01  0.2691E+01
  0.1309E+01  0.2728E+01  0.6723E-01  0.2638E+01  0.2638E+01
  0.1316E+01  0.2598E+01  0.6735E-01  0.2586E+01  0.2586E+01
  0.1324E+01  0.2592E+01  0.6723E-01  0.2534E+01  0.2534E+01
  0.1332E+01  0.2557E+01  0.6734E-01  0.2483E+01  0.2483E+01
  0.1340E+01  0.2546E+01  0.6726E-01  0.2433E+01  0.2433E+01
  0.1347E+01  0.2485E+01  0.6707E-01  0.2384E+01  0.2384E+01
  0.1355E+01  0.2363E+01  0.6706E-01  0.2336E+01  0.2336E+01
  0.1363E+01  0.2256E+01  0.6710E-01  0.2288E+01  0.2288E+01
  0.1371E+01  0.2205E+01  0.6695E-01  0.2241E+01  0.2241E+01
  0.1378E+01  0.2291E+01  0.6687E-01  0.2195E+01  0.2195E+01
  0.1386E+01  0.2214E+01  0.6710E-01  0.2149E+01  0.2149E+01
  0.1394E+01  0.2269E+01  0.6676E-01  0.2105E+01  0.2105E+01
  0.1402E+01  0.2270E+01  0.6699E-01  0.2061E+01  0.2061E+01
  0.1409E+01  0.2069E+01  0.6658E-01  0.2017E+01  0.2017E+01
  0.1417E+01  0.1949E+01  0.6691E-01  0.1975E+01  0.1975E+01
  0.1425E+01  0.1952E+01  0.6672E-01  0.1933E+01  0.1933E+01
  0.1433E+01  0.1921E+01  0.6656E-01  0.1892E+01  0.1892E+01
  0.1440E+01  0.1803E+01  0.6636E-01  0.1852E+01  0.1852E+01
  0.1448E+01  0.1885E+01  0.6667E-01  0.1812E+01  0.1812E+01
  0.1456E+01  0.1739E+01  0.6638E-01  0.1773E+01  0.1773E+01
  0.1464E+01  0.1768E+01  0.6652E-01  0.1735E+01  0.1735E+01
  0.1471E+01  0.1627E+01  0.6626E-01  0.1698E+01  0.1698E+01
  0.1479E+01  0.1557E+01  0.6638E-01  0.1661E+01  0.1661E+01
  0.1487E+01  0.1681E+01  0.6616E-01  0.1625E+01  0.1625E+01
  0.1495E+01  0.1572E+01  0.6610E-01  0.1589E+01  0.1589E+01
  0.1502E+01  0.1572E+01  0.6627E-01  0.1555E+01  0.1555E+01
  0.1510E+01  0.1356E+01  0.6610E-01  0.1521E+01  0.1521E+01
  0.1518E+01  0.1473E+01  0.6597E-01  0.1487E+01  0.1487E+01
  0.1526E+01  0.1400E+01  0.6608E-01  0.1455E+01  0.1455E+01
  0.1533E+01  0.1442E+01  0.6575E-01  0.1423E+01  0.1423E+01
  0.1541E+01  0.1304E+01  0.6588E-01  0.1391E+01  0.1391E+01
  0.1549E+01  0.1311E+01  0.6568E-01  0.1360E+01  0.1360E+01
  0.1557E+01  0.1289E+01  0.6550E-01  0.1330E+01  0.1330E+01
  0.1564E+01  0.1335E+01  0.6562E-01  0.1301E+01  0.1301E+01
  0.1572E+01  0.1109E+01  0.6565E-01  0.1272E+01  0.1272E+01
  0.1580E+01  0.1210E+01  0.6536E-01  0.1244E+01  0.1244E+01
  0.1588E+01  0.1176E+01  0.6554E-01  0.1216E+01  0.1216E+01
  0.1595E+01  0.1021E+01  0.6549E-01  0.1189E+01  0.1189E+01
  0.1603E+01  0.1130E+01  0.6536E-01  0.1163E+01  0.1163E+01
  0.1611E+01  0.1084E+01  0.6543E-01  0.1137E+01  0.1137E+01
  0.1619E+01  0.1120E+01  0.6518E-01  0.1112E+01  0.1112E+01
  0.1626E+01  0.1030E+01  0.6542E-01  0.1087E+01  0.1087E+01
  0.1634E+01  0.9862E+00  0.6545E-01  0.1063E+01  0.1063E+01
  0.1642E+01  0.9678E+00  0.6520E-01  0.1040E+01  0.1040E+01
  0.1650E+01  0.9827E+00  0.6523E-01  0.1017E+01  0.1017E+01
  0.1657E+01  0.8390E+00  0.6546E-01  0.9945E+00  0.9945E+00
  0.1665E+01  0.8629E+00  0.6499E-01  0.9727E+00  0.9727E+00
  0.1673E+01  0.9630E+00  0.6548E-01  0.9515E+00  0.9515E+00
  0.1681E+01  0.9499E+00  0.6538E-01  0.9308E+00  0.9308E+00
  0.1688E+01  0.9103E+00  0.6514E-01  0.9106E+00  0.9106E+00
  0.1696E+01  0.8235E+00  0.6539E-01  0.8910E+00  0.8910E+00
  0.1704E+01  0.8660E+00  0.6537E-01  0.8719E+00  0.8719E+00
  0.1712E+01  0.9737E+00  0.6514E-01  0.8532E+00  0.8532E+00
  0.1719E+01  0.8039E+00  0.6515E-01  0.8352E+00  0.8352E+00
  0.1727E+01  0.7183E+00  0.6502E-01  0.8176E+00  0.8176E+00
  0.1735E+01  0.6225E+00  0.6529E-01  0.8004E+00  0.8004E+00
  0.1743E+01  0.9004E+00  0.6512E-01  0.7838E+00  0.7838E+00
  0.1751E+01  0.6645E+00  0.6502E-01  0.7676E+00  0.7676E+00
  0.1758E+01  0.7234E+00  0.6506E-01  0.7520E+00  0.7520E+00
  0.1766E+01  0.7800E+00  0.6511E-01  0.7367E+00  0.7367E+00
  0.1774E+01  0.6612E+00  0.6506E-01  0.7219E+00  0.7219E+00
  0.1782E+01  0.5920E+00  0.6506E-01  0.7076E+00  0.7076E+00
  0.1789E+01  0.6150E+00  0.6496E-01  0.6937E+00  0.6937E+00
  0.1797E+01  0.7092E+00  0.6513E-01  0.6802E+00  0.6802E+00
  0.1805E+01  0.6890E+00  0.6520E-01  0.6672E+00  0.6672E+00
  0.1813E+01  0.6355E+00  0.6492E-01  0.6545E+00  0.6545E+00
  0.1820E+01  0.6803E+00  0.6505E-01  0.6423E+00  0.6423E+00
  0.1828E+01  0.5939E+00  0.6497E-01  0.6305E+00  0.6305E+00
  0.1836E+01  0.6004E+00  0.6507E-01  0.6190E+00  0.6190E+00
  0.1844E+01  0.6835E+00  0.6519E-01  0.6080E+00  0.6080E+00
  0.1851E+01  0.5605E+00  0.6497E-01  0.5973E+00  0.5973E+00
  0.1859E+01  0.5903E+00  0.6492E-01  0.5869E+00  0.5869E+00
  0.1867E+01  0.5022E+00  0.6517E-01  0.5769E+00  0.5769E+00
  0.1875E+01  0.5195E+00  0.6459E-01  0.5673E+00  0.5673E+00
  0.1882E+01  0.5226E+00  0.6513E-01  0.5580E+00  0.5580E+00
  0.1890E+01  0.5606E+00  0.6511E-01  0.5490E+00  0.5490E+00
  0.1898E+01  0.4315E+00  0.6481E-01  0.5403E+00  0.5403E+00
  0.1906E+01  0.5015E+00  0.6471E-01  0.5319E+00  0.5319E+00
  0.1913E+01  0.4552E+00  0.6497E-01  0.5239E+00  0.5239E+00
  0.1921E+01  0.4809E+00  0.6505E-01  0.5161E+00  0.5161E+00
  0.1929E+01  0.3498E+00  0.6481E-01  0.5086E+00  0.5086E+00
  0.1937E+01  0.5051E+00  0.6484E-01  0.5014E+00  0.5014E+00
  0.1944E+01  0.4410E+00  0.6483E-01  0.4944E+00  0.4944E+00
  0.1952E+01  0.4347E+00  0.6482E-01  0.4877E+00  0.4877E+00
  0.1960E+01  0.5988E+00  0.6492E-01  0.4812E+00  0.4812E+00
  0.1968E+01  0.4216E+00  0.6480E-01  0.4750E+00  0.4750E+00
  0.1975E+01  0.5177E+00  0.6474E-01  0.4690E+00  0.4690E+00
  0.1983E+01  0.4076E+00  0.6482E-01  0.4631E+00  0.4631E+00
  0.1991E+01  0.5809E+00  0.6483E-01  0.4575E+00  0.4575E+00
  0.1999E+01  0.4371E+00  0.6488E-01  0.4521E+00  0.4521E+00
  0.2006E+01  0.4320E+00  0.6468E-01  0.4469E+00  0.4469E+00
  0.2014E+01  0.4117E+00  0.6486E-01  0.4419E+00  0.4419E+00
  0.2022E+01  0.3511E+00  0.6457E-01  0.4370E+00  0.4370E+00
  0.2030E+01  0.4649E+00  0.6463E-01  0.4323E+00  0.4323E+00
  0.2037E+01  0.3925E+00  0.6451E-01  0.4277E+00  0.4277E+00
  0.2045E+01  0.4918E+00  0.6478E-01  0.4233E+00  0.4233E+00
  0.2053E+01  0.5146E+00  0.6457E-01  0.4190E+00  0.4190E+00
  0.2061E+01  0.3377E+00  0.6446E-01  0.4149E+00  0.4149E+00
  0.2068E+01  0.4616E+00  0.6468E-01  0.4108E+00  0.4108E+00
  0.2076E+01  0.4555E+00  0.6494E-01  0.4069E+00  0.4069E+00
  0.2084E+01  0.3185E+00  0.6448E-01  0.4031E+00  0.4031E+00
  0.2092E+01  0.4346E+00  0.6470E-01  0.3993E+00  0.3993E+00
  0.2099E+01  0.3461E+00  0.6468E-01  0.3957E+00  0.3957E+00
  0.2107E+01  0.3932E+00  0.6452E-01  0.3921E+00  0.3921E+00
  0.2115E+01  0.3312E+00  0.6467E-01  0.3886E+00  0.3886E+00
  0.2123E+01  0.3959E+00  0.6457E-01  0.3852E+00  0.3852E+00
  0.2130E+01  0.2980E+00  0.6465E-01  0.3818E+00  0.3818E+00
  0.2138E+01  0.4126E+00  0.6502E-01  0.3785E+00  0.3785E+00
  0.2146E+01  0.3970E+00  0.6465E-01  0.3752E+00  0.3752E+00
  0.2154E+01  0.3913E+00  0.6487E-01  0.3720E+00  0.3720E+00
  0.2161E+01  0.2747E+00  0.6439E-01  0.3688E+00  0.3688E+00
  0.2169E+01  0.3189E+00  0.6452E-01  0.3656E+00  0.3656E+00
  0.2177E+01  0.4174E+00  0.6478E-01  0.3625E+00  0.3625E+00
  0.2185E+01  0.2978E+00  0.6444E-01  0.3594E+00  0.3594E+00
  0.2192E+01  0.3198E+00  0.6443E-01  0.3563E+00  0.3563E+00
  0.2200E+01  0.4506E+00  0.6491E-01  0.3532E+00  0.3532E+00
  0.2208E+01  0.2126E+00  0.6450E-01  0.3502E+00  0.3502E+00
  0.2216E+01  0.3817E+00  0.6468E-01  0.3471E+00  0.3471E+00
  0.2224E+01  0.3060E+00  0.6443E-01  0.3441E+00  0.3441E+00
  0.2231E+01  0.3359E+00  0.6441E-01  0.3411E+00  0.3411E+00
  0.2239E+01  0.3118E+00  0.6438E-01  0.3380E+00  0.3380E+00
  0.2247E+01  0.3109E+00  0.6458E-01  0.3350E+00  0.3350E+00
  0.2255E+01  0.3094E+00  0.6456E-01  0.3320E+00  0.3320E+00
  0.2262E+01  0.3218E+00  0.6446E-01  0.3289E+00  0.3289E+00
  0.2270E+01  0.2436E+00  0.6432E-01  0.3259E+00  0.3259E+00
  0.2278E+01  0.3041E+00  0.6446E-01  0.3229E+00  0.3229E+00
  0.2286E+01  0.2363E+00  0.7525E-01  0.3198E+00  0.3198E+00
  0.2293E+01  0.3191E+00  0.8661E-01  0.3168E+00  0.3168E+00
  0.2301E+01  0.4933E+00  0.9929E-01  0.3137E+00  0.3137E+00
  0.2309E+01  0.4781E+00  0.1148E+00  0.3107E+00  0.3107E+00
  0.2317E+01  0.4750E+00  0.9290E-01  0.3076E+00  0.3076E+00
  0.2324E+01  0.4150E+00  0.8453E-01  0.3045E+00  0.3045E+00
  0.2332E+01  0.3576E+00  0.7861E-01  0.3015E+00  0.3015E+00
  0.2340E+01  0.3888E+00  0.7508E-01  0.2984E+00  0.2984E+00
  0.2348E+01  0.3888E+00  0.7190E-01  0.2954E+00  0.2954E+00
  0.2355E+01  0.2362E+00  0.6921E-01  0.2923E+00  0.2923E+00
  0.2363E+01  0.2278E+00  0.6738E-01  0.2893E+00  0.2893E+00
  0.2371E+01  0.2500E+00  0.6587E-01  0.2862E+00  0.2862E+00
  0.2379E+01  0.2399E+00  0.6458E-01  0.2832E+00  0.2832E+00
  0.2386E+01  0.3251E+00  0.6459E-01  0.2802E+00  0.2802E+00
  0.2394E+01  0.2543E+00  0.6413E-01  0.2772E+00  0.2772E+00
  0.2402E+01  0.3353E+00  0.6465E-01  0.2742E+00  0.2742E+00
  0.2410E+01  0.2225E+00  0.6429E-01  0.2712E+00  0.2712E+00
  0.2417E+01  0.2806E+00  0.6432E-01  0.2683E+00  0.2683E+00
  0.2425E+01  0.2922E+00  0.6431E-01  0.2654E+00  0.2654E+00
  0.2433E+01  0.2336E+00  0.6439E-01  0.2625E+00  0.2625E+00
  0.2441E+01  0.2458E+00  0.6436E-01  0.2596E+00  0.2596E+00
  0.2448E+01  0.1856E+00  0.6420E-01  0.2568E+00  0.2568E+00
  0.2456E+01  0.3091E+00  0.6438E-01  0.2539E+00  0.2539E+00
  0.2464E+01  0.3103E+00  0.6453E-01  0.2512E+00  0.2512E+00
  0.2472E+01  0.1867E+00  0.6432E-01  0.2484E+00  0.2484E+00
  0.2479E+01  0.1647E+00  0.6407E-01  0.2457E+00  0.2457E+00
  0.2487E+01  0.2431E+00  0.6432E-01  0.2431E+00  0.2431E+00
  0.2495E+01  0.1830E+00  0.6416E-01  0.2405E+00  0.2405E+00
  0.2503E+01  0.2930E+00  0.6436E-01  0.2379E+00  0.2379E+00
  0.2510E+01  0.2023E+00  0.6405E-01  0.2354E+00  0.2354E+00
  0.2518E+01  0.2326E+00  0.6432E-01  0.2329E+00  0.2329E+00
  0.2526E+01  0.3105E+00  0.6438E-01  0.2305E+00  0.2305E+00
  0.2534E+01  0.1952E+00  0.6427E-01  0.2281E+00  0.2281E+00
  0.2541E+01  0.1603E+00  0.6419E-01  0.2258E+00  0.2258E+00
  0.2549E+01  0.2431E+00  0.6436E-01  0.2236E+00  0.2236E+00
  0.2557E+01  0.2056E+00  0.6428E-01  0.2214E+00  0.2214E+00
  0.2565E+01  0.1942E+00  0.6386E-01  0.2192E+00  0.2192E+00
  0.2572E+01  0.2231E+00  0.6448E-01  0.2171E+00  0.2171E+00
  0.2580E+01  0.2024E+00  0.6423E-01  0.2151E+00  0.2151E+00
  0.2588E+01  0.2022E+00  0.6426E-01  0.2131E+00  0.2131E+00
  0.2596E+01  0.7972E-01  0.6394E-01  0.2112E+00  0.2112E+00
  0.2603E+01  0.2914E+00  0.6411E-01  0.2094E+00  0.2094E+00
  0.2611E+01  0.1258E+00  0.6398E-01  0.2076E+00  0.2076E+00
  0.2619E+01  0.1900E+00  0.6430E-01  0.2058E+00  0.2058E+00
  0.2627E+01  0.2796E+00  0.6417E-01  0.2041E+00  0.2041E+00
  0.2634E+01  0.2727E+00  0.6414E-01  0.2025E+00  0.2025E+00
  0.2642E+01  0.2407E+00  0.6423E-01  0.2010E+00  0.2010E+00
  0.2650E+01  0.1769E+00  0.6411E-01  0.1994E+00  0.1994E+00
  0.2658E+01  0.1778E+00  0.6416E-01  0.1980E+00  0.1980E+00
  0.2665E+01  0.2370E+00  0.6416E-01  0.1966E+00  0.1966E+00
  0.2673E+01  0.1799E+00  0.6414E-01  0.1952E+00  0.1952E+00
  0.2681E+01  0.1118E+00  0.6401E-01  0.1939E+00  0.1939E+00
  0.2689E+01  0.2114E+00  0.6403E-01  0.1927E+00  0.1927E+00
  0.2696E+01  0.1361E+00  0.6397E-01  0.1915E+00  0.1915E+00
  0.2704E+01  0.1973E+00  0.6389E-01  0.1903E+00  0.1903E+00
  0.2712E+01  0.1473E+00  0.6412E-01  0.1892E+00  0.1892E+00
  0.2720E+01  0.8208E-01  0.6408E-01  0.1881E+00  0.1881E+00
  0.2728E+01  0.1323E+00  0.6402E-01  0.1871E+00  0.1871E+00
  0.2735E+01  0.9291E-01  0.6402E-01  0.1861E+00  0.1861E+00
  0.2743E+01  0.1684E+00  0.6380E-01  0.1852E+00  0.1852E+00
  0.2751E+01  0.2018E+00  0.6401E-01  0.1842E+00  0.1842E+00
  0.2759E+01  0.1703E+00  0.6408E-01  0.1833E+00  0.1833E+00
  0.2766E+01  0.1251E+00  0.6379E-01  0.1825E+00  0.1825E+00
  0.2774E+01  0.2349E+00  0.6417E-01  0.1816E+00  0.1816E+00
  0.2782E+01  0.2192E+00  0.6410E-01  0.1808E+00  0.1808E+00
  0.2790E+01  0.2122E+00  0.6414E-01  0.1800E+00  0.1800E+00
  0.2797E+01  0.1458E+00  0.6385E-01  0.1792E+00  0.1792E+00
  0.2805E+01  0.1581E+00  0.6408E-01  0.1785E+00  0.1785E+00
  0.2813E+01  0.1755E+00  0.6400E-01  0.1778E+00  0.1778E+00
  0.2821E+01  0.2143E+00  0.6412E-01  0.1770E+00  0.1770E+00
  0.2828E+01  0.2228E+00  0.6420E-01  0.1763E+00  0.1763E+00
  0.2836E+01  0.9628E-01  0.6400E-01  0.1756E+00  0.1756E+00
  0.2844E+01  0.2563E+00  0.6397E-01  0.1749E+00  0.1749E+00
  0.2852E+01  0.4595E-01  0.6381E-01  0.1742E+00  0.1742E+00
  0.2859E+01  0.1532E+00  0.6398E-01  0.1735E+00  0.1735E+00
  0.2867E+01  0.1048E+00  0.6399E-01  0.1728E+00  0.1728E+00
  0.2875E+01  0.1627E+00  0.6401E-01  0.1722E+00  0.1722E+00
  0.2883E+01  0.1628E+00  0.6387E-01  0.1715E+00  0.1715E+00
  0.2890E+01  0.1379E+00  0.6386E-01  0.1708E+00  0.1708E+00
  0.2898E+01  0.1204E+00  0.6388E-01  0.1701E+00  0.1701E+00
  0.2906E+01  0.3650E+00  0.6407E-01  0.1694E+00  0.1694E+00
  0.2914E+01  0.2064E+00  0.6393E-01  0.1687E+00  0.1687E+00
  0.2921E+01  0.1521E+00  0.6378E-01  0.1680E+00  0.1680E+00
  0.2929E+01  0.2008E+00  0.6390E-01  0.1672E+00  0.1672E+00
  0.2937E+01  0.1273E+00  0.6401E-01  0.1665E+00  0.1665E+00
  0.2945E+01  0.2011E+00  0.6396E-01  0.1658E+00  0.1658E+00
  0.2952E+01  0.1535E+00  0.6406E-01  0.1650E+00  0.1650E+00
  0.2960E+01  0.2346E+00  0.6398E-01  0.1643E+00  0.1643E+00
  0.2968E+01  0.1120E+00  0.6384E-01  0.1635E+00  0.1635E+00
  0.2976E+01  0.1071E+00  0.6382E-01  0.1627E+00  0.1627E+00
  0.2983E+01  0.1659E+00  0.6377E-01  0.1619E+00  0.1619E+00
  0.2991E+01  0.1222E+00  0.6377E-01  0.1611E+00  0.1611E+00
  0.2999E+01  0.1139E+00  0.6368E-01  0.1603E+00  0.1603E+00
  0.3007E+01  0.2235E+00  0.6401E-01  0.1595E+00  0.1595E+00
  0.3014E+01  0.2363E+00  0.6385E-01  0.1587E+00  0.1587E+00
  0.3022E+01  0.1950E+00  0.6386E-01  0.1578E+00  0.1578E+00
  0.3030E+01  0.1310E+00  0.6372E-01  0.1570E+00  0.1570E+00
  0.3038E+01  0.2469E+00  0.6375E-01  0.1561E+00  0.1561E+00
  0.3045E+01  0.1390E+00  0.6378E-01  0.1553E+00  0.1553E+00
  0.3053E+01  0.2081E+00  0.6383E-01  0.1544E+00  0.1544E+00
  0.3061E+01  0.1215E+00  0.6390E-01  0.1535E+00  0.1535E+00
  0.3069E+01  0.1316E+00  0.6363E-01  0.1526E+00  0.1526E+00
  0.3076E+01  0.1998E+00  0.6382E-01  0.1518E+00  0.1518E+00
  0.3084E+01  0.1502E+00  0.6385E-01  0.1509E+00  0.1509E+00
  0.3092E+01  0.1140E+00  0.6384E-01  0.1500E+00  0.1500E+00
  0.3100E+01  0.5975E-01  0.6369E-01  0.1491E+00  0.1491E+00
  0.3107E+01  0.1648E+00  0.6366E-01  0.1482E+00  0.1482E+00
  0.3115E+01  0.1088E+00  0.6364E-01  0.1473E+00  0.1473E+00
  0.3123E+01  0.7747E-01  0.6375E-01  0.1465E+00  0.1465E+00
  0.3131E+01  0.7545E-01  0.6367E-01  0.1456E+00  0.1456E+00
  0.3138E+01  0.1399E+00  0.6369E-01  0.1447E+00  0.1447E+00
  0.3146E+01  0.1676E+00  0.6386E-01  0.1438E+00  0.1438E+00
  0.3154E+01  0.1091E+00  0.6371E-01  0.1430E+00  0.1430E+00
  0.3162E+01  0.2420E+00  0.6386E-01  0.1421E+00  0.1421E+00
  0.3169E+01  0.1910E+00  0.6373E-01  0.1413E+00  0.1413E+00
  0.3177E+01  0.1269E+00  0.6361E-01  0.1405E+00  0.1405E+00
  0.3185E+01  0.8071E-01  0.6359E-01  0.1397E+00  0.1397E+00
  0.3193E+01  0.4455E-01  0.6363E-01  0.1389E+00  0.1389E+00
  0.3201E+01  0.1061E+00  0.6355E-01  0.1381E+00  0.1381E+00
  0.3208E+01  0.1269E+00  0.6363E-01  0.1373E+00  0.1373E+00
  0.3216E+01  0.1118E+00  0.6351E-01  0.1365E+00  0.1365E+00
  0.3224E+01  0.8149E-01  0.6347E-01  0.1358E+00  0.1358E+00
  0.3232E+01  0.1579E+00  0.6351E-01  0.1350E+00  0.1350E+00
  0.3239E+01  0.1435E+00  0.6361E-01  0.1343E+00  0.1343E+00
  0.3247E+01  0.1405E+00  0.6370E-01  0.1336E+00  0.1336E+00
  0.3255E+01  0.7327E-01  0.6359E-01  0.1329E+00  0.1329E+00
  0.3263E+01  0.1710E+00  0.6364E-01  0.1323E+00  0.1323E+00
  0.3270E+01  0.1872E+00  0.6356E-01  0.1316E+00  0.1316E+00
  0.3278E+01  0.1497E+00  0.6366E-01  0.1310E+00  0.1310E+00
  0.3286E+01  0.1672E+00  0.6355E-01  0.1304E+00  0.1304E+00
  0.3294E+01  0.1929E+00  0.6352E-01  0.1298E+00  0.1298E+00
  0.3301E+01  0.1368E+00  0.6342E-01  0.1292E+00  0.1292E+00
  0.3309E+01  0.1191E+00  0.6338E-01  0.1286E+00  0.1286E+00
  0.3317E+01  0.4089E-01  0.6333E-01  0.1281E+00  0.1281E+00
  0.3325E+01  0.1804E+00  0.6358E-01  0.1275E+00  0.1275E+00
  0.3332E+01  0.1414E+00  0.6351E-01  0.1270E+00  0.1270E+00
  0.3340E+01  0.1762E+00  0.6353E-01  0.1265E+00  0.1265E+00
  0.3348E+01  0.1265E+00  0.6340E-01  0.1260E+00  0.1260E+00
  0.3356E+01  0.1507E+00  0.6336E-01  0.1256E+00  0.1256E+00
  0.3363E+01  0.1829E+00  0.6339E-01  0.1251E+00  0.1251E+00
  0.3371E+01  0.1628E+00  0.6340E-01  0.1247E+00  0.1247E+00
  0.3379E+01  0.5541E-01  0.6339E-01  0.1242E+00  0.1242E+00
  0.3387E+01  0.1189E+00  0.6331E-01  0.1238E+00  0.1238E+00
  0.3394E+01  0.1499E+00  0.6341E-01  0.1234E+00  0.1234E+00
  0.3402E+01  0.1605E+00  0.6338E-01  0.1230E+00  0.1230E+00
  0.3410E+01  0.1395E+00  0.6357E-01  0.1226E+00  0.1226E+00
  0.3418E+01  0.9779E-01  0.6358E-01  0.1222E+00  0.1222E+00
  0.3425E+01  0.1145E+00  0.6337E-01  0.1218E+00  0.1218E+00
  0.3433E+01  0.7581E-01  0.6326E-01  0.1215E+00  0.1215E+00
  0.3441E+01  0.1161E+00  0.6329E-01  0.1211E+00  0.1211E+00
  0.3449E+01  0.8693E-01  0.6353E-01  0.1207E+00  0.1207E+00
  0.3456E+01  0.9438E-01  0.6354E-01  0.1204E+00  0.1204E+00
  0.3464E+01  0.1908E+00  0.6341E-01  0.1200E+00  0.1200E+00
  0.3472E+01  0.1467E+00  0.6329E-01  0.1197E+00  0.1197E+00
  0.3480E+01  0.1783E+00  0.6344E-01  0.1193E+00  0.1193E+00
  0.3487E+01  0.1665E+00  0.6330E-01  0.1190E+00  0.1190E+00
  0.3495E+01  0.6959E-01  0.6347E-01  0.1186E+00  0.1186E+00
  0.3503E+01  0.1712E+00  0.6335E-01  0.1182E+00  0.1182E+00
  0.3511E+01  0.2135E+00  0.6313E-01  0.1179E+00  0.1179E+00
  0.3518E+01  0.1532E+00  0.6342E-01  0.1175E+00  0.1175E+00
  0.3526E+01 -0.5132E-02  0.6316E-01  0.1171E+00  0.1171E+00
  0.3534E+01  0.1028E+00  0.6326E-01  0.1168E+00  0.1168E+00
  0.3542E+01  0.1015E+00  0.6321E-01  0.1164E+00  0.1164E+00
  0.3549E+01  0.8745E-01  0.6329E-01  0.1160E+00  0.1160E+00
  0.3557E+01  0.1028E+00  0.6341E-01  0.1156E+00  0.1156E+00
  0.3565E+01  0.5583E-01  0.7790E-01  0.1152E+00  0.1152E+00

           Distance distribution  function of particle  


       R          P(R)      ERROR

  0.0000E+00  0.0000E+00  0.0000E+00
  0.9806E-01  0.1349E-01  0.4934E-03
  0.1961E+00  0.3115E-01  0.7696E-03
  0.2942E+00  0.5285E-01  0.8516E-03
  0.3922E+00  0.7833E-01  0.7776E-03
  0.4903E+00  0.1073E+00  0.6076E-03
  0.5884E+00  0.1392E+00  0.4573E-03
  0.6864E+00  0.1737E+00  0.5120E-03
  0.7845E+00  0.2102E+00  0.7468E-03
  0.8825E+00  0.2481E+00  0.1008E-02
  0.9806E+00  0.2867E+00  0.1223E-02
  0.1079E+01  0.3256E+00  0.1361E-02
  0.1177E+01  0.3640E+00  0.1414E-02
  0.1275E+01  0.4013E+00  0.1392E-02
  0.1373E+01  0.4370E+00  0.1320E-02
  0.1471E+01  0.4705E+00  0.1239E-02
  0.1569E+01  0.5015E+00  0.1196E-02
  0.1667E+01  0.5294E+00  0.1222E-02
  0.1765E+01  0.5541E+00  0.1313E-02
  0.1863E+01  0.5752E+00  0.1436E-02
  0.1961E+01  0.5926E+00  0.1554E-02
  0.2059E+01  0.6063E+00  0.1641E-02
  0.2157E+01  0.6163E+00  0.1686E-02
  0.2255E+01  0.6226E+00  0.1691E-02
  0.2353E+01  0.6255E+00  0.1670E-02
  0.2451E+01  0.6250E+00  0.1641E-02
  0.2550E+01  0.6216E+00  0.1623E-02
  0.2648E+01  0.6153E+00  0.1629E-02
  0.2746E+01  0.6066E+00  0.1659E-02
  0.2844E+01  0.5958E+00  0.1705E-02
  0.2942E+01  0.5831E+00  0.1753E-02
  0.3040E+01  0.5690E+00  0.1791E-02
  0.3138E+01  0.5536E+00  0.1812E-02
  0.3236E+01  0.5373E+00  0.1811E-02
  0.3334E+01  0.5204E+00  0.1792E-02
  0.3432E+01  0.5031E+00  0.1758E-02
  0.3530E+01  0.4856E+00  0.1718E-02
  0.3628E+01  0.4682E+00  0.1676E-02
  0.3726E+01  0.4509E+00  0.1643E-02
  0.3824E+01  0.4340E+00  0.1625E-02
  0.3922E+01  0.4176E+00  0.1631E-02
  0.4020E+01  0.4018E+00  0.1663E-02
  0.4119E+01  0.3867E+00  0.1721E-02
  0.4217E+01  0.3725E+00  0.1796E-02
  0.4315E+01  0.3590E+00  0.1876E-02
  0.4413E+01  0.3466E+00  0.1946E-02
  0.4511E+01  0.3350E+00  0.1992E-02
  0.4609E+01  0.3244E+00  0.2007E-02
  0.4707E+01  0.3147E+00  0.1988E-02
  0.4805E+01  0.3059E+00  0.1942E-02
  0.4903E+01  0.2980E+00  0.1882E-02
  0.5001E+01  0.2908E+00  0.1830E-02
  0.5099E+01  0.2843E+00  0.1807E-02
  0.5197E+01  0.2783E+00  0.1827E-02
  0.5295E+01  0.2727E+00  0.1892E-02
  0.5393E+01  0.2674E+00  0.1988E-02
  0.5491E+01  0.2623E+00  0.2095E-02
  0.5589E+01  0.2572E+00  0.2192E-02
  0.5687E+01  0.2519E+00  0.2266E-02
  0.5786E+01  0.2463E+00  0.2311E-02
  0.5884E+01  0.2405E+00  0.2329E-02
  0.5982E+01  0.2342E+00  0.2327E-02
  0.6080E+01  0.2273E+00  0.2317E-02
  0.6178E+01  0.2200E+00  0.2310E-02
  0.6276E+01  0.2121E+00  0.2314E-02
  0.6374E+01  0.2037E+00  0.2333E-02
  0.6472E+01  0.1948E+00  0.2364E-02
  0.6570E+01  0.1855E+00  0.2403E-02
  0.6668E+01  0.1758E+00  0.2444E-02
  0.6766E+01  0.1659E+00  0.2481E-02
  0.6864E+01  0.1557E+00  0.2513E-02
  0.6962E+01  0.1456E+00  0.2539E-02
  0.7060E+01  0.1354E+00  0.2559E-02
  0.7158E+01  0.1254E+00  0.2572E-02
  0.7256E+01  0.1157E+00  0.2579E-02
  0.7354E+01  0.1063E+00  0.2579E-02
  0.7453E+01  0.9730E-01  0.2575E-02
  0.7551E+01  0.8881E-01  0.2569E-02
  0.7649E+01  0.8088E-01  0.2567E-02
  0.7747E+01  0.7356E-01  0.2578E-02
  0.7845E+01  0.6687E-01  0.2607E-02
  0.7943E+01  0.6084E-01  0.2659E-02
  0.8041E+01  0.5548E-01  0.2731E-02
  0.8139E+01  0.5077E-01  0.2820E-02
  0.8237E+01  0.4669E-01  0.2915E-02
  0.8335E+01  0.4320E-01  0.3008E-02
  0.8433E+01  0.4025E-01  0.3092E-02
  0.8531E+01  0.3777E-01  0.3162E-02
  0.8629E+01  0.3569E-01  0.3218E-02
  0.8727E+01  0.3390E-01  0.3260E-02
  0.8825E+01  0.3231E-01  0.3289E-02
  0.8923E+01  0.3079E-01  0.3301E-02
  0.9022E+01  0.2924E-01  0.3288E-02
  0.9120E+01  0.2752E-01  0.3237E-02
  0.9218E+01  0.2551E-01  0.3128E-02
  0.9316E+01  0.2307E-01  0.2938E-02
  0.9414E+01  0.2006E-01  0.2645E-02
  0.9512E+01  0.1638E-01  0.2223E-02
  0.9610E+01  0.1188E-01  0.1653E-02
  0.9708E+01  0.6456E-02  0.9166E-03
  0.9806E+01  0.0000E+00  0.0000E+00
          Reciprocal space: Rg =    2.85     , I(0) =   0.3313E+02
     Real space: Rg =    2.86 +- 0.009  I(0) =   0.3313E+02 +-  0.6928E-01
