
           ####    G N O M   ---   Version 4.5a revised 09/02/02     ####

                                                  Fri Dec 18 11:14:54 2009
           ===    Run No   1   ===
 Run title:   05-Oct-2009       (LDLn_001_ave.da - 0.945 *bldlt_004_ave.d) /


  Number of points omitted at the beginning:          30
  Number of points omitted at the end:         150

          To optimize the performance, some input data points 
           have been joined. New number of points equals to 468

   *******    Input file(s) : LDL_N.dat
           Condition P(rmin) = 0 is used. 
           Condition P(rmax) = 0 is used. 

 Warning: Dmax*Smin =  3.973   is greater than Pi !


          Highest ALPHA is found to be   0.2044E+01

  The measure of inconsistency AN1 equals to    0.6073E+00
     Alpha    Discrp  Oscill  Stabil  Sysdev  Positv  Valcen    Total   
  0.2044E+04 17.5779  1.5990  0.3945  0.0514  1.0000  0.7552  0.21449
  0.4088E+03 10.5519  1.9054  0.2184  0.1199  1.0000  0.6899  0.13445
  0.8177E+02  6.4433  2.0857  0.3342  0.2355  1.0000  0.7035  0.10149
  0.1635E+02  3.3483  2.1236  0.1889  0.3726  1.0000  0.7799  0.12910
  0.3271E+01  1.5742  2.4019  0.0909  0.5696  1.0000  0.8046  0.24571
  0.6542E+00  0.8191  2.7117  0.0528  0.6638  0.9999  0.8371  0.39511
  0.1308E+00  0.6225  2.9251  0.0261  0.7794  1.0000  0.8481  0.44881
  0.2617E-01  0.5832  3.1252  0.0207  0.7880  1.0000  0.8500  0.45031
  0.5233E-02  0.5688  3.5062  0.0245  0.7537  0.9999  0.8495  0.43704
  0.1047E-02  0.5604  4.4555  0.0360  0.7623  0.9999  0.8478  0.42426
  0.2093E-03  0.5541  7.0198  0.0849  0.7709  0.9998  0.8423  0.34448
  0.4187E-04  0.5456 15.3520  0.2204  0.8137  0.9942  0.8051  0.00000

          ***  Golden section search to maximize estimate ***
     Alpha    Discrp  Oscill  Stabil  Sysdev  Positv  Valcen    Total   
  0.4839E-01  0.5929  3.0397  0.0214  0.7966  1.0000  0.8498  0.45444
  0.7075E-01  0.6013  2.9940  0.0225  0.7966  1.0000  0.8494  0.45483
  0.8948E-01  0.6080  2.9673  0.0236  0.7880  1.0000  0.8490  0.45180
  0.6119E-01  0.5978  3.0110  0.0220  0.7880  1.0000  0.8496  0.45163
  0.7739E-01  0.6037  2.9837  0.0229  0.7880  1.0000  0.8492  0.45178
  0.6694E-01  0.5999  3.0004  0.0223  0.7966  1.0000  0.8494  0.45479
  0.7322E-01  0.6022  2.9901  0.0227  0.7966  1.0000  0.8493  0.45485
  0.7478E-01  0.6028  2.9876  0.0228  0.7966  1.0000  0.8493  0.45486
  0.7577E-01  0.6031  2.9861  0.0228  0.7966  1.0000  0.8493  0.45487
  0.7638E-01  0.6033  2.9852  0.0228  0.7966  1.0000  0.8493  0.45487
  0.7677E-01  0.6035  2.9846  0.0229  0.7966  1.0000  0.8492  0.45487
  0.7700E-01  0.6036  2.9843  0.0229  0.7880  1.0000  0.8492  0.45178
  0.7662E-01  0.6034  2.9849  0.0229  0.7966  1.0000  0.8493  0.45487
  0.7677E-01  0.6035  2.9846  0.0229  0.7966  1.0000  0.8492  0.45487



             ####            Final results            ####

 Parameter    DISCRP    OSCILL    STABIL    SYSDEV    POSITV    VALCEN
 Weight        1.000     3.000     3.000     3.000     1.000     1.000
 Sigma         0.300     0.600     0.120     0.120     0.120     0.120
 Ideal         0.700     1.100     0.000     1.000     1.000     0.950
 Current       0.603     2.985     0.023     0.797     1.000     0.849
                - - - - - - - - - - - - - - - - - - - - - - - - - 
 Estimate      0.902     0.000     0.964     0.056     1.000     0.494

  Angular   range    :     from    0.1324   to    3.8758
  Real space range   :     from      0.00   to     30.00

  Highest ALPHA (theor) :   0.204E+04                 JOB = 0
  Current ALPHA         :   0.768E-01   Rg :  0.126E+02   I(0) :   0.704E+05

           Total  estimate : 0.455  which is  A SUSPICIOUS  solution

      S          J EXP       ERROR       J REG       I REG

  0.0000E+00                                      0.7036E+05
  0.8277E-02                                      0.7011E+05
  0.1655E-01                                      0.6936E+05
  0.2483E-01                                      0.6812E+05
  0.3311E-01                                      0.6643E+05
  0.4138E-01                                      0.6431E+05
  0.4966E-01                                      0.6180E+05
  0.5794E-01                                      0.5895E+05
  0.6622E-01                                      0.5582E+05
  0.7449E-01                                      0.5246E+05
  0.8277E-01                                      0.4892E+05
  0.9105E-01                                      0.4527E+05
  0.9932E-01                                      0.4158E+05
  0.1076E+00                                      0.3790E+05
  0.1159E+00                                      0.3428E+05
  0.1242E+00                                      0.3079E+05
  0.1324E+00  0.2978E+05  0.1818E+03  0.2746E+05  0.2746E+05
  0.1405E+00  0.2481E+05  0.1698E+03  0.2443E+05  0.2443E+05
  0.1485E+00  0.2178E+05  0.1605E+03  0.2164E+05  0.2164E+05
  0.1565E+00  0.1843E+05  0.1519E+03  0.1909E+05  0.1909E+05
  0.1645E+00  0.1634E+05  0.1453E+03  0.1682E+05  0.1682E+05
  0.1726E+00  0.1421E+05  0.1397E+03  0.1483E+05  0.1483E+05
  0.1806E+00  0.1312E+05  0.1357E+03  0.1314E+05  0.1314E+05
  0.1886E+00  0.1136E+05  0.1312E+03  0.1173E+05  0.1173E+05
  0.1966E+00  0.1033E+05  0.1285E+03  0.1061E+05  0.1061E+05
  0.2047E+00  0.9896E+04  0.1257E+03  0.9754E+04  0.9754E+04
  0.2127E+00  0.9260E+04  0.1236E+03  0.9155E+04  0.9155E+04
  0.2207E+00  0.8850E+04  0.1221E+03  0.8789E+04  0.8789E+04
  0.2287E+00  0.9127E+04  0.1209E+03  0.8633E+04  0.8633E+04
  0.2368E+00  0.9011E+04  0.1201E+03  0.8659E+04  0.8659E+04
  0.2448E+00  0.9122E+04  0.1201E+03  0.8839E+04  0.8839E+04
  0.2528E+00  0.9240E+04  0.1197E+03  0.9145E+04  0.9145E+04
  0.2608E+00  0.9607E+04  0.1198E+03  0.9548E+04  0.9548E+04
  0.2689E+00  0.1011E+05  0.1202E+03  0.1002E+05  0.1002E+05
  0.2769E+00  0.1060E+05  0.1202E+03  0.1053E+05  0.1053E+05
  0.2849E+00  0.1110E+05  0.1211E+03  0.1106E+05  0.1106E+05
  0.2930E+00  0.1146E+05  0.1210E+03  0.1158E+05  0.1158E+05
  0.3010E+00  0.1195E+05  0.1218E+03  0.1207E+05  0.1207E+05
  0.3090E+00  0.1230E+05  0.1223E+03  0.1251E+05  0.1251E+05
  0.3170E+00  0.1256E+05  0.1227E+03  0.1290E+05  0.1290E+05
  0.3251E+00  0.1301E+05  0.1229E+03  0.1321E+05  0.1321E+05
  0.3331E+00  0.1330E+05  0.1230E+03  0.1344E+05  0.1344E+05
  0.3411E+00  0.1338E+05  0.1235E+03  0.1358E+05  0.1358E+05
  0.3491E+00  0.1344E+05  0.1232E+03  0.1364E+05  0.1364E+05
  0.3572E+00  0.1366E+05  0.1234E+03  0.1360E+05  0.1360E+05
  0.3652E+00  0.1360E+05  0.1235E+03  0.1347E+05  0.1347E+05
  0.3732E+00  0.1333E+05  0.1228E+03  0.1327E+05  0.1327E+05
  0.3812E+00  0.1300E+05  0.1223E+03  0.1298E+05  0.1298E+05
  0.3893E+00  0.1264E+05  0.1218E+03  0.1262E+05  0.1262E+05
  0.3973E+00  0.1235E+05  0.1211E+03  0.1219E+05  0.1219E+05
  0.4053E+00  0.1173E+05  0.1201E+03  0.1171E+05  0.1171E+05
  0.4133E+00  0.1128E+05  0.1195E+03  0.1119E+05  0.1119E+05
  0.4214E+00  0.1081E+05  0.1186E+03  0.1063E+05  0.1063E+05
  0.4294E+00  0.1016E+05  0.1179E+03  0.1004E+05  0.1004E+05
  0.4374E+00  0.9527E+04  0.1166E+03  0.9437E+04  0.9437E+04
  0.4454E+00  0.8910E+04  0.1157E+03  0.8824E+04  0.8824E+04
  0.4535E+00  0.8318E+04  0.1144E+03  0.8212E+04  0.8212E+04
  0.4615E+00  0.7739E+04  0.1135E+03  0.7608E+04  0.7608E+04
  0.4695E+00  0.6986E+04  0.1124E+03  0.7019E+04  0.7019E+04
  0.4775E+00  0.6602E+04  0.1116E+03  0.6453E+04  0.6453E+04
  0.4856E+00  0.5957E+04  0.1106E+03  0.5915E+04  0.5915E+04
  0.4936E+00  0.5340E+04  0.1097E+03  0.5411E+04  0.5411E+04
  0.5016E+00  0.4836E+04  0.1089E+03  0.4943E+04  0.4943E+04
  0.5096E+00  0.4332E+04  0.1081E+03  0.4517E+04  0.4517E+04
  0.5177E+00  0.4050E+04  0.1073E+03  0.4134E+04  0.4134E+04
  0.5257E+00  0.3667E+04  0.1065E+03  0.3796E+04  0.3796E+04
  0.5337E+00  0.3396E+04  0.1064E+03  0.3504E+04  0.3504E+04
  0.5417E+00  0.3066E+04  0.1059E+03  0.3259E+04  0.3259E+04
  0.5498E+00  0.2980E+04  0.1054E+03  0.3059E+04  0.3059E+04
  0.5578E+00  0.2847E+04  0.1052E+03  0.2905E+04  0.2905E+04
  0.5658E+00  0.2674E+04  0.1049E+03  0.2793E+04  0.2793E+04
  0.5739E+00  0.2698E+04  0.1050E+03  0.2722E+04  0.2722E+04
  0.5819E+00  0.2701E+04  0.1049E+03  0.2688E+04  0.2688E+04
  0.5899E+00  0.2697E+04  0.1048E+03  0.2689E+04  0.2689E+04
  0.5979E+00  0.2833E+04  0.1051E+03  0.2719E+04  0.2719E+04
  0.6060E+00  0.2860E+04  0.1052E+03  0.2774E+04  0.2774E+04
  0.6140E+00  0.2913E+04  0.1053E+03  0.2851E+04  0.2851E+04
  0.6220E+00  0.2935E+04  0.1055E+03  0.2944E+04  0.2944E+04
  0.6300E+00  0.3133E+04  0.1055E+03  0.3048E+04  0.3048E+04
  0.6381E+00  0.3284E+04  0.1057E+03  0.3159E+04  0.3159E+04
  0.6461E+00  0.3417E+04  0.1060E+03  0.3271E+04  0.3271E+04
  0.6541E+00  0.3480E+04  0.1061E+03  0.3380E+04  0.3380E+04
  0.6621E+00  0.3550E+04  0.1065E+03  0.3483E+04  0.3483E+04
  0.6702E+00  0.3533E+04  0.1063E+03  0.3574E+04  0.3574E+04
  0.6782E+00  0.3617E+04  0.1064E+03  0.3651E+04  0.3651E+04
  0.6862E+00  0.3737E+04  0.1067E+03  0.3711E+04  0.3711E+04
  0.6942E+00  0.3716E+04  0.1067E+03  0.3752E+04  0.3752E+04
  0.7023E+00  0.3721E+04  0.1066E+03  0.3773E+04  0.3773E+04
  0.7103E+00  0.3726E+04  0.1065E+03  0.3772E+04  0.3772E+04
  0.7183E+00  0.3707E+04  0.1066E+03  0.3749E+04  0.3749E+04
  0.7263E+00  0.3710E+04  0.1065E+03  0.3705E+04  0.3705E+04
  0.7344E+00  0.3510E+04  0.1065E+03  0.3641E+04  0.3641E+04
  0.7424E+00  0.3449E+04  0.1061E+03  0.3558E+04  0.3558E+04
  0.7504E+00  0.3493E+04  0.1061E+03  0.3459E+04  0.3459E+04
  0.7584E+00  0.3294E+04  0.1058E+03  0.3346E+04  0.3346E+04
  0.7665E+00  0.3240E+04  0.1057E+03  0.3222E+04  0.3222E+04
  0.7745E+00  0.3139E+04  0.1054E+03  0.3090E+04  0.3090E+04
  0.7825E+00  0.2957E+04  0.1052E+03  0.2952E+04  0.2952E+04
  0.7905E+00  0.2863E+04  0.1050E+03  0.2813E+04  0.2813E+04
  0.7986E+00  0.2701E+04  0.1048E+03  0.2674E+04  0.2674E+04
  0.8066E+00  0.2571E+04  0.1045E+03  0.2539E+04  0.2539E+04
  0.8146E+00  0.2493E+04  0.1044E+03  0.2410E+04  0.2410E+04
  0.8226E+00  0.2347E+04  0.1042E+03  0.2290E+04  0.2290E+04
  0.8307E+00  0.2268E+04  0.1039E+03  0.2179E+04  0.2179E+04
  0.8387E+00  0.2144E+04  0.1038E+03  0.2080E+04  0.2080E+04
  0.8467E+00  0.2056E+04  0.1035E+03  0.1993E+04  0.1993E+04
  0.8547E+00  0.1864E+04  0.1034E+03  0.1919E+04  0.1919E+04
  0.8628E+00  0.1841E+04  0.1033E+03  0.1858E+04  0.1858E+04
  0.8708E+00  0.1824E+04  0.1031E+03  0.1809E+04  0.1809E+04
  0.8788E+00  0.1713E+04  0.1031E+03  0.1773E+04  0.1773E+04
  0.8868E+00  0.1703E+04  0.1030E+03  0.1748E+04  0.1748E+04
  0.8949E+00  0.1665E+04  0.1030E+03  0.1733E+04  0.1733E+04
  0.9029E+00  0.1655E+04  0.1030E+03  0.1726E+04  0.1726E+04
  0.9109E+00  0.1669E+04  0.1029E+03  0.1726E+04  0.1726E+04
  0.9189E+00  0.1656E+04  0.1030E+03  0.1732E+04  0.1732E+04
  0.9269E+00  0.1702E+04  0.1028E+03  0.1742E+04  0.1742E+04
  0.9350E+00  0.1740E+04  0.1030E+03  0.1755E+04  0.1755E+04
  0.9430E+00  0.1747E+04  0.1030E+03  0.1768E+04  0.1768E+04
  0.9510E+00  0.1734E+04  0.1030E+03  0.1782E+04  0.1782E+04
  0.9590E+00  0.1726E+04  0.1030E+03  0.1795E+04  0.1795E+04
  0.9671E+00  0.1782E+04  0.1031E+03  0.1807E+04  0.1807E+04
  0.9751E+00  0.1731E+04  0.1032E+03  0.1815E+04  0.1815E+04
  0.9831E+00  0.1865E+04  0.1030E+03  0.1821E+04  0.1821E+04
  0.9911E+00  0.1917E+04  0.1031E+03  0.1823E+04  0.1823E+04
  0.9992E+00  0.1870E+04  0.1032E+03  0.1822E+04  0.1822E+04
  0.1007E+01  0.1735E+04  0.1032E+03  0.1818E+04  0.1818E+04
  0.1015E+01  0.1834E+04  0.1031E+03  0.1810E+04  0.1810E+04
  0.1023E+01  0.1948E+04  0.1032E+03  0.1799E+04  0.1799E+04
  0.1031E+01  0.1800E+04  0.1030E+03  0.1785E+04  0.1785E+04
  0.1039E+01  0.1736E+04  0.1031E+03  0.1768E+04  0.1768E+04
  0.1047E+01  0.1819E+04  0.1031E+03  0.1749E+04  0.1749E+04
  0.1055E+01  0.1868E+04  0.1031E+03  0.1728E+04  0.1728E+04
  0.1063E+01  0.1813E+04  0.1030E+03  0.1706E+04  0.1706E+04
  0.1071E+01  0.1731E+04  0.1031E+03  0.1682E+04  0.1682E+04
  0.1079E+01  0.1693E+04  0.1027E+03  0.1657E+04  0.1657E+04
  0.1087E+01  0.1727E+04  0.1028E+03  0.1630E+04  0.1630E+04
  0.1095E+01  0.1605E+04  0.1025E+03  0.1603E+04  0.1603E+04
  0.1103E+01  0.1512E+04  0.1026E+03  0.1576E+04  0.1576E+04
  0.1112E+01  0.1507E+04  0.1025E+03  0.1547E+04  0.1547E+04
  0.1120E+01  0.1443E+04  0.1026E+03  0.1518E+04  0.1518E+04
  0.1128E+01  0.1479E+04  0.1024E+03  0.1489E+04  0.1489E+04
  0.1136E+01  0.1430E+04  0.1022E+03  0.1460E+04  0.1460E+04
  0.1144E+01  0.1463E+04  0.1021E+03  0.1430E+04  0.1430E+04
  0.1152E+01  0.1438E+04  0.1023E+03  0.1401E+04  0.1401E+04
  0.1160E+01  0.1289E+04  0.1019E+03  0.1372E+04  0.1372E+04
  0.1168E+01  0.1241E+04  0.1020E+03  0.1343E+04  0.1343E+04
  0.1176E+01  0.1278E+04  0.1018E+03  0.1316E+04  0.1316E+04
  0.1184E+01  0.1222E+04  0.1018E+03  0.1289E+04  0.1289E+04
  0.1192E+01  0.1277E+04  0.1019E+03  0.1265E+04  0.1265E+04
  0.1200E+01  0.1205E+04  0.1017E+03  0.1242E+04  0.1242E+04
  0.1208E+01  0.1246E+04  0.1016E+03  0.1221E+04  0.1221E+04
  0.1216E+01  0.1180E+04  0.1016E+03  0.1202E+04  0.1202E+04
  0.1224E+01  0.1098E+04  0.1014E+03  0.1186E+04  0.1186E+04
  0.1232E+01  0.1204E+04  0.1017E+03  0.1172E+04  0.1172E+04
  0.1240E+01  0.1151E+04  0.1014E+03  0.1161E+04  0.1161E+04
  0.1248E+01  0.1182E+04  0.1017E+03  0.1153E+04  0.1153E+04
  0.1256E+01  0.1097E+04  0.1015E+03  0.1148E+04  0.1148E+04
  0.1264E+01  0.1132E+04  0.1015E+03  0.1145E+04  0.1145E+04
  0.1272E+01  0.1238E+04  0.1014E+03  0.1144E+04  0.1144E+04
  0.1280E+01  0.1084E+04  0.1015E+03  0.1145E+04  0.1145E+04
  0.1288E+01  0.1214E+04  0.1016E+03  0.1147E+04  0.1147E+04
  0.1296E+01  0.1143E+04  0.1015E+03  0.1151E+04  0.1151E+04
  0.1304E+01  0.1215E+04  0.1016E+03  0.1155E+04  0.1155E+04
  0.1312E+01  0.1231E+04  0.1015E+03  0.1159E+04  0.1159E+04
  0.1320E+01  0.1152E+04  0.1015E+03  0.1164E+04  0.1164E+04
  0.1328E+01  0.1175E+04  0.1014E+03  0.1167E+04  0.1167E+04
  0.1336E+01  0.1239E+04  0.1014E+03  0.1169E+04  0.1169E+04
  0.1344E+01  0.1189E+04  0.1015E+03  0.1169E+04  0.1169E+04
  0.1352E+01  0.1071E+04  0.1016E+03  0.1168E+04  0.1168E+04
  0.1360E+01  0.1076E+04  0.1015E+03  0.1164E+04  0.1164E+04
  0.1368E+01  0.1224E+04  0.1014E+03  0.1159E+04  0.1159E+04
  0.1376E+01  0.1143E+04  0.1012E+03  0.1151E+04  0.1151E+04
  0.1384E+01  0.1073E+04  0.1012E+03  0.1142E+04  0.1142E+04
  0.1392E+01  0.1086E+04  0.1012E+03  0.1130E+04  0.1130E+04
  0.1400E+01  0.1103E+04  0.1012E+03  0.1117E+04  0.1117E+04
  0.1408E+01  0.1149E+04  0.1012E+03  0.1102E+04  0.1102E+04
  0.1416E+01  0.1181E+04  0.1012E+03  0.1086E+04  0.1086E+04
  0.1424E+01  0.1121E+04  0.1012E+03  0.1070E+04  0.1070E+04
  0.1432E+01  0.1013E+04  0.1013E+03  0.1054E+04  0.1054E+04
  0.1440E+01  0.9510E+03  0.1010E+03  0.1037E+04  0.1037E+04
  0.1448E+01  0.1075E+04  0.1011E+03  0.1021E+04  0.1021E+04
  0.1456E+01  0.9719E+03  0.1009E+03  0.1006E+04  0.1006E+04
  0.1465E+01  0.1108E+04  0.1011E+03  0.9918E+03  0.9918E+03
  0.1473E+01  0.1005E+04  0.1008E+03  0.9788E+03  0.9788E+03
  0.1481E+01  0.9797E+03  0.1008E+03  0.9671E+03  0.9671E+03
  0.1489E+01  0.9930E+03  0.1007E+03  0.9568E+03  0.9568E+03
  0.1497E+01  0.1013E+04  0.1010E+03  0.9479E+03  0.9479E+03
  0.1505E+01  0.9413E+03  0.1010E+03  0.9403E+03  0.9403E+03
  0.1513E+01  0.9199E+03  0.1008E+03  0.9338E+03  0.9338E+03
  0.1521E+01  0.9322E+03  0.1007E+03  0.9283E+03  0.9283E+03
  0.1529E+01  0.8183E+03  0.1006E+03  0.9235E+03  0.9235E+03
  0.1537E+01  0.8909E+03  0.1006E+03  0.9191E+03  0.9191E+03
  0.1545E+01  0.9785E+03  0.1004E+03  0.9152E+03  0.9152E+03
  0.1553E+01  0.9020E+03  0.1006E+03  0.9110E+03  0.9110E+03
  0.1561E+01  0.8391E+03  0.1007E+03  0.9068E+03  0.9068E+03
  0.1569E+01  0.9085E+03  0.1005E+03  0.9020E+03  0.9020E+03
  0.1577E+01  0.8210E+03  0.1005E+03  0.8966E+03  0.8966E+03
  0.1585E+01  0.8922E+03  0.1003E+03  0.8906E+03  0.8906E+03
  0.1593E+01  0.8162E+03  0.1003E+03  0.8839E+03  0.8839E+03
  0.1601E+01  0.8860E+03  0.1004E+03  0.8764E+03  0.8764E+03
  0.1609E+01  0.9081E+03  0.1003E+03  0.8683E+03  0.8683E+03
  0.1617E+01  0.8049E+03  0.1002E+03  0.8596E+03  0.8596E+03
  0.1625E+01  0.8741E+03  0.1003E+03  0.8505E+03  0.8505E+03
  0.1633E+01  0.8099E+03  0.1005E+03  0.8412E+03  0.8412E+03
  0.1641E+01  0.9097E+03  0.1005E+03  0.8317E+03  0.8317E+03
  0.1649E+01  0.8039E+03  0.1003E+03  0.8225E+03  0.8225E+03
  0.1657E+01  0.8637E+03  0.1003E+03  0.8136E+03  0.8136E+03
  0.1665E+01  0.7836E+03  0.1002E+03  0.8053E+03  0.8053E+03
  0.1673E+01  0.7940E+03  0.1002E+03  0.7976E+03  0.7976E+03
  0.1681E+01  0.7624E+03  0.1001E+03  0.7907E+03  0.7907E+03
  0.1689E+01  0.8300E+03  0.1002E+03  0.7847E+03  0.7847E+03
  0.1697E+01  0.7734E+03  0.1000E+03  0.7797E+03  0.7797E+03
  0.1705E+01  0.7249E+03  0.1001E+03  0.7754E+03  0.7754E+03
  0.1713E+01  0.8563E+03  0.1000E+03  0.7722E+03  0.7722E+03
  0.1721E+01  0.8005E+03  0.1000E+03  0.7694E+03  0.7694E+03
  0.1729E+01  0.7483E+03  0.1001E+03  0.7675E+03  0.7675E+03
  0.1737E+01  0.7773E+03  0.1001E+03  0.7659E+03  0.7659E+03
  0.1745E+01  0.7495E+03  0.9990E+02  0.7645E+03  0.7645E+03
  0.1753E+01  0.8176E+03  0.9988E+02  0.7632E+03  0.7632E+03
  0.1761E+01  0.7459E+03  0.9997E+02  0.7618E+03  0.7618E+03
  0.1769E+01  0.7414E+03  0.9986E+02  0.7600E+03  0.7600E+03
  0.1777E+01  0.7180E+03  0.9974E+02  0.7578E+03  0.7578E+03
  0.1785E+01  0.6883E+03  0.9974E+02  0.7549E+03  0.7549E+03
  0.1793E+01  0.7334E+03  0.9968E+02  0.7514E+03  0.7514E+03
  0.1801E+01  0.7830E+03  0.9964E+02  0.7471E+03  0.7471E+03
  0.1809E+01  0.7499E+03  0.9966E+02  0.7420E+03  0.7420E+03
  0.1817E+01  0.7862E+03  0.9964E+02  0.7362E+03  0.7362E+03
  0.1825E+01  0.7764E+03  0.9975E+02  0.7297E+03  0.7297E+03
  0.1833E+01  0.6569E+03  0.9956E+02  0.7226E+03  0.7226E+03
  0.1841E+01  0.6537E+03  0.9957E+02  0.7150E+03  0.7150E+03
  0.1849E+01  0.6603E+03  0.9950E+02  0.7073E+03  0.7073E+03
  0.1858E+01  0.7594E+03  0.9952E+02  0.6991E+03  0.6991E+03
  0.1866E+01  0.7039E+03  0.9952E+02  0.6912E+03  0.6912E+03
  0.1874E+01  0.7373E+03  0.9936E+02  0.6834E+03  0.6834E+03
  0.1882E+01  0.7632E+03  0.9928E+02  0.6758E+03  0.6758E+03
  0.1890E+01  0.7674E+03  0.9955E+02  0.6688E+03  0.6688E+03
  0.1898E+01  0.6618E+03  0.9934E+02  0.6622E+03  0.6622E+03
  0.1906E+01  0.6407E+03  0.9940E+02  0.6563E+03  0.6563E+03
  0.1914E+01  0.6499E+03  0.9933E+02  0.6510E+03  0.6510E+03
  0.1922E+01  0.6418E+03  0.9934E+02  0.6462E+03  0.6462E+03
  0.1930E+01  0.6326E+03  0.9914E+02  0.6421E+03  0.6421E+03
  0.1938E+01  0.6355E+03  0.9918E+02  0.6384E+03  0.6384E+03
  0.1946E+01  0.5486E+03  0.9901E+02  0.6352E+03  0.6352E+03
  0.1954E+01  0.5633E+03  0.9911E+02  0.6321E+03  0.6321E+03
  0.1962E+01  0.6475E+03  0.9900E+02  0.6292E+03  0.6292E+03
  0.1970E+01  0.6724E+03  0.9883E+02  0.6264E+03  0.6264E+03
  0.1978E+01  0.6283E+03  0.9885E+02  0.6233E+03  0.6233E+03
  0.1986E+01  0.6559E+03  0.9874E+02  0.6201E+03  0.6201E+03
  0.1994E+01  0.6070E+03  0.9875E+02  0.6164E+03  0.6164E+03
  0.2002E+01  0.6587E+03  0.9880E+02  0.6125E+03  0.6125E+03
  0.2010E+01  0.5613E+03  0.9881E+02  0.6078E+03  0.6078E+03
  0.2018E+01  0.6900E+03  0.9875E+02  0.6027E+03  0.6027E+03
  0.2026E+01  0.5634E+03  0.9878E+02  0.5971E+03  0.5971E+03
  0.2034E+01  0.4959E+03  0.9864E+02  0.5909E+03  0.5909E+03
  0.2042E+01  0.6163E+03  0.9857E+02  0.5844E+03  0.5844E+03
  0.2050E+01  0.6151E+03  0.9853E+02  0.5775E+03  0.5775E+03
  0.2058E+01  0.5895E+03  0.9849E+02  0.5704E+03  0.5704E+03
  0.2066E+01  0.5798E+03  0.9831E+02  0.5632E+03  0.5632E+03
  0.2074E+01  0.5489E+03  0.9862E+02  0.5560E+03  0.5560E+03
  0.2082E+01  0.5660E+03  0.9838E+02  0.5490E+03  0.5490E+03
  0.2090E+01  0.4566E+03  0.9825E+02  0.5422E+03  0.5422E+03
  0.2098E+01  0.6136E+03  0.9826E+02  0.5357E+03  0.5357E+03
  0.2106E+01  0.5788E+03  0.9816E+02  0.5297E+03  0.5297E+03
  0.2114E+01  0.5228E+03  0.9823E+02  0.5243E+03  0.5243E+03
  0.2122E+01  0.4818E+03  0.9825E+02  0.5194E+03  0.5194E+03
  0.2130E+01  0.4411E+03  0.9814E+02  0.5150E+03  0.5150E+03
  0.2138E+01  0.4938E+03  0.9794E+02  0.5113E+03  0.5113E+03
  0.2146E+01  0.4827E+03  0.9810E+02  0.5080E+03  0.5080E+03
  0.2154E+01  0.5284E+03  0.9818E+02  0.5052E+03  0.5052E+03
  0.2162E+01  0.6084E+03  0.9819E+02  0.5027E+03  0.5027E+03
  0.2170E+01  0.4984E+03  0.9796E+02  0.5005E+03  0.5005E+03
  0.2178E+01  0.4344E+03  0.9778E+02  0.4986E+03  0.4986E+03
  0.2186E+01  0.4621E+03  0.9783E+02  0.4967E+03  0.4967E+03
  0.2194E+01  0.4591E+03  0.9777E+02  0.4947E+03  0.4947E+03
  0.2202E+01  0.4907E+03  0.9766E+02  0.4926E+03  0.4926E+03
  0.2210E+01  0.4586E+03  0.9761E+02  0.4903E+03  0.4903E+03
  0.2218E+01  0.4745E+03  0.9773E+02  0.4877E+03  0.4877E+03
  0.2226E+01  0.5068E+03  0.9735E+02  0.4848E+03  0.4848E+03
  0.2234E+01  0.4937E+03  0.9732E+02  0.4816E+03  0.4816E+03
  0.2242E+01  0.4703E+03  0.9738E+02  0.4781E+03  0.4781E+03
  0.2250E+01  0.4905E+03  0.9724E+02  0.4743E+03  0.4743E+03
  0.2258E+01  0.5319E+03  0.9736E+02  0.4702E+03  0.4702E+03
  0.2266E+01  0.3988E+03  0.9710E+02  0.4659E+03  0.4659E+03
  0.2274E+01  0.4200E+03  0.9734E+02  0.4615E+03  0.4615E+03
  0.2282E+01  0.4367E+03  0.9716E+02  0.4570E+03  0.4570E+03
  0.2290E+01  0.4270E+03  0.9715E+02  0.4526E+03  0.4526E+03
  0.2298E+01  0.4563E+03  0.9711E+02  0.4483E+03  0.4483E+03
  0.2306E+01  0.5482E+03  0.9719E+02  0.4441E+03  0.4441E+03
  0.2315E+01  0.4872E+03  0.9711E+02  0.4403E+03  0.4403E+03
  0.2323E+01  0.4446E+03  0.9695E+02  0.4366E+03  0.4366E+03
  0.2331E+01  0.4455E+03  0.9679E+02  0.4333E+03  0.4333E+03
  0.2339E+01  0.4357E+03  0.9691E+02  0.4304E+03  0.4304E+03
  0.2347E+01  0.4794E+03  0.9699E+02  0.4276E+03  0.4276E+03
  0.2355E+01  0.4195E+03  0.9688E+02  0.4253E+03  0.4253E+03
  0.2363E+01  0.3448E+03  0.9660E+02  0.4231E+03  0.4231E+03
  0.2371E+01  0.4673E+03  0.9674E+02  0.4211E+03  0.4211E+03
  0.2379E+01  0.3976E+03  0.9672E+02  0.4192E+03  0.4192E+03
  0.2387E+01  0.4007E+03  0.9655E+02  0.4172E+03  0.4172E+03
  0.2395E+01  0.4633E+03  0.9664E+02  0.4152E+03  0.4152E+03
  0.2403E+01  0.4653E+03  0.9646E+02  0.4131E+03  0.4131E+03
  0.2411E+01  0.4107E+03  0.9631E+02  0.4107E+03  0.4107E+03
  0.2419E+01  0.4253E+03  0.9636E+02  0.4080E+03  0.4080E+03
  0.2427E+01  0.4185E+03  0.9638E+02  0.4050E+03  0.4050E+03
  0.2435E+01  0.4102E+03  0.9632E+02  0.4017E+03  0.4017E+03
  0.2443E+01  0.3796E+03  0.9614E+02  0.3979E+03  0.3979E+03
  0.2451E+01  0.3865E+03  0.9618E+02  0.3938E+03  0.3938E+03
  0.2459E+01  0.4226E+03  0.9610E+02  0.3894E+03  0.3894E+03
  0.2467E+01  0.4254E+03  0.9623E+02  0.3847E+03  0.3847E+03
  0.2475E+01  0.4122E+03  0.9614E+02  0.3797E+03  0.3797E+03
  0.2483E+01  0.3738E+03  0.9602E+02  0.3745E+03  0.3745E+03
  0.2491E+01  0.3490E+03  0.9600E+02  0.3693E+03  0.3693E+03
  0.2499E+01  0.4022E+03  0.9587E+02  0.3642E+03  0.3642E+03
  0.2507E+01  0.3754E+03  0.9591E+02  0.3589E+03  0.3589E+03
  0.2515E+01  0.3896E+03  0.9580E+02  0.3539E+03  0.3539E+03
  0.2523E+01  0.3391E+03  0.9602E+02  0.3492E+03  0.3492E+03
  0.2531E+01  0.3691E+03  0.9592E+02  0.3447E+03  0.3447E+03
  0.2539E+01  0.3090E+03  0.9570E+02  0.3406E+03  0.3406E+03
  0.2547E+01  0.3752E+03  0.9566E+02  0.3368E+03  0.3368E+03
  0.2555E+01  0.2559E+03  0.9566E+02  0.3334E+03  0.3334E+03
  0.2563E+01  0.2890E+03  0.9577E+02  0.3304E+03  0.3304E+03
  0.2571E+01  0.2474E+03  0.9559E+02  0.3276E+03  0.3276E+03
  0.2579E+01  0.2497E+03  0.9560E+02  0.3253E+03  0.3253E+03
  0.2587E+01  0.2975E+03  0.9544E+02  0.3231E+03  0.3231E+03
  0.2595E+01  0.3551E+03  0.9542E+02  0.3212E+03  0.3212E+03
  0.2603E+01  0.3412E+03  0.9538E+02  0.3194E+03  0.3194E+03
  0.2611E+01  0.3280E+03  0.9532E+02  0.3177E+03  0.3177E+03
  0.2619E+01  0.3330E+03  0.9543E+02  0.3161E+03  0.3161E+03
  0.2627E+01  0.2529E+03  0.9534E+02  0.3143E+03  0.3143E+03
  0.2635E+01  0.2957E+03  0.9524E+02  0.3124E+03  0.3124E+03
  0.2643E+01  0.3336E+03  0.9520E+02  0.3105E+03  0.3105E+03
  0.2651E+01  0.2817E+03  0.9513E+02  0.3084E+03  0.3084E+03
  0.2659E+01  0.2806E+03  0.9521E+02  0.3060E+03  0.3060E+03
  0.2667E+01  0.2448E+03  0.9499E+02  0.3036E+03  0.3036E+03
  0.2675E+01  0.3002E+03  0.9488E+02  0.3010E+03  0.3010E+03
  0.2683E+01  0.3254E+03  0.9507E+02  0.2983E+03  0.2983E+03
  0.2691E+01  0.3595E+03  0.9494E+02  0.2955E+03  0.2955E+03
  0.2699E+01  0.3674E+03  0.9497E+02  0.2927E+03  0.2927E+03
  0.2707E+01  0.3215E+03  0.9469E+02  0.2899E+03  0.2899E+03
  0.2715E+01  0.2153E+03  0.9475E+02  0.2871E+03  0.2871E+03
  0.2723E+01  0.1911E+03  0.9477E+02  0.2844E+03  0.2844E+03
  0.2731E+01  0.2367E+03  0.9474E+02  0.2819E+03  0.2819E+03
  0.2739E+01  0.2530E+03  0.9471E+02  0.2796E+03  0.2796E+03
  0.2747E+01  0.3165E+03  0.9469E+02  0.2774E+03  0.2774E+03
  0.2755E+01  0.2524E+03  0.9462E+02  0.2755E+03  0.2755E+03
  0.2763E+01  0.2571E+03  0.9463E+02  0.2738E+03  0.2738E+03
  0.2771E+01  0.2526E+03  0.9436E+02  0.2724E+03  0.2724E+03
  0.2779E+01  0.3305E+03  0.9436E+02  0.2711E+03  0.2711E+03
  0.2787E+01  0.2801E+03  0.9437E+02  0.2700E+03  0.2700E+03
  0.2795E+01  0.2570E+03  0.9428E+02  0.2690E+03  0.2690E+03
  0.2803E+01  0.2996E+03  0.9431E+02  0.2680E+03  0.2680E+03
  0.2811E+01  0.3345E+03  0.9440E+02  0.2672E+03  0.2672E+03
  0.2819E+01  0.2189E+03  0.9441E+02  0.2662E+03  0.2662E+03
  0.2827E+01  0.3773E+03  0.9423E+02  0.2652E+03  0.2652E+03
  0.2835E+01  0.2407E+03  0.9415E+02  0.2640E+03  0.2640E+03
  0.2843E+01  0.2741E+03  0.9422E+02  0.2627E+03  0.2627E+03
  0.2851E+01  0.2833E+03  0.9401E+02  0.2612E+03  0.2612E+03
  0.2859E+01  0.3335E+03  0.9399E+02  0.2594E+03  0.2594E+03
  0.2867E+01  0.2466E+03  0.9390E+02  0.2574E+03  0.2574E+03
  0.2875E+01  0.2312E+03  0.9406E+02  0.2552E+03  0.2552E+03
  0.2883E+01  0.3025E+03  0.9388E+02  0.2528E+03  0.2528E+03
  0.2891E+01  0.2248E+03  0.9391E+02  0.2502E+03  0.2502E+03
  0.2899E+01  0.2376E+03  0.9369E+02  0.2474E+03  0.2474E+03
  0.2907E+01  0.2133E+03  0.9377E+02  0.2446E+03  0.2446E+03
  0.2915E+01  0.2107E+03  0.9359E+02  0.2416E+03  0.2416E+03
  0.2923E+01  0.2194E+03  0.9370E+02  0.2387E+03  0.2387E+03
  0.2931E+01  0.2505E+03  0.9374E+02  0.2358E+03  0.2358E+03
  0.2939E+01  0.2830E+03  0.9365E+02  0.2330E+03  0.2330E+03
  0.2947E+01  0.2733E+03  0.9363E+02  0.2303E+03  0.2303E+03
  0.2955E+01  0.2294E+03  0.9365E+02  0.2277E+03  0.2277E+03
  0.2964E+01  0.2051E+03  0.9369E+02  0.2254E+03  0.2254E+03
  0.2972E+01  0.2331E+03  0.9352E+02  0.2231E+03  0.2231E+03
  0.2980E+01  0.2453E+03  0.9338E+02  0.2212E+03  0.2212E+03
  0.2988E+01  0.2263E+03  0.9336E+02  0.2194E+03  0.2194E+03
  0.2996E+01  0.1536E+03  0.9338E+02  0.2178E+03  0.2178E+03
  0.3004E+01  0.2992E+03  0.9338E+02  0.2164E+03  0.2164E+03
  0.3012E+01  0.2136E+03  0.9339E+02  0.2150E+03  0.2150E+03
  0.3020E+01  0.1881E+03  0.9324E+02  0.2138E+03  0.2138E+03
  0.3028E+01  0.2116E+03  0.9325E+02  0.2126E+03  0.2126E+03
  0.3036E+01  0.1895E+03  0.9314E+02  0.2114E+03  0.2114E+03
  0.3044E+01  0.2233E+03  0.9319E+02  0.2102E+03  0.2102E+03
  0.3052E+01  0.2408E+03  0.9306E+02  0.2089E+03  0.2089E+03
  0.3060E+01  0.1465E+03  0.9287E+02  0.2076E+03  0.2076E+03
  0.3068E+01  0.1327E+03  0.9301E+02  0.2061E+03  0.2061E+03
  0.3076E+01  0.1698E+03  0.9290E+02  0.2045E+03  0.2045E+03
  0.3084E+01  0.2216E+03  0.9291E+02  0.2029E+03  0.2029E+03
  0.3092E+01  0.2293E+03  0.9267E+02  0.2010E+03  0.2010E+03
  0.3100E+01  0.1062E+03  0.9275E+02  0.1991E+03  0.1991E+03
  0.3108E+01  0.2166E+03  0.9270E+02  0.1971E+03  0.1971E+03
  0.3116E+01  0.1841E+03  0.9267E+02  0.1950E+03  0.1950E+03
  0.3124E+01  0.1565E+03  0.9269E+02  0.1930E+03  0.1930E+03
  0.3132E+01  0.2483E+03  0.9250E+02  0.1909E+03  0.1909E+03
  0.3140E+01  0.2086E+03  0.9271E+02  0.1888E+03  0.1888E+03
  0.3148E+01  0.2407E+03  0.9249E+02  0.1869E+03  0.1869E+03
  0.3156E+01  0.1506E+03  0.9246E+02  0.1850E+03  0.1850E+03
  0.3164E+01  0.1388E+03  0.9255E+02  0.1833E+03  0.1833E+03
  0.3172E+01  0.1388E+03  0.9241E+02  0.1817E+03  0.1817E+03
  0.3180E+01  0.2075E+03  0.9238E+02  0.1802E+03  0.1802E+03
  0.3188E+01  0.2486E+03  0.9239E+02  0.1790E+03  0.1790E+03
  0.3196E+01  0.1925E+03  0.9233E+02  0.1778E+03  0.1778E+03
  0.3204E+01  0.1836E+03  0.9223E+02  0.1768E+03  0.1768E+03
  0.3212E+01  0.2181E+03  0.9215E+02  0.1759E+03  0.1759E+03
  0.3220E+01  0.1712E+03  0.9227E+02  0.1750E+03  0.1750E+03
  0.3228E+01  0.1753E+03  0.9223E+02  0.1742E+03  0.1742E+03
  0.3236E+01  0.1575E+03  0.9214E+02  0.1736E+03  0.1736E+03
  0.3244E+01  0.1638E+03  0.9216E+02  0.1727E+03  0.1727E+03
  0.3252E+01  0.2000E+03  0.9219E+02  0.1719E+03  0.1719E+03
  0.3260E+01  0.1152E+03  0.9212E+02  0.1710E+03  0.1710E+03
  0.3268E+01  0.1445E+03  0.9200E+02  0.1701E+03  0.1701E+03
  0.3276E+01  0.1346E+03  0.9188E+02  0.1691E+03  0.1691E+03
  0.3284E+01  0.1722E+03  0.9209E+02  0.1678E+03  0.1678E+03
  0.3292E+01  0.2035E+03  0.9200E+02  0.1665E+03  0.1665E+03
  0.3300E+01  0.1356E+03  0.9189E+02  0.1651E+03  0.1651E+03
  0.3308E+01  0.1184E+03  0.9185E+02  0.1636E+03  0.1636E+03
  0.3316E+01  0.1958E+03  0.9191E+02  0.1621E+03  0.1621E+03
  0.3324E+01  0.1094E+03  0.9176E+02  0.1605E+03  0.1605E+03
  0.3332E+01  0.1331E+03  0.9177E+02  0.1588E+03  0.1588E+03
  0.3340E+01  0.1955E+03  0.9168E+02  0.1571E+03  0.1571E+03
  0.3348E+01  0.2002E+03  0.9154E+02  0.1554E+03  0.1554E+03
  0.3356E+01  0.1802E+03  0.9152E+02  0.1538E+03  0.1538E+03
  0.3364E+01  0.1798E+03  0.9149E+02  0.1523E+03  0.1523E+03
  0.3372E+01  0.1818E+03  0.9145E+02  0.1508E+03  0.1508E+03
  0.3380E+01  0.1909E+03  0.9161E+02  0.1494E+03  0.1494E+03
  0.3388E+01  0.8785E+02  0.9167E+02  0.1483E+03  0.1483E+03
  0.3396E+01  0.1568E+03  0.9165E+02  0.1470E+03  0.1470E+03
  0.3404E+01  0.1951E+03  0.9159E+02  0.1460E+03  0.1460E+03
  0.3412E+01  0.1821E+03  0.9152E+02  0.1450E+03  0.1450E+03
  0.3420E+01  0.2098E+03  0.9160E+02  0.1441E+03  0.1441E+03
  0.3428E+01  0.1788E+03  0.9144E+02  0.1432E+03  0.1432E+03
  0.3436E+01  0.7883E+02  0.9140E+02  0.1424E+03  0.1424E+03
  0.3444E+01  0.1423E+03  0.9193E+02  0.1414E+03  0.1414E+03
  0.3452E+01  0.1636E+03  0.9207E+02  0.1405E+03  0.1405E+03
  0.3460E+01  0.1611E+03  0.9218E+02  0.1395E+03  0.1395E+03
  0.3468E+01  0.1533E+03  0.9206E+02  0.1384E+03  0.1384E+03
  0.3476E+01  0.1224E+03  0.9212E+02  0.1372E+03  0.1372E+03
  0.3484E+01  0.2199E+03  0.9202E+02  0.1358E+03  0.1358E+03
  0.3492E+01  0.1301E+03  0.9211E+02  0.1344E+03  0.1344E+03
  0.3500E+01  0.1824E+03  0.9202E+02  0.1328E+03  0.1328E+03
  0.3508E+01  0.1195E+03  0.9221E+02  0.1310E+03  0.1310E+03
  0.3516E+01  0.1364E+03  0.9193E+02  0.1292E+03  0.1292E+03
  0.3524E+01  0.1241E+03  0.9196E+02  0.1273E+03  0.1273E+03
  0.3532E+01  0.1537E+03  0.9188E+02  0.1252E+03  0.1252E+03
  0.3540E+01  0.1519E+03  0.9205E+02  0.1232E+03  0.1232E+03
  0.3548E+01  0.1404E+03  0.9190E+02  0.1212E+03  0.1212E+03
  0.3556E+01  0.1503E+03  0.9186E+02  0.1191E+03  0.1191E+03
  0.3564E+01  0.6408E+02  0.9180E+02  0.1171E+03  0.1171E+03
  0.3572E+01  0.1129E+03  0.9160E+02  0.1152E+03  0.1152E+03
  0.3580E+01  0.1302E+03  0.9180E+02  0.1134E+03  0.1134E+03
  0.3588E+01  0.6584E+02  0.9199E+02  0.1118E+03  0.1118E+03
  0.3596E+01  0.6896E+02  0.9171E+02  0.1102E+03  0.1102E+03
  0.3604E+01  0.1521E+02  0.9174E+02  0.1087E+03  0.1087E+03
  0.3612E+01  0.1089E+03  0.9151E+02  0.1075E+03  0.1075E+03
  0.3620E+01  0.1200E+03  0.9150E+02  0.1063E+03  0.1063E+03
  0.3628E+01  0.1520E+03  0.9172E+02  0.1052E+03  0.1052E+03
  0.3636E+01  0.2059E+02  0.9148E+02  0.1043E+03  0.1043E+03
  0.3644E+01  0.4346E+02  0.9152E+02  0.1034E+03  0.1034E+03
  0.3652E+01  0.1978E+03  0.9146E+02  0.1026E+03  0.1026E+03
  0.3660E+01  0.1486E+03  0.9141E+02  0.1018E+03  0.1018E+03
  0.3668E+01  0.1116E+03  0.9139E+02  0.1011E+03  0.1011E+03
  0.3676E+01 -0.9378E+01  0.9164E+02  0.1003E+03  0.1003E+03
  0.3684E+01 -0.6365E+01  0.9131E+02  0.9945E+02  0.9945E+02
  0.3692E+01  0.1418E+03  0.9101E+02  0.9855E+02  0.9855E+02
  0.3700E+01  0.7106E+02  0.9120E+02  0.9772E+02  0.9772E+02
  0.3708E+01  0.9413E+02  0.9104E+02  0.9670E+02  0.9670E+02
  0.3716E+01  0.9896E+02  0.9126E+02  0.9565E+02  0.9565E+02
  0.3724E+01  0.1098E+03  0.9134E+02  0.9454E+02  0.9454E+02
  0.3732E+01  0.3737E+02  0.9128E+02  0.9342E+02  0.9342E+02
  0.3740E+01 -0.2281E+02  0.9126E+02  0.9228E+02  0.9228E+02
  0.3748E+01  0.3544E+01  0.9116E+02  0.9118E+02  0.9118E+02
  0.3756E+01  0.1427E+03  0.9096E+02  0.8995E+02  0.8995E+02
  0.3764E+01  0.1320E+03  0.9078E+02  0.8884E+02  0.8884E+02
  0.3772E+01  0.9558E+02  0.9094E+02  0.8781E+02  0.8781E+02
  0.3780E+01  0.6758E+02  0.9087E+02  0.8685E+02  0.8685E+02
  0.3788E+01  0.4336E+02  0.9107E+02  0.8599E+02  0.8599E+02
  0.3796E+01 -0.4421E+02  0.9089E+02  0.8523E+02  0.8523E+02
  0.3804E+01  0.7998E+02  0.9075E+02  0.8460E+02  0.8460E+02
  0.3812E+01  0.7543E+02  0.9086E+02  0.8410E+02  0.8410E+02
  0.3820E+01  0.7278E+02  0.9102E+02  0.8371E+02  0.8371E+02
  0.3828E+01 -0.5299E+02  0.9094E+02  0.8343E+02  0.8343E+02
  0.3836E+01  0.9469E+02  0.9075E+02  0.8325E+02  0.8325E+02
  0.3844E+01  0.1073E+03  0.9074E+02  0.8315E+02  0.8315E+02
  0.3852E+01  0.9244E+02  0.9071E+02  0.8322E+02  0.8322E+02
  0.3860E+01  0.1829E+03  0.9070E+02  0.8316E+02  0.8316E+02
  0.3868E+01  0.4804E+02  0.9058E+02  0.8317E+02  0.8317E+02
  0.3876E+01  0.1047E+03  0.9085E+02  0.8317E+02  0.8317E+02

           Distance distribution  function of particle  


       R          P(R)      ERROR

  0.0000E+00  0.0000E+00  0.0000E+00
  0.3000E+00  0.4082E+02  0.1711E+01
  0.6000E+00  0.8869E+02  0.8856E+00
  0.9000E+00  0.1276E+03  0.2262E+01
  0.1200E+01  0.1468E+03  0.1993E+01
  0.1500E+01  0.1491E+03  0.2041E+01
  0.1800E+01  0.1472E+03  0.3013E+01
  0.2100E+01  0.1528E+03  0.2662E+01
  0.2400E+01  0.1674E+03  0.2606E+01
  0.2700E+01  0.1844E+03  0.3098E+01
  0.3000E+01  0.1972E+03  0.3029E+01
  0.3300E+01  0.2053E+03  0.3103E+01
  0.3600E+01  0.2127E+03  0.2922E+01
  0.3900E+01  0.2221E+03  0.3034E+01
  0.4200E+01  0.2312E+03  0.3706E+01
  0.4500E+01  0.2352E+03  0.3348E+01
  0.4800E+01  0.2326E+03  0.3474E+01
  0.5100E+01  0.2267E+03  0.4788E+01
  0.5400E+01  0.2229E+03  0.4708E+01
  0.5700E+01  0.2228E+03  0.4112E+01
  0.6000E+01  0.2231E+03  0.5309E+01
  0.6300E+01  0.2194E+03  0.6137E+01
  0.6600E+01  0.2108E+03  0.5528E+01
  0.6900E+01  0.2008E+03  0.4855E+01
  0.7200E+01  0.1930E+03  0.5101E+01
  0.7500E+01  0.1877E+03  0.5495E+01
  0.7800E+01  0.1818E+03  0.5519E+01
  0.8100E+01  0.1722E+03  0.5531E+01
  0.8400E+01  0.1594E+03  0.5968E+01
  0.8700E+01  0.1466E+03  0.6376E+01
  0.9000E+01  0.1360E+03  0.6260E+01
  0.9300E+01  0.1266E+03  0.5876E+01
  0.9600E+01  0.1152E+03  0.5689E+01
  0.9900E+01  0.1006E+03  0.5838E+01
  0.1020E+02  0.8512E+02  0.6123E+01
  0.1050E+02  0.7220E+02  0.6208E+01
  0.1080E+02  0.6294E+02  0.6198E+01
  0.1110E+02  0.5447E+02  0.6467E+01
  0.1140E+02  0.4261E+02  0.6612E+01
  0.1170E+02  0.2612E+02  0.6356E+01
  0.1200E+02  0.8318E+01  0.6769E+01
  0.1230E+02 -0.5319E+01  0.7874E+01
  0.1260E+02 -0.1136E+02  0.7993E+01
  0.1290E+02 -0.1059E+02  0.6847E+01
  0.1320E+02 -0.6625E+01  0.6065E+01
  0.1350E+02 -0.2737E+01  0.6320E+01
  0.1380E+02  0.1224E+00  0.6438E+01
  0.1410E+02  0.2979E+01  0.6319E+01
  0.1440E+02  0.7338E+01  0.6566E+01
  0.1470E+02  0.1438E+02  0.6979E+01
  0.1500E+02  0.2531E+02  0.6898E+01
  0.1530E+02  0.4173E+02  0.6294E+01
  0.1560E+02  0.6515E+02  0.6214E+01
  0.1590E+02  0.9597E+02  0.7305E+01
  0.1620E+02  0.1331E+03  0.8603E+01
  0.1650E+02  0.1749E+03  0.9210E+01
  0.1680E+02  0.2203E+03  0.8837E+01
  0.1710E+02  0.2697E+03  0.7831E+01
  0.1740E+02  0.3230E+03  0.7380E+01
  0.1770E+02  0.3791E+03  0.7978E+01
  0.1800E+02  0.4347E+03  0.8455E+01
  0.1830E+02  0.4857E+03  0.8278E+01
  0.1860E+02  0.5284E+03  0.8160E+01
  0.1890E+02  0.5606E+03  0.8443E+01
  0.1920E+02  0.5817E+03  0.8524E+01
  0.1950E+02  0.5914E+03  0.8176E+01
  0.1980E+02  0.5899E+03  0.7875E+01
  0.2010E+02  0.5777E+03  0.7901E+01
  0.2040E+02  0.5558E+03  0.7982E+01
  0.2070E+02  0.5259E+03  0.7892E+01
  0.2100E+02  0.4900E+03  0.7629E+01
  0.2130E+02  0.4505E+03  0.7260E+01
  0.2160E+02  0.4097E+03  0.7082E+01
  0.2190E+02  0.3693E+03  0.7442E+01
  0.2220E+02  0.3308E+03  0.8068E+01
  0.2250E+02  0.2950E+03  0.8370E+01
  0.2280E+02  0.2626E+03  0.8121E+01
  0.2310E+02  0.2342E+03  0.7491E+01
  0.2340E+02  0.2104E+03  0.6911E+01
  0.2370E+02  0.1911E+03  0.6800E+01
  0.2400E+02  0.1754E+03  0.7130E+01
  0.2430E+02  0.1621E+03  0.7597E+01
  0.2460E+02  0.1498E+03  0.7951E+01
  0.2490E+02  0.1386E+03  0.8015E+01
  0.2520E+02  0.1286E+03  0.7826E+01
  0.2550E+02  0.1201E+03  0.7616E+01
  0.2580E+02  0.1128E+03  0.7505E+01
  0.2610E+02  0.1059E+03  0.7500E+01
  0.2640E+02  0.9900E+02  0.7596E+01
  0.2670E+02  0.9284E+02  0.7687E+01
  0.2700E+02  0.8855E+02  0.7691E+01
  0.2730E+02  0.8694E+02  0.7690E+01
  0.2760E+02  0.8788E+02  0.7792E+01
  0.2790E+02  0.9038E+02  0.8027E+01
  0.2820E+02  0.9322E+02  0.8360E+01
  0.2850E+02  0.9520E+02  0.8670E+01
  0.2880E+02  0.9477E+02  0.8762E+01
  0.2910E+02  0.8939E+02  0.8383E+01
  0.2940E+02  0.7516E+02  0.7156E+01
  0.2970E+02  0.4717E+02  0.4557E+01
  0.3000E+02  0.0000E+00  0.0000E+00
          Reciprocal space: Rg =   12.58     , I(0) =   0.7037E+05
     Real space: Rg =   12.52 +- 0.034  I(0) =   0.7036E+05 +-  0.5951E+03
     Data file  LDL_N.dat                                                                       
                                          Logarithmic scale 
            Peak numbers          1
       Smin            :     0.0495
       Smax            :     0.2261
       Background      :     2.8004
       Slope           :     4.9066
       Peak Amplitude  :     1.6913
       Peak Position   :     0.0696
       Peak Width      :     0.0644
       Long range order:    97.5844
       Bragg spacing d :    90.3041
       Interaction R   :   154.0946
       delta/d         :     0.3062
       Area under peak :  1344.2650
  
     Data file  LDL_N.dat                                                                       
                                          Logarithmic scale 
            Peak numbers          1
       Smin            :     0.0495
       Smax            :     0.2261
       Background      :     2.8004
       Slope           :     4.9066
       Peak Amplitude  :     1.6913
       Peak Position   :     0.0696
       Peak Width      :     0.0644
       Long range order:    97.5844
       Bragg spacing d :    90.3041
       Interaction R   :   154.0946
       delta/d         :     0.3062
       Area under peak :  1344.2650
  
